#/bin/bash
# make an example of an interesting log worth sharing

( cat $0
  date
  time python pump/stick.py /dev/ttyUSB0
  time python pump/session.py /dev/ttyUSB0 208850
) | tee status-quo.log

#####
# EOF
Sat Jan  5 13:14:20 PST 2013
INFO:__main__:howdy! I'm going to take a look at your carelink usb stick.
INFO:link:Link opened serial port: Serial<id=0x1079b50, open=True>(port='/dev/ttyUSB0', baudrate=9600, bytesize=8, parity='N', stopbits=1, timeout=0.5, xonxoff=False, rtscts=False, dsrdtr=False)
INFO:__main__:link <__main__.Stick object at 0x1079b90> processing ProductInfo:0x04)
INFO:root:usb.write.len: 3
0000   0x04 0x00 0x00                             ...
DEBUG:__main__:sleeping 0.001
INFO:root:usb.read.len: 64
INFO:root:usb.read.raw: 
0000   0x01 0x55 0x00 0x00 0x02 0x00 0x00 0x00    .U......
0008   0x05 0x04 0x00 0x00 0x00 0x00 0x11 0x00    ........
0010   0x00 0x00 0x10 0x00 0x02 0x00 0x00 0x00    ........
0018   0x09 0x00 0x01 0x00 0x00 0x00 0x00 0x00    ........
0020   0x00 0x01 0x00 0x53 0x00 0x00 0x00 0x00    ...S....
0028   0x00 0x00 0x00 0x00 0x00 0x00 0x00 0x00    ........
0030   0x00 0x00 0x00 0x00 0x00 0x00 0x00 0x00    ........
0038   0x00 0x00 0x00 0x00 0x00 0x00 0x00 0x00    ........
INFO:__main__:finished processing ProductInfo:0x04, {'description': '\x04\x00\x00\x00\x00\x11\x00\x00\x00\x10', 'software.version': '0.2', 'interfaces': [], 'product.version': '0.0', 'rf.freq': 'UNKNOWN', 'serial': '000200'}
INFO:__main__:{'description': '\x04\x00\x00\x00\x00\x11\x00\x00\x00\x10', 'software.version': '0.2', 'interfaces': [], 'product.version': '0.0', 'rf.freq': 'UNKNOWN', 'serial': '000200'}
INFO:__main__:get signal strength of <__main__.Stick object at 0x1079b90>
INFO:__main__:link <__main__.Stick object at 0x1079b90> processing SignalStrength:0x06 0x00)
INFO:root:usb.write.len: 3
0000   0x06 0x00 0x00                             ...
DEBUG:__main__:sleeping 0.001
INFO:root:usb.read.len: 64
INFO:root:usb.read.raw: 
0000   0x01 0x55 0x00 0x0b 0x2c 0x00 0x00 0x00    .U..,...
0008   0x00 0x43 0x6f 0x6d 0x4c 0x69 0x6e 0x6b    .ComLink
0010   0x20 0x49 0x49 0x01 0x10 0x02 0x00 0x01     II.....
0018   0x01 0x03 0x00 0x00 0x00 0x00 0x00 0x00    ........
0020   0x00 0x00 0x00 0x00 0x00 0x00 0x00 0x00    ........
0028   0x00 0x00 0x00 0x00 0x00 0x00 0x00 0x00    ........
0030   0x00 0x00 0x00 0x00 0x00 0x00 0x00 0x00    ........
0038   0x00 0x00 0x00 0x00 0x00 0x00 0x00 0x00    ........
INFO:__main__:<SignalStrength:0x06 0x00>:readSignalStrength:11
INFO:__main__:finished processing SignalStrength:0x06 0x00, 11
INFO:__main__:link <__main__.Stick object at 0x1079b90> processing SignalStrength:0x06 0x00)
INFO:root:usb.write.len: 3
0000   0x06 0x00 0x00                             ...
DEBUG:__main__:sleeping 0.001
INFO:root:usb.read.len: 64
INFO:root:usb.read.raw: 
0000   0x01 0x55 0x00 0xc1 0x2c 0x00 0x00 0x00    .U..,...
0008   0x00 0x43 0x6f 0x6d 0x4c 0x69 0x6e 0x6b    .ComLink
0010   0x20 0x49 0x49 0x01 0x10 0x02 0x00 0x01     II.....
0018   0x01 0x03 0x00 0x00 0x00 0x00 0x00 0x00    ........
0020   0x00 0x00 0x00 0x00 0x00 0x00 0x00 0x00    ........
0028   0x00 0x00 0x00 0x00 0x00 0x00 0x00 0x00    ........
0030   0x00 0x00 0x00 0x00 0x00 0x00 0x00 0x00    ........
0038   0x00 0x00 0x00 0x00 0x00 0x00 0x00 0x00    ........
INFO:__main__:<SignalStrength:0x06 0x00>:readSignalStrength:193
INFO:__main__:finished processing SignalStrength:0x06 0x00, 193
INFO:__main__:we seem to have found a nice signal strength of: 193
INFO:__main__:link <__main__.Stick object at 0x1079b90> processing ProductInfo:0x04)
INFO:root:usb.write.len: 3
0000   0x04 0x00 0x00                             ...
DEBUG:__main__:sleeping 0.001
INFO:root:usb.read.len: 64
INFO:root:usb.read.raw: 
0000   0x01 0x55 0x00 0xbf 0x2c 0x00 0x00 0x00    .U..,...
0008   0x00 0x43 0x6f 0x6d 0x4c 0x69 0x6e 0x6b    .ComLink
0010   0x20 0x49 0x49 0x01 0x10 0x02 0x00 0x01     II.....
0018   0x01 0x03 0x00 0x00 0x00 0x00 0x00 0x00    ........
0020   0x00 0x00 0x00 0x00 0x00 0x00 0x00 0x00    ........
0028   0x00 0x00 0x00 0x00 0x00 0x00 0x00 0x00    ........
0030   0x00 0x00 0x00 0x00 0x00 0x00 0x00 0x00    ........
0038   0x00 0x00 0x00 0x00 0x00 0x00 0x00 0x00    ........
INFO:__main__:finished processing ProductInfo:0x04, {'description': 'ComLink II', 'software.version': '1.16', 'interfaces': [(0, 'Paradigm RF'), (1, 'USB')], 'product.version': '0.0', 'rf.freq': '916.5Mhz', 'serial': 'bf2c00'}
INFO:__main__:{'description': 'ComLink II', 'software.version': '1.16', 'interfaces': [(0, 'Paradigm RF'), (1, 'USB')], 'product.version': '0.0', 'rf.freq': '916.5Mhz', 'serial': 'bf2c00'}
INFO:__main__:get signal strength of <__main__.Stick object at 0x1079b90>
INFO:__main__:link <__main__.Stick object at 0x1079b90> processing SignalStrength:0x06 0x00)
INFO:root:usb.write.len: 3
0000   0x06 0x00 0x00                             ...
DEBUG:__main__:sleeping 0.001
INFO:root:usb.read.len: 64
INFO:root:usb.read.raw: 
0000   0x01 0x55 0x00 0x0b 0x2c 0x00 0x00 0x00    .U..,...
0008   0x00 0x43 0x6f 0x6d 0x4c 0x69 0x6e 0x6b    .ComLink
0010   0x20 0x49 0x49 0x01 0x10 0x02 0x00 0x01     II.....
0018   0x01 0x03 0x00 0x00 0x00 0x00 0x00 0x00    ........
0020   0x00 0x00 0x00 0x00 0x00 0x00 0x00 0x00    ........
0028   0x00 0x00 0x00 0x00 0x00 0x00 0x00 0x00    ........
0030   0x00 0x00 0x00 0x00 0x00 0x00 0x00 0x00    ........
0038   0x00 0x00 0x00 0x00 0x00 0x00 0x00 0x00    ........
INFO:__main__:<SignalStrength:0x06 0x00>:readSignalStrength:11
INFO:__main__:finished processing SignalStrength:0x06 0x00, 11
INFO:__main__:link <__main__.Stick object at 0x1079b90> processing SignalStrength:0x06 0x00)
INFO:root:usb.write.len: 3
0000   0x06 0x00 0x00                             ...
DEBUG:__main__:sleeping 0.001
INFO:root:usb.read.len: 64
INFO:root:usb.read.raw: 
0000   0x01 0x55 0x00 0xc3 0x2c 0x00 0x00 0x00    .U..,...
0008   0x00 0x43 0x6f 0x6d 0x4c 0x69 0x6e 0x6b    .ComLink
0010   0x20 0x49 0x49 0x01 0x10 0x02 0x00 0x01     II.....
0018   0x01 0x03 0x00 0x00 0x00 0x00 0x00 0x00    ........
0020   0x00 0x00 0x00 0x00 0x00 0x00 0x00 0x00    ........
0028   0x00 0x00 0x00 0x00 0x00 0x00 0x00 0x00    ........
0030   0x00 0x00 0x00 0x00 0x00 0x00 0x00 0x00    ........
0038   0x00 0x00 0x00 0x00 0x00 0x00 0x00 0x00    ........
INFO:__main__:<SignalStrength:0x06 0x00>:readSignalStrength:195
INFO:__main__:finished processing SignalStrength:0x06 0x00, 195
INFO:__main__:we seem to have found a nice signal strength of: 195
INFO:__main__:link <__main__.Stick object at 0x1079b90> processing ProductInfo:0x04)
INFO:root:usb.write.len: 3
0000   0x04 0x00 0x00                             ...
DEBUG:__main__:sleeping 0.001
INFO:root:usb.read.len: 64
INFO:root:usb.read.raw: 
0000   0x01 0x55 0x00 0xc1 0x2c 0x00 0x00 0x00    .U..,...
0008   0x00 0x43 0x6f 0x6d 0x4c 0x69 0x6e 0x6b    .ComLink
0010   0x20 0x49 0x49 0x01 0x10 0x02 0x00 0x01     II.....
0018   0x01 0x03 0x00 0x00 0x00 0x00 0x00 0x00    ........
0020   0x00 0x00 0x00 0x00 0x00 0x00 0x00 0x00    ........
0028   0x00 0x00 0x00 0x00 0x00 0x00 0x00 0x00    ........
0030   0x00 0x00 0x00 0x00 0x00 0x00 0x00 0x00    ........
0038   0x00 0x00 0x00 0x00 0x00 0x00 0x00 0x00    ........
INFO:__main__:finished processing ProductInfo:0x04, {'description': 'ComLink II', 'software.version': '1.16', 'interfaces': [(0, 'Paradigm RF'), (1, 'USB')], 'product.version': '0.0', 'rf.freq': '916.5Mhz', 'serial': 'c12c00'}
INFO:__main__:{'description': 'ComLink II', 'software.version': '1.16', 'interfaces': [(0, 'Paradigm RF'), (1, 'USB')], 'product.version': '0.0', 'rf.freq': '916.5Mhz', 'serial': 'c12c00'}
INFO:__main__:get signal strength of <__main__.Stick object at 0x1079b90>
INFO:__main__:link <__main__.Stick object at 0x1079b90> processing SignalStrength:0x06 0x00)
INFO:root:usb.write.len: 3
0000   0x06 0x00 0x00                             ...
DEBUG:__main__:sleeping 0.001
INFO:root:usb.read.len: 64
INFO:root:usb.read.raw: 
0000   0x01 0x55 0x00 0x0b 0x2c 0x00 0x00 0x00    .U..,...
0008   0x00 0x43 0x6f 0x6d 0x4c 0x69 0x6e 0x6b    .ComLink
0010   0x20 0x49 0x49 0x01 0x10 0x02 0x00 0x01     II.....
0018   0x01 0x03 0x00 0x00 0x00 0x00 0x00 0x00    ........
0020   0x00 0x00 0x00 0x00 0x00 0x00 0x00 0x00    ........
0028   0x00 0x00 0x00 0x00 0x00 0x00 0x00 0x00    ........
0030   0x00 0x00 0x00 0x00 0x00 0x00 0x00 0x00    ........
0038   0x00 0x00 0x00 0x00 0x00 0x00 0x00 0x00    ........
INFO:__main__:<SignalStrength:0x06 0x00>:readSignalStrength:11
INFO:__main__:finished processing SignalStrength:0x06 0x00, 11
INFO:__main__:link <__main__.Stick object at 0x1079b90> processing SignalStrength:0x06 0x00)
INFO:root:usb.write.len: 3
0000   0x06 0x00 0x00                             ...
DEBUG:__main__:sleeping 0.001
INFO:root:usb.read.len: 64
INFO:root:usb.read.raw: 
0000   0x01 0x55 0x00 0xc0 0x2c 0x00 0x00 0x00    .U..,...
0008   0x00 0x43 0x6f 0x6d 0x4c 0x69 0x6e 0x6b    .ComLink
0010   0x20 0x49 0x49 0x01 0x10 0x02 0x00 0x01     II.....
0018   0x01 0x03 0x00 0x00 0x00 0x00 0x00 0x00    ........
0020   0x00 0x00 0x00 0x00 0x00 0x00 0x00 0x00    ........
0028   0x00 0x00 0x00 0x00 0x00 0x00 0x00 0x00    ........
0030   0x00 0x00 0x00 0x00 0x00 0x00 0x00 0x00    ........
0038   0x00 0x00 0x00 0x00 0x00 0x00 0x00 0x00    ........
INFO:__main__:<SignalStrength:0x06 0x00>:readSignalStrength:192
INFO:__main__:finished processing SignalStrength:0x06 0x00, 192
INFO:__main__:we seem to have found a nice signal strength of: 192
INFO:__main__:test fetching product info <__main__.Stick object at 0x1079b90>
INFO:__main__:link <__main__.Stick object at 0x1079b90> processing ProductInfo:0x04)
INFO:root:usb.write.len: 3
0000   0x04 0x00 0x00                             ...
DEBUG:__main__:sleeping 0.001
INFO:root:usb.read.len: 64
INFO:root:usb.read.raw: 
0000   0x01 0x55 0x00 0xc2 0x2c 0x00 0x00 0x00    .U..,...
0008   0x00 0x43 0x6f 0x6d 0x4c 0x69 0x6e 0x6b    .ComLink
0010   0x20 0x49 0x49 0x01 0x10 0x02 0x00 0x01     II.....
0018   0x01 0x03 0x00 0x00 0x00 0x00 0x00 0x00    ........
0020   0x00 0x00 0x00 0x00 0x00 0x00 0x00 0x00    ........
0028   0x00 0x00 0x00 0x00 0x00 0x00 0x00 0x00    ........
0030   0x00 0x00 0x00 0x00 0x00 0x00 0x00 0x00    ........
0038   0x00 0x00 0x00 0x00 0x00 0x00 0x00 0x00    ........
INFO:__main__:finished processing ProductInfo:0x04, {'description': 'ComLink II', 'software.version': '1.16', 'interfaces': [(0, 'Paradigm RF'), (1, 'USB')], 'product.version': '0.0', 'rf.freq': '916.5Mhz', 'serial': 'c22c00'}
INFO:__main__:{'description': 'ComLink II',
 'interfaces': [(0, 'Paradigm RF'), (1, 'USB')],
 'product.version': '0.0',
 'rf.freq': '916.5Mhz',
 'serial': 'c22c00',
 'software.version': '1.16'}
INFO:__main__:get signal strength of <__main__.Stick object at 0x1079b90>
INFO:__main__:link <__main__.Stick object at 0x1079b90> processing SignalStrength:0x06 0x00)
INFO:root:usb.write.len: 3
0000   0x06 0x00 0x00                             ...
DEBUG:__main__:sleeping 0.001
INFO:root:usb.read.len: 64
INFO:root:usb.read.raw: 
0000   0x01 0x55 0x00 0x0b 0x2c 0x00 0x00 0x00    .U..,...
0008   0x00 0x43 0x6f 0x6d 0x4c 0x69 0x6e 0x6b    .ComLink
0010   0x20 0x49 0x49 0x01 0x10 0x02 0x00 0x01     II.....
0018   0x01 0x03 0x00 0x00 0x00 0x00 0x00 0x00    ........
0020   0x00 0x00 0x00 0x00 0x00 0x00 0x00 0x00    ........
0028   0x00 0x00 0x00 0x00 0x00 0x00 0x00 0x00    ........
0030   0x00 0x00 0x00 0x00 0x00 0x00 0x00 0x00    ........
0038   0x00 0x00 0x00 0x00 0x00 0x00 0x00 0x00    ........
INFO:__main__:<SignalStrength:0x06 0x00>:readSignalStrength:11
INFO:__main__:finished processing SignalStrength:0x06 0x00, 11
INFO:__main__:link <__main__.Stick object at 0x1079b90> processing SignalStrength:0x06 0x00)
INFO:root:usb.write.len: 3
0000   0x06 0x00 0x00                             ...
DEBUG:__main__:sleeping 0.001
INFO:root:usb.read.len: 64
INFO:root:usb.read.raw: 
0000   0x01 0x55 0x00 0xbd 0x2c 0x00 0x00 0x00    .U..,...
0008   0x00 0x43 0x6f 0x6d 0x4c 0x69 0x6e 0x6b    .ComLink
0010   0x20 0x49 0x49 0x01 0x10 0x02 0x00 0x01     II.....
0018   0x01 0x03 0x00 0x00 0x00 0x00 0x00 0x00    ........
0020   0x00 0x00 0x00 0x00 0x00 0x00 0x00 0x00    ........
0028   0x00 0x00 0x00 0x00 0x00 0x00 0x00 0x00    ........
0030   0x00 0x00 0x00 0x00 0x00 0x00 0x00 0x00    ........
0038   0x00 0x00 0x00 0x00 0x00 0x00 0x00 0x00    ........
INFO:__main__:<SignalStrength:0x06 0x00>:readSignalStrength:189
INFO:__main__:finished processing SignalStrength:0x06 0x00, 189
INFO:__main__:we seem to have found a nice signal strength of: 189
INFO:__main__:at this point, we could issue remote commands to a medical
    device, let's inspect the interfaces
INFO:__main__:link <__main__.Stick object at 0x1079b90> processing UsbStats:0x05 0x01)
INFO:root:usb.write.len: 3
0000   0x05 0x01 0x00                             ...
DEBUG:__main__:sleeping 0.001
INFO:root:usb.read.len: 64
INFO:root:usb.read.raw: 
0000   0x01 0x55 0x00 0xc1 0x2c 0x00 0x00 0x00    .U..,...
0008   0x00 0x43 0x6f 0x6d 0x4c 0x69 0x6e 0x6b    .ComLink
0010   0x20 0x49 0x49 0x01 0x10 0x02 0x00 0x01     II.....
0018   0x01 0x03 0x00 0x00 0x00 0x00 0x00 0x00    ........
0020   0x00 0x00 0x00 0x00 0x00 0x00 0x00 0x00    ........
0028   0x00 0x00 0x00 0x00 0x00 0x00 0x00 0x00    ........
0030   0x00 0x00 0x00 0x00 0x00 0x00 0x00 0x00    ........
0038   0x00 0x00 0x00 0x00 0x00 0x00 0x00 0x00    ........
INFO:__main__:finished processing UsbStats:0x05 0x01, {'errors.timeouts': 0, 'packets.transmit': 1833724270L, 'errors.naks': 0, 'errors.sequence': 44, 'packets.received': 17263L, 'errors.crc': 193}
INFO:__main__:{'errors.crc': 193,
 'errors.naks': 0,
 'errors.sequence': 44,
 'errors.timeouts': 0,
 'packets.received': 17263L,
 'packets.transmit': 1833724270L}
INFO:__main__:link <__main__.Stick object at 0x1079b90> processing RadioStats:0x05 0x00)
INFO:root:usb.write.len: 3
0000   0x05 0x00 0x00                             ...
DEBUG:__main__:sleeping 0.001
INFO:root:usb.read.len: 64
INFO:root:usb.read.raw: 
0000   0x01 0x55 0x00 0x00 0x00 0x00 0x00 0x00    .U......
0008   0x00 0x02 0x32 0x00 0x00 0x02 0x32 0x02    ..2...2.
0010   0x33 0x02 0x41 0x02 0x32 0x04 0x00 0x00    3.A.2...
0018   0x05 0x03 0x00 0x00 0x00 0x00 0x00 0x00    ........
0020   0x00 0x00 0x00 0x00 0x00 0x00 0x00 0x00    ........
0028   0x00 0x00 0x00 0x00 0x00 0x00 0x00 0x00    ........
0030   0x00 0x00 0x00 0x00 0x00 0x00 0x00 0x00    ........
0038   0x00 0x00 0x00 0x00 0x00 0x00 0x00 0x00    ........
INFO:__main__:finished processing RadioStats:0x05 0x00, {'errors.timeouts': 0, 'packets.transmit': 562L, 'errors.naks': 0, 'errors.sequence': 0, 'packets.received': 562L, 'errors.crc': 0}
INFO:__main__:{'errors.crc': 0,
 'errors.naks': 0,
 'errors.sequence': 0,
 'errors.timeouts': 0,
 'packets.received': 562L,
 'packets.transmit': 562L}
DEBUG:__main__:read_status
INFO:__main__:link <__main__.Stick object at 0x1079b90> processing LinkStatus:0x03)
INFO:root:usb.write.len: 3
0000   0x03 0x00 0x00                             ...
DEBUG:__main__:sleeping 0.001
INFO:root:usb.read.len: 64
INFO:root:usb.read.raw: 
0000   0x01 0x55 0x00 0x00 0x00 0x00 0x06 0x00    .U......
0008   0x00 0x00 0x0b 0x00 0x00 0x00 0x11 0x00    ........
0010   0x00 0x00 0x10 0x00 0x02 0x00 0x00 0x00    ........
0018   0x09 0x00 0x01 0x00 0x00 0x00 0x00 0x00    ........
0020   0x00 0x01 0x00 0x53 0x00 0x00 0x00 0x00    ...S....
0028   0x00 0x00 0x00 0x00 0x00 0x00 0x00 0x00    ........
0030   0x00 0x00 0x00 0x00 0x00 0x00 0x00 0x00    ........
0038   0x00 0x00 0x00 0x00 0x00 0x00 0x00 0x00    ........
INFO:__main__:LinkStatus:error:%s:reason:True

INFO:__main__:finished processing LinkStatus:error:%s:reason:True, 0
DEBUG:__main__:<__main__.Stick object at 0x1079b90>:STARTING POLL PHASE:attempt:0
DEBUG:__main__:<__main__.Stick object at 0x1079b90>:poll:attempt:0
DEBUG:__main__:read_status
INFO:__main__:link <__main__.Stick object at 0x1079b90> processing LinkStatus:0x03)
INFO:root:usb.write.len: 3
0000   0x03 0x00 0x00                             ...
DEBUG:__main__:sleeping 0.001
INFO:root:usb.read.len: 64
INFO:root:usb.read.raw: 
0000   0x01 0x55 0x00 0x00 0x02 0x00 0x00 0x00    .U......
0008   0x05 0x04 0x00 0x00 0x00 0x00 0x11 0x00    ........
0010   0x00 0x00 0x10 0x00 0x02 0x00 0x00 0x00    ........
0018   0x09 0x00 0x01 0x00 0x00 0x00 0x00 0x00    ........
0020   0x00 0x01 0x00 0x53 0x00 0x00 0x00 0x00    ...S....
0028   0x00 0x00 0x00 0x00 0x00 0x00 0x00 0x00    ........
0030   0x00 0x00 0x00 0x00 0x00 0x00 0x00 0x00    ........
0038   0x00 0x00 0x00 0x00 0x00 0x00 0x00 0x00    ........
INFO:__main__:LinkStatus:error:%s:reason:True

INFO:__main__:finished processing LinkStatus:error:%s:reason:True, 0
DEBUG:__main__:sleeping in POLL, .250
DEBUG:__main__:<__main__.Stick object at 0x1079b90>:poll:attempt:1
DEBUG:__main__:read_status
INFO:__main__:link <__main__.Stick object at 0x1079b90> processing LinkStatus:0x03)
INFO:root:usb.write.len: 3
0000   0x03 0x00 0x00                             ...
DEBUG:__main__:sleeping 0.001
INFO:root:usb.read.len: 64
INFO:root:usb.read.raw: 
0000   0x01 0x55 0x00 0x00 0x02 0x00 0x00 0x00    .U......
0008   0x05 0x04 0x00 0x00 0x00 0x00 0x11 0x00    ........
0010   0x00 0x00 0x10 0x00 0x02 0x00 0x00 0x00    ........
0018   0x09 0x00 0x01 0x00 0x00 0x00 0x00 0x00    ........
0020   0x00 0x01 0x00 0x53 0x00 0x00 0x00 0x00    ...S....
0028   0x00 0x00 0x00 0x00 0x00 0x00 0x00 0x00    ........
0030   0x00 0x00 0x00 0x00 0x00 0x00 0x00 0x00    ........
0038   0x00 0x00 0x00 0x00 0x00 0x00 0x00 0x00    ........
INFO:__main__:LinkStatus:error:%s:reason:True

INFO:__main__:finished processing LinkStatus:error:%s:reason:True, 0
DEBUG:__main__:sleeping in POLL, .250
DEBUG:__main__:<__main__.Stick object at 0x1079b90>:poll:attempt:2
DEBUG:__main__:read_status
INFO:__main__:link <__main__.Stick object at 0x1079b90> processing LinkStatus:0x03)
INFO:root:usb.write.len: 3
0000   0x03 0x00 0x00                             ...
DEBUG:__main__:sleeping 0.001
INFO:root:usb.read.len: 64
INFO:root:usb.read.raw: 
0000   0x01 0x55 0x00 0x00 0x02 0x00 0x00 0x00    .U......
0008   0x05 0x04 0x00 0x00 0x00 0x00 0x11 0x00    ........
0010   0x00 0x00 0x10 0x00 0x02 0x00 0x00 0x00    ........
0018   0x09 0x00 0x01 0x00 0x00 0x00 0x00 0x00    ........
0020   0x00 0x01 0x00 0x53 0x00 0x00 0x00 0x00    ...S....
0028   0x00 0x00 0x00 0x00 0x00 0x00 0x00 0x00    ........
0030   0x00 0x00 0x00 0x00 0x00 0x00 0x00 0x00    ........
0038   0x00 0x00 0x00 0x00 0x00 0x00 0x00 0x00    ........
INFO:__main__:LinkStatus:error:%s:reason:True

INFO:__main__:finished processing LinkStatus:error:%s:reason:True, 0
DEBUG:__main__:sleeping in POLL, .250
DEBUG:__main__:<__main__.Stick object at 0x1079b90>:poll:attempt:3
DEBUG:__main__:read_status
INFO:__main__:link <__main__.Stick object at 0x1079b90> processing LinkStatus:0x03)
INFO:root:usb.write.len: 3
0000   0x03 0x00 0x00                             ...
DEBUG:__main__:sleeping 0.001
INFO:root:usb.read.len: 64
INFO:root:usb.read.raw: 
0000   0x01 0x55 0x00 0x00 0x02 0x00 0x00 0x00    .U......
0008   0x05 0x04 0x00 0x00 0x00 0x00 0x11 0x00    ........
0010   0x00 0x00 0x10 0x00 0x02 0x00 0x00 0x00    ........
0018   0x09 0x00 0x01 0x00 0x00 0x00 0x00 0x00    ........
0020   0x00 0x01 0x00 0x53 0x00 0x00 0x00 0x00    ...S....
0028   0x00 0x00 0x00 0x00 0x00 0x00 0x00 0x00    ........
0030   0x00 0x00 0x00 0x00 0x00 0x00 0x00 0x00    ........
0038   0x00 0x00 0x00 0x00 0x00 0x00 0x00 0x00    ........
INFO:__main__:LinkStatus:error:%s:reason:True

INFO:__main__:finished processing LinkStatus:error:%s:reason:True, 0
DEBUG:__main__:sleeping in POLL, .250
INFO:__main__:STOP POLL after 4 attempts:size:0
INFO:__main__:can we poll the size? 0
INFO:__main__:howdy! I'm going to take a look at your pump.
INFO:link:Link opened serial port: Serial<id=0x173fc10, open=True>(port='/dev/ttyUSB0', baudrate=9600, bytesize=8, parity='N', stopbits=1, timeout=0.1, xonxoff=False, rtscts=False, dsrdtr=False)
INFO:stick:link <stick.Stick object at 0x173ff10> processing ProductInfo:0x04)
INFO:root:usb.write.len: 3
0000   0x04 0x00 0x00                             ...
DEBUG:stick:sleeping 0.001
INFO:root:usb.read.len: 64
INFO:root:usb.read.raw: 
0000   0x01 0x55 0x00 0x00 0x02 0x00 0x00 0x00    .U......
0008   0x05 0x04 0x00 0x00 0x00 0x00 0x11 0x00    ........
0010   0x00 0x00 0x10 0x00 0x02 0x00 0x00 0x00    ........
0018   0x09 0x00 0x01 0x00 0x00 0x00 0x00 0x00    ........
0020   0x00 0x01 0x00 0x53 0x00 0x00 0x00 0x00    ...S....
0028   0x00 0x00 0x00 0x00 0x00 0x00 0x00 0x00    ........
0030   0x00 0x00 0x00 0x00 0x00 0x00 0x00 0x00    ........
0038   0x00 0x00 0x00 0x00 0x00 0x00 0x00 0x00    ........
INFO:stick:finished processing ProductInfo:0x04, {'description': '\x04\x00\x00\x00\x00\x11\x00\x00\x00\x10', 'software.version': '0.2', 'interfaces': [], 'product.version': '0.0', 'rf.freq': 'UNKNOWN', 'serial': '000200'}
INFO:stick:{'description': '\x04\x00\x00\x00\x00\x11\x00\x00\x00\x10', 'software.version': '0.2', 'interfaces': [], 'product.version': '0.0', 'rf.freq': 'UNKNOWN', 'serial': '000200'}
INFO:stick:get signal strength of <stick.Stick object at 0x173ff10>
INFO:stick:link <stick.Stick object at 0x173ff10> processing SignalStrength:0x06 0x00)
INFO:root:usb.write.len: 3
0000   0x06 0x00 0x00                             ...
DEBUG:stick:sleeping 0.001
INFO:root:usb.read.len: 64
INFO:root:usb.read.raw: 
0000   0x01 0x55 0x00 0x0b 0x2c 0x00 0x00 0x00    .U..,...
0008   0x00 0x43 0x6f 0x6d 0x4c 0x69 0x6e 0x6b    .ComLink
0010   0x20 0x49 0x49 0x01 0x10 0x02 0x00 0x01     II.....
0018   0x01 0x03 0x00 0x00 0x00 0x00 0x00 0x00    ........
0020   0x00 0x00 0x00 0x00 0x00 0x00 0x00 0x00    ........
0028   0x00 0x00 0x00 0x00 0x00 0x00 0x00 0x00    ........
0030   0x00 0x00 0x00 0x00 0x00 0x00 0x00 0x00    ........
0038   0x00 0x00 0x00 0x00 0x00 0x00 0x00 0x00    ........
INFO:stick:<SignalStrength:0x06 0x00>:readSignalStrength:11
INFO:stick:finished processing SignalStrength:0x06 0x00, 11
INFO:stick:link <stick.Stick object at 0x173ff10> processing SignalStrength:0x06 0x00)
INFO:root:usb.write.len: 3
0000   0x06 0x00 0x00                             ...
DEBUG:stick:sleeping 0.001
INFO:root:usb.read.len: 64
INFO:root:usb.read.raw: 
0000   0x01 0x55 0x00 0xc0 0x2c 0x00 0x00 0x00    .U..,...
0008   0x00 0x43 0x6f 0x6d 0x4c 0x69 0x6e 0x6b    .ComLink
0010   0x20 0x49 0x49 0x01 0x10 0x02 0x00 0x01     II.....
0018   0x01 0x03 0x00 0x00 0x00 0x00 0x00 0x00    ........
0020   0x00 0x00 0x00 0x00 0x00 0x00 0x00 0x00    ........
0028   0x00 0x00 0x00 0x00 0x00 0x00 0x00 0x00    ........
0030   0x00 0x00 0x00 0x00 0x00 0x00 0x00 0x00    ........
0038   0x00 0x00 0x00 0x00 0x00 0x00 0x00 0x00    ........
INFO:stick:<SignalStrength:0x06 0x00>:readSignalStrength:192
INFO:stick:finished processing SignalStrength:0x06 0x00, 192
INFO:stick:we seem to have found a nice signal strength of: 192
INFO:stick:link <stick.Stick object at 0x173ff10> processing ProductInfo:0x04)
INFO:root:usb.write.len: 3
0000   0x04 0x00 0x00                             ...
DEBUG:stick:sleeping 0.001
INFO:root:usb.read.len: 64
INFO:root:usb.read.raw: 
0000   0x01 0x55 0x00 0xc0 0x2c 0x00 0x00 0x00    .U..,...
0008   0x00 0x43 0x6f 0x6d 0x4c 0x69 0x6e 0x6b    .ComLink
0010   0x20 0x49 0x49 0x01 0x10 0x02 0x00 0x01     II.....
0018   0x01 0x03 0x00 0x00 0x00 0x00 0x00 0x00    ........
0020   0x00 0x00 0x00 0x00 0x00 0x00 0x00 0x00    ........
0028   0x00 0x00 0x00 0x00 0x00 0x00 0x00 0x00    ........
0030   0x00 0x00 0x00 0x00 0x00 0x00 0x00 0x00    ........
0038   0x00 0x00 0x00 0x00 0x00 0x00 0x00 0x00    ........
INFO:stick:finished processing ProductInfo:0x04, {'description': 'ComLink II', 'software.version': '1.16', 'interfaces': [(0, 'Paradigm RF'), (1, 'USB')], 'product.version': '0.0', 'rf.freq': '916.5Mhz', 'serial': 'c02c00'}
INFO:stick:{'description': 'ComLink II', 'software.version': '1.16', 'interfaces': [(0, 'Paradigm RF'), (1, 'USB')], 'product.version': '0.0', 'rf.freq': '916.5Mhz', 'serial': 'c02c00'}
INFO:stick:get signal strength of <stick.Stick object at 0x173ff10>
INFO:stick:link <stick.Stick object at 0x173ff10> processing SignalStrength:0x06 0x00)
INFO:root:usb.write.len: 3
0000   0x06 0x00 0x00                             ...
DEBUG:stick:sleeping 0.001
INFO:root:usb.read.len: 64
INFO:root:usb.read.raw: 
0000   0x01 0x55 0x00 0x0b 0x2c 0x00 0x00 0x00    .U..,...
0008   0x00 0x43 0x6f 0x6d 0x4c 0x69 0x6e 0x6b    .ComLink
0010   0x20 0x49 0x49 0x01 0x10 0x02 0x00 0x01     II.....
0018   0x01 0x03 0x00 0x00 0x00 0x00 0x00 0x00    ........
0020   0x00 0x00 0x00 0x00 0x00 0x00 0x00 0x00    ........
0028   0x00 0x00 0x00 0x00 0x00 0x00 0x00 0x00    ........
0030   0x00 0x00 0x00 0x00 0x00 0x00 0x00 0x00    ........
0038   0x00 0x00 0x00 0x00 0x00 0x00 0x00 0x00    ........
INFO:stick:<SignalStrength:0x06 0x00>:readSignalStrength:11
INFO:stick:finished processing SignalStrength:0x06 0x00, 11
INFO:stick:link <stick.Stick object at 0x173ff10> processing SignalStrength:0x06 0x00)
INFO:root:usb.write.len: 3
0000   0x06 0x00 0x00                             ...
DEBUG:stick:sleeping 0.001
INFO:root:usb.read.len: 64
INFO:root:usb.read.raw: 
0000   0x01 0x55 0x00 0xc1 0x2c 0x00 0x00 0x00    .U..,...
0008   0x00 0x43 0x6f 0x6d 0x4c 0x69 0x6e 0x6b    .ComLink
0010   0x20 0x49 0x49 0x01 0x10 0x02 0x00 0x01     II.....
0018   0x01 0x03 0x00 0x00 0x00 0x00 0x00 0x00    ........
0020   0x00 0x00 0x00 0x00 0x00 0x00 0x00 0x00    ........
0028   0x00 0x00 0x00 0x00 0x00 0x00 0x00 0x00    ........
0030   0x00 0x00 0x00 0x00 0x00 0x00 0x00 0x00    ........
0038   0x00 0x00 0x00 0x00 0x00 0x00 0x00 0x00    ........
INFO:stick:<SignalStrength:0x06 0x00>:readSignalStrength:193
INFO:stick:finished processing SignalStrength:0x06 0x00, 193
INFO:stick:we seem to have found a nice signal strength of: 193
INFO:stick:link <stick.Stick object at 0x173ff10> processing ProductInfo:0x04)
INFO:root:usb.write.len: 3
0000   0x04 0x00 0x00                             ...
DEBUG:stick:sleeping 0.001
INFO:root:usb.read.len: 64
INFO:root:usb.read.raw: 
0000   0x01 0x55 0x00 0xc4 0x2c 0x00 0x00 0x00    .U..,...
0008   0x00 0x43 0x6f 0x6d 0x4c 0x69 0x6e 0x6b    .ComLink
0010   0x20 0x49 0x49 0x01 0x10 0x02 0x00 0x01     II.....
0018   0x01 0x03 0x00 0x00 0x00 0x00 0x00 0x00    ........
0020   0x00 0x00 0x00 0x00 0x00 0x00 0x00 0x00    ........
0028   0x00 0x00 0x00 0x00 0x00 0x00 0x00 0x00    ........
0030   0x00 0x00 0x00 0x00 0x00 0x00 0x00 0x00    ........
0038   0x00 0x00 0x00 0x00 0x00 0x00 0x00 0x00    ........
INFO:stick:finished processing ProductInfo:0x04, {'description': 'ComLink II', 'software.version': '1.16', 'interfaces': [(0, 'Paradigm RF'), (1, 'USB')], 'product.version': '0.0', 'rf.freq': '916.5Mhz', 'serial': 'c42c00'}
INFO:stick:{'description': 'ComLink II', 'software.version': '1.16', 'interfaces': [(0, 'Paradigm RF'), (1, 'USB')], 'product.version': '0.0', 'rf.freq': '916.5Mhz', 'serial': 'c42c00'}
INFO:stick:get signal strength of <stick.Stick object at 0x173ff10>
INFO:stick:link <stick.Stick object at 0x173ff10> processing SignalStrength:0x06 0x00)
INFO:root:usb.write.len: 3
0000   0x06 0x00 0x00                             ...
DEBUG:stick:sleeping 0.001
INFO:root:usb.read.len: 64
INFO:root:usb.read.raw: 
0000   0x01 0x55 0x00 0x0b 0x2c 0x00 0x00 0x00    .U..,...
0008   0x00 0x43 0x6f 0x6d 0x4c 0x69 0x6e 0x6b    .ComLink
0010   0x20 0x49 0x49 0x01 0x10 0x02 0x00 0x01     II.....
0018   0x01 0x03 0x00 0x00 0x00 0x00 0x00 0x00    ........
0020   0x00 0x00 0x00 0x00 0x00 0x00 0x00 0x00    ........
0028   0x00 0x00 0x00 0x00 0x00 0x00 0x00 0x00    ........
0030   0x00 0x00 0x00 0x00 0x00 0x00 0x00 0x00    ........
0038   0x00 0x00 0x00 0x00 0x00 0x00 0x00 0x00    ........
INFO:stick:<SignalStrength:0x06 0x00>:readSignalStrength:11
INFO:stick:finished processing SignalStrength:0x06 0x00, 11
INFO:stick:link <stick.Stick object at 0x173ff10> processing SignalStrength:0x06 0x00)
INFO:root:usb.write.len: 3
0000   0x06 0x00 0x00                             ...
DEBUG:stick:sleeping 0.001
INFO:root:usb.read.len: 64
INFO:root:usb.read.raw: 
0000   0x01 0x55 0x00 0xbe 0x2c 0x00 0x00 0x00    .U..,...
0008   0x00 0x43 0x6f 0x6d 0x4c 0x69 0x6e 0x6b    .ComLink
0010   0x20 0x49 0x49 0x01 0x10 0x02 0x00 0x01     II.....
0018   0x01 0x03 0x00 0x00 0x00 0x00 0x00 0x00    ........
0020   0x00 0x00 0x00 0x00 0x00 0x00 0x00 0x00    ........
0028   0x00 0x00 0x00 0x00 0x00 0x00 0x00 0x00    ........
0030   0x00 0x00 0x00 0x00 0x00 0x00 0x00 0x00    ........
0038   0x00 0x00 0x00 0x00 0x00 0x00 0x00 0x00    ........
INFO:stick:<SignalStrength:0x06 0x00>:readSignalStrength:190
INFO:stick:finished processing SignalStrength:0x06 0x00, 190
INFO:stick:we seem to have found a nice signal strength of: 190
INFO:__main__:setting up to talk with 208850
INFO:stick:link <stick.Stick object at 0x173ff10> processing UsbStats:0x05 0x01)
INFO:root:usb.write.len: 3
0000   0x05 0x01 0x00                             ...
DEBUG:stick:sleeping 0.001
INFO:root:usb.read.len: 64
INFO:root:usb.read.raw: 
0000   0x01 0x55 0x00 0xc8 0x2c 0x00 0x00 0x00    .U..,...
0008   0x00 0x43 0x6f 0x6d 0x4c 0x69 0x6e 0x6b    .ComLink
0010   0x20 0x49 0x49 0x01 0x10 0x02 0x00 0x01     II.....
0018   0x01 0x03 0x00 0x00 0x00 0x00 0x00 0x00    ........
0020   0x00 0x00 0x00 0x00 0x00 0x00 0x00 0x00    ........
0028   0x00 0x00 0x00 0x00 0x00 0x00 0x00 0x00    ........
0030   0x00 0x00 0x00 0x00 0x00 0x00 0x00 0x00    ........
0038   0x00 0x00 0x00 0x00 0x00 0x00 0x00 0x00    ........
INFO:stick:finished processing UsbStats:0x05 0x01, {'errors.timeouts': 0, 'packets.transmit': 1833724270L, 'errors.naks': 0, 'errors.sequence': 44, 'packets.received': 17263L, 'errors.crc': 200}
INFO:stick:link <stick.Stick object at 0x173ff10> processing RadioStats:0x05 0x00)
INFO:root:usb.write.len: 3
0000   0x05 0x00 0x00                             ...
DEBUG:stick:sleeping 0.001
INFO:root:usb.read.len: 64
INFO:root:usb.read.raw: 
0000   0x01 0x55 0x00 0x00 0x00 0x00 0x00 0x00    .U......
0008   0x00 0x02 0x42 0x00 0x00 0x02 0x42 0x02    ..B...B.
0010   0x43 0x02 0x52 0x02 0x42 0x04 0x00 0x00    C.R.B...
0018   0x05 0x03 0x00 0x00 0x00 0x00 0x00 0x00    ........
0020   0x00 0x00 0x00 0x00 0x00 0x00 0x00 0x00    ........
0028   0x00 0x00 0x00 0x00 0x00 0x00 0x00 0x00    ........
0030   0x00 0x00 0x00 0x00 0x00 0x00 0x00 0x00    ........
0038   0x00 0x00 0x00 0x00 0x00 0x00 0x00 0x00    ........
INFO:stick:finished processing RadioStats:0x05 0x00, {'errors.timeouts': 0, 'packets.transmit': 578L, 'errors.naks': 0, 'errors.sequence': 0, 'packets.received': 578L, 'errors.crc': 0}
INFO:__main__:{'radio': {'errors.crc': 0,
           'errors.naks': 0,
           'errors.sequence': 0,
           'errors.timeouts': 0,
           'packets.received': 578L,
           'packets.transmit': 578L},
 'usb': {'errors.crc': 200,
         'errors.naks': 0,
         'errors.sequence': 44,
         'errors.timeouts': 0,
         'packets.received': 17263L,
         'packets.transmit': 1833724270L}}
INFO:__main__:execute attempt: 1
INFO:__main__:session transferring packet
INFO:stick:transmit_packet:write:<TransmitPacket:unknown>
INFO:stick:link <stick.Stick object at 0x173ff10> processing TransmitPacket:unknown)
DEBUG:stick:[1, 0, 167, 1, 32, 136, 80, 128, 0, 0, 2, 1, 0, 141, 199, 0]
INFO:root:usb.write.len: 16
0000   0x01 0x00 0xa7 0x01 0x20 0x88 0x50 0x80    .... .P.
0008   0x00 0x00 0x02 0x01 0x00 0x8d 0xc7 0x00    ........
DEBUG:stick:sleeping 0
INFO:root:usb.read.len: 64
INFO:root:usb.read.raw: 
0000   0x01 0x55 0x00 0x00 0x00 0x00 0x06 0x00    .U......
0008   0x00 0x00 0x0b 0x00 0x00 0x00 0x11 0x00    ........
0010   0x00 0x00 0x10 0x00 0x02 0x00 0x00 0x00    ........
0018   0x09 0x00 0x01 0x00 0x00 0x00 0x00 0x00    ........
0020   0x00 0x01 0x00 0x53 0x00 0x00 0x00 0x00    ...S....
0028   0x00 0x00 0x00 0x00 0x00 0x00 0x00 0x00    ........
0030   0x00 0x00 0x00 0x00 0x00 0x00 0x00 0x00    ........
0038   0x00 0x00 0x00 0x00 0x00 0x00 0x00 0x00    ........
INFO:stick:finished processing TransmitPacket:unknown, bytearray(b'\x00\x00\x00\x06\x00\x00\x00\x0b\x00\x00\x00\x11\x00\x00\x00\x10\x00\x02\x00\x00\x00\t\x00\x01\x00\x00\x00\x00\x00\x00\x01\x00S\x00\x00\x00\x00\x00\x00\x00\x00\x00\x00\x00\x00\x00\x00\x00\x00\x00\x00\x00\x00\x00\x00\x00\x00\x00\x00\x00\x00')
INFO:__main__:proceeding with download
DEBUG:stick:read_status
INFO:stick:link <stick.Stick object at 0x173ff10> processing LinkStatus:0x03)
INFO:root:usb.write.len: 3
0000   0x03 0x00 0x00                             ...
DEBUG:stick:sleeping 0.001
INFO:root:usb.read.len: 64
INFO:root:usb.read.raw: 
0000   0x01 0x55 0x00 0x00 0x00 0x00 0x06 0x00    .U......
0008   0x00 0x00 0x0b 0x00 0x00 0x00 0x11 0x00    ........
0010   0x00 0x00 0x10 0x00 0x02 0x00 0x00 0x00    ........
0018   0x09 0x00 0x01 0x00 0x00 0x00 0x00 0x00    ........
0020   0x00 0x01 0x00 0x53 0x00 0x00 0x00 0x00    ...S....
0028   0x00 0x00 0x00 0x00 0x00 0x00 0x00 0x00    ........
0030   0x00 0x00 0x00 0x00 0x00 0x00 0x00 0x00    ........
0038   0x00 0x00 0x00 0x00 0x00 0x00 0x00 0x00    ........
INFO:stick:LinkStatus:error:%s:reason:True

INFO:stick:finished processing LinkStatus:error:%s:reason:True, 0
DEBUG:stick:<stick.Stick object at 0x173ff10>:STARTING POLL PHASE:attempt:0
DEBUG:stick:<stick.Stick object at 0x173ff10>:poll:attempt:0
DEBUG:stick:read_status
INFO:stick:link <stick.Stick object at 0x173ff10> processing LinkStatus:0x03)
INFO:root:usb.write.len: 3
0000   0x03 0x00 0x00                             ...
DEBUG:stick:sleeping 0.001
INFO:root:usb.read.len: 64
INFO:root:usb.read.raw: 
0000   0x01 0x55 0x00 0x00 0x02 0x00 0x00 0x00    .U......
0008   0x05 0x04 0x00 0x00 0x00 0x00 0x11 0x00    ........
0010   0x00 0x00 0x10 0x00 0x02 0x00 0x00 0x00    ........
0018   0x09 0x00 0x01 0x00 0x00 0x00 0x00 0x00    ........
0020   0x00 0x01 0x00 0x53 0x00 0x00 0x00 0x00    ...S....
0028   0x00 0x00 0x00 0x00 0x00 0x00 0x00 0x00    ........
0030   0x00 0x00 0x00 0x00 0x00 0x00 0x00 0x00    ........
0038   0x00 0x00 0x00 0x00 0x00 0x00 0x00 0x00    ........
INFO:stick:LinkStatus:error:%s:reason:True

INFO:stick:finished processing LinkStatus:error:%s:reason:True, 0
DEBUG:stick:sleeping in POLL, .250
DEBUG:stick:<stick.Stick object at 0x173ff10>:poll:attempt:1
DEBUG:stick:read_status
INFO:stick:link <stick.Stick object at 0x173ff10> processing LinkStatus:0x03)
INFO:root:usb.write.len: 3
0000   0x03 0x00 0x00                             ...
DEBUG:stick:sleeping 0.001
INFO:root:usb.read.len: 64
INFO:root:usb.read.raw: 
0000   0x01 0x55 0x00 0x00 0x02 0x01 0x00 0x4e    .U.....N
0008   0x05 0x04 0x00 0x00 0x00 0x00 0x11 0x00    ........
0010   0x00 0x00 0x10 0x00 0x02 0x00 0x00 0x00    ........
0018   0x09 0x00 0x01 0x00 0x00 0x00 0x00 0x00    ........
0020   0x00 0x01 0x00 0x53 0x00 0x00 0x00 0x00    ...S....
0028   0x00 0x00 0x00 0x00 0x00 0x00 0x00 0x00    ........
0030   0x00 0x00 0x00 0x00 0x00 0x00 0x00 0x00    ........
0038   0x00 0x00 0x00 0x00 0x00 0x00 0x00 0x00    ........
INFO:stick:LinkStatus:0x03
STATUS: OK
INFO:stick:finished processing LinkStatus:0x03, 78
DEBUG:stick:sleeping in POLL, .250
INFO:stick:STOP POLL after 2 attempts:size:78
INFO:stick:download_packet:78
INFO:stick:link <stick.Stick object at 0x173ff10> processing ReadRadio:size:78)
INFO:root:usb.write.len: 5
0000   0x0c 0x00 0x00 0x4e 0x95                   ...N.
DEBUG:stick:sleeping 0.001
INFO:root:usb.read.len: 64
INFO:root:usb.read.raw: 
0000   0x01 0x55 0x00 0x00 0x02 0x01 0x00 0x4e    .U.....N
0008   0x05 0x04 0x00 0x00 0x00 0x00 0x11 0x00    ........
0010   0x00 0x00 0x10 0x00 0x02 0x00 0x00 0x00    ........
0018   0x09 0x00 0x01 0x00 0x00 0x00 0x00 0x00    ........
0020   0x00 0x01 0x00 0x53 0x00 0x00 0x00 0x00    ...S....
0028   0x00 0x00 0x00 0x00 0x00 0x00 0x00 0x00    ........
0030   0x00 0x00 0x00 0x00 0x00 0x00 0x00 0x00    ........
0038   0x00 0x00 0x00 0x00 0x00 0x00 0x00 0x00    ........
INFO:stick:readData validating remote raw[ack]: 01
INFO:stick:readData; foreign raw should be at least 14 bytes? 64 True
INFO:stick:readData; raw[retries] 0
ERROR:__main__:bad dl raw! bytearray(b'\x01U\x00\x00\x02\x01\x00N\x05\x04\x00\x00\x00\x00\x11\x00\x00\x00\x10\x00\x02\x00\x00\x00\t\x00\x01\x00\x00\x00\x00\x00\x00\x01\x00S\x00\x00\x00\x00\x00\x00\x00\x00\x00\x00\x00\x00\x00\x00\x00\x00\x00\x00\x00\x00\x00\x00\x00\x00\x00\x00\x00\x00')
INFO:__main__:proceeding with download
DEBUG:stick:read_status
INFO:stick:link <stick.Stick object at 0x173ff10> processing LinkStatus:0x03)
INFO:root:usb.write.len: 3
0000   0x03 0x00 0x00                             ...
DEBUG:stick:sleeping 0.001
INFO:root:usb.read.len: 64
INFO:root:usb.read.raw: 
0000   0x02 0x00 0x03 0x00 0xda 0x80 0x40 0xa7    ......@.
0008   0x01 0x20 0x88 0x50 0xa2 0x03 0x35 0x31    . .P..51
0010   0x35 0x00 0x00 0x00 0x00 0x00 0x00 0x00    5.......
0018   0x00 0x00 0x00 0x00 0x00 0x00 0x00 0x00    ........
0020   0x00 0x00 0x00 0x00 0x00 0x00 0x00 0x00    ........
0028   0x00 0x00 0x00 0x00 0x00 0x00 0x00 0x00    ........
0030   0x00 0x00 0x00 0x00 0x00 0x00 0x00 0x00    ........
0038   0x00 0x00 0x00 0x00 0x00 0x00 0x00 0x00    ........
