OUT
## Observations
Fri May 29 03:49:22 UTC 2015

## stick

* stick runs appear to be ok

## pump


## downloaded: 36

```
INFO:session:finished executing:ReadHistoryData:size[1024]:[page][0]:data[1024]:
INFO:session:finished executing:ReadHistoryData:size[1024]:[page][10]:data[1024]:
INFO:session:finished executing:ReadHistoryData:size[1024]:[page][11]:data[1024]:
INFO:session:finished executing:ReadHistoryData:size[1024]:[page][12]:data[1024]:
INFO:session:finished executing:ReadHistoryData:size[1024]:[page][13]:data[1024]:
INFO:session:finished executing:ReadHistoryData:size[1024]:[page][14]:data[1024]:
INFO:session:finished executing:ReadHistoryData:size[1024]:[page][15]:data[1024]:
INFO:session:finished executing:ReadHistoryData:size[1024]:[page][16]:data[1024]:
INFO:session:finished executing:ReadHistoryData:size[1024]:[page][17]:data[1024]:
INFO:session:finished executing:ReadHistoryData:size[1024]:[page][18]:data[1024]:
INFO:session:finished executing:ReadHistoryData:size[1024]:[page][19]:data[1024]:
INFO:session:finished executing:ReadHistoryData:size[1024]:[page][1]:data[1024]:
INFO:session:finished executing:ReadHistoryData:size[1024]:[page][20]:data[1024]:
INFO:session:finished executing:ReadHistoryData:size[1024]:[page][21]:data[1024]:
INFO:session:finished executing:ReadHistoryData:size[1024]:[page][22]:data[1024]:
INFO:session:finished executing:ReadHistoryData:size[1024]:[page][23]:data[1024]:
INFO:session:finished executing:ReadHistoryData:size[1024]:[page][24]:data[1024]:
INFO:session:finished executing:ReadHistoryData:size[1024]:[page][25]:data[1024]:
INFO:session:finished executing:ReadHistoryData:size[1024]:[page][26]:data[1024]:
INFO:session:finished executing:ReadHistoryData:size[1024]:[page][27]:data[1024]:
INFO:session:finished executing:ReadHistoryData:size[1024]:[page][28]:data[1024]:
INFO:session:finished executing:ReadHistoryData:size[1024]:[page][29]:data[1024]:
INFO:session:finished executing:ReadHistoryData:size[1024]:[page][2]:data[1024]:
INFO:session:finished executing:ReadHistoryData:size[1024]:[page][30]:data[1024]:
INFO:session:finished executing:ReadHistoryData:size[1024]:[page][31]:data[1024]:
INFO:session:finished executing:ReadHistoryData:size[1024]:[page][32]:data[1024]:
INFO:session:finished executing:ReadHistoryData:size[1024]:[page][33]:data[1024]:
INFO:session:finished executing:ReadHistoryData:size[1024]:[page][34]:data[1024]:
INFO:session:finished executing:ReadHistoryData:size[1024]:[page][35]:data[1024]:
INFO:session:finished executing:ReadHistoryData:size[1024]:[page][36]:data[1]:
INFO:session:finished executing:ReadHistoryData:size[1024]:[page][36]:data[2]:
INFO:session:finished executing:ReadHistoryData:size[1024]:[page][3]:data[1024]:
INFO:session:finished executing:ReadHistoryData:size[1024]:[page][4]:data[1024]:
INFO:session:finished executing:ReadHistoryData:size[1024]:[page][5]:data[1024]:
INFO:session:finished executing:ReadHistoryData:size[1024]:[page][6]:data[1024]:
INFO:session:finished executing:ReadHistoryData:size[1024]:[page][7]:data[1024]:
INFO:session:finished executing:ReadHistoryData:size[1024]:[page][8]:data[1024]:
INFO:session:finished executing:ReadHistoryData:size[1024]:[page][9]:data[1024]:
```


## commands session:finished: 50

```
INFO:session:finished executing:ReadBasalTemp:size[64]:data:{'duration': 0, 'rate': 110, 'temp': 'percent'}
INFO:session:finished executing:ReadBatteryStatus:size[64]:data:{'status': 'normal', 'voltage': 1.28}
INFO:session:finished executing:ReadContrast:size[64]:data:bytearray(b'\x02\x07\x00\x00\x00\x00\x00\x00\x00\x00\x00\x00\x00\x00\x00\x00\x00\x00\x00\x00\x00\x00\x00\x00\x00\x00\x00\x00\x00\x00\x00\x00\x00\x00\x00\x00\x00\x00\x00\x00\x00\x00\x00\x00\x00\x00\x00\x00\x00\x00\x00\x00\x00\x00\x00\x00\x00\x00\x00\x00\x00\x00\x00\x00')
INFO:session:finished executing:ReadCurPageNumber:pages:36
INFO:session:finished executing:ReadFirmwareVersion:size[64]:data:'VER 2.4A1.1'
INFO:session:finished executing:ReadHistoryData:size[1024]:[page][0]:data[1024]:
INFO:session:finished executing:ReadHistoryData:size[1024]:[page][10]:data[1024]:
INFO:session:finished executing:ReadHistoryData:size[1024]:[page][11]:data[1024]:
INFO:session:finished executing:ReadHistoryData:size[1024]:[page][12]:data[1024]:
INFO:session:finished executing:ReadHistoryData:size[1024]:[page][13]:data[1024]:
INFO:session:finished executing:ReadHistoryData:size[1024]:[page][14]:data[1024]:
INFO:session:finished executing:ReadHistoryData:size[1024]:[page][15]:data[1024]:
INFO:session:finished executing:ReadHistoryData:size[1024]:[page][16]:data[1024]:
INFO:session:finished executing:ReadHistoryData:size[1024]:[page][17]:data[1024]:
INFO:session:finished executing:ReadHistoryData:size[1024]:[page][18]:data[1024]:
INFO:session:finished executing:ReadHistoryData:size[1024]:[page][19]:data[1024]:
INFO:session:finished executing:ReadHistoryData:size[1024]:[page][1]:data[1024]:
INFO:session:finished executing:ReadHistoryData:size[1024]:[page][20]:data[1024]:
INFO:session:finished executing:ReadHistoryData:size[1024]:[page][21]:data[1024]:
INFO:session:finished executing:ReadHistoryData:size[1024]:[page][22]:data[1024]:
INFO:session:finished executing:ReadHistoryData:size[1024]:[page][23]:data[1024]:
INFO:session:finished executing:ReadHistoryData:size[1024]:[page][24]:data[1024]:
INFO:session:finished executing:ReadHistoryData:size[1024]:[page][25]:data[1024]:
INFO:session:finished executing:ReadHistoryData:size[1024]:[page][26]:data[1024]:
INFO:session:finished executing:ReadHistoryData:size[1024]:[page][27]:data[1024]:
INFO:session:finished executing:ReadHistoryData:size[1024]:[page][28]:data[1024]:
INFO:session:finished executing:ReadHistoryData:size[1024]:[page][29]:data[1024]:
INFO:session:finished executing:ReadHistoryData:size[1024]:[page][2]:data[1024]:
INFO:session:finished executing:ReadHistoryData:size[1024]:[page][30]:data[1024]:
INFO:session:finished executing:ReadHistoryData:size[1024]:[page][31]:data[1024]:
INFO:session:finished executing:ReadHistoryData:size[1024]:[page][32]:data[1024]:
INFO:session:finished executing:ReadHistoryData:size[1024]:[page][33]:data[1024]:
INFO:session:finished executing:ReadHistoryData:size[1024]:[page][34]:data[1024]:
INFO:session:finished executing:ReadHistoryData:size[1024]:[page][35]:data[1024]:
INFO:session:finished executing:ReadHistoryData:size[1024]:[page][36]:data[1]:
INFO:session:finished executing:ReadHistoryData:size[1024]:[page][36]:data[2]:
INFO:session:finished executing:ReadHistoryData:size[1024]:[page][3]:data[1024]:
INFO:session:finished executing:ReadHistoryData:size[1024]:[page][4]:data[1024]:
INFO:session:finished executing:ReadHistoryData:size[1024]:[page][5]:data[1024]:
INFO:session:finished executing:ReadHistoryData:size[1024]:[page][6]:data[1024]:
INFO:session:finished executing:ReadHistoryData:size[1024]:[page][7]:data[1024]:
INFO:session:finished executing:ReadHistoryData:size[1024]:[page][8]:data[1024]:
INFO:session:finished executing:ReadHistoryData:size[1024]:[page][9]:data[1024]:
INFO:session:finished executing:ReadPumpID:size[64]:data:'345192'
INFO:session:finished executing:ReadPumpModel:size[64]:data:'723'
INFO:session:finished executing:ReadRadioCtrlACL:size[64]:data:['------', '------', '------']
INFO:session:finished executing:ReadRemainingInsulin:size[64]:data:0.0
INFO:session:finished executing:ReadRTC:size[64]:data:'2015-05-28T20:46:23'
INFO:session:finished executing:ReadSettings:size[64]:data:{'low_reservoir_warn_point': 20, 'keypad_lock_status': 0, 'maxBasal': 960, 'temp_basal': {'percent': 100, 'type': 'Percent'}, 'low_reservoir_warn_type': 0, 'insulinConcentration': 100, 'audio_bolus_enable': True, 'variable_bolus_enable': True, 'alarm': {'volume': 2, 'mode': 2}, 'rf_enable': False, 'auto_off_duration_hrs': 0, 'block_enable': False, 'timeformat': 80, 'insulin_action_curve': 3, 'audio_bolus_size': 0.5, 'selected_pattern': 0, 'patterns_enabled': False, 'maxBolus': 0.0, 'paradigm_enabled': 1}
INFO:session:finished executing:ReadTotalsToday:size[64]:data:{'yesterday': 119.5, 'today': 0.0}
```

## howdy! pump runs appear to be OK

* NO CRC ERROR FOUND
* no nak found
* SUCCESS, GOOD CLEAN RUN
