INFO:__main__:howdy! I'm going to take a look at your pump.
INFO:link:Link opened serial port: Serial<id=0x76890c30, open=True>(port='/dev/ttyUSB0', baudrate=9600, bytesize=8, parity='N', stopbits=1, timeout=0.2, xonxoff=False, rtscts=False, dsrdtr=False)
INFO:stick:PROCESS:OPEN:0.114
INFO:stick:PROCESS:START:0.778:ProductInfo:0x04
INFO:stick:link Stick transmit[None] reader[None] download_i[False] status[None] poll_size[None] poll_i[None] command[<ProductInfo:0x04:size(64)>] processing ProductInfo:0x04)
INFO:stick:send_force_read: attempt 0/2 send command, read until we get something within some timeout
INFO:stick:link Stick transmit[None] reader[None] download_i[False] status[None] poll_size[None] poll_i[None] command[<ProductInfo:0x04:size(64)>] sending ProductInfo:0x04)
INFO:root:usb.write.len: 3
0000   0x04 0x00 0x00                             ...
DEBUG:stick:sleeping 0.001
INFO:root:usb.read.len: 64
INFO:root:usb.read.raw:
0000   0x01 0x55 0x00 0x09 0x12 0x00 0x00 0x00    .U......
0008   0x00 0x43 0x6f 0x6d 0x4c 0x69 0x6e 0x6b    .ComLink
0010   0x20 0x49 0x49 0x01 0x10 0x02 0x00 0x01     II.....
0018   0x01 0x03 0x00 0x00 0x00 0x00 0x00 0x00    ........
0020   0x00 0x00 0x00 0x00 0x00 0x00 0x00 0x00    ........
0028   0x00 0x00 0x00 0x00 0x00 0x00 0x00 0x00    ........
0030   0x00 0x00 0x00 0x00 0x00 0x00 0x00 0x00    ........
0038   0x00 0x00 0x00 0x00 0x00 0x00 0x00 0x00    ........
INFO:stick:quit send_force_read, found len: 64 expected 64 after 0 attempts
INFO:stick:finished processing ProductInfo:0x04, {'description': 'ComLink II', 'software.version': '1.16', 'interfaces': [(0, 'Paradigm RF'), (1, 'USB')], 'product.version': '0.0', 'rf.freq': '916.5Mhz', 'serial': '091200'}
INFO:stick:PROCESS:END:12.05:ProductInfo:0x04
INFO:stick:{'description': 'ComLink II', 'software.version': '1.16', 'interfaces': [(0, 'Paradigm RF'), (1, 'USB')], 'product.version': '0.0', 'rf.freq': '916.5Mhz', 'serial': '091200'}
INFO:stick:PROCESS:START:13.366:ProductInfo:0x04
INFO:stick:link Stick transmit[None] reader[None] download_i[False] status[None] poll_size[None] poll_i[None] command[<ProductInfo:0x04:size(64)>] processing ProductInfo:0x04)
INFO:stick:send_force_read: attempt 0/2 send command, read until we get something within some timeout
INFO:stick:link Stick transmit[None] reader[None] download_i[False] status[None] poll_size[None] poll_i[None] command[<ProductInfo:0x04:size(64)>] sending ProductInfo:0x04)
INFO:root:usb.write.len: 3
0000   0x04 0x00 0x00                             ...
DEBUG:stick:sleeping 0.001
INFO:root:usb.read.len: 64
INFO:root:usb.read.raw:
0000   0x01 0x55 0x00 0x09 0x12 0x00 0x00 0x00    .U......
0008   0x00 0x43 0x6f 0x6d 0x4c 0x69 0x6e 0x6b    .ComLink
0010   0x20 0x49 0x49 0x01 0x10 0x02 0x00 0x01     II.....
0018   0x01 0x03 0x00 0x00 0x00 0x00 0x00 0x00    ........
0020   0x00 0x00 0x00 0x00 0x00 0x00 0x00 0x00    ........
0028   0x00 0x00 0x00 0x00 0x00 0x00 0x00 0x00    ........
0030   0x00 0x00 0x00 0x00 0x00 0x00 0x00 0x00    ........
0038   0x00 0x00 0x00 0x00 0x00 0x00 0x00 0x00    ........
INFO:stick:quit send_force_read, found len: 64 expected 64 after 0 attempts
INFO:stick:finished processing ProductInfo:0x04, {'description': 'ComLink II', 'software.version': '1.16', 'interfaces': [(0, 'Paradigm RF'), (1, 'USB')], 'product.version': '0.0', 'rf.freq': '916.5Mhz', 'serial': '091200'}
INFO:stick:PROCESS:END:21.636:ProductInfo:0x04
INFO:stick:{'description': 'ComLink II', 'software.version': '1.16', 'interfaces': [(0, 'Paradigm RF'), (1, 'USB')], 'product.version': '0.0', 'rf.freq': '916.5Mhz', 'serial': '091200'}
INFO:stick:get signal strength of Stick transmit[None] reader[None] download_i[False] status[None] poll_size[None] poll_i[None] command[<ProductInfo:0x04:size(64)>]
INFO:stick:PROCESS:START:23.626:SignalStrength:0x06 0x00
INFO:stick:link Stick transmit[None] reader[None] download_i[False] status[None] poll_size[None] poll_i[None] command[<SignalStrength:0x06 0x00:size(64)>] processing SignalStrength:0x06 0x00)
INFO:stick:send_force_read: attempt 0/2 send command, read until we get something within some timeout
INFO:stick:link Stick transmit[None] reader[None] download_i[False] status[None] poll_size[None] poll_i[None] command[<SignalStrength:0x06 0x00:size(64)>] sending SignalStrength:0x06 0x00)
INFO:root:usb.write.len: 3
0000   0x06 0x00 0x00                             ...
DEBUG:stick:sleeping 0.001
INFO:root:usb.read.len: 64
INFO:root:usb.read.raw:
0000   0x01 0x55 0x00 0xc1 0x12 0x00 0x00 0x00    .U......
0008   0x00 0x43 0x6f 0x6d 0x4c 0x69 0x6e 0x6b    .ComLink
0010   0x20 0x49 0x49 0x01 0x10 0x02 0x00 0x01     II.....
0018   0x01 0x03 0x00 0x00 0x00 0x00 0x00 0x00    ........
0020   0x00 0x00 0x00 0x00 0x00 0x00 0x00 0x00    ........
0028   0x00 0x00 0x00 0x00 0x00 0x00 0x00 0x00    ........
0030   0x00 0x00 0x00 0x00 0x00 0x00 0x00 0x00    ........
0038   0x00 0x00 0x00 0x00 0x00 0x00 0x00 0x00    ........
INFO:stick:quit send_force_read, found len: 64 expected 64 after 0 attempts
INFO:stick:<SignalStrength:0x06 0x00:size(64)>:readSignalStrength:193
INFO:stick:finished processing SignalStrength:0x06 0x00, 193
INFO:stick:PROCESS:END:32.75:SignalStrength:0x06 0x00
INFO:stick:we seem to have found a nice signal strength of: 193
INFO:__main__:setting up to talk with 345192
INFO:stick:PROCESS:START:34.357:UsbStats:0x05 0x01
INFO:stick:link Stick transmit[None] reader[None] download_i[False] status[None] poll_size[None] poll_i[None] command[<UsbStats:0x05 0x01:size(64)>] processing UsbStats:0x05 0x01)
INFO:stick:send_force_read: attempt 0/2 send command, read until we get something within some timeout
INFO:stick:link Stick transmit[None] reader[None] download_i[False] status[None] poll_size[None] poll_i[None] command[<UsbStats:0x05 0x01:size(64)>] sending UsbStats:0x05 0x01)
INFO:root:usb.write.len: 3
0000   0x05 0x01 0x00                             ...
DEBUG:stick:sleeping 0.001
INFO:root:usb.read.len: 64
INFO:root:usb.read.raw:
0000   0x01 0x55 0x00 0x00 0x00 0x00 0x00 0x00    .U......
0008   0x00 0x02 0x6f 0x00 0x00 0x02 0x6f 0x02    ..o...o.
0010   0x70 0x04 0xbb 0x02 0x6f 0x04 0x00 0x00    p...o...
0018   0x05 0x03 0x00 0x00 0x00 0x00 0x00 0x00    ........
0020   0x00 0x00 0x00 0x00 0x00 0x00 0x00 0x00    ........
0028   0x00 0x00 0x00 0x00 0x00 0x00 0x00 0x00    ........
0030   0x00 0x00 0x00 0x00 0x00 0x00 0x00 0x00    ........
0038   0x00 0x00 0x00 0x00 0x00 0x00 0x00 0x00    ........
INFO:stick:quit send_force_read, found len: 64 expected 64 after 0 attempts
INFO:stick:finished processing UsbStats:0x05 0x01, {'errors.timeouts': 0, 'packets.transmit': 623L, 'errors.naks': 0, 'errors.sequence': 0, 'packets.received': 623L, 'errors.crc': 0}
INFO:stick:PROCESS:END:42.577:UsbStats:0x05 0x01
INFO:stick:PROCESS:START:43.253:RadioStats:0x05 0x00
INFO:stick:link Stick transmit[None] reader[None] download_i[False] status[None] poll_size[None] poll_i[None] command[<RadioStats:0x05 0x00:size(64)>] processing RadioStats:0x05 0x00)
INFO:stick:send_force_read: attempt 0/2 send command, read until we get something within some timeout
INFO:stick:link Stick transmit[None] reader[None] download_i[False] status[None] poll_size[None] poll_i[None] command[<RadioStats:0x05 0x00:size(64)>] sending RadioStats:0x05 0x00)
INFO:root:usb.write.len: 3
0000   0x05 0x00 0x00                             ...
DEBUG:stick:sleeping 0.001
INFO:root:usb.read.len: 64
INFO:root:usb.read.raw:
0000   0x01 0x55 0x00 0x00 0x00 0x00 0x15 0x00    .U......
0008   0x00 0x00 0x03 0x00 0x00 0x00 0x19 0x00    ........
0010   0x00 0x00 0x18 0x00 0x02 0x00 0x00 0x00    ........
0018   0x01 0x00 0x01 0x00 0x00 0x00 0x00 0x00    ........
0020   0x00 0x01 0x00 0x76 0x00 0x00 0x00 0x00    ...v....
0028   0x00 0x00 0x00 0x00 0x00 0x00 0x00 0x00    ........
0030   0x00 0x00 0x00 0x00 0x00 0x00 0x00 0x00    ........
0038   0x00 0x00 0x00 0x00 0x00 0x00 0x00 0x00    ........
INFO:stick:quit send_force_read, found len: 64 expected 64 after 0 attempts
INFO:stick:finished processing RadioStats:0x05 0x00, {'errors.timeouts': 21, 'packets.transmit': 25L, 'errors.naks': 0, 'errors.sequence': 0, 'packets.received': 3L, 'errors.crc': 0}
INFO:stick:PROCESS:END:51.474:RadioStats:0x05 0x00
INFO:__main__:{'radio': {'errors.crc': 0,
           'errors.naks': 0,
           'errors.sequence': 0,
           'errors.timeouts': 21,
           'packets.received': 3L,
           'packets.transmit': 25L},
 'usb': {'errors.crc': 0,
         'errors.naks': 0,
         'errors.sequence': 0,
         'errors.timeouts': 0,
         'packets.received': 623L,
         'packets.transmit': 623L}}
INFO:__main__:BEGIN POWER CONTROL 345192
INFO:__main__:execute attempt: 1
INFO:__main__:session transferring packet
INFO:stick:transmit_packet:write:<TransmitPacket:PowerControl:data:unknown>
INFO:stick:PROCESS:START:61.536:TransmitPacket:PowerControl:data:unknown
INFO:stick:link Stick transmit[TransmitPacket:PowerControl:data:unknown] reader[None] download_i[False] status[None] poll_size[None] poll_i[None] command[<TransmitPacket:PowerControl:data:unknown>] processing TransmitPacket:PowerControl:data:unknown)
INFO:stick:send_force_read: attempt 0/2 send command, read until we get something within some timeout
INFO:stick:link Stick transmit[TransmitPacket:PowerControl:data:unknown] reader[None] download_i[False] status[None] poll_size[None] poll_i[None] command[<TransmitPacket:PowerControl:data:unknown>] sending TransmitPacket:PowerControl:data:unknown)
DEBUG:stick:[1, 0, 167, 1, 52, 81, 146, 128, 2, 85, 0, 0, 0, 93, 137, 1, 10, 162]
INFO:root:usb.write.len: 18
0000   0x01 0x00 0xa7 0x01 0x34 0x51 0x92 0x80    ....4Q..
0008   0x02 0x55 0x00 0x00 0x00 0x5d 0x89 0x01    .U...]..
0010   0x0a 0xa2                                  ..
DEBUG:stick:sleeping 0.001
INFO:root:usb.read.len: 64
INFO:root:usb.read.raw:
0000   0x01 0x55 0x00 0x00 0x00 0x00 0x15 0x00    .U......
0008   0x00 0x00 0x03 0x00 0x00 0x00 0x19 0x00    ........
0010   0x00 0x00 0x18 0x00 0x02 0x00 0x00 0x00    ........
0018   0x01 0x00 0x01 0x00 0x00 0x00 0x00 0x00    ........
0020   0x00 0x01 0x00 0x76 0x00 0x00 0x00 0x00    ...v....
0028   0x00 0x00 0x00 0x00 0x00 0x00 0x00 0x00    ........
0030   0x00 0x00 0x00 0x00 0x00 0x00 0x00 0x00    ........
0038   0x00 0x00 0x00 0x00 0x00 0x00 0x00 0x00    ........
INFO:stick:quit send_force_read, found len: 64 expected 64 after 0 attempts
INFO:stick:finished processing TransmitPacket:PowerControl:data:unknown, bytearray(b'\x00\x00\x00\x15\x00\x00\x00\x03\x00\x00\x00\x19\x00\x00\x00\x18\x00\x02\x00\x00\x00\x01\x00\x01\x00\x00\x00\x00\x00\x00\x01\x00v\x00\x00\x00\x00\x00\x00\x00\x00\x00\x00\x00\x00\x00\x00\x00\x00\x00\x00\x00\x00\x00\x00\x00\x00\x00\x00\x00\x00')
INFO:stick:PROCESS:END:70.952:TransmitPacket:PowerControl:data:unknown
INFO:__main__:sleeping 17 before download
INFO:__main__:no download required
INFO:__main__:finished executing:PowerControl:data:unknown
INFO:commands:PowerControl:data:unknown:download:done?explain=found[0] expected[0]
INFO:__main__:manually download PowerControl serial 345192
INFO:stick:download:start:0
INFO:stick:Stick transmit[TransmitPacket:PowerControl:data:unknown] reader[None] download_i[1] status[None] poll_size[None] poll_i[None] command[<TransmitPacket:PowerControl:data:unknown>]:download(attempts[1],expect[0],results[0]:data[0]):begin first poll first sleep .250
DEBUG:stick:<Stick transmit[TransmitPacket:PowerControl:data:unknown] reader[None] download_i[1] status[None] poll_size[None] poll_i[None] command[<TransmitPacket:PowerControl:data:unknown>]>:STARTING POLL PHASE:attempt:0
DEBUG:stick:<Stick transmit[TransmitPacket:PowerControl:data:unknown] reader[None] download_i[1] status[None] poll_size[0] poll_i[0] command[<TransmitPacket:PowerControl:data:unknown>]>:poll:attempt:0
INFO:stick:PROCESS:START:17345.758:LinkStatus:0x03:status:size=64
INFO:stick:link Stick transmit[TransmitPacket:PowerControl:data:unknown] reader[None] download_i[1] status[None] poll_size[0] poll_i[0] command[<LinkStatus:0x03:status:size=64:size(64)>] processing LinkStatus:0x03:status:size=64)
INFO:stick:send_force_read: attempt 0/2 send command, read until we get something within some timeout
INFO:stick:link Stick transmit[TransmitPacket:PowerControl:data:unknown] reader[None] download_i[1] status[None] poll_size[0] poll_i[0] command[<LinkStatus:0x03:status:size=64:size(64)>] sending LinkStatus:0x03:status:size=64)
INFO:root:usb.write.len: 3
0000   0x03 0x00 0x00                             ...
DEBUG:stick:sleeping 0.001
INFO:root:usb.read.len: 64
INFO:root:usb.read.raw:
0000   0x01 0x55 0x00 0x00 0x02 0x01 0x00 0x0f    .U......
0008   0x05 0x04 0x00 0x00 0x00 0x00 0x19 0x00    ........
0010   0x00 0x00 0x18 0x00 0x02 0x00 0x00 0x00    ........
0018   0x01 0x00 0x01 0x00 0x00 0x00 0x00 0x00    ........
0020   0x00 0x01 0x00 0x76 0x00 0x00 0x00 0x00    ...v....
0028   0x00 0x00 0x00 0x00 0x00 0x00 0x00 0x00    ........
0030   0x00 0x00 0x00 0x00 0x00 0x00 0x00 0x00    ........
0038   0x00 0x00 0x00 0x00 0x00 0x00 0x00 0x00    ........
INFO:stick:quit send_force_read, found len: 64 expected 64 after 0 attempts
INFO:stick:LinkStatus:0x03:status:size=15

INFO:stick:finished processing LinkStatus:0x03:status:size=15, 15
INFO:stick:PROCESS:END:17360.407:LinkStatus:0x03:status:size=15
INFO:stick:Stick transmit[TransmitPacket:PowerControl:data:unknown] reader[None] download_i[1] status[<LinkStatus:0x03:status:size=15:size(15)>] poll_size[15] poll_i[0] command[<LinkStatus:0x03:status:size=15:size(15)>]:STOP POLL after 1 attempts:size:15
INFO:stick:Stick transmit[TransmitPacket:PowerControl:data:unknown] reader[None] download_i[1] status[<LinkStatus:0x03:status:size=15:size(15)>] poll_size[15] poll_i[False] command[<LinkStatus:0x03:status:size=15:size(15)>]:download(attempts[1],expect[15],results[0]:data[0]):end first poll
INFO:stick:Stick transmit[TransmitPacket:PowerControl:data:unknown] reader[None] download_i[1] status[<LinkStatus:0x03:status:size=15:size(15)>] poll_size[15] poll_i[False] command[<LinkStatus:0x03:status:size=15:size(15)>]:download(attempts[1],expect[15],results[0]:data[0]):proceed to download packet
INFO:stick:Stick transmit[TransmitPacket:PowerControl:data:unknown] reader[None] download_i[1] status[<LinkStatus:0x03:status:size=15:size(15)>] poll_size[15] poll_i[False] command[<LinkStatus:0x03:status:size=15:size(15)>]:download_packet:15
INFO:stick:PROCESS:START:17366.953:ReadRadio:size:15
INFO:stick:send_force_read: attempt 0/2 send command, read until we get something within some timeout
INFO:stick:link Stick transmit[TransmitPacket:PowerControl:data:unknown] reader[ReadRadio:size:15] download_i[1] status[<LinkStatus:0x03:status:size=15:size(15)>] poll_size[15] poll_i[False] command[<ReadRadio:size:15>] sending ReadRadio:size:15)
INFO:root:usb.write.len: 5
0000   0x0c 0x00 0x00 0x0f 0xc6                   .....
DEBUG:stick:sleeping 0.001
INFO:root:usb.read.len: 15
INFO:root:usb.read.raw:
0000   0x02 0x00 0x01 0x00 0xe0 0x80 0x01 0xa7    ........
0008   0x01 0x34 0x51 0x92 0x12 0x00 0x00         .4Q....
INFO:stick:quit send_force_read, found len: 15 expected 15 after 0 attempts
INFO:stick:readData validating remote raw[ack]: 02
INFO:stick:readData; foreign raw should be at least 14 bytes? 15 True
INFO:stick:readData; raw[retries] 0
INFO:stick:ReadRadio:size:15:eod:found eod (True)
INFO:stick:found packet len(1), link expects(1)
INFO:stick:PROCESS:END:17380.629:ReadRadio:size:15
INFO:stick:Stick transmit[TransmitPacket:PowerControl:data:unknown] reader[ReadRadio:size:15] download_i[1] status[<LinkStatus:0x03:status:size=15:size(15)>] poll_size[15] poll_i[False] command[<ReadRadio:size:15>]:download(attempts[1],expect[15],results[1]:data[1]):adding segment
INFO:stick:Stick transmit[TransmitPacket:PowerControl:data:unknown] reader[ReadRadio:size:15] download_i[1] status[<LinkStatus:0x03:status:size=15:size(15)>] poll_size[15] poll_i[False] command[<ReadRadio:size:15>]:download(attempts[1],expect[15],results[1]:data[1]):DONE
INFO:__main__:ENDING manual download:
0000   0x00                                       .
INFO:stick:PROCESS:START:17385.224:UsbStats:0x05 0x01
INFO:stick:link Stick transmit[TransmitPacket:PowerControl:data:unknown] reader[ReadRadio:size:15] download_i[False] status[<LinkStatus:0x03:status:size=15:size(15)>] poll_size[15] poll_i[False] command[<UsbStats:0x05 0x01:size(64)>] processing UsbStats:0x05 0x01)
INFO:stick:send_force_read: attempt 0/2 send command, read until we get something within some timeout
INFO:stick:link Stick transmit[TransmitPacket:PowerControl:data:unknown] reader[ReadRadio:size:15] download_i[False] status[<LinkStatus:0x03:status:size=15:size(15)>] poll_size[15] poll_i[False] command[<UsbStats:0x05 0x01:size(64)>] sending UsbStats:0x05 0x01)
INFO:root:usb.write.len: 3
0000   0x05 0x01 0x00                             ...
DEBUG:stick:sleeping 0.001
INFO:root:usb.read.len: 64
INFO:root:usb.read.raw:
0000   0x01 0x55 0x00 0x00 0x00 0x00 0x00 0x00    .U......
0008   0x00 0x02 0x74 0x00 0x00 0x02 0x74 0x02    ..t...t.
0010   0x75 0x04 0xc4 0x02 0x74 0x04 0x00 0x00    u...t...
0018   0x05 0x00 0x01 0x00 0x00 0x00 0x00 0x00    ........
0020   0x00 0x01 0x00 0x76 0x00 0x00 0x00 0x00    ...v....
0028   0x00 0x00 0x00 0x00 0x00 0x00 0x00 0x00    ........
0030   0x00 0x00 0x00 0x00 0x00 0x00 0x00 0x00    ........
0038   0x00 0x00 0x00 0x00 0x00 0x00 0x00 0x00    ........
INFO:stick:quit send_force_read, found len: 64 expected 64 after 0 attempts
INFO:stick:finished processing UsbStats:0x05 0x01, {'errors.timeouts': 0, 'packets.transmit': 628L, 'errors.naks': 0, 'errors.sequence': 0, 'packets.received': 628L, 'errors.crc': 0}
INFO:stick:PROCESS:END:17398.13:UsbStats:0x05 0x01
INFO:stick:PROCESS:START:17399.23:RadioStats:0x05 0x00
INFO:stick:link Stick transmit[TransmitPacket:PowerControl:data:unknown] reader[ReadRadio:size:15] download_i[False] status[<LinkStatus:0x03:status:size=15:size(15)>] poll_size[15] poll_i[False] command[<RadioStats:0x05 0x00:size(64)>] processing RadioStats:0x05 0x00)
INFO:stick:send_force_read: attempt 0/2 send command, read until we get something within some timeout
INFO:stick:link Stick transmit[TransmitPacket:PowerControl:data:unknown] reader[ReadRadio:size:15] download_i[False] status[<LinkStatus:0x03:status:size=15:size(15)>] poll_size[15] poll_i[False] command[<RadioStats:0x05 0x00:size(64)>] sending RadioStats:0x05 0x00)
INFO:root:usb.write.len: 3
0000   0x05 0x00 0x00                             ...
DEBUG:stick:sleeping 0.001
INFO:root:usb.read.len: 64
INFO:root:usb.read.raw:
0000   0x01 0x55 0x00 0x00 0x00 0x00 0x15 0x00    .U......
0008   0x00 0x00 0x05 0x00 0x00 0x00 0x1b 0x00    ........
0010   0x00 0x00 0x19 0x00 0x04 0x00 0x00 0x00    ........
0018   0x01 0x00 0x02 0x00 0x00 0x00 0x00 0x00    ........
0020   0x00 0x01 0x00 0x7d 0x00 0x00 0x00 0x00    ...}....
0028   0x00 0x00 0x00 0x00 0x00 0x00 0x00 0x00    ........
0030   0x00 0x00 0x00 0x00 0x00 0x00 0x00 0x00    ........
0038   0x00 0x00 0x00 0x00 0x00 0x00 0x00 0x00    ........
INFO:stick:quit send_force_read, found len: 64 expected 64 after 0 attempts
INFO:stick:finished processing RadioStats:0x05 0x00, {'errors.timeouts': 21, 'packets.transmit': 27L, 'errors.naks': 0, 'errors.sequence': 0, 'packets.received': 5L, 'errors.crc': 0}
INFO:stick:PROCESS:END:17411.713:RadioStats:0x05 0x00
INFO:__main__:{'radio': {'errors.crc': 0,
           'errors.naks': 0,
           'errors.sequence': 0,
           'errors.timeouts': 21,
           'packets.received': 5L,
           'packets.transmit': 27L},
 'usb': {'errors.crc': 0,
         'errors.naks': 0,
         'errors.sequence': 0,
         'errors.timeouts': 0,
         'packets.received': 628L,
         'packets.transmit': 628L}}
INFO:__main__:execute attempt: 1
INFO:__main__:session transferring packet
INFO:stick:transmit_packet:write:<TransmitPacket:ReadPumpModel:data:unknown>
INFO:stick:PROCESS:START:17422.814:TransmitPacket:ReadPumpModel:data:unknown
INFO:stick:link Stick transmit[TransmitPacket:ReadPumpModel:data:unknown] reader[ReadRadio:size:15] download_i[False] status[<LinkStatus:0x03:status:size=15:size(15)>] poll_size[15] poll_i[False] command[<TransmitPacket:ReadPumpModel:data:unknown>] processing TransmitPacket:ReadPumpModel:data:unknown)
INFO:stick:send_force_read: attempt 0/2 send command, read until we get something within some timeout
INFO:stick:link Stick transmit[TransmitPacket:ReadPumpModel:data:unknown] reader[ReadRadio:size:15] download_i[False] status[<LinkStatus:0x03:status:size=15:size(15)>] poll_size[15] poll_i[False] command[<TransmitPacket:ReadPumpModel:data:unknown>] sending TransmitPacket:ReadPumpModel:data:unknown)
DEBUG:stick:[1, 0, 167, 1, 52, 81, 146, 128, 0, 0, 2, 1, 0, 141, 52, 0]
INFO:root:usb.write.len: 16
0000   0x01 0x00 0xa7 0x01 0x34 0x51 0x92 0x80    ....4Q..
0008   0x00 0x00 0x02 0x01 0x00 0x8d 0x34 0x00    ......4.
DEBUG:stick:sleeping 0.001
INFO:root:usb.read.len: 64
INFO:root:usb.read.raw:
0000   0x01 0x55 0x00 0x00 0x00 0x00 0x15 0x00    .U......
0008   0x00 0x00 0x05 0x00 0x00 0x00 0x1b 0x00    ........
0010   0x00 0x00 0x19 0x00 0x04 0x00 0x00 0x00    ........
0018   0x01 0x00 0x02 0x00 0x00 0x00 0x00 0x00    ........
0020   0x00 0x01 0x00 0x7d 0x00 0x00 0x00 0x00    ...}....
0028   0x00 0x00 0x00 0x00 0x00 0x00 0x00 0x00    ........
0030   0x00 0x00 0x00 0x00 0x00 0x00 0x00 0x00    ........
0038   0x00 0x00 0x00 0x00 0x00 0x00 0x00 0x00    ........
INFO:stick:quit send_force_read, found len: 64 expected 64 after 0 attempts
INFO:stick:finished processing TransmitPacket:ReadPumpModel:data:unknown, bytearray(b'\x00\x00\x00\x15\x00\x00\x00\x05\x00\x00\x00\x1b\x00\x00\x00\x19\x00\x04\x00\x00\x00\x01\x00\x02\x00\x00\x00\x00\x00\x00\x01\x00}\x00\x00\x00\x00\x00\x00\x00\x00\x00\x00\x00\x00\x00\x00\x00\x00\x00\x00\x00\x00\x00\x00\x00\x00\x00\x00\x00\x00')
INFO:stick:PROCESS:END:17436.568:TransmitPacket:ReadPumpModel:data:unknown
INFO:__main__:sleeping 0.5 before download
INFO:__main__:proceeding with download
INFO:stick:download:start:0
INFO:stick:Stick transmit[TransmitPacket:ReadPumpModel:data:unknown] reader[ReadRadio:size:15] download_i[1] status[<LinkStatus:0x03:status:size=15:size(15)>] poll_size[15] poll_i[False] command[<TransmitPacket:ReadPumpModel:data:unknown>]:download(attempts[1],expect[0],results[0]:data[0]):begin first poll first sleep .250
DEBUG:stick:<Stick transmit[TransmitPacket:ReadPumpModel:data:unknown] reader[ReadRadio:size:15] download_i[1] status[<LinkStatus:0x03:status:size=15:size(15)>] poll_size[15] poll_i[False] command[<TransmitPacket:ReadPumpModel:data:unknown>]>:STARTING POLL PHASE:attempt:0
DEBUG:stick:<Stick transmit[TransmitPacket:ReadPumpModel:data:unknown] reader[ReadRadio:size:15] download_i[1] status[<LinkStatus:0x03:status:size=15:size(15)>] poll_size[0] poll_i[0] command[<TransmitPacket:ReadPumpModel:data:unknown>]>:poll:attempt:0
INFO:stick:PROCESS:START:18196.733:LinkStatus:0x03:status:size=64
INFO:stick:link Stick transmit[TransmitPacket:ReadPumpModel:data:unknown] reader[ReadRadio:size:15] download_i[1] status[<LinkStatus:0x03:status:size=15:size(15)>] poll_size[0] poll_i[0] command[<LinkStatus:0x03:status:size=64:size(64)>] processing LinkStatus:0x03:status:size=64)
INFO:stick:send_force_read: attempt 0/2 send command, read until we get something within some timeout
INFO:stick:link Stick transmit[TransmitPacket:ReadPumpModel:data:unknown] reader[ReadRadio:size:15] download_i[1] status[<LinkStatus:0x03:status:size=15:size(15)>] poll_size[0] poll_i[0] command[<LinkStatus:0x03:status:size=64:size(64)>] sending LinkStatus:0x03:status:size=64)
INFO:root:usb.write.len: 3
0000   0x03 0x00 0x00                             ...
DEBUG:stick:sleeping 0.001
INFO:root:usb.read.len: 64
INFO:root:usb.read.raw:
0000   0x01 0x55 0x00 0x00 0x02 0x01 0x00 0x4e    .U.....N
0008   0x05 0x04 0x00 0x00 0x00 0x00 0x1b 0x00    ........
0010   0x00 0x00 0x19 0x00 0x04 0x00 0x00 0x00    ........
0018   0x01 0x00 0x02 0x00 0x00 0x00 0x00 0x00    ........
0020   0x00 0x01 0x00 0x7d 0x00 0x00 0x00 0x00    ...}....
0028   0x00 0x00 0x00 0x00 0x00 0x00 0x00 0x00    ........
0030   0x00 0x00 0x00 0x00 0x00 0x00 0x00 0x00    ........
0038   0x00 0x00 0x00 0x00 0x00 0x00 0x00 0x00    ........
INFO:stick:quit send_force_read, found len: 64 expected 64 after 0 attempts
INFO:stick:LinkStatus:0x03:status:size=78

INFO:stick:finished processing LinkStatus:0x03:status:size=78, 78
INFO:stick:PROCESS:END:18211.586:LinkStatus:0x03:status:size=78
INFO:stick:Stick transmit[TransmitPacket:ReadPumpModel:data:unknown] reader[ReadRadio:size:15] download_i[1] status[<LinkStatus:0x03:status:size=78:size(78)>] poll_size[78] poll_i[0] command[<LinkStatus:0x03:status:size=78:size(78)>]:STOP POLL after 1 attempts:size:78
INFO:stick:Stick transmit[TransmitPacket:ReadPumpModel:data:unknown] reader[ReadRadio:size:15] download_i[1] status[<LinkStatus:0x03:status:size=78:size(78)>] poll_size[78] poll_i[False] command[<LinkStatus:0x03:status:size=78:size(78)>]:download(attempts[1],expect[78],results[0]:data[0]):end first poll
INFO:stick:Stick transmit[TransmitPacket:ReadPumpModel:data:unknown] reader[ReadRadio:size:15] download_i[1] status[<LinkStatus:0x03:status:size=78:size(78)>] poll_size[78] poll_i[False] command[<LinkStatus:0x03:status:size=78:size(78)>]:download(attempts[1],expect[78],results[0]:data[0]):proceed to download packet
INFO:stick:Stick transmit[TransmitPacket:ReadPumpModel:data:unknown] reader[ReadRadio:size:15] download_i[1] status[<LinkStatus:0x03:status:size=78:size(78)>] poll_size[78] poll_i[False] command[<LinkStatus:0x03:status:size=78:size(78)>]:download_packet:78
INFO:stick:PROCESS:START:18217.887:ReadRadio:size:78
INFO:stick:send_force_read: attempt 0/2 send command, read until we get something within some timeout
INFO:stick:link Stick transmit[TransmitPacket:ReadPumpModel:data:unknown] reader[ReadRadio:size:78] download_i[1] status[<LinkStatus:0x03:status:size=78:size(78)>] poll_size[78] poll_i[False] command[<ReadRadio:size:78>] sending ReadRadio:size:78)
INFO:root:usb.write.len: 5
0000   0x0c 0x00 0x00 0x4e 0x95                   ...N.
DEBUG:stick:sleeping 0.001
INFO:root:usb.read.len: 78
INFO:root:usb.read.raw:
0000   0x02 0x00 0x03 0x00 0xdf 0x80 0x40 0xa7    ......@.
0008   0x01 0x34 0x51 0x92 0x79 0x03 0x37 0x32    .4Q.y.72
0010   0x33 0x00 0x00 0x00 0x00 0x00 0x00 0x00    3.......
0018   0x00 0x00 0x00 0x00 0x00 0x00 0x00 0x00    ........
0020   0x00 0x00 0x00 0x00 0x00 0x00 0x00 0x00    ........
0028   0x00 0x00 0x00 0x00 0x00 0x00 0x00 0x00    ........
0030   0x00 0x00 0x00 0x00 0x00 0x00 0x00 0x00    ........
0038   0x00 0x00 0x00 0x00 0x00 0x00 0x00 0x00    ........
0040   0x00 0x00 0x00 0x00 0x00 0x00 0x00 0x00    ........
0048   0x00 0x00 0x00 0x00 0x00 0x5f              ....._
INFO:stick:quit send_force_read, found len: 78 expected 78 after 0 attempts
INFO:stick:readData validating remote raw[ack]: 02
INFO:stick:readData; foreign raw should be at least 14 bytes? 78 True
INFO:stick:readData; raw[retries] 0
INFO:stick:ReadRadio:size:78:eod:found eod (True)
INFO:stick:found packet len(64), link expects(64)
INFO:stick:PROCESS:END:18232.265:ReadRadio:size:78
INFO:stick:Stick transmit[TransmitPacket:ReadPumpModel:data:unknown] reader[ReadRadio:size:78] download_i[1] status[<LinkStatus:0x03:status:size=78:size(78)>] poll_size[78] poll_i[False] command[<ReadRadio:size:78>]:download(attempts[1],expect[78],results[64]:data[64]):adding segment
INFO:stick:Stick transmit[TransmitPacket:ReadPumpModel:data:unknown] reader[ReadRadio:size:78] download_i[1] status[<LinkStatus:0x03:status:size=78:size(78)>] poll_size[78] poll_i[False] command[<ReadRadio:size:78>]:download(attempts[1],expect[78],results[64]:data[64]):DONE
INFO:__main__:finished executing:ReadPumpModel:size[64]:data:'723'
INFO:commands:ReadPumpModel:size[64]:data:'723':download:done?explain=found[64] expected[64]
INFO:__main__:PUMP MODEL: ReadPumpModel:size[64]:data:'723'
INFO:stick:PROCESS:START:18238.61:UsbStats:0x05 0x01
INFO:stick:link Stick transmit[TransmitPacket:ReadPumpModel:size[64]:data:'723'] reader[ReadRadio:size:78] download_i[False] status[<LinkStatus:0x03:status:size=78:size(78)>] poll_size[78] poll_i[False] command[<UsbStats:0x05 0x01:size(64)>] processing UsbStats:0x05 0x01)
INFO:stick:send_force_read: attempt 0/2 send command, read until we get something within some timeout
INFO:stick:link Stick transmit[TransmitPacket:ReadPumpModel:size[64]:data:'723'] reader[ReadRadio:size:78] download_i[False] status[<LinkStatus:0x03:status:size=78:size(78)>] poll_size[78] poll_i[False] command[<UsbStats:0x05 0x01:size(64)>] sending UsbStats:0x05 0x01)
INFO:root:usb.write.len: 3
0000   0x05 0x01 0x00                             ...
DEBUG:stick:sleeping 0.001
INFO:root:usb.read.len: 64
INFO:root:usb.read.raw:
0000   0x01 0x55 0x00 0x00 0x00 0x00 0x00 0x00    .U......
0008   0x00 0x02 0x79 0x00 0x00 0x02 0x79 0x02    ..y...y.
0010   0x7a 0x04 0xcf 0x02 0x79 0x04 0x00 0x00    z...y...
0018   0x05 0x00 0x00 0x00 0x00 0x00 0x00 0x00    ........
0020   0x00 0x00 0x00 0x00 0x00 0x00 0x00 0x00    ........
0028   0x00 0x00 0x00 0x00 0x00 0x00 0x00 0x00    ........
0030   0x00 0x00 0x00 0x00 0x00 0x00 0x00 0x00    ........
0038   0x00 0x00 0x00 0x00 0x00 0x00 0x00 0x00    ........
INFO:stick:quit send_force_read, found len: 64 expected 64 after 0 attempts
INFO:stick:finished processing UsbStats:0x05 0x01, {'errors.timeouts': 0, 'packets.transmit': 633L, 'errors.naks': 0, 'errors.sequence': 0, 'packets.received': 633L, 'errors.crc': 0}
INFO:stick:PROCESS:END:18249.812:UsbStats:0x05 0x01
INFO:stick:PROCESS:START:18250.707:RadioStats:0x05 0x00
INFO:stick:link Stick transmit[TransmitPacket:ReadPumpModel:size[64]:data:'723'] reader[ReadRadio:size:78] download_i[False] status[<LinkStatus:0x03:status:size=78:size(78)>] poll_size[78] poll_i[False] command[<RadioStats:0x05 0x00:size(64)>] processing RadioStats:0x05 0x00)
INFO:stick:send_force_read: attempt 0/2 send command, read until we get something within some timeout
INFO:stick:link Stick transmit[TransmitPacket:ReadPumpModel:size[64]:data:'723'] reader[ReadRadio:size:78] download_i[False] status[<LinkStatus:0x03:status:size=78:size(78)>] poll_size[78] poll_i[False] command[<RadioStats:0x05 0x00:size(64)>] sending RadioStats:0x05 0x00)
INFO:root:usb.write.len: 3
0000   0x05 0x00 0x00                             ...
DEBUG:stick:sleeping 0.001
INFO:root:usb.read.len: 64
INFO:root:usb.read.raw:
0000   0x01 0x55 0x00 0x00 0x00 0x00 0x15 0x00    .U......
0008   0x00 0x00 0x06 0x00 0x00 0x00 0x1c 0x00    ........
0010   0x00 0x00 0x1a 0x00 0x04 0x00 0x00 0x00    ........
0018   0x02 0x00 0x02 0x00 0x00 0x00 0x00 0x00    ........
0020   0x00 0x01 0x00 0x86 0x00 0x00 0x00 0x00    ........
0028   0x00 0x00 0x00 0x00 0x00 0x00 0x00 0x00    ........
0030   0x00 0x00 0x00 0x00 0x00 0x00 0x00 0x00    ........
0038   0x00 0x00 0x00 0x00 0x00 0x00 0x00 0x00    ........
INFO:stick:quit send_force_read, found len: 64 expected 64 after 0 attempts
INFO:stick:finished processing RadioStats:0x05 0x00, {'errors.timeouts': 21, 'packets.transmit': 28L, 'errors.naks': 0, 'errors.sequence': 0, 'packets.received': 6L, 'errors.crc': 0}
INFO:stick:PROCESS:END:18261.504:RadioStats:0x05 0x00
INFO:__main__:{'radio': {'errors.crc': 0,
           'errors.naks': 0,
           'errors.sequence': 0,
           'errors.timeouts': 21,
           'packets.received': 6L,
           'packets.transmit': 28L},
 'usb': {'errors.crc': 0,
         'errors.naks': 0,
         'errors.sequence': 0,
         'errors.timeouts': 0,
         'packets.received': 633L,
         'packets.transmit': 633L}}
INFO:__main__:read HISTORY DATA
INFO:__main__:execute attempt: 1
INFO:__main__:session transferring packet
INFO:stick:transmit_packet:write:<TransmitPacket:ReadHistoryData:size[1024]:[page][0]:data[0]:>
INFO:stick:PROCESS:START:18272.611:TransmitPacket:ReadHistoryData:size[1024]:[page][0]:data[0]:
INFO:stick:link Stick transmit[TransmitPacket:ReadHistoryData:size[1024]:[page][0]:data[0]:] reader[ReadRadio:size:78] download_i[False] status[<LinkStatus:0x03:status:size=78:size(78)>] poll_size[78] poll_i[False] command[<TransmitPacket:ReadHistoryData:size[1024]:[page][0]:data[0]:>] processing TransmitPacket:ReadHistoryData:size[1024]:[page][0]:data[0]:)
INFO:stick:send_force_read: attempt 0/2 send command, read until we get something within some timeout
INFO:stick:link Stick transmit[TransmitPacket:ReadHistoryData:size[1024]:[page][0]:data[0]:] reader[ReadRadio:size:78] download_i[False] status[<LinkStatus:0x03:status:size=78:size(78)>] poll_size[78] poll_i[False] command[<TransmitPacket:ReadHistoryData:size[1024]:[page][0]:data[0]:>] sending TransmitPacket:ReadHistoryData:size[1024]:[page][0]:data[0]:)
DEBUG:stick:[1, 0, 167, 1, 52, 81, 146, 128, 1, 0, 2, 2, 0, 128, 104, 0, 0]
INFO:root:usb.write.len: 17
0000   0x01 0x00 0xa7 0x01 0x34 0x51 0x92 0x80    ....4Q..
0008   0x01 0x00 0x02 0x02 0x00 0x80 0x68 0x00    ......h.
0010   0x00                                       .
DEBUG:stick:sleeping 0.001
INFO:root:usb.read.len: 64
INFO:root:usb.read.raw:
0000   0x01 0x55 0x00 0x00 0x00 0x00 0x15 0x00    .U......
0008   0x00 0x00 0x06 0x00 0x00 0x00 0x1c 0x00    ........
0010   0x00 0x00 0x1a 0x00 0x04 0x00 0x00 0x00    ........
0018   0x02 0x00 0x02 0x00 0x00 0x00 0x00 0x00    ........
0020   0x00 0x01 0x00 0x86 0x00 0x00 0x00 0x00    ........
0028   0x00 0x00 0x00 0x00 0x00 0x00 0x00 0x00    ........
0030   0x00 0x00 0x00 0x00 0x00 0x00 0x00 0x00    ........
0038   0x00 0x00 0x00 0x00 0x00 0x00 0x00 0x00    ........
INFO:stick:quit send_force_read, found len: 64 expected 64 after 0 attempts
INFO:stick:finished processing TransmitPacket:ReadHistoryData:size[1024]:[page][0]:data[0]:, bytearray(b'\x00\x00\x00\x15\x00\x00\x00\x06\x00\x00\x00\x1c\x00\x00\x00\x1a\x00\x04\x00\x00\x00\x02\x00\x02\x00\x00\x00\x00\x00\x00\x01\x00\x86\x00\x00\x00\x00\x00\x00\x00\x00\x00\x00\x00\x00\x00\x00\x00\x00\x00\x00\x00\x00\x00\x00\x00\x00\x00\x00\x00\x00')
INFO:stick:PROCESS:END:18284.936:TransmitPacket:ReadHistoryData:size[1024]:[page][0]:data[0]:
INFO:__main__:sleeping 0.1 before download
INFO:__main__:proceeding with download
INFO:stick:download:start:0
INFO:stick:Stick transmit[TransmitPacket:ReadHistoryData:size[1024]:[page][0]:data[0]:] reader[ReadRadio:size:78] download_i[1] status[<LinkStatus:0x03:status:size=78:size(78)>] poll_size[78] poll_i[False] command[<TransmitPacket:ReadHistoryData:size[1024]:[page][0]:data[0]:>]:download(attempts[1],expect[0],results[0]:data[0]):begin first poll first sleep .250
DEBUG:stick:<Stick transmit[TransmitPacket:ReadHistoryData:size[1024]:[page][0]:data[0]:] reader[ReadRadio:size:78] download_i[1] status[<LinkStatus:0x03:status:size=78:size(78)>] poll_size[78] poll_i[False] command[<TransmitPacket:ReadHistoryData:size[1024]:[page][0]:data[0]:>]>:STARTING POLL PHASE:attempt:0
DEBUG:stick:<Stick transmit[TransmitPacket:ReadHistoryData:size[1024]:[page][0]:data[0]:] reader[ReadRadio:size:78] download_i[1] status[<LinkStatus:0x03:status:size=78:size(78)>] poll_size[0] poll_i[0] command[<TransmitPacket:ReadHistoryData:size[1024]:[page][0]:data[0]:>]>:poll:attempt:0
INFO:stick:PROCESS:START:18642.731:LinkStatus:0x03:status:size=64
INFO:stick:link Stick transmit[TransmitPacket:ReadHistoryData:size[1024]:[page][0]:data[0]:] reader[ReadRadio:size:78] download_i[1] status[<LinkStatus:0x03:status:size=78:size(78)>] poll_size[0] poll_i[0] command[<LinkStatus:0x03:status:size=64:size(64)>] processing LinkStatus:0x03:status:size=64)
INFO:stick:send_force_read: attempt 0/2 send command, read until we get something within some timeout
INFO:stick:link Stick transmit[TransmitPacket:ReadHistoryData:size[1024]:[page][0]:data[0]:] reader[ReadRadio:size:78] download_i[1] status[<LinkStatus:0x03:status:size=78:size(78)>] poll_size[0] poll_i[0] command[<LinkStatus:0x03:status:size=64:size(64)>] sending LinkStatus:0x03:status:size=64)
INFO:root:usb.write.len: 3
0000   0x03 0x00 0x00                             ...
DEBUG:stick:sleeping 0.001
INFO:root:usb.read.len: 64
INFO:root:usb.read.raw:
0000   0x01 0x55 0x00 0x00 0x02 0x01 0x00 0x4e    .U.....N
0008   0x05 0x04 0x00 0x00 0x00 0x00 0x1c 0x00    ........
0010   0x00 0x00 0x1a 0x00 0x04 0x00 0x00 0x00    ........
0018   0x02 0x00 0x02 0x00 0x00 0x00 0x00 0x00    ........
0020   0x00 0x01 0x00 0x86 0x00 0x00 0x00 0x00    ........
0028   0x00 0x00 0x00 0x00 0x00 0x00 0x00 0x00    ........
0030   0x00 0x00 0x00 0x00 0x00 0x00 0x00 0x00    ........
0038   0x00 0x00 0x00 0x00 0x00 0x00 0x00 0x00    ........
INFO:stick:quit send_force_read, found len: 64 expected 64 after 0 attempts
INFO:stick:LinkStatus:0x03:status:size=78

INFO:stick:finished processing LinkStatus:0x03:status:size=78, 78
INFO:stick:PROCESS:END:18655.255:LinkStatus:0x03:status:size=78
INFO:stick:Stick transmit[TransmitPacket:ReadHistoryData:size[1024]:[page][0]:data[0]:] reader[ReadRadio:size:78] download_i[1] status[<LinkStatus:0x03:status:size=78:size(78)>] poll_size[78] poll_i[0] command[<LinkStatus:0x03:status:size=78:size(78)>]:STOP POLL after 1 attempts:size:78
INFO:stick:Stick transmit[TransmitPacket:ReadHistoryData:size[1024]:[page][0]:data[0]:] reader[ReadRadio:size:78] download_i[1] status[<LinkStatus:0x03:status:size=78:size(78)>] poll_size[78] poll_i[False] command[<LinkStatus:0x03:status:size=78:size(78)>]:download(attempts[1],expect[78],results[0]:data[0]):end first poll
INFO:stick:Stick transmit[TransmitPacket:ReadHistoryData:size[1024]:[page][0]:data[0]:] reader[ReadRadio:size:78] download_i[1] status[<LinkStatus:0x03:status:size=78:size(78)>] poll_size[78] poll_i[False] command[<LinkStatus:0x03:status:size=78:size(78)>]:download(attempts[1],expect[78],results[0]:data[0]):proceed to download packet
INFO:stick:Stick transmit[TransmitPacket:ReadHistoryData:size[1024]:[page][0]:data[0]:] reader[ReadRadio:size:78] download_i[1] status[<LinkStatus:0x03:status:size=78:size(78)>] poll_size[78] poll_i[False] command[<LinkStatus:0x03:status:size=78:size(78)>]:download_packet:78
INFO:stick:PROCESS:START:18661.092:ReadRadio:size:78
INFO:stick:send_force_read: attempt 0/2 send command, read until we get something within some timeout
INFO:stick:link Stick transmit[TransmitPacket:ReadHistoryData:size[1024]:[page][0]:data[0]:] reader[ReadRadio:size:78] download_i[1] status[<LinkStatus:0x03:status:size=78:size(78)>] poll_size[78] poll_i[False] command[<ReadRadio:size:78>] sending ReadRadio:size:78)
INFO:root:usb.write.len: 5
0000   0x0c 0x00 0x00 0x4e 0x95                   ...N.
DEBUG:stick:sleeping 0.001
INFO:root:usb.read.len: 78
INFO:root:usb.read.raw:
0000   0x02 0x00 0x04 0x00 0xdf 0x00 0x40 0xa7    ......@.
0008   0x01 0x34 0x51 0x92 0x2c 0x5c 0x1a 0x1a    .4Q.,\..
0010   0x0a 0xc0 0x1c 0x14 0xc0 0x10 0x1e 0xc0    ........
0018   0x3c 0x78 0xc0 0x30 0xe6 0xc0 0x1e 0x40    <x.0...@
0020   0xd0 0x22 0x4a 0xd0 0x78 0x9a 0xd0 0x01    ."J.x...
0028   0x00 0x60 0x00 0x60 0x00 0x54 0x00 0x56    .`.`.T.V
0030   0x6e 0x54 0x7a 0x0f 0x7b 0x03 0x40 0x40    nTz.{.@@
0038   0x17 0x1a 0x0f 0x2e 0x1e 0x00 0x7b 0x00    ......{.
0040   0x40 0x40 0x00 0x1b 0x0f 0x00 0x1e 0x00    @@......
0048   0x07 0x00 0x00 0x06 0xc2 0xee              ......
INFO:stick:quit send_force_read, found len: 78 expected 78 after 0 attempts
INFO:stick:readData validating remote raw[ack]: 02
INFO:stick:readData; foreign raw should be at least 14 bytes? 78 True
INFO:stick:readData; raw[retries] 0
INFO:stick:ReadRadio:size:78:eod:found eod (False)
INFO:stick:found packet len(64), link expects(64)
INFO:stick:PROCESS:END:18705.703:ReadRadio:size:78
INFO:stick:Stick transmit[TransmitPacket:ReadHistoryData:size[1024]:[page][0]:data[0]:] reader[ReadRadio:size:78] download_i[1] status[<LinkStatus:0x03:status:size=78:size(78)>] poll_size[78] poll_i[False] command[<ReadRadio:size:78>]:download(attempts[1],expect[78],results[64]:data[64]):adding segment
INFO:stick:Stick transmit[TransmitPacket:ReadHistoryData:size[1024]:[page][0]:data[0]:] reader[ReadRadio:size:78] download_i[1] status[<LinkStatus:0x03:status:size=78:size(78)>] poll_size[78] poll_i[False] command[<ReadRadio:size:78>]:download(attempts[1],expect[78],results[64]:data[64]):no eod, sleep .200 try again
DEBUG:stick:<Stick transmit[TransmitPacket:ReadHistoryData:size[1024]:[page][0]:data[0]:] reader[ReadRadio:size:78] download_i[1] status[<LinkStatus:0x03:status:size=78:size(78)>] poll_size[78] poll_i[False] command[<ReadRadio:size:78>]>:STARTING POLL PHASE:attempt:0
DEBUG:stick:<Stick transmit[TransmitPacket:ReadHistoryData:size[1024]:[page][0]:data[0]:] reader[ReadRadio:size:78] download_i[1] status[<LinkStatus:0x03:status:size=78:size(78)>] poll_size[0] poll_i[0] command[<ReadRadio:size:78>]>:poll:attempt:0
INFO:stick:PROCESS:START:18912.571:LinkStatus:0x03:status:size=64
INFO:stick:link Stick transmit[TransmitPacket:ReadHistoryData:size[1024]:[page][0]:data[0]:] reader[ReadRadio:size:78] download_i[1] status[<LinkStatus:0x03:status:size=78:size(78)>] poll_size[0] poll_i[0] command[<LinkStatus:0x03:status:size=64:size(64)>] processing LinkStatus:0x03:status:size=64)
INFO:stick:send_force_read: attempt 0/2 send command, read until we get something within some timeout
INFO:stick:link Stick transmit[TransmitPacket:ReadHistoryData:size[1024]:[page][0]:data[0]:] reader[ReadRadio:size:78] download_i[1] status[<LinkStatus:0x03:status:size=78:size(78)>] poll_size[0] poll_i[0] command[<LinkStatus:0x03:status:size=64:size(64)>] sending LinkStatus:0x03:status:size=64)
INFO:root:usb.write.len: 3
0000   0x03 0x00 0x00                             ...
DEBUG:stick:sleeping 0.001
INFO:root:usb.read.len: 64
INFO:root:usb.read.raw:
0000   0x01 0x55 0x00 0x00 0x02 0x01 0x00 0x8e    .U......
0008   0x05 0x04 0x00 0x92 0x2c 0x5c 0x1a 0x1a    ....,\..
0010   0x0a 0xc0 0x1c 0x14 0xc0 0x10 0x1e 0xc0    ........
0018   0x3c 0x78 0xc0 0x30 0xe6 0xc0 0x1e 0x40    <x.0...@
0020   0xd0 0x22 0x4a 0xd0 0x78 0x9a 0xd0 0x01    ."J.x...
0028   0x00 0x60 0x00 0x60 0x00 0x54 0x00 0x56    .`.`.T.V
0030   0x6e 0x54 0x7a 0x0f 0x7b 0x03 0x40 0x40    nTz.{.@@
0038   0x17 0x1a 0x0f 0x2e 0x1e 0x00 0x7b 0x00    ......{.
INFO:stick:quit send_force_read, found len: 64 expected 64 after 0 attempts
INFO:stick:LinkStatus:0x03:status:size=142

INFO:stick:finished processing LinkStatus:0x03:status:size=142, 142
INFO:stick:PROCESS:END:18928.173:LinkStatus:0x03:status:size=142
INFO:stick:Stick transmit[TransmitPacket:ReadHistoryData:size[1024]:[page][0]:data[0]:] reader[ReadRadio:size:78] download_i[1] status[<LinkStatus:0x03:status:size=142:size(142)>] poll_size[142] poll_i[0] command[<LinkStatus:0x03:status:size=142:size(142)>]:STOP POLL after 1 attempts:size:142
INFO:stick:Stick transmit[TransmitPacket:ReadHistoryData:size[1024]:[page][0]:data[0]:] reader[ReadRadio:size:78] download_i[2] status[<LinkStatus:0x03:status:size=142:size(142)>] poll_size[142] poll_i[False] command[<LinkStatus:0x03:status:size=142:size(142)>]:download(attempts[2],expect[142],results[64]:data[0]):proceed to download packet
INFO:stick:Stick transmit[TransmitPacket:ReadHistoryData:size[1024]:[page][0]:data[0]:] reader[ReadRadio:size:78] download_i[2] status[<LinkStatus:0x03:status:size=142:size(142)>] poll_size[142] poll_i[False] command[<LinkStatus:0x03:status:size=142:size(142)>]:download_packet:142
INFO:stick:PROCESS:START:18933.478:ReadRadio:size:142
INFO:stick:send_force_read: attempt 0/2 send command, read until we get something within some timeout
INFO:stick:link Stick transmit[TransmitPacket:ReadHistoryData:size[1024]:[page][0]:data[0]:] reader[ReadRadio:size:142] download_i[2] status[<LinkStatus:0x03:status:size=142:size(142)>] poll_size[142] poll_i[False] command[<ReadRadio:size:142>] sending ReadRadio:size:142)
INFO:root:usb.write.len: 5
0000   0x0c 0x00 0x00 0x8e 0x56                   ....V
DEBUG:stick:sleeping 0.001
INFO:root:usb.read.len: 142
INFO:root:usb.read.raw:
0000   0x02 0x00 0x04 0x00 0xdf 0x00 0x80 0xa7    ........
0008   0x01 0x34 0x51 0x92 0xbf 0x5a 0x8f 0x00    .4Q..Z..
0010   0x00 0x00 0x6e 0x5a 0x8f 0x05 0x00 0x77    ..nZ...w
0018   0x73 0x7a 0x02 0x00 0x00 0x06 0xc2 0x03    sz......
0020   0x42 0x30 0x03 0x80 0x34 0x00 0xdb 0x02    B0..4...
0028   0xcc 0x00 0x00 0x00 0x00 0x00 0xb4 0x06    ........
0030   0x00 0x00 0x02 0x00 0x00 0x00 0x00 0x00    ........
0038   0x00 0x00 0x00 0x00 0x00 0x00 0x00 0x00    ........
0040   0x00 0x00 0x00 0x00 0x00 0x00 0x7b 0x01    ......{.
0048   0x40 0x40 0x05 0x1b 0x0f 0x0a 0x26 0x00    @@....&.
0050   0x01 0x00 0x3c 0x00 0x3c 0x00 0x00 0x00    ..<.<...
0058   0x51 0x78 0x45 0x7b 0x0f 0x7b 0x02 0x40    QxE{.{.@
0060   0x40 0x08 0x1b 0x0f 0x10 0x24 0x00 0x0a    @....$..
0068   0x93 0x76 0x47 0x28 0x7b 0x0f 0x3f 0x12    .vG({.?.
0070   0x76 0x47 0x68 0x7b 0x0f 0xae 0xd7 0x63    vGh{...c
0078   0x0a 0x79 0x58 0x48 0x28 0x7b 0x0f 0x3f    .yXH({.?
0080   0x0f 0x58 0x48 0x28 0x7b 0x0f 0xae 0xd7    .XH({...
0088   0x63 0x5b 0x00 0x48 0x5d 0x76              c[.H]v
INFO:stick:quit send_force_read, found len: 142 expected 142 after 0 attempts
INFO:stick:readData validating remote raw[ack]: 02
INFO:stick:readData; foreign raw should be at least 14 bytes? 142 True
INFO:stick:readData; raw[retries] 0
INFO:stick:ReadRadio:size:142:eod:found eod (False)
INFO:stick:found packet len(128), link expects(128)
INFO:stick:PROCESS:END:18984.543:ReadRadio:size:142
INFO:stick:Stick transmit[TransmitPacket:ReadHistoryData:size[1024]:[page][0]:data[0]:] reader[ReadRadio:size:142] download_i[2] status[<LinkStatus:0x03:status:size=142:size(142)>] poll_size[142] poll_i[False] command[<ReadRadio:size:142>]:download(attempts[2],expect[142],results[192]:data[128]):adding segment
INFO:stick:Stick transmit[TransmitPacket:ReadHistoryData:size[1024]:[page][0]:data[0]:] reader[ReadRadio:size:142] download_i[2] status[<LinkStatus:0x03:status:size=142:size(142)>] poll_size[142] poll_i[False] command[<ReadRadio:size:142>]:download(attempts[2],expect[142],results[192]:data[128]):no eod, sleep .200 try again
DEBUG:stick:<Stick transmit[TransmitPacket:ReadHistoryData:size[1024]:[page][0]:data[0]:] reader[ReadRadio:size:142] download_i[2] status[<LinkStatus:0x03:status:size=142:size(142)>] poll_size[142] poll_i[False] command[<ReadRadio:size:142>]>:STARTING POLL PHASE:attempt:0
DEBUG:stick:<Stick transmit[TransmitPacket:ReadHistoryData:size[1024]:[page][0]:data[0]:] reader[ReadRadio:size:142] download_i[2] status[<LinkStatus:0x03:status:size=142:size(142)>] poll_size[0] poll_i[0] command[<ReadRadio:size:142>]>:poll:attempt:0
INFO:stick:PROCESS:START:19190.782:LinkStatus:0x03:status:size=64
INFO:stick:link Stick transmit[TransmitPacket:ReadHistoryData:size[1024]:[page][0]:data[0]:] reader[ReadRadio:size:142] download_i[2] status[<LinkStatus:0x03:status:size=142:size(142)>] poll_size[0] poll_i[0] command[<LinkStatus:0x03:status:size=64:size(64)>] processing LinkStatus:0x03:status:size=64)
INFO:stick:send_force_read: attempt 0/2 send command, read until we get something within some timeout
INFO:stick:link Stick transmit[TransmitPacket:ReadHistoryData:size[1024]:[page][0]:data[0]:] reader[ReadRadio:size:142] download_i[2] status[<LinkStatus:0x03:status:size=142:size(142)>] poll_size[0] poll_i[0] command[<LinkStatus:0x03:status:size=64:size(64)>] sending LinkStatus:0x03:status:size=64)
INFO:root:usb.write.len: 3
0000   0x03 0x00 0x00                             ...
DEBUG:stick:sleeping 0.001
INFO:root:usb.read.len: 64
INFO:root:usb.read.raw:
0000   0x01 0x55 0x00 0x00 0x02 0x01 0x00 0x8e    .U......
0008   0x05 0x04 0x00 0x92 0xbf 0x5a 0x8f 0x00    .....Z..
0010   0x00 0x00 0x6e 0x5a 0x8f 0x05 0x00 0x77    ..nZ...w
0018   0x73 0x7a 0x02 0x00 0x00 0x06 0xc2 0x03    sz......
0020   0x42 0x30 0x03 0x80 0x34 0x00 0xdb 0x02    B0..4...
0028   0xcc 0x00 0x00 0x00 0x00 0x00 0xb4 0x06    ........
0030   0x00 0x00 0x02 0x00 0x00 0x00 0x00 0x00    ........
0038   0x00 0x00 0x00 0x00 0x00 0x00 0x00 0x00    ........
INFO:stick:quit send_force_read, found len: 64 expected 64 after 0 attempts
INFO:stick:LinkStatus:0x03:status:size=142

INFO:stick:finished processing LinkStatus:0x03:status:size=142, 142
INFO:stick:PROCESS:END:19203.225:LinkStatus:0x03:status:size=142
INFO:stick:Stick transmit[TransmitPacket:ReadHistoryData:size[1024]:[page][0]:data[0]:] reader[ReadRadio:size:142] download_i[2] status[<LinkStatus:0x03:status:size=142:size(142)>] poll_size[142] poll_i[0] command[<LinkStatus:0x03:status:size=142:size(142)>]:STOP POLL after 1 attempts:size:142
INFO:stick:Stick transmit[TransmitPacket:ReadHistoryData:size[1024]:[page][0]:data[0]:] reader[ReadRadio:size:142] download_i[3] status[<LinkStatus:0x03:status:size=142:size(142)>] poll_size[142] poll_i[False] command[<LinkStatus:0x03:status:size=142:size(142)>]:download(attempts[3],expect[142],results[192]:data[0]):proceed to download packet
INFO:stick:Stick transmit[TransmitPacket:ReadHistoryData:size[1024]:[page][0]:data[0]:] reader[ReadRadio:size:142] download_i[3] status[<LinkStatus:0x03:status:size=142:size(142)>] poll_size[142] poll_i[False] command[<LinkStatus:0x03:status:size=142:size(142)>]:download_packet:142
INFO:stick:PROCESS:START:19207.985:ReadRadio:size:142
INFO:stick:send_force_read: attempt 0/2 send command, read until we get something within some timeout
INFO:stick:link Stick transmit[TransmitPacket:ReadHistoryData:size[1024]:[page][0]:data[0]:] reader[ReadRadio:size:142] download_i[3] status[<LinkStatus:0x03:status:size=142:size(142)>] poll_size[142] poll_i[False] command[<ReadRadio:size:142>] sending ReadRadio:size:142)
INFO:root:usb.write.len: 5
0000   0x0c 0x00 0x00 0x8e 0x56                   ....V
DEBUG:stick:sleeping 0.001
INFO:root:usb.read.len: 142
INFO:root:usb.read.raw:
0000   0x02 0x00 0x04 0x00 0xdf 0x00 0x80 0xa7    ........
0008   0x01 0x34 0x51 0x92 0xbf 0x08 0x7b 0x0f    .4Q...{.
0010   0x28 0x50 0x00 0x78 0x28 0x5a 0x00 0x00    (P.x(Z..
0018   0x84 0x00 0x00 0x00 0x00 0x84 0x78 0x5c    ......x\
0020   0x05 0x3c 0x99 0xc0 0x01 0x00 0x84 0x00    .<......
0028   0x84 0x00 0x08 0x00 0x48 0x5d 0x48 0x7b    ....H]H{
0030   0x0f 0x0a 0x8f 0x44 0x74 0x2b 0x7b 0x0f    ...Dt+{.
0038   0x3f 0x11 0x44 0x74 0xeb 0x7b 0x0f 0xae    ?.Dt.{..
0040   0xd7 0x63 0x5b 0x00 0x5b 0x6a 0x0c 0x7b    .c[.[j.{
0048   0x0f 0x50 0x50 0x00 0x78 0x28 0x5a 0x00    .PP.x(Z.
0050   0x01 0x08 0x00 0x00 0x00 0x01 0x08 0x78    .......x
0058   0x5c 0x08 0x84 0x00 0xd0 0x3c 0x96 0xd0    \....<..
0060   0x01 0x00 0x84 0x00 0x84 0x00 0x00 0x01    ........
0068   0x67 0x6c 0xac 0x7b 0x0f 0x01 0x00 0x84    gl.{....
0070   0x00 0x84 0x00 0x00 0x00 0x5b 0x6a 0x8c    .....[j.
0078   0x7b 0x0f 0x5b 0x00 0x4a 0x47 0x12 0x7b    {.[.JG.{
0080   0x0f 0x41 0x50 0x00 0x78 0x28 0x5a 0x00    .AP.x(Z.
0088   0x00 0xd8 0x00 0x00 0x00 0x1f              ......
INFO:stick:quit send_force_read, found len: 142 expected 142 after 0 attempts
INFO:stick:readData validating remote raw[ack]: 02
INFO:stick:readData; foreign raw should be at least 14 bytes? 142 True
INFO:stick:readData; raw[retries] 0
INFO:stick:ReadRadio:size:142:eod:found eod (False)
INFO:stick:found packet len(128), link expects(128)
INFO:stick:PROCESS:END:19261.067:ReadRadio:size:142
INFO:stick:Stick transmit[TransmitPacket:ReadHistoryData:size[1024]:[page][0]:data[0]:] reader[ReadRadio:size:142] download_i[3] status[<LinkStatus:0x03:status:size=142:size(142)>] poll_size[142] poll_i[False] command[<ReadRadio:size:142>]:download(attempts[3],expect[142],results[320]:data[128]):adding segment
INFO:stick:Stick transmit[TransmitPacket:ReadHistoryData:size[1024]:[page][0]:data[0]:] reader[ReadRadio:size:142] download_i[3] status[<LinkStatus:0x03:status:size=142:size(142)>] poll_size[142] poll_i[False] command[<ReadRadio:size:142>]:download(attempts[3],expect[142],results[320]:data[128]):no eod, sleep .200 try again
DEBUG:stick:<Stick transmit[TransmitPacket:ReadHistoryData:size[1024]:[page][0]:data[0]:] reader[ReadRadio:size:142] download_i[3] status[<LinkStatus:0x03:status:size=142:size(142)>] poll_size[142] poll_i[False] command[<ReadRadio:size:142>]>:STARTING POLL PHASE:attempt:0
DEBUG:stick:<Stick transmit[TransmitPacket:ReadHistoryData:size[1024]:[page][0]:data[0]:] reader[ReadRadio:size:142] download_i[3] status[<LinkStatus:0x03:status:size=142:size(142)>] poll_size[0] poll_i[0] command[<ReadRadio:size:142>]>:poll:attempt:0
INFO:stick:PROCESS:START:19467.454:LinkStatus:0x03:status:size=64
INFO:stick:link Stick transmit[TransmitPacket:ReadHistoryData:size[1024]:[page][0]:data[0]:] reader[ReadRadio:size:142] download_i[3] status[<LinkStatus:0x03:status:size=142:size(142)>] poll_size[0] poll_i[0] command[<LinkStatus:0x03:status:size=64:size(64)>] processing LinkStatus:0x03:status:size=64)
INFO:stick:send_force_read: attempt 0/2 send command, read until we get something within some timeout
INFO:stick:link Stick transmit[TransmitPacket:ReadHistoryData:size[1024]:[page][0]:data[0]:] reader[ReadRadio:size:142] download_i[3] status[<LinkStatus:0x03:status:size=142:size(142)>] poll_size[0] poll_i[0] command[<LinkStatus:0x03:status:size=64:size(64)>] sending LinkStatus:0x03:status:size=64)
INFO:root:usb.write.len: 3
0000   0x03 0x00 0x00                             ...
DEBUG:stick:sleeping 0.001
INFO:root:usb.read.len: 64
INFO:root:usb.read.raw:
0000   0x01 0x55 0x00 0x00 0x02 0x01 0x00 0x8e    .U......
0008   0x05 0x04 0x00 0x92 0xbf 0x08 0x7b 0x0f    ......{.
0010   0x28 0x50 0x00 0x78 0x28 0x5a 0x00 0x00    (P.x(Z..
0018   0x84 0x00 0x00 0x00 0x00 0x84 0x78 0x5c    ......x\
0020   0x05 0x3c 0x99 0xc0 0x01 0x00 0x84 0x00    .<......
0028   0x84 0x00 0x08 0x00 0x48 0x5d 0x48 0x7b    ....H]H{
0030   0x0f 0x0a 0x8f 0x44 0x74 0x2b 0x7b 0x0f    ...Dt+{.
0038   0x3f 0x11 0x44 0x74 0xeb 0x7b 0x0f 0xae    ?.Dt.{..
INFO:stick:quit send_force_read, found len: 64 expected 64 after 0 attempts
INFO:stick:LinkStatus:0x03:status:size=142

INFO:stick:finished processing LinkStatus:0x03:status:size=142, 142
INFO:stick:PROCESS:END:19479.923:LinkStatus:0x03:status:size=142
INFO:stick:Stick transmit[TransmitPacket:ReadHistoryData:size[1024]:[page][0]:data[0]:] reader[ReadRadio:size:142] download_i[3] status[<LinkStatus:0x03:status:size=142:size(142)>] poll_size[142] poll_i[0] command[<LinkStatus:0x03:status:size=142:size(142)>]:STOP POLL after 1 attempts:size:142
INFO:stick:Stick transmit[TransmitPacket:ReadHistoryData:size[1024]:[page][0]:data[0]:] reader[ReadRadio:size:142] download_i[4] status[<LinkStatus:0x03:status:size=142:size(142)>] poll_size[142] poll_i[False] command[<LinkStatus:0x03:status:size=142:size(142)>]:download(attempts[4],expect[142],results[320]:data[0]):proceed to download packet
INFO:stick:Stick transmit[TransmitPacket:ReadHistoryData:size[1024]:[page][0]:data[0]:] reader[ReadRadio:size:142] download_i[4] status[<LinkStatus:0x03:status:size=142:size(142)>] poll_size[142] poll_i[False] command[<LinkStatus:0x03:status:size=142:size(142)>]:download_packet:142
INFO:stick:PROCESS:START:19484.562:ReadRadio:size:142
INFO:stick:send_force_read: attempt 0/2 send command, read until we get something within some timeout
INFO:stick:link Stick transmit[TransmitPacket:ReadHistoryData:size[1024]:[page][0]:data[0]:] reader[ReadRadio:size:142] download_i[4] status[<LinkStatus:0x03:status:size=142:size(142)>] poll_size[142] poll_i[False] command[<ReadRadio:size:142>] sending ReadRadio:size:142)
INFO:root:usb.write.len: 5
0000   0x0c 0x00 0x00 0x8e 0x56                   ....V
DEBUG:stick:sleeping 0.001
INFO:root:usb.read.len: 142
INFO:root:usb.read.raw:
0000   0x02 0x00 0x04 0x00 0xdf 0x00 0x80 0xa7    ........
0008   0x01 0x34 0x51 0x92 0xbf 0x00 0xd8 0x78    .4Q....x
0010   0x5c 0x0e 0x26 0x2d 0xd0 0x2c 0x37 0xd0    \.&-.,7.
0018   0x2c 0x41 0xd0 0x8a 0x4b 0xd0 0x01 0x00    ,A..K...
0020   0x6c 0x00 0x6c 0x00 0x00 0x01 0x7a 0x48    l.l...zH
0028   0xb2 0x7b 0x0f 0x01 0x00 0x6c 0x00 0x6c    .{...l.l
0030   0x00 0x00 0x00 0x4a 0x47 0x92 0x7b 0x0f    ...JG.{.
0038   0x0a 0x10 0x56 0x72 0x36 0x7b 0x8f 0x3f    ..Vr6{.?
0040   0x22 0x56 0x72 0x16 0x7b 0x0f 0xae 0xd7    "Vr.{...
0048   0x63 0x0a 0x16 0x6c 0x72 0x36 0x7b 0x8f    c..lr6{.
0050   0x3f 0x22 0x6c 0x72 0xd6 0x7b 0x0f 0xae    ?"lr.{..
0058   0xd7 0x63 0x5b 0x16 0x4a 0x73 0x16 0x7b    .c[.Js.{
0060   0x0f 0x00 0x51 0x00 0x78 0x28 0x5a 0x9c    ..Q.x(Z.
0068   0x00 0x00 0x00 0x00 0x00 0x00 0x9c 0x78    .......x
0070   0x5c 0x0e 0x0a 0xff 0xc0 0x24 0x09 0xd0    \....$..
0078   0x24 0x13 0xd0 0x86 0x1d 0xd0 0x01 0x00    $.......
0080   0x9c 0x00 0x9c 0x00 0x00 0x00 0x4a 0x73    ......Js
0088   0x56 0x7b 0x0f 0x7b 0x03 0xae              V{.{..
INFO:stick:quit send_force_read, found len: 142 expected 142 after 0 attempts
INFO:stick:readData validating remote raw[ack]: 02
INFO:stick:readData; foreign raw should be at least 14 bytes? 142 True
INFO:stick:readData; raw[retries] 0
INFO:stick:ReadRadio:size:142:eod:found eod (False)
INFO:stick:found packet len(128), link expects(128)
INFO:stick:PROCESS:END:19537.86:ReadRadio:size:142
INFO:stick:Stick transmit[TransmitPacket:ReadHistoryData:size[1024]:[page][0]:data[0]:] reader[ReadRadio:size:142] download_i[4] status[<LinkStatus:0x03:status:size=142:size(142)>] poll_size[142] poll_i[False] command[<ReadRadio:size:142>]:download(attempts[4],expect[142],results[448]:data[128]):adding segment
INFO:stick:Stick transmit[TransmitPacket:ReadHistoryData:size[1024]:[page][0]:data[0]:] reader[ReadRadio:size:142] download_i[4] status[<LinkStatus:0x03:status:size=142:size(142)>] poll_size[142] poll_i[False] command[<ReadRadio:size:142>]:download(attempts[4],expect[142],results[448]:data[128]):no eod, sleep .200 try again
DEBUG:stick:<Stick transmit[TransmitPacket:ReadHistoryData:size[1024]:[page][0]:data[0]:] reader[ReadRadio:size:142] download_i[4] status[<LinkStatus:0x03:status:size=142:size(142)>] poll_size[142] poll_i[False] command[<ReadRadio:size:142>]>:STARTING POLL PHASE:attempt:0
DEBUG:stick:<Stick transmit[TransmitPacket:ReadHistoryData:size[1024]:[page][0]:data[0]:] reader[ReadRadio:size:142] download_i[4] status[<LinkStatus:0x03:status:size=142:size(142)>] poll_size[0] poll_i[0] command[<ReadRadio:size:142>]>:poll:attempt:0
INFO:stick:PROCESS:START:19744.278:LinkStatus:0x03:status:size=64
INFO:stick:link Stick transmit[TransmitPacket:ReadHistoryData:size[1024]:[page][0]:data[0]:] reader[ReadRadio:size:142] download_i[4] status[<LinkStatus:0x03:status:size=142:size(142)>] poll_size[0] poll_i[0] command[<LinkStatus:0x03:status:size=64:size(64)>] processing LinkStatus:0x03:status:size=64)
INFO:stick:send_force_read: attempt 0/2 send command, read until we get something within some timeout
INFO:stick:link Stick transmit[TransmitPacket:ReadHistoryData:size[1024]:[page][0]:data[0]:] reader[ReadRadio:size:142] download_i[4] status[<LinkStatus:0x03:status:size=142:size(142)>] poll_size[0] poll_i[0] command[<LinkStatus:0x03:status:size=64:size(64)>] sending LinkStatus:0x03:status:size=64)
INFO:root:usb.write.len: 3
0000   0x03 0x00 0x00                             ...
DEBUG:stick:sleeping 0.001
INFO:root:usb.read.len: 64
INFO:root:usb.read.raw:
0000   0x01 0x55 0x00 0x00 0x02 0x01 0x00 0x8e    .U......
0008   0x05 0x04 0x00 0x92 0xbf 0x00 0xd8 0x78    .......x
0010   0x5c 0x0e 0x26 0x2d 0xd0 0x2c 0x37 0xd0    \.&-.,7.
0018   0x2c 0x41 0xd0 0x8a 0x4b 0xd0 0x01 0x00    ,A..K...
0020   0x6c 0x00 0x6c 0x00 0x00 0x01 0x7a 0x48    l.l...zH
0028   0xb2 0x7b 0x0f 0x01 0x00 0x6c 0x00 0x6c    .{...l.l
0030   0x00 0x00 0x00 0x4a 0x47 0x92 0x7b 0x0f    ...JG.{.
0038   0x0a 0x10 0x56 0x72 0x36 0x7b 0x8f 0x3f    ..Vr6{.?
INFO:stick:quit send_force_read, found len: 64 expected 64 after 0 attempts
INFO:stick:LinkStatus:0x03:status:size=142

INFO:stick:finished processing LinkStatus:0x03:status:size=142, 142
INFO:stick:PROCESS:END:19756.624:LinkStatus:0x03:status:size=142
INFO:stick:Stick transmit[TransmitPacket:ReadHistoryData:size[1024]:[page][0]:data[0]:] reader[ReadRadio:size:142] download_i[4] status[<LinkStatus:0x03:status:size=142:size(142)>] poll_size[142] poll_i[0] command[<LinkStatus:0x03:status:size=142:size(142)>]:STOP POLL after 1 attempts:size:142
INFO:stick:Stick transmit[TransmitPacket:ReadHistoryData:size[1024]:[page][0]:data[0]:] reader[ReadRadio:size:142] download_i[5] status[<LinkStatus:0x03:status:size=142:size(142)>] poll_size[142] poll_i[False] command[<LinkStatus:0x03:status:size=142:size(142)>]:download(attempts[5],expect[142],results[448]:data[0]):proceed to download packet
INFO:stick:Stick transmit[TransmitPacket:ReadHistoryData:size[1024]:[page][0]:data[0]:] reader[ReadRadio:size:142] download_i[5] status[<LinkStatus:0x03:status:size=142:size(142)>] poll_size[142] poll_i[False] command[<LinkStatus:0x03:status:size=142:size(142)>]:download_packet:142
INFO:stick:PROCESS:START:19761.261:ReadRadio:size:142
INFO:stick:send_force_read: attempt 0/2 send command, read until we get something within some timeout
INFO:stick:link Stick transmit[TransmitPacket:ReadHistoryData:size[1024]:[page][0]:data[0]:] reader[ReadRadio:size:142] download_i[5] status[<LinkStatus:0x03:status:size=142:size(142)>] poll_size[142] poll_i[False] command[<ReadRadio:size:142>] sending ReadRadio:size:142)
INFO:root:usb.write.len: 5
0000   0x0c 0x00 0x00 0x8e 0x56                   ....V
DEBUG:stick:sleeping 0.001
INFO:root:usb.read.len: 142
INFO:root:usb.read.raw:
0000   0x02 0x00 0x04 0x00 0xdf 0x00 0x80 0xa7    ........
0008   0x01 0x34 0x51 0x92 0xbf 0x40 0x40 0x17    .4Q..@@.
0010   0x1b 0x0f 0x2e 0x1e 0x00 0x7b 0x00 0x40    .....{.@
0018   0x40 0x00 0x1c 0x0f 0x00 0x1e 0x00 0x07    @.......
0020   0x00 0x00 0x06 0x7e 0x5b 0x8f 0x00 0x00    ...~[...
0028   0x00 0x6e 0x5b 0x8f 0x05 0x10 0xc0 0x79    .n[....y
0030   0x16 0x05 0x00 0x00 0x06 0x7e 0x03 0x42    .....~.B
0038   0x32 0x03 0x3c 0x32 0x00 0xb9 0x02 0x64    2.<2...d
0040   0x00 0x9c 0x00 0x00 0x00 0x3c 0x03 0x01    .....<..
0048   0x00 0x01 0x00 0x00 0x00 0x00 0x00 0x00    ........
0050   0x00 0x00 0x00 0x00 0x00 0x00 0x00 0x00    ........
0058   0x00 0x00 0x00 0x00 0x00 0x7b 0x01 0x40    .....{.@
0060   0x40 0x05 0x1c 0x0f 0x0a 0x26 0x00 0x0a    @....&..
0068   0x97 0x7a 0x71 0x27 0x7c 0x0f 0x3f 0x12    .zq'|.?.
0070   0x7a 0x71 0xe7 0x7c 0x0f 0xae 0xd7 0x63    zq.|...c
0078   0x5b 0x97 0x41 0x74 0x07 0x7c 0x0f 0x00    [.At.|..
0080   0x50 0x00 0x78 0x28 0x5a 0x1c 0x00 0x00    P.x(Z...
0088   0x00 0x00 0x00 0x00 0x1c 0x99              ......
INFO:stick:quit send_force_read, found len: 142 expected 142 after 0 attempts
INFO:stick:readData validating remote raw[ack]: 02
INFO:stick:readData; foreign raw should be at least 14 bytes? 142 True
INFO:stick:readData; raw[retries] 0
INFO:stick:ReadRadio:size:142:eod:found eod (False)
INFO:stick:found packet len(128), link expects(128)
INFO:stick:PROCESS:END:19813.422:ReadRadio:size:142
INFO:stick:Stick transmit[TransmitPacket:ReadHistoryData:size[1024]:[page][0]:data[0]:] reader[ReadRadio:size:142] download_i[5] status[<LinkStatus:0x03:status:size=142:size(142)>] poll_size[142] poll_i[False] command[<ReadRadio:size:142>]:download(attempts[5],expect[142],results[576]:data[128]):adding segment
INFO:stick:Stick transmit[TransmitPacket:ReadHistoryData:size[1024]:[page][0]:data[0]:] reader[ReadRadio:size:142] download_i[5] status[<LinkStatus:0x03:status:size=142:size(142)>] poll_size[142] poll_i[False] command[<ReadRadio:size:142>]:download(attempts[5],expect[142],results[576]:data[128]):no eod, sleep .200 try again
DEBUG:stick:<Stick transmit[TransmitPacket:ReadHistoryData:size[1024]:[page][0]:data[0]:] reader[ReadRadio:size:142] download_i[5] status[<LinkStatus:0x03:status:size=142:size(142)>] poll_size[142] poll_i[False] command[<ReadRadio:size:142>]>:STARTING POLL PHASE:attempt:0
DEBUG:stick:<Stick transmit[TransmitPacket:ReadHistoryData:size[1024]:[page][0]:data[0]:] reader[ReadRadio:size:142] download_i[5] status[<LinkStatus:0x03:status:size=142:size(142)>] poll_size[0] poll_i[0] command[<ReadRadio:size:142>]>:poll:attempt:0
INFO:stick:PROCESS:START:20019.538:LinkStatus:0x03:status:size=64
INFO:stick:link Stick transmit[TransmitPacket:ReadHistoryData:size[1024]:[page][0]:data[0]:] reader[ReadRadio:size:142] download_i[5] status[<LinkStatus:0x03:status:size=142:size(142)>] poll_size[0] poll_i[0] command[<LinkStatus:0x03:status:size=64:size(64)>] processing LinkStatus:0x03:status:size=64)
INFO:stick:send_force_read: attempt 0/2 send command, read until we get something within some timeout
INFO:stick:link Stick transmit[TransmitPacket:ReadHistoryData:size[1024]:[page][0]:data[0]:] reader[ReadRadio:size:142] download_i[5] status[<LinkStatus:0x03:status:size=142:size(142)>] poll_size[0] poll_i[0] command[<LinkStatus:0x03:status:size=64:size(64)>] sending LinkStatus:0x03:status:size=64)
INFO:root:usb.write.len: 3
0000   0x03 0x00 0x00                             ...
DEBUG:stick:sleeping 0.001
INFO:root:usb.read.len: 64
INFO:root:usb.read.raw:
0000   0x01 0x55 0x00 0x00 0x02 0x01 0x00 0x8e    .U......
0008   0x05 0x04 0x00 0x92 0xbf 0x40 0x40 0x17    .....@@.
0010   0x1b 0x0f 0x2e 0x1e 0x00 0x7b 0x00 0x40    .....{.@
0018   0x40 0x00 0x1c 0x0f 0x00 0x1e 0x00 0x07    @.......
0020   0x00 0x00 0x06 0x7e 0x5b 0x8f 0x00 0x00    ...~[...
0028   0x00 0x6e 0x5b 0x8f 0x05 0x10 0xc0 0x79    .n[....y
0030   0x16 0x05 0x00 0x00 0x06 0x7e 0x03 0x42    .....~.B
0038   0x32 0x03 0x3c 0x32 0x00 0xb9 0x02 0x64    2.<2...d
INFO:stick:quit send_force_read, found len: 64 expected 64 after 0 attempts
INFO:stick:LinkStatus:0x03:status:size=142

INFO:stick:finished processing LinkStatus:0x03:status:size=142, 142
INFO:stick:PROCESS:END:20032.015:LinkStatus:0x03:status:size=142
INFO:stick:Stick transmit[TransmitPacket:ReadHistoryData:size[1024]:[page][0]:data[0]:] reader[ReadRadio:size:142] download_i[5] status[<LinkStatus:0x03:status:size=142:size(142)>] poll_size[142] poll_i[0] command[<LinkStatus:0x03:status:size=142:size(142)>]:STOP POLL after 1 attempts:size:142
INFO:stick:Stick transmit[TransmitPacket:ReadHistoryData:size[1024]:[page][0]:data[0]:] reader[ReadRadio:size:142] download_i[6] status[<LinkStatus:0x03:status:size=142:size(142)>] poll_size[142] poll_i[False] command[<LinkStatus:0x03:status:size=142:size(142)>]:download(attempts[6],expect[142],results[576]:data[0]):proceed to download packet
INFO:stick:Stick transmit[TransmitPacket:ReadHistoryData:size[1024]:[page][0]:data[0]:] reader[ReadRadio:size:142] download_i[6] status[<LinkStatus:0x03:status:size=142:size(142)>] poll_size[142] poll_i[False] command[<LinkStatus:0x03:status:size=142:size(142)>]:download_packet:142
INFO:stick:PROCESS:START:20036.778:ReadRadio:size:142
INFO:stick:send_force_read: attempt 0/2 send command, read until we get something within some timeout
INFO:stick:link Stick transmit[TransmitPacket:ReadHistoryData:size[1024]:[page][0]:data[0]:] reader[ReadRadio:size:142] download_i[6] status[<LinkStatus:0x03:status:size=142:size(142)>] poll_size[142] poll_i[False] command[<ReadRadio:size:142>] sending ReadRadio:size:142)
INFO:root:usb.write.len: 5
0000   0x0c 0x00 0x00 0x8e 0x56                   ....V
DEBUG:stick:sleeping 0.001
INFO:root:usb.read.len: 142
INFO:root:usb.read.raw:
0000   0x02 0x00 0x04 0x00 0xdf 0x00 0x80 0xa7    ........
0008   0x01 0x34 0x51 0x92 0xbf 0x78 0x01 0x00    .4Q..x..
0010   0x1c 0x00 0x1c 0x00 0x00 0x00 0x41 0x74    ......At
0018   0x47 0x7c 0x0f 0x7b 0x02 0x40 0x40 0x08    G|.{.@@.
0020   0x1c 0x0f 0x10 0x24 0x00 0x5b 0x00 0x63    ...$.[.c
0028   0x43 0x08 0x7c 0x0f 0x32 0x50 0x00 0x78    C.|.2P.x
0030   0x28 0x5a 0x00 0x00 0xa4 0x00 0x00 0x00    (Z......
0038   0x00 0xa4 0x78 0x5c 0x05 0x1c 0x11 0xc0    ..x\....
0040   0x01 0x00 0xa4 0x00 0xa4 0x00 0x1c 0x00    ........
0048   0x63 0x43 0x48 0x7c 0x0f 0x1e 0x01 0x77    cCH|...w
0050   0x59 0x0a 0x5c 0x0f 0x1f 0x20 0x70 0x5a    Y.\.. pZ
0058   0x0a 0x5c 0x0f 0x7b 0x02 0x70 0x5a 0x0a    .\.{.pZ.
0060   0x1c 0x0f 0x10 0x24 0x00 0x0a 0x5e 0x62    ...$..^b
0068   0x73 0x2c 0x7c 0x0f 0x3f 0x0b 0x62 0x73    s,|.?.bs
0070   0xcc 0x7c 0x0f 0xae 0xd7 0x63 0x5b 0x00    .|...c[.
0078   0x5a 0x76 0x0d 0x7c 0x0f 0x0c 0x50 0x00    Zv.|..P.
0080   0x78 0x28 0x5a 0x00 0x00 0x28 0x00 0x00    x(Z..(..
0088   0x00 0x00 0x28 0x78 0x5c 0xe2              ..(x\.
INFO:stick:quit send_force_read, found len: 142 expected 142 after 0 attempts
INFO:stick:readData validating remote raw[ack]: 02
INFO:stick:readData; foreign raw should be at least 14 bytes? 142 True
INFO:stick:readData; raw[retries] 0
INFO:stick:ReadRadio:size:142:eod:found eod (False)
INFO:stick:found packet len(128), link expects(128)
INFO:stick:PROCESS:END:20090.174:ReadRadio:size:142
INFO:stick:Stick transmit[TransmitPacket:ReadHistoryData:size[1024]:[page][0]:data[0]:] reader[ReadRadio:size:142] download_i[6] status[<LinkStatus:0x03:status:size=142:size(142)>] poll_size[142] poll_i[False] command[<ReadRadio:size:142>]:download(attempts[6],expect[142],results[704]:data[128]):adding segment
INFO:stick:Stick transmit[TransmitPacket:ReadHistoryData:size[1024]:[page][0]:data[0]:] reader[ReadRadio:size:142] download_i[6] status[<LinkStatus:0x03:status:size=142:size(142)>] poll_size[142] poll_i[False] command[<ReadRadio:size:142>]:download(attempts[6],expect[142],results[704]:data[128]):no eod, sleep .200 try again
DEBUG:stick:<Stick transmit[TransmitPacket:ReadHistoryData:size[1024]:[page][0]:data[0]:] reader[ReadRadio:size:142] download_i[6] status[<LinkStatus:0x03:status:size=142:size(142)>] poll_size[142] poll_i[False] command[<ReadRadio:size:142>]>:STARTING POLL PHASE:attempt:0
DEBUG:stick:<Stick transmit[TransmitPacket:ReadHistoryData:size[1024]:[page][0]:data[0]:] reader[ReadRadio:size:142] download_i[6] status[<LinkStatus:0x03:status:size=142:size(142)>] poll_size[0] poll_i[0] command[<ReadRadio:size:142>]>:poll:attempt:0
INFO:stick:PROCESS:START:20296.32:LinkStatus:0x03:status:size=64
INFO:stick:link Stick transmit[TransmitPacket:ReadHistoryData:size[1024]:[page][0]:data[0]:] reader[ReadRadio:size:142] download_i[6] status[<LinkStatus:0x03:status:size=142:size(142)>] poll_size[0] poll_i[0] command[<LinkStatus:0x03:status:size=64:size(64)>] processing LinkStatus:0x03:status:size=64)
INFO:stick:send_force_read: attempt 0/2 send command, read until we get something within some timeout
INFO:stick:link Stick transmit[TransmitPacket:ReadHistoryData:size[1024]:[page][0]:data[0]:] reader[ReadRadio:size:142] download_i[6] status[<LinkStatus:0x03:status:size=142:size(142)>] poll_size[0] poll_i[0] command[<LinkStatus:0x03:status:size=64:size(64)>] sending LinkStatus:0x03:status:size=64)
INFO:root:usb.write.len: 3
0000   0x03 0x00 0x00                             ...
DEBUG:stick:sleeping 0.001
INFO:root:usb.read.len: 64
INFO:root:usb.read.raw:
0000   0x01 0x55 0x00 0x00 0x02 0x01 0x00 0x8e    .U......
0008   0x05 0x04 0x00 0x92 0xbf 0x78 0x01 0x00    .....x..
0010   0x1c 0x00 0x1c 0x00 0x00 0x00 0x41 0x74    ......At
0018   0x47 0x7c 0x0f 0x7b 0x02 0x40 0x40 0x08    G|.{.@@.
0020   0x1c 0x0f 0x10 0x24 0x00 0x5b 0x00 0x63    ...$.[.c
0028   0x43 0x08 0x7c 0x0f 0x32 0x50 0x00 0x78    C.|.2P.x
0030   0x28 0x5a 0x00 0x00 0xa4 0x00 0x00 0x00    (Z......
0038   0x00 0xa4 0x78 0x5c 0x05 0x1c 0x11 0xc0    ..x\....
INFO:stick:quit send_force_read, found len: 64 expected 64 after 0 attempts
INFO:stick:LinkStatus:0x03:status:size=142

INFO:stick:finished processing LinkStatus:0x03:status:size=142, 142
INFO:stick:PROCESS:END:20308.924:LinkStatus:0x03:status:size=142
INFO:stick:Stick transmit[TransmitPacket:ReadHistoryData:size[1024]:[page][0]:data[0]:] reader[ReadRadio:size:142] download_i[6] status[<LinkStatus:0x03:status:size=142:size(142)>] poll_size[142] poll_i[0] command[<LinkStatus:0x03:status:size=142:size(142)>]:STOP POLL after 1 attempts:size:142
INFO:stick:Stick transmit[TransmitPacket:ReadHistoryData:size[1024]:[page][0]:data[0]:] reader[ReadRadio:size:142] download_i[7] status[<LinkStatus:0x03:status:size=142:size(142)>] poll_size[142] poll_i[False] command[<LinkStatus:0x03:status:size=142:size(142)>]:download(attempts[7],expect[142],results[704]:data[0]):proceed to download packet
INFO:stick:Stick transmit[TransmitPacket:ReadHistoryData:size[1024]:[page][0]:data[0]:] reader[ReadRadio:size:142] download_i[7] status[<LinkStatus:0x03:status:size=142:size(142)>] poll_size[142] poll_i[False] command[<LinkStatus:0x03:status:size=142:size(142)>]:download_packet:142
INFO:stick:PROCESS:START:20313.767:ReadRadio:size:142
INFO:stick:send_force_read: attempt 0/2 send command, read until we get something within some timeout
INFO:stick:link Stick transmit[TransmitPacket:ReadHistoryData:size[1024]:[page][0]:data[0]:] reader[ReadRadio:size:142] download_i[7] status[<LinkStatus:0x03:status:size=142:size(142)>] poll_size[142] poll_i[False] command[<ReadRadio:size:142>] sending ReadRadio:size:142)
INFO:root:usb.write.len: 5
0000   0x0c 0x00 0x00 0x8e 0x56                   ....V
DEBUG:stick:sleeping 0.001
INFO:root:usb.read.len: 142
INFO:root:usb.read.raw:
0000   0x02 0x00 0x04 0x00 0xdf 0x00 0x80 0xa7    ........
0008   0x01 0x34 0x51 0x92 0xbf 0x0b 0x16 0x5c    .4Q....\
0010   0xd0 0x8e 0x66 0xd0 0x1c 0x70 0xd0 0x01    ..f..p..
0018   0x00 0x3c 0x00 0x3c 0x00 0x00 0x00 0x5a    .<.<...Z
0020   0x76 0x4d 0x7c 0x0f 0x01 0x00 0x28 0x00    vM|...(.
0028   0x28 0x00 0x38 0x00 0x61 0x56 0x4e 0x7c    (.8.aVN|
0030   0x0f 0x5b 0x00 0x4e 0x60 0x0f 0x7c 0x0f    .[.N`.|.
0038   0x28 0x50 0x00 0x78 0x28 0x5a 0x00 0x00    (P.x(Z..
0040   0x84 0x00 0x00 0x00 0x00 0x84 0x78 0x5c    ......x\
0048   0x11 0x28 0x4c 0xc0 0x3c 0x6a 0xc0 0x16    .(L.<j..
0050   0xbe 0xd0 0x8e 0xc8 0xd0 0x1c 0xd2 0xd0    ........
0058   0x01 0x00 0x84 0x00 0x84 0x00 0x2c 0x00    ......,.
0060   0x4e 0x60 0x4f 0x7c 0x0f 0x5b 0x00 0x78    N`O|.[.x
0068   0x71 0x11 0x7c 0x0f 0x0f 0x50 0x00 0x78    q.|..P.x
0070   0x28 0x5a 0x00 0x00 0x30 0x00 0x00 0x00    (Z..0...
0078   0x00 0x30 0x78 0x5c 0x0b 0x84 0x8f 0xc0    .0x\....
0080   0x28 0xd5 0xc0 0x3c 0xf3 0xc0 0x01 0x00    (..<....
0088   0x30 0x00 0x30 0x00 0x14 0xc4              0.0...
INFO:stick:quit send_force_read, found len: 142 expected 142 after 0 attempts
INFO:stick:readData validating remote raw[ack]: 02
INFO:stick:readData; foreign raw should be at least 14 bytes? 142 True
INFO:stick:readData; raw[retries] 0
INFO:stick:ReadRadio:size:142:eod:found eod (False)
INFO:stick:found packet len(128), link expects(128)
INFO:stick:PROCESS:END:20366.959:ReadRadio:size:142
INFO:stick:Stick transmit[TransmitPacket:ReadHistoryData:size[1024]:[page][0]:data[0]:] reader[ReadRadio:size:142] download_i[7] status[<LinkStatus:0x03:status:size=142:size(142)>] poll_size[142] poll_i[False] command[<ReadRadio:size:142>]:download(attempts[7],expect[142],results[832]:data[128]):adding segment
INFO:stick:Stick transmit[TransmitPacket:ReadHistoryData:size[1024]:[page][0]:data[0]:] reader[ReadRadio:size:142] download_i[7] status[<LinkStatus:0x03:status:size=142:size(142)>] poll_size[142] poll_i[False] command[<ReadRadio:size:142>]:download(attempts[7],expect[142],results[832]:data[128]):no eod, sleep .200 try again
DEBUG:stick:<Stick transmit[TransmitPacket:ReadHistoryData:size[1024]:[page][0]:data[0]:] reader[ReadRadio:size:142] download_i[7] status[<LinkStatus:0x03:status:size=142:size(142)>] poll_size[142] poll_i[False] command[<ReadRadio:size:142>]>:STARTING POLL PHASE:attempt:0
DEBUG:stick:<Stick transmit[TransmitPacket:ReadHistoryData:size[1024]:[page][0]:data[0]:] reader[ReadRadio:size:142] download_i[7] status[<LinkStatus:0x03:status:size=142:size(142)>] poll_size[0] poll_i[0] command[<ReadRadio:size:142>]>:poll:attempt:0
INFO:stick:PROCESS:START:20573.388:LinkStatus:0x03:status:size=64
INFO:stick:link Stick transmit[TransmitPacket:ReadHistoryData:size[1024]:[page][0]:data[0]:] reader[ReadRadio:size:142] download_i[7] status[<LinkStatus:0x03:status:size=142:size(142)>] poll_size[0] poll_i[0] command[<LinkStatus:0x03:status:size=64:size(64)>] processing LinkStatus:0x03:status:size=64)
INFO:stick:send_force_read: attempt 0/2 send command, read until we get something within some timeout
INFO:stick:link Stick transmit[TransmitPacket:ReadHistoryData:size[1024]:[page][0]:data[0]:] reader[ReadRadio:size:142] download_i[7] status[<LinkStatus:0x03:status:size=142:size(142)>] poll_size[0] poll_i[0] command[<LinkStatus:0x03:status:size=64:size(64)>] sending LinkStatus:0x03:status:size=64)
INFO:root:usb.write.len: 3
0000   0x03 0x00 0x00                             ...
DEBUG:stick:sleeping 0.001
INFO:root:usb.read.len: 64
INFO:root:usb.read.raw:
0000   0x01 0x55 0x00 0x00 0x02 0x01 0x00 0x8e    .U......
0008   0x05 0x04 0x00 0x92 0xbf 0x0b 0x16 0x5c    .......\
0010   0xd0 0x8e 0x66 0xd0 0x1c 0x70 0xd0 0x01    ..f..p..
0018   0x00 0x3c 0x00 0x3c 0x00 0x00 0x00 0x5a    .<.<...Z
0020   0x76 0x4d 0x7c 0x0f 0x01 0x00 0x28 0x00    vM|...(.
0028   0x28 0x00 0x38 0x00 0x61 0x56 0x4e 0x7c    (.8.aVN|
0030   0x0f 0x5b 0x00 0x4e 0x60 0x0f 0x7c 0x0f    .[.N`.|.
0038   0x28 0x50 0x00 0x78 0x28 0x5a 0x00 0x00    (P.x(Z..
INFO:stick:quit send_force_read, found len: 64 expected 64 after 0 attempts
INFO:stick:LinkStatus:0x03:status:size=142

INFO:stick:finished processing LinkStatus:0x03:status:size=142, 142
INFO:stick:PROCESS:END:20585.916:LinkStatus:0x03:status:size=142
INFO:stick:Stick transmit[TransmitPacket:ReadHistoryData:size[1024]:[page][0]:data[0]:] reader[ReadRadio:size:142] download_i[7] status[<LinkStatus:0x03:status:size=142:size(142)>] poll_size[142] poll_i[0] command[<LinkStatus:0x03:status:size=142:size(142)>]:STOP POLL after 1 attempts:size:142
INFO:stick:Stick transmit[TransmitPacket:ReadHistoryData:size[1024]:[page][0]:data[0]:] reader[ReadRadio:size:142] download_i[8] status[<LinkStatus:0x03:status:size=142:size(142)>] poll_size[142] poll_i[False] command[<LinkStatus:0x03:status:size=142:size(142)>]:download(attempts[8],expect[142],results[832]:data[0]):proceed to download packet
INFO:stick:Stick transmit[TransmitPacket:ReadHistoryData:size[1024]:[page][0]:data[0]:] reader[ReadRadio:size:142] download_i[8] status[<LinkStatus:0x03:status:size=142:size(142)>] poll_size[142] poll_i[False] command[<LinkStatus:0x03:status:size=142:size(142)>]:download_packet:142
INFO:stick:PROCESS:START:20590.654:ReadRadio:size:142
INFO:stick:send_force_read: attempt 0/2 send command, read until we get something within some timeout
INFO:stick:link Stick transmit[TransmitPacket:ReadHistoryData:size[1024]:[page][0]:data[0]:] reader[ReadRadio:size:142] download_i[8] status[<LinkStatus:0x03:status:size=142:size(142)>] poll_size[142] poll_i[False] command[<ReadRadio:size:142>] sending ReadRadio:size:142)
INFO:root:usb.write.len: 5
0000   0x0c 0x00 0x00 0x8e 0x56                   ....V
DEBUG:stick:sleeping 0.001
INFO:root:usb.read.len: 142
INFO:root:usb.read.raw:
0000   0x02 0x00 0x04 0x00 0xdf 0x00 0x80 0xa7    ........
0008   0x01 0x34 0x51 0x92 0xbf 0x00 0x78 0x71    .4Q...xq
0010   0x51 0x7c 0x0f 0x00 0x00 0x00 0x00 0x00    Q|......
0018   0x00 0x00 0x00 0x00 0x00 0x00 0x00 0x00    ........
0020   0x00 0x00 0x00 0x00 0x00 0x00 0x00 0x00    ........
0028   0x00 0x00 0x00 0x00 0x00 0x00 0x00 0x00    ........
0030   0x00 0x00 0x00 0x00 0x00 0x00 0x00 0x00    ........
0038   0x00 0x00 0x00 0x00 0x00 0x00 0x00 0x00    ........
0040   0x00 0x00 0x00 0x00 0x00 0x00 0x00 0x00    ........
0048   0x00 0x00 0x00 0x00 0x00 0x00 0x00 0x00    ........
0050   0x00 0x00 0x00 0x00 0x00 0x00 0x00 0x00    ........
0058   0x00 0x00 0x00 0x00 0x00 0x00 0x00 0x00    ........
0060   0x00 0x00 0x00 0x00 0x00 0x00 0x00 0x00    ........
0068   0x00 0x00 0x00 0x00 0x00 0x00 0x00 0x00    ........
0070   0x00 0x00 0x00 0x00 0x00 0x00 0x00 0x00    ........
0078   0x00 0x00 0x00 0x00 0x00 0x00 0x00 0x00    ........
0080   0x00 0x00 0x00 0x00 0x00 0x00 0x00 0x00    ........
0088   0x00 0x00 0x00 0x00 0x00 0xf9              ......
INFO:stick:quit send_force_read, found len: 142 expected 142 after 0 attempts
INFO:stick:readData validating remote raw[ack]: 02
INFO:stick:readData; foreign raw should be at least 14 bytes? 142 True
INFO:stick:readData; raw[retries] 0
INFO:stick:ReadRadio:size:142:eod:found eod (False)
INFO:stick:found packet len(128), link expects(128)
INFO:stick:PROCESS:END:20643.226:ReadRadio:size:142
INFO:stick:Stick transmit[TransmitPacket:ReadHistoryData:size[1024]:[page][0]:data[0]:] reader[ReadRadio:size:142] download_i[8] status[<LinkStatus:0x03:status:size=142:size(142)>] poll_size[142] poll_i[False] command[<ReadRadio:size:142>]:download(attempts[8],expect[142],results[960]:data[128]):adding segment
INFO:stick:Stick transmit[TransmitPacket:ReadHistoryData:size[1024]:[page][0]:data[0]:] reader[ReadRadio:size:142] download_i[8] status[<LinkStatus:0x03:status:size=142:size(142)>] poll_size[142] poll_i[False] command[<ReadRadio:size:142>]:download(attempts[8],expect[142],results[960]:data[128]):no eod, sleep .200 try again
DEBUG:stick:<Stick transmit[TransmitPacket:ReadHistoryData:size[1024]:[page][0]:data[0]:] reader[ReadRadio:size:142] download_i[8] status[<LinkStatus:0x03:status:size=142:size(142)>] poll_size[142] poll_i[False] command[<ReadRadio:size:142>]>:STARTING POLL PHASE:attempt:0
DEBUG:stick:<Stick transmit[TransmitPacket:ReadHistoryData:size[1024]:[page][0]:data[0]:] reader[ReadRadio:size:142] download_i[8] status[<LinkStatus:0x03:status:size=142:size(142)>] poll_size[0] poll_i[0] command[<ReadRadio:size:142>]>:poll:attempt:0
INFO:stick:PROCESS:START:20849.318:LinkStatus:0x03:status:size=64
INFO:stick:link Stick transmit[TransmitPacket:ReadHistoryData:size[1024]:[page][0]:data[0]:] reader[ReadRadio:size:142] download_i[8] status[<LinkStatus:0x03:status:size=142:size(142)>] poll_size[0] poll_i[0] command[<LinkStatus:0x03:status:size=64:size(64)>] processing LinkStatus:0x03:status:size=64)
INFO:stick:send_force_read: attempt 0/2 send command, read until we get something within some timeout
INFO:stick:link Stick transmit[TransmitPacket:ReadHistoryData:size[1024]:[page][0]:data[0]:] reader[ReadRadio:size:142] download_i[8] status[<LinkStatus:0x03:status:size=142:size(142)>] poll_size[0] poll_i[0] command[<LinkStatus:0x03:status:size=64:size(64)>] sending LinkStatus:0x03:status:size=64)
INFO:root:usb.write.len: 3
0000   0x03 0x00 0x00                             ...
DEBUG:stick:sleeping 0.001
INFO:root:usb.read.len: 64
INFO:root:usb.read.raw:
0000   0x01 0x55 0x00 0x00 0x02 0x01 0x00 0x4e    .U.....N
0008   0x05 0x04 0x00 0x92 0xbf 0x00 0x78 0x71    ......xq
0010   0x51 0x7c 0x0f 0x00 0x00 0x00 0x00 0x00    Q|......
0018   0x00 0x00 0x00 0x00 0x00 0x00 0x00 0x00    ........
0020   0x00 0x00 0x00 0x00 0x00 0x00 0x00 0x00    ........
0028   0x00 0x00 0x00 0x00 0x00 0x00 0x00 0x00    ........
0030   0x00 0x00 0x00 0x00 0x00 0x00 0x00 0x00    ........
0038   0x00 0x00 0x00 0x00 0x00 0x00 0x00 0x00    ........
INFO:stick:quit send_force_read, found len: 64 expected 64 after 0 attempts
INFO:stick:LinkStatus:0x03:status:size=78

INFO:stick:finished processing LinkStatus:0x03:status:size=78, 78
INFO:stick:PROCESS:END:20861.704:LinkStatus:0x03:status:size=78
INFO:stick:Stick transmit[TransmitPacket:ReadHistoryData:size[1024]:[page][0]:data[0]:] reader[ReadRadio:size:142] download_i[8] status[<LinkStatus:0x03:status:size=78:size(78)>] poll_size[78] poll_i[0] command[<LinkStatus:0x03:status:size=78:size(78)>]:STOP POLL after 1 attempts:size:78
INFO:stick:Stick transmit[TransmitPacket:ReadHistoryData:size[1024]:[page][0]:data[0]:] reader[ReadRadio:size:142] download_i[9] status[<LinkStatus:0x03:status:size=78:size(78)>] poll_size[78] poll_i[False] command[<LinkStatus:0x03:status:size=78:size(78)>]:download(attempts[9],expect[78],results[960]:data[0]):proceed to download packet
INFO:stick:Stick transmit[TransmitPacket:ReadHistoryData:size[1024]:[page][0]:data[0]:] reader[ReadRadio:size:142] download_i[9] status[<LinkStatus:0x03:status:size=78:size(78)>] poll_size[78] poll_i[False] command[<LinkStatus:0x03:status:size=78:size(78)>]:download_packet:78
INFO:stick:PROCESS:START:20866.121:ReadRadio:size:78
INFO:stick:send_force_read: attempt 0/2 send command, read until we get something within some timeout
INFO:stick:link Stick transmit[TransmitPacket:ReadHistoryData:size[1024]:[page][0]:data[0]:] reader[ReadRadio:size:78] download_i[9] status[<LinkStatus:0x03:status:size=78:size(78)>] poll_size[78] poll_i[False] command[<ReadRadio:size:78>] sending ReadRadio:size:78)
INFO:root:usb.write.len: 5
0000   0x0c 0x00 0x00 0x4e 0x95                   ...N.
DEBUG:stick:sleeping 0.001
INFO:root:usb.read.len: 78
INFO:root:usb.read.raw:
0000   0x02 0x00 0x04 0x00 0xdf 0x80 0x40 0xa7    ......@.
0008   0x01 0x34 0x51 0x92 0xaf 0x00 0x00 0x00    .4Q.....
0010   0x00 0x00 0x00 0x00 0x00 0x00 0x00 0x00    ........
0018   0x00 0x00 0x00 0x00 0x00 0x00 0x00 0x00    ........
0020   0x00 0x00 0x00 0x00 0x00 0x00 0x00 0x00    ........
0028   0x00 0x00 0x00 0x00 0x00 0x00 0x00 0x00    ........
0030   0x00 0x00 0x00 0x00 0x00 0x00 0x00 0x00    ........
0038   0x00 0x00 0x00 0x00 0x00 0x00 0x00 0x00    ........
0040   0x00 0x00 0x00 0x00 0x00 0x00 0x00 0x00    ........
0048   0x00 0x00 0x00 0xba 0x76 0xd7              ....v.
INFO:stick:quit send_force_read, found len: 78 expected 78 after 0 attempts
INFO:stick:readData validating remote raw[ack]: 02
INFO:stick:readData; foreign raw should be at least 14 bytes? 78 True
INFO:stick:readData; raw[retries] 0
INFO:stick:ReadRadio:size:78:eod:found eod (True)
INFO:stick:found packet len(64), link expects(64)
INFO:stick:PROCESS:END:20878.692:ReadRadio:size:78
INFO:stick:Stick transmit[TransmitPacket:ReadHistoryData:size[1024]:[page][0]:data[0]:] reader[ReadRadio:size:78] download_i[9] status[<LinkStatus:0x03:status:size=78:size(78)>] poll_size[78] poll_i[False] command[<ReadRadio:size:78>]:download(attempts[9],expect[78],results[1024]:data[64]):adding segment
INFO:stick:Stick transmit[TransmitPacket:ReadHistoryData:size[1024]:[page][0]:data[0]:] reader[ReadRadio:size:78] download_i[9] status[<LinkStatus:0x03:status:size=78:size(78)>] poll_size[78] poll_i[False] command[<ReadRadio:size:78>]:download(attempts[9],expect[78],results[1024]:data[64]):DONE
INFO:commands:ReadHistoryData:size[1024]:[page][0]:data[0]: extending original 0 with found 1024
INFO:commands:ReadHistoryData:size[1024]:[page][0]:data[0]: download respond replace original 0 with found 1024
INFO:__main__:finished executing:ReadHistoryData:size[1024]:[page][0]:data[1024]:
INFO:commands:ReadHistoryData:size[1024]:[page][0]:data[1024]::download:done size check found[1024] expected[1024]:CRC ACK check found[118] expected[22]:and has eod set? False
INFO:__main__:comm:READ history data page!!!:
0000   0x5c 0x1a 0x1a 0x0a 0xc0 0x1c 0x14 0xc0    \.......
0008   0x10 0x1e 0xc0 0x3c 0x78 0xc0 0x30 0xe6    ...<x.0.
0010   0xc0 0x1e 0x40 0xd0 0x22 0x4a 0xd0 0x78    ..@."J.x
0018   0x9a 0xd0 0x01 0x00 0x60 0x00 0x60 0x00    ....`.`.
0020   0x54 0x00 0x56 0x6e 0x54 0x7a 0x0f 0x7b    T.VnTz.{
0028   0x03 0x40 0x40 0x17 0x1a 0x0f 0x2e 0x1e    .@@.....
0030   0x00 0x7b 0x00 0x40 0x40 0x00 0x1b 0x0f    .{.@@...
0038   0x00 0x1e 0x00 0x07 0x00 0x00 0x06 0xc2    ........
0040   0x5a 0x8f 0x00 0x00 0x00 0x6e 0x5a 0x8f    Z....nZ.
0048   0x05 0x00 0x77 0x73 0x7a 0x02 0x00 0x00    ..wsz...
0050   0x06 0xc2 0x03 0x42 0x30 0x03 0x80 0x34    ...B0..4
0058   0x00 0xdb 0x02 0xcc 0x00 0x00 0x00 0x00    ........
0060   0x00 0xb4 0x06 0x00 0x00 0x02 0x00 0x00    ........
0068   0x00 0x00 0x00 0x00 0x00 0x00 0x00 0x00    ........
0070   0x00 0x00 0x00 0x00 0x00 0x00 0x00 0x00    ........
0078   0x00 0x7b 0x01 0x40 0x40 0x05 0x1b 0x0f    .{.@@...
0080   0x0a 0x26 0x00 0x01 0x00 0x3c 0x00 0x3c    .&...<.<
0088   0x00 0x00 0x00 0x51 0x78 0x45 0x7b 0x0f    ...QxE{.
0090   0x7b 0x02 0x40 0x40 0x08 0x1b 0x0f 0x10    {.@@....
0098   0x24 0x00 0x0a 0x93 0x76 0x47 0x28 0x7b    $...vG({
00A0   0x0f 0x3f 0x12 0x76 0x47 0x68 0x7b 0x0f    .?.vGh{.
00A8   0xae 0xd7 0x63 0x0a 0x79 0x58 0x48 0x28    ..c.yXH(
00B0   0x7b 0x0f 0x3f 0x0f 0x58 0x48 0x28 0x7b    {.?.XH({
00B8   0x0f 0xae 0xd7 0x63 0x5b 0x00 0x48 0x5d    ...c[.H]
00C0   0x08 0x7b 0x0f 0x28 0x50 0x00 0x78 0x28    .{.(P.x(
00C8   0x5a 0x00 0x00 0x84 0x00 0x00 0x00 0x00    Z.......
00D0   0x84 0x78 0x5c 0x05 0x3c 0x99 0xc0 0x01    .x\.<...
00D8   0x00 0x84 0x00 0x84 0x00 0x08 0x00 0x48    .......H
00E0   0x5d 0x48 0x7b 0x0f 0x0a 0x8f 0x44 0x74    ]H{...Dt
00E8   0x2b 0x7b 0x0f 0x3f 0x11 0x44 0x74 0xeb    +{.?.Dt.
00F0   0x7b 0x0f 0xae 0xd7 0x63 0x5b 0x00 0x5b    {...c[.[
00F8   0x6a 0x0c 0x7b 0x0f 0x50 0x50 0x00 0x78    j.{.PP.x
0100   0x28 0x5a 0x00 0x01 0x08 0x00 0x00 0x00    (Z......
0108   0x01 0x08 0x78 0x5c 0x08 0x84 0x00 0xd0    ..x\....
0110   0x3c 0x96 0xd0 0x01 0x00 0x84 0x00 0x84    <.......
0118   0x00 0x00 0x01 0x67 0x6c 0xac 0x7b 0x0f    ...gl.{.
0120   0x01 0x00 0x84 0x00 0x84 0x00 0x00 0x00    ........
0128   0x5b 0x6a 0x8c 0x7b 0x0f 0x5b 0x00 0x4a    [j.{.[.J
0130   0x47 0x12 0x7b 0x0f 0x41 0x50 0x00 0x78    G.{.AP.x
0138   0x28 0x5a 0x00 0x00 0xd8 0x00 0x00 0x00    (Z......
0140   0x00 0xd8 0x78 0x5c 0x0e 0x26 0x2d 0xd0    ..x\.&-.
0148   0x2c 0x37 0xd0 0x2c 0x41 0xd0 0x8a 0x4b    ,7.,A..K
0150   0xd0 0x01 0x00 0x6c 0x00 0x6c 0x00 0x00    ...l.l..
0158   0x01 0x7a 0x48 0xb2 0x7b 0x0f 0x01 0x00    .zH.{...
0160   0x6c 0x00 0x6c 0x00 0x00 0x00 0x4a 0x47    l.l...JG
0168   0x92 0x7b 0x0f 0x0a 0x10 0x56 0x72 0x36    .{...Vr6
0170   0x7b 0x8f 0x3f 0x22 0x56 0x72 0x16 0x7b    {.?"Vr.{
0178   0x0f 0xae 0xd7 0x63 0x0a 0x16 0x6c 0x72    ...c..lr
0180   0x36 0x7b 0x8f 0x3f 0x22 0x6c 0x72 0xd6    6{.?"lr.
0188   0x7b 0x0f 0xae 0xd7 0x63 0x5b 0x16 0x4a    {...c[.J
0190   0x73 0x16 0x7b 0x0f 0x00 0x51 0x00 0x78    s.{..Q.x
0198   0x28 0x5a 0x9c 0x00 0x00 0x00 0x00 0x00    (Z......
01A0   0x00 0x9c 0x78 0x5c 0x0e 0x0a 0xff 0xc0    ..x\....
01A8   0x24 0x09 0xd0 0x24 0x13 0xd0 0x86 0x1d    $..$....
01B0   0xd0 0x01 0x00 0x9c 0x00 0x9c 0x00 0x00    ........
01B8   0x00 0x4a 0x73 0x56 0x7b 0x0f 0x7b 0x03    .JsV{.{.
01C0   0x40 0x40 0x17 0x1b 0x0f 0x2e 0x1e 0x00    @@......
01C8   0x7b 0x00 0x40 0x40 0x00 0x1c 0x0f 0x00    {.@@....
01D0   0x1e 0x00 0x07 0x00 0x00 0x06 0x7e 0x5b    ......~[
01D8   0x8f 0x00 0x00 0x00 0x6e 0x5b 0x8f 0x05    ....n[..
01E0   0x10 0xc0 0x79 0x16 0x05 0x00 0x00 0x06    ..y.....
01E8   0x7e 0x03 0x42 0x32 0x03 0x3c 0x32 0x00    ~.B2.<2.
01F0   0xb9 0x02 0x64 0x00 0x9c 0x00 0x00 0x00    ..d.....
01F8   0x3c 0x03 0x01 0x00 0x01 0x00 0x00 0x00    <.......
0200   0x00 0x00 0x00 0x00 0x00 0x00 0x00 0x00    ........
0208   0x00 0x00 0x00 0x00 0x00 0x00 0x00 0x00    ........
0210   0x7b 0x01 0x40 0x40 0x05 0x1c 0x0f 0x0a    {.@@....
0218   0x26 0x00 0x0a 0x97 0x7a 0x71 0x27 0x7c    &...zq'|
0220   0x0f 0x3f 0x12 0x7a 0x71 0xe7 0x7c 0x0f    .?.zq.|.
0228   0xae 0xd7 0x63 0x5b 0x97 0x41 0x74 0x07    ..c[.At.
0230   0x7c 0x0f 0x00 0x50 0x00 0x78 0x28 0x5a    |..P.x(Z
0238   0x1c 0x00 0x00 0x00 0x00 0x00 0x00 0x1c    ........
0240   0x78 0x01 0x00 0x1c 0x00 0x1c 0x00 0x00    x.......
0248   0x00 0x41 0x74 0x47 0x7c 0x0f 0x7b 0x02    .AtG|.{.
0250   0x40 0x40 0x08 0x1c 0x0f 0x10 0x24 0x00    @@....$.
0258   0x5b 0x00 0x63 0x43 0x08 0x7c 0x0f 0x32    [.cC.|.2
0260   0x50 0x00 0x78 0x28 0x5a 0x00 0x00 0xa4    P.x(Z...
0268   0x00 0x00 0x00 0x00 0xa4 0x78 0x5c 0x05    .....x\.
0270   0x1c 0x11 0xc0 0x01 0x00 0xa4 0x00 0xa4    ........
0278   0x00 0x1c 0x00 0x63 0x43 0x48 0x7c 0x0f    ...cCH|.
0280   0x1e 0x01 0x77 0x59 0x0a 0x5c 0x0f 0x1f    ..wY.\..
0288   0x20 0x70 0x5a 0x0a 0x5c 0x0f 0x7b 0x02     pZ.\.{.
0290   0x70 0x5a 0x0a 0x1c 0x0f 0x10 0x24 0x00    pZ....$.
0298   0x0a 0x5e 0x62 0x73 0x2c 0x7c 0x0f 0x3f    .^bs,|.?
02A0   0x0b 0x62 0x73 0xcc 0x7c 0x0f 0xae 0xd7    .bs.|...
02A8   0x63 0x5b 0x00 0x5a 0x76 0x0d 0x7c 0x0f    c[.Zv.|.
02B0   0x0c 0x50 0x00 0x78 0x28 0x5a 0x00 0x00    .P.x(Z..
02B8   0x28 0x00 0x00 0x00 0x00 0x28 0x78 0x5c    (....(x\
02C0   0x0b 0x16 0x5c 0xd0 0x8e 0x66 0xd0 0x1c    ..\..f..
02C8   0x70 0xd0 0x01 0x00 0x3c 0x00 0x3c 0x00    p...<.<.
02D0   0x00 0x00 0x5a 0x76 0x4d 0x7c 0x0f 0x01    ..ZvM|..
02D8   0x00 0x28 0x00 0x28 0x00 0x38 0x00 0x61    .(.(.8.a
02E0   0x56 0x4e 0x7c 0x0f 0x5b 0x00 0x4e 0x60    VN|.[.N`
02E8   0x0f 0x7c 0x0f 0x28 0x50 0x00 0x78 0x28    .|.(P.x(
02F0   0x5a 0x00 0x00 0x84 0x00 0x00 0x00 0x00    Z.......
02F8   0x84 0x78 0x5c 0x11 0x28 0x4c 0xc0 0x3c    .x\.(L.<
0300   0x6a 0xc0 0x16 0xbe 0xd0 0x8e 0xc8 0xd0    j.......
0308   0x1c 0xd2 0xd0 0x01 0x00 0x84 0x00 0x84    ........
0310   0x00 0x2c 0x00 0x4e 0x60 0x4f 0x7c 0x0f    .,.N`O|.
0318   0x5b 0x00 0x78 0x71 0x11 0x7c 0x0f 0x0f    [.xq.|..
0320   0x50 0x00 0x78 0x28 0x5a 0x00 0x00 0x30    P.x(Z..0
0328   0x00 0x00 0x00 0x00 0x30 0x78 0x5c 0x0b    ....0x\.
0330   0x84 0x8f 0xc0 0x28 0xd5 0xc0 0x3c 0xf3    ...(..<.
0338   0xc0 0x01 0x00 0x30 0x00 0x30 0x00 0x14    ...0.0..
0340   0x00 0x78 0x71 0x51 0x7c 0x0f 0x00 0x00    .xqQ|...
0348   0x00 0x00 0x00 0x00 0x00 0x00 0x00 0x00    ........
0350   0x00 0x00 0x00 0x00 0x00 0x00 0x00 0x00    ........
0358   0x00 0x00 0x00 0x00 0x00 0x00 0x00 0x00    ........
0360   0x00 0x00 0x00 0x00 0x00 0x00 0x00 0x00    ........
0368   0x00 0x00 0x00 0x00 0x00 0x00 0x00 0x00    ........
0370   0x00 0x00 0x00 0x00 0x00 0x00 0x00 0x00    ........
0378   0x00 0x00 0x00 0x00 0x00 0x00 0x00 0x00    ........
0380   0x00 0x00 0x00 0x00 0x00 0x00 0x00 0x00    ........
0388   0x00 0x00 0x00 0x00 0x00 0x00 0x00 0x00    ........
0390   0x00 0x00 0x00 0x00 0x00 0x00 0x00 0x00    ........
0398   0x00 0x00 0x00 0x00 0x00 0x00 0x00 0x00    ........
03A0   0x00 0x00 0x00 0x00 0x00 0x00 0x00 0x00    ........
03A8   0x00 0x00 0x00 0x00 0x00 0x00 0x00 0x00    ........
03B0   0x00 0x00 0x00 0x00 0x00 0x00 0x00 0x00    ........
03B8   0x00 0x00 0x00 0x00 0x00 0x00 0x00 0x00    ........
03C0   0x00 0x00 0x00 0x00 0x00 0x00 0x00 0x00    ........
03C8   0x00 0x00 0x00 0x00 0x00 0x00 0x00 0x00    ........
03D0   0x00 0x00 0x00 0x00 0x00 0x00 0x00 0x00    ........
03D8   0x00 0x00 0x00 0x00 0x00 0x00 0x00 0x00    ........
03E0   0x00 0x00 0x00 0x00 0x00 0x00 0x00 0x00    ........
03E8   0x00 0x00 0x00 0x00 0x00 0x00 0x00 0x00    ........
03F0   0x00 0x00 0x00 0x00 0x00 0x00 0x00 0x00    ........
03F8   0x00 0x00 0x00 0x00 0x00 0x00 0xba 0x76    .......v
INFO:__main__:PUMP READ PAGE 0: None
INFO:stick:PROCESS:START:20906.442:UsbStats:0x05 0x01
INFO:stick:link Stick transmit[TransmitPacket:ReadHistoryData:size[1024]:[page][0]:data[1024]:] reader[ReadRadio:size:78] download_i[False] status[<LinkStatus:0x03:status:size=78:size(78)>] poll_size[78] poll_i[False] command[<UsbStats:0x05 0x01:size(64)>] processing UsbStats:0x05 0x01)
INFO:stick:send_force_read: attempt 0/2 send command, read until we get something within some timeout
INFO:stick:link Stick transmit[TransmitPacket:ReadHistoryData:size[1024]:[page][0]:data[1024]:] reader[ReadRadio:size:78] download_i[False] status[<LinkStatus:0x03:status:size=78:size(78)>] poll_size[78] poll_i[False] command[<UsbStats:0x05 0x01:size(64)>] sending UsbStats:0x05 0x01)
INFO:root:usb.write.len: 3
0000   0x05 0x01 0x00                             ...
DEBUG:stick:sleeping 0.001
INFO:root:usb.read.len: 64
INFO:root:usb.read.raw:
0000   0x01 0x55 0x00 0x00 0x00 0x00 0x00 0x00    .U......
0008   0x00 0x02 0x8e 0x00 0x00 0x02 0x8e 0x02    ........
0010   0x8f 0x04 0xf2 0x02 0x8e 0x04 0x00 0x00    ........
0018   0x05 0x00 0x00 0x00 0x00 0x00 0x00 0x00    ........
0020   0x00 0x00 0x00 0x00 0x00 0x00 0x00 0x00    ........
0028   0x00 0x00 0x00 0x00 0x00 0x00 0x00 0x00    ........
0030   0x00 0x00 0x00 0x00 0x00 0x00 0x00 0x00    ........
0038   0x00 0x00 0x00 0x00 0x00 0x00 0x00 0x00    ........
INFO:stick:quit send_force_read, found len: 64 expected 64 after 0 attempts
INFO:stick:finished processing UsbStats:0x05 0x01, {'errors.timeouts': 0, 'packets.transmit': 654L, 'errors.naks': 0, 'errors.sequence': 0, 'packets.received': 654L, 'errors.crc': 0}
INFO:stick:PROCESS:END:20917.571:UsbStats:0x05 0x01
INFO:stick:PROCESS:START:20918.522:RadioStats:0x05 0x00
INFO:stick:link Stick transmit[TransmitPacket:ReadHistoryData:size[1024]:[page][0]:data[1024]:] reader[ReadRadio:size:78] download_i[False] status[<LinkStatus:0x03:status:size=78:size(78)>] poll_size[78] poll_i[False] command[<RadioStats:0x05 0x00:size(64)>] processing RadioStats:0x05 0x00)
INFO:stick:send_force_read: attempt 0/2 send command, read until we get something within some timeout
INFO:stick:link Stick transmit[TransmitPacket:ReadHistoryData:size[1024]:[page][0]:data[1024]:] reader[ReadRadio:size:78] download_i[False] status[<LinkStatus:0x03:status:size=78:size(78)>] poll_size[78] poll_i[False] command[<RadioStats:0x05 0x00:size(64)>] sending RadioStats:0x05 0x00)
INFO:root:usb.write.len: 3
0000   0x05 0x00 0x00                             ...
DEBUG:stick:sleeping 0.001
INFO:root:usb.read.len: 64
INFO:root:usb.read.raw:
0000   0x01 0x55 0x00 0x00 0x00 0x00 0x15 0x00    .U......
0008   0x00 0x00 0x17 0x00 0x00 0x00 0x2e 0x00    ........
0010   0x00 0x00 0x1b 0x00 0x05 0x00 0x10 0x00    ........
0018   0x12 0x00 0x03 0x00 0x00 0x00 0x00 0x00    ........
0020   0x00 0x01 0x00 0x17 0x00 0x00 0x00 0x00    ........
0028   0x00 0x00 0x00 0x00 0x00 0x00 0x00 0x00    ........
0030   0x00 0x00 0x00 0x00 0x00 0x00 0x00 0x00    ........
0038   0x00 0x00 0x00 0x00 0x00 0x00 0x00 0x00    ........
INFO:stick:quit send_force_read, found len: 64 expected 64 after 0 attempts
INFO:stick:finished processing RadioStats:0x05 0x00, {'errors.timeouts': 21, 'packets.transmit': 46L, 'errors.naks': 0, 'errors.sequence': 0, 'packets.received': 23L, 'errors.crc': 0}
INFO:stick:PROCESS:END:20929.476:RadioStats:0x05 0x00
INFO:__main__:{'radio': {'errors.crc': 0,
           'errors.naks': 0,
           'errors.sequence': 0,
           'errors.timeouts': 21,
           'packets.received': 23L,
           'packets.transmit': 46L},
 'usb': {'errors.crc': 0,
         'errors.naks': 0,
         'errors.sequence': 0,
         'errors.timeouts': 0,
         'packets.received': 654L,
         'packets.transmit': 654L}}
INFO:__main__:howdy! all done looking at pump
python decocare/session.py /dev/ttyUSB0 345192
	elapsed 0:21.69
	user 1.06
	system 0.18
	CPU 5% (0text+0data 10516max)k
