INFO:auditor:comm:READ HISTORY DATA page number: 6
0000   0x08 0x10 0x0a 0x72 0x43 0x01 0x00 0x00    ...rC...
0008   0x02 0x00 0x02 0x04 0x00 0x04 0x08 0x00    ........
0010   0x06 0x0c 0x00 0x08 0x10 0x00 0x0a 0x14    ........
0018   0x00 0x0d 0x1a 0x00 0x0e 0x1c 0x00 0x10    ........
0020   0x20 0x00 0x12 0x24 0x00 0x14 0x28 0x00     ..$..(.
0028   0x16 0x2c 0x00 0x18 0x30 0x00 0x1a 0x34    .,..0..4
0030   0x00 0x1c 0x38 0x00 0x1e 0x40 0x00 0x00    ..8..@..
0038   0x00 0x00 0x00 0x00 0x00 0x00 0x00 0x00    ........
0040   0x00 0x00 0x00 0x00 0x00 0x00 0x00 0x00    ........
0048   0x00 0x00 0x00 0x00 0x00 0x00 0x00 0x00    ........
0050   0x00 0x00 0x00 0x00 0x00 0x00 0x00 0x00    ........
0058   0x00 0x00 0x00 0x00 0x00 0x00 0x00 0x00    ........
0060   0x00 0x00 0x00 0x00 0x00 0x00 0x00 0x00    ........
0068   0x00 0x00 0x00 0x00 0x00 0x00 0x00 0x00    ........
0070   0x00 0x00 0x00 0x00 0x00 0x00 0x00 0x00    ........
0078   0x00 0x00 0x00 0x00 0x00 0x00 0x00 0x00    ........
0080   0x00 0x00 0x00 0x00 0x00 0x00 0x00 0x00    ........
0088   0x00 0x00 0x00 0x00 0x00 0x00 0x00 0x00    ........
0090   0x00 0x00 0x00 0x00 0x00 0x00 0x00 0x00    ........
0098   0x09 0x1c 0x0a 0x72 0x43 0x01 0x00 0x00    ...rC...
00A0   0x00 0x00 0x02 0x04 0x00 0x04 0x08 0x00    ........
00A8   0x06 0x0c 0x00 0x08 0x10 0x00 0x0a 0x14    ........
00B0   0x00 0x0d 0x1a 0x00 0x0e 0x1c 0x00 0x10    ........
00B8   0x20 0x00 0x12 0x24 0x00 0x14 0x28 0x00     ..$..(.
00C0   0x16 0x2c 0x00 0x18 0x30 0x00 0x1a 0x34    .,..0..4
00C8   0x00 0x1c 0x38 0x00 0x1e 0x3c 0x00 0x20    ..8..<. 
00D0   0x40 0x00 0x22 0x44 0x00 0x24 0x48 0x00    @."D.$H.
00D8   0x26 0x4c 0x00 0x28 0x50 0x00 0x29 0x00    &L.(P.).
00E0   0x00 0x2a 0x04 0x00 0x2b 0x06 0x00 0x2c    .*..+..,
00E8   0x08 0x00 0x2d 0x08 0x00 0x2e 0x0a 0x00    ..-.....
00F0   0x2f 0x0c 0x00 0x00 0x00 0x00 0x00 0x00    /.......
00F8   0x00 0x00 0x00 0x00 0x00 0x00 0x00 0x00    ........
0100   0x00 0x00 0x00 0x00 0x00 0x00 0x00 0x00    ........
0108   0x00 0x00 0x00 0x00 0x00 0x00 0x00 0x00    ........
0110   0x00 0x00 0x00 0x00 0x00 0x00 0x00 0x00    ........
0118   0x00 0x00 0x00 0x00 0x00 0x00 0x00 0x00    ........
0120   0x00 0x00 0x00 0x00 0x00 0x00 0x00 0x00    ........
0128   0x00 0x00 0x00 0x00 0x00 0x00 0x00 0x00    ........
0130   0x1e 0x00 0x18 0x73 0x03 0x01 0x00 0x01    ...s....
0138   0x14 0x03 0x00 0x0e 0x73 0x23 0x01 0x00    ....s#..
0140   0x1f 0x00 0x1a 0x73 0x03 0x01 0x00 0x2d    ...s...-
0148   0x01 0x0d 0x74 0x03 0x01 0x00 0x5a 0x0a    ..t...Z.
0150   0x0d 0x74 0x03 0x01 0x00 0x00 0x00 0x00    .t......
0158   0x00 0x00 0x00 0x00 0x00 0x00 0x00 0x00    ........
0160   0x00 0x00 0x00 0x00 0x00 0x00 0x00 0x00    ........
0168   0x00 0x00 0x00 0x00 0x00 0x00 0x00 0x00    ........
0170   0x00 0x00 0x00 0x00 0x00 0x00 0x00 0x00    ........
0178   0x00 0x00 0x00 0x00 0x00 0x00 0x00 0x00    ........
0180   0x00 0x00 0x00 0x00 0x00 0x00 0x00 0x00    ........
0188   0x00 0x00 0x00 0x00 0x00 0x00 0x00 0x15    ........
0190   0x11 0x00 0x0a 0x00 0x00 0x00 0x00 0x00    ........
0198   0x00 0x00 0x00 0x00 0x00 0x00 0x00 0x00    ........
01A0   0x00 0x00 0x32 0x00 0x00 0x00 0x00 0x00    ..2.....
01A8   0x00 0x00 0x00 0x00 0x00 0x00 0x00 0x00    ........
01B0   0x00 0x00 0x64 0x64 0x00 0x00 0x00 0x00    ..dd....
01B8   0x00 0x00 0x00 0x00 0x00 0x00 0x00 0x00    ........
01C0   0x00 0x00 0x00 0x00 0x00 0x00 0x00 0x00    ........
01C8   0x00 0x5f 0x5b 0x64 0x1b 0x74 0x03 0x01    ._[d.t..
01D0   0x00 0x0a 0x50 0x0a 0x32 0x64 0x00 0x0a    ..P.2d..
01D8   0x00 0x00 0x03 0x00 0x0a 0x64 0x5c 0x05    .....d\.
01E0   0x0a 0x03 0x84 0x01 0x0a 0x0a 0x00 0x1b    ........
01E8   0x74 0x23 0x01 0x00 0x21 0x00 0x10 0x75    t#..!..u
01F0   0x03 0x01 0x00 0x21 0x00 0x16 0x75 0x03    ...!..u.
01F8   0x01 0x00 0x03 0x00 0x00 0x00 0x0b 0x1b    ........
0200   0x75 0x23 0x01 0x00 0x03 0x00 0x03 0x00    u#......
0208   0x03 0x25 0x75 0x03 0x01 0x00 0x1e 0x00    .%u.....
0210   0x2e 0x76 0x03 0x41 0x00 0x1f 0x00 0x07    .v.A....
0218   0x77 0x03 0x41 0x00 0x5b 0x64 0x37 0x77    w.A.[d7w
0220   0x03 0x01 0x00 0x01 0x50 0x0a 0x32 0x64    ....P.2d
0228   0x00 0x01 0x00 0x00 0x0d 0x00 0x01 0x64    .......d
0230   0x5c 0x05 0x32 0x06 0x44 0x01 0x01 0x01    \.2.D...
0238   0x00 0x38 0x77 0x23 0x01 0x00 0x5b 0x64    .8w#..[d
0240   0x0c 0x78 0x03 0x01 0x00 0x02 0x50 0x0a    .x....P.
0248   0x32 0x64 0x00 0x02 0x00 0x00 0x0e 0x00    2d......
0250   0x02 0x64 0x5c 0x05 0x36 0x07 0x44 0x01    .d\.6.D.
0258   0x02 0x02 0x00 0x0c 0x78 0x23 0x01 0x00    ....x#..
0260   0x5b 0x64 0x27 0x78 0x03 0x01 0x00 0x03    [d'x....
0268   0x50 0x0a 0x32 0x64 0x00 0x03 0x00 0x00    P.2d....
0270   0x10 0x00 0x03 0x64 0x5c 0x05 0x3e 0x07    ...d\.>.
0278   0x44 0x01 0x03 0x03 0x00 0x27 0x78 0x23    D....'x#
0280   0x01 0x00 0x5b 0x64 0x05 0x79 0x03 0x01    ..[d.y..
0288   0x00 0x04 0x50 0x0a 0x32 0x64 0x00 0x04    ..P.2d..
0290   0x00 0x00 0x13 0x00 0x04 0x64 0x5c 0x05    .....d\.
0298   0x4a 0x08 0x44 0x01 0x04 0x04 0x00 0x05    J.D.....
02A0   0x79 0x23 0x01 0x00 0x5b 0x64 0x20 0x79    y#..[d y
02A8   0x03 0x01 0x00 0x05 0x50 0x0a 0x32 0x64    ....P.2d
02B0   0x00 0x05 0x00 0x00 0x17 0x00 0x05 0x64    .......d
02B8   0x5c 0x05 0x5a 0x08 0x44 0x01 0x05 0x05    \.Z.D...
02C0   0x00 0x20 0x79 0x23 0x01 0x00 0x5b 0x64    . y#..[d
02C8   0x06 0x7a 0x03 0x01 0x00 0x06 0x50 0x0a    .z....P.
02D0   0x32 0x64 0x00 0x06 0x00 0x00 0x1c 0x00    2d......
02D8   0x06 0x64 0x5c 0x05 0x6e 0x09 0x44 0x01    .d\.n.D.
02E0   0x06 0x06 0x00 0x07 0x7a 0x23 0x01 0x00    ....z#..
02E8   0x5b 0x64 0x2b 0x7a 0x03 0x01 0x00 0x07    [d+z....
02F0   0x50 0x0a 0x32 0x64 0x00 0x07 0x00 0x00    P.2d....
02F8   0x22 0x00 0x07 0x64 0x5c 0x05 0x86 0x09    "..d\...
0300   0x44 0x01 0x07 0x07 0x00 0x2b 0x7a 0x23    D....+z#
0308   0x01 0x00 0x5b 0x64 0x1f 0x7b 0x03 0x01    ..[d.{..
0310   0x00 0x08 0x50 0x0a 0x32 0x64 0x00 0x08    ..P.2d..
0318   0x00 0x00 0x29 0x00 0x08 0x64 0x5c 0x08    ..)..d\.
0320   0x0a 0x00 0x44 0x98 0x0a 0x44 0x01 0x08    ..D..D..
0328   0x08 0x00 0x1f 0x7b 0x23 0x01 0x00 0x5b    ...{#..[
0330   0x64 0x10 0x40 0x04 0x01 0x00 0x09 0x50    d.@....P
0338   0x0a 0x32 0x64 0x00 0x09 0x00 0x00 0x31    .2d....1
0340   0x00 0x09 0x64 0x5c 0x08 0x2a 0x01 0x44    ..d\.*.D
0348   0x98 0x0b 0x44 0x01 0x09 0x09 0x00 0x10    ..D.....
0350   0x40 0x24 0x01 0x00 0x5b 0x64 0x06 0x41    @$..[d.A
0358   0x04 0x01 0x00 0x0a 0x50 0x0a 0x32 0x64    ....P.2d
0360   0x00 0x0a 0x00 0x00 0x3a 0x00 0x0a 0x64    ....:..d
0368   0x5c 0x08 0x4e 0x02 0x44 0x98 0x0c 0x44    \.N.D..D
0370   0x01 0x0a 0x0a 0x00 0x06 0x41 0x24 0x01    .....A$.
0378   0x00 0x1e 0x00 0x17 0x43 0x04 0x41 0x00    ....C.A.
0380   0x1f 0x00 0x29 0x43 0x04 0x41 0x00 0x07    ..)C.A..
0388   0x00 0x00 0x04 0xcc 0x01 0x80 0x6c 0x01    ......l.
0390   0x80 0x05 0x00 0x64 0x64 0x64 0x0b 0x00    ...ddd..
0398   0x00 0x04 0xcc 0x03 0xbe 0x4e 0x01 0x0e    .....N..
03A0   0x16 0x00 0x41 0x01 0x0e 0x16 0x01 0x04    ..A.....
03A8   0x60 0x00 0x00 0x00 0x00 0x0a 0x04 0x0c    `.......
03B0   0x0b 0x00 0x00 0x01 0x07 0x00 0x00 0x03    ........
03B8   0x36 0x02 0x80 0x6c 0x02 0x80 0x05 0x0c    6..l....
03C0   0x00 0xe8 0x00 0x00 0x00 0x00 0x03 0x36    .......6
03C8   0x03 0x36 0x64 0x00 0x00 0x00 0x00 0x00    .6d.....
03D0   0x00 0x00 0x00 0x00 0x00 0x00 0x00 0x00    ........
03D8   0x00 0x00 0x00 0x00 0x00 0x00 0x00 0x00    ........
03E0   0x00 0x07 0x00 0x00 0x03 0x36 0x03 0x80    .....6..
03E8   0x00 0x00 0x00 0x00 0x00 0x00 0x00 0x00    ........
03F0   0x00 0x00 0x00 0x00 0x00 0x00 0x00 0x00    ........
03F8   0x00 0x00 0x00 0x00 0x00 0x00 0xcd 0xe8    ........
