INFO:auditor:comm:READ HISTORY DATA page number: 0
0000   0x5b 0x64 0x6f 0xd7 0x08 0x01 0x06 0x03    [do.....
0008   0x50 0x0a 0x32 0x64 0x00 0x03 0x00 0x00    P.2d....
0010   0x00 0x00 0x03 0x64 0x01 0x03 0x03 0x00    ...d....
0018   0x6f 0xd7 0x28 0x01 0x06 0x5b 0x67 0x6b    o.(..[gk
0020   0xd8 0x08 0x01 0x06 0x07 0x50 0x0a 0x32    .....P.2
0028   0x64 0x00 0x07 0x00 0x00 0x03 0x00 0x07    d.......
0030   0x64 0x5c 0x05 0x0c 0x01 0x44 0x01 0x07    d\...D..
0038   0x07 0x00 0x6b 0xd8 0x28 0x01 0x06 0x5b    ..k.(..[
0040   0x57 0x77 0xda 0x08 0x01 0x06 0x01 0x52    Ww.....R
0048   0x0a 0x32 0x64 0x63 0x01 0x00 0x00 0x0a    .2dc....
0050   0x00 0x5a 0x64 0x5c 0x05 0x28 0x03 0x44    .Zd\.(.D
0058   0x01 0x5a 0x5a 0x00 0x77 0xda 0x28 0x01    .ZZ.w.(.
0060   0x06 0x1e 0x00 0x55 0xe4 0x08 0x41 0x06    ...U..A.
0068   0x1f 0x00 0x6b 0xe4 0x08 0x41 0x06 0x07    ..k..A..
0070   0x00 0x00 0x04 0x52 0x61 0x86 0x6c 0x61    ...Ra.la
0078   0x86 0x05 0x21 0x0b 0x64 0x57 0x03 0x00    ..!.dW..
0080   0x00 0x04 0x52 0x02 0xc2 0x40 0x01 0x90    ..R..@..
0088   0x24 0x00 0x0b 0x01 0x90 0x24 0x00 0x2c    $....$.,
0090   0x0b 0x01 0x64 0x59 0x00 0x00 0x00 0x03    ..dY....
0098   0x02 0x00 0x01 0x00 0x1e 0x00 0x60 0xdd    ......`.
00A0   0x12 0x42 0x06 0x1f 0x00 0x58 0xde 0x12    .B...X..
00A8   0x42 0x06 0x1e 0x00 0x57 0xe5 0x12 0x42    B...W..B
00B0   0x06 0x1f 0x00 0x69 0xe5 0x12 0x42 0x06    ...i..B.
00B8   0x1e 0x00 0x63 0xf9 0x12 0x42 0x06 0x1f    ..c..B..
00C0   0x00 0x7a 0xfa 0x12 0x42 0x06 0x07 0x00    .z..B...
00C8   0x00 0x03 0x32 0x62 0x86 0x6c 0x62 0x86    ..2b.lb.
00D0   0x05 0x0c 0x00 0xe8 0x00 0x00 0x00 0x00    ........
00D8   0x03 0x32 0x03 0x32 0x64 0x00 0x00 0x00    .2.2d...
00E0   0x00 0x00 0x00 0x00 0x00 0x00 0x00 0x00    ........
00E8   0x00 0x00 0x00 0x00 0x00 0x00 0x00 0x00    ........
00F0   0x00 0x00 0x00 0x1e 0x00 0x4e 0xc0 0x0a    .....N..
00F8   0x43 0x06 0x1f 0x00 0x60 0xc0 0x0a 0x43    C...`..C
0100   0x06 0x07 0x00 0x00 0x03 0x36 0x63 0x86    .....6c.
0108   0x6c 0x63 0x86 0x05 0x0c 0x00 0xe8 0x00    lc......
0110   0x00 0x00 0x00 0x03 0x36 0x03 0x36 0x64    ....6.6d
0118   0x00 0x00 0x00 0x00 0x00 0x00 0x00 0x00    ........
0120   0x00 0x00 0x00 0x00 0x00 0x00 0x00 0x00    ........
0128   0x00 0x00 0x00 0x00 0x00 0x00 0x07 0x00    ........
0130   0x00 0x03 0x36 0x64 0x86 0x6c 0x64 0x86    ..6d.ld.
0138   0x05 0x0c 0x00 0xe8 0x00 0x00 0x00 0x00    ........
0140   0x03 0x36 0x03 0x36 0x64 0x00 0x00 0x00    .6.6d...
0148   0x00 0x00 0x00 0x00 0x00 0x00 0x00 0x00    ........
0150   0x00 0x00 0x00 0x00 0x00 0x00 0x00 0x00    ........
0158   0x00 0x00 0x00 0x07 0x00 0x00 0x03 0x36    .......6
0160   0x65 0x86 0x6c 0x65 0x86 0x05 0x0c 0x00    e.le....
0168   0xe8 0x00 0x00 0x00 0x00 0x03 0x36 0x03    ......6.
0170   0x36 0x64 0x00 0x00 0x00 0x00 0x00 0x00    6d......
0178   0x00 0x00 0x00 0x00 0x00 0x00 0x00 0x00    ........
0180   0x00 0x00 0x00 0x00 0x00 0x00 0x00 0x00    ........
0188   0x34 0xc8 0x40 0xcc 0x0f 0x06 0x06 0x07    4.@.....
0190   0x00 0x00 0x03 0x36 0x66 0x86 0x6c 0x66    ...6f.lf
0198   0x86 0x05 0x0c 0x00 0xe8 0x00 0x00 0x00    ........
01A0   0x00 0x03 0x36 0x03 0x36 0x64 0x00 0x00    ..6.6d..
01A8   0x00 0x00 0x00 0x00 0x00 0x00 0x00 0x00    ........
01B0   0x00 0x00 0x00 0x00 0x00 0x00 0x00 0x00    ........
01B8   0x00 0x00 0x00 0x00 0x34 0x64 0x41 0xde    ....4dA.
01C0   0x02 0x07 0x06 0x5b 0x75 0x43 0xc5 0x0f    ...[uC..
01C8   0x07 0x06 0x03 0x50 0x0a 0x32 0x64 0x03    ...P.2d.
01D0   0x03 0x00 0x00 0x00 0x00 0x06 0x64 0x01    ......d.
01D8   0x06 0x06 0x00 0x43 0xc5 0x2f 0x07 0x06    ...C./..
01E0   0x5b 0x75 0x45 0xce 0x10 0x07 0x06 0x06    [uE.....
01E8   0x50 0x0a 0x32 0x64 0x03 0x06 0x00 0x00    P.2d....
01F0   0x05 0x00 0x06 0x64 0x5c 0x05 0x18 0x47    ...d\..G
01F8   0x44 0x01 0x06 0x06 0x00 0x45 0xce 0x30    D....E.0
0200   0x07 0x06 0x21 0x00 0x79 0xef 0x10 0x07    ..!.y...
0208   0x06 0x03 0x00 0x00 0x00 0x13 0x74 0xf0    ......t.
0210   0x30 0x07 0x06 0x03 0x00 0x03 0x00 0x03    0.......
0218   0x4c 0xf1 0x10 0x07 0x06 0x03 0x00 0x03    L.......
0220   0x00 0x03 0x66 0xca 0x11 0x07 0x06 0x03    ..f.....
0228   0x00 0x03 0x00 0x03 0x73 0xdc 0x11 0x07    ....s...
0230   0x06 0x03 0x00 0x03 0x00 0x03 0x4e 0xe9    ......N.
0238   0x11 0x07 0x06 0x03 0x00 0x03 0x00 0x03    ........
0240   0x42 0xf9 0x11 0x07 0x06 0x03 0x00 0x03    B.......
0248   0x00 0x03 0x45 0xc2 0x12 0x07 0x06 0x1e    ..E.....
0250   0x00 0x60 0xd6 0x12 0x47 0x06 0x1f 0x00    .`..G...
0258   0x73 0xd6 0x12 0x47 0x06 0x07 0x00 0x00    s..G....
0260   0x03 0x64 0x67 0x86 0x6c 0x67 0x86 0x05    .dg.lg..
0268   0x00 0x75 0x75 0x75 0x05 0x00 0x00 0x03    .uuu....
0270   0x64 0x03 0x34 0x5e 0x00 0x30 0x06 0x00    d.4^.0..
0278   0x09 0x00 0x30 0x06 0x00 0x24 0x4b 0x00    ..0..$K.
0280   0x0c 0x19 0x00 0x00 0x00 0x02 0x01 0x00    ........
0288   0x01 0x00 0x03 0x00 0x03 0x00 0x03 0x71    .......q
0290   0xd6 0x05 0x08 0x06 0x1e 0x00 0x47 0xf1    ......G.
0298   0x05 0x48 0x06 0x1f 0x00 0x5a 0xf1 0x05    .H...Z..
02A0   0x48 0x06 0x64 0x00 0x65 0xcb 0x07 0x08    H.d.e...
02A8   0x06 0x17 0x00 0x4c 0xcc 0x07 0x08 0x06    ...L....
02B0   0x18 0x00 0x80 0x1e 0x17 0x1f 0x06 0x07    ........
02B8   0x00 0x00 0x00 0x58 0x68 0x86 0x6c 0x68    ...Xh.lh
02C0   0x86 0x05 0x0c 0x00 0xe8 0x00 0x00 0x00    ........
02C8   0x00 0x00 0x58 0x00 0x58 0x64 0x00 0x00    ..X.Xd..
02D0   0x00 0x00 0x00 0x00 0x00 0x00 0x00 0x00    ........
02D8   0x00 0x00 0x00 0x00 0x00 0x00 0x00 0x00    ........
02E0   0x00 0x00 0x00 0x00 0x00 0x00 0x00 0x00    ........
02E8   0x00 0x00 0x00 0x00 0x00 0x00 0x00 0x00    ........
02F0   0x00 0x00 0x00 0x00 0x00 0x00 0x00 0x00    ........
02F8   0x00 0x00 0x00 0x00 0x00 0x00 0x00 0x00    ........
0300   0x00 0x00 0x00 0x00 0x00 0x00 0x00 0x00    ........
0308   0x00 0x00 0x00 0x00 0x00 0x00 0x00 0x00    ........
0310   0x00 0x00 0x00 0x00 0x00 0x00 0x00 0x00    ........
0318   0x00 0x00 0x00 0x00 0x00 0x00 0x00 0x00    ........
0320   0x00 0x00 0x00 0x00 0x00 0x00 0x00 0x00    ........
0328   0x00 0x00 0x00 0x00 0x00 0x00 0x00 0x00    ........
0330   0x00 0x00 0x00 0x00 0x00 0x00 0x00 0x00    ........
0338   0x00 0x00 0x00 0x00 0x00 0x00 0x00 0x00    ........
0340   0x00 0x00 0x00 0x00 0x00 0x00 0x00 0x00    ........
0348   0x00 0x00 0x00 0x00 0x00 0x00 0x00 0x00    ........
0350   0x00 0x00 0x00 0x00 0x00 0x00 0x00 0x00    ........
0358   0x00 0x00 0x00 0x00 0x00 0x00 0x00 0x00    ........
0360   0x00 0x00 0x00 0x00 0x00 0x00 0x00 0x00    ........
0368   0x00 0x00 0x00 0x00 0x00 0x00 0x00 0x00    ........
0370   0x00 0x00 0x00 0x00 0x00 0x00 0x00 0x00    ........
0378   0x00 0x00 0x00 0x00 0x00 0x00 0x00 0x00    ........
0380   0x00 0x00 0x00 0x00 0x00 0x00 0x00 0x00    ........
0388   0x00 0x00 0x00 0x00 0x00 0x00 0x00 0x00    ........
0390   0x00 0x00 0x00 0x00 0x00 0x00 0x00 0x00    ........
0398   0x00 0x00 0x00 0x00 0x00 0x00 0x00 0x00    ........
03A0   0x00 0x00 0x00 0x00 0x00 0x00 0x00 0x00    ........
03A8   0x00 0x00 0x00 0x00 0x00 0x00 0x00 0x00    ........
03B0   0x00 0x00 0x00 0x00 0x00 0x00 0x00 0x00    ........
03B8   0x00 0x00 0x00 0x00 0x00 0x00 0x00 0x00    ........
03C0   0x00 0x00 0x00 0x00 0x00 0x00 0x00 0x00    ........
03C8   0x00 0x00 0x00 0x00 0x00 0x00 0x00 0x00    ........
03D0   0x00 0x00 0x00 0x00 0x00 0x00 0x00 0x00    ........
03D8   0x00 0x00 0x00 0x00 0x00 0x00 0x00 0x00    ........
03E0   0x00 0x00 0x00 0x00 0x00 0x00 0x00 0x00    ........
03E8   0x00 0x00 0x00 0x00 0x00 0x00 0x00 0x00    ........
03F0   0x00 0x00 0x00 0x00 0x00 0x00 0x00 0x00    ........
03F8   0x00 0x00 0x00 0x00 0x00 0x00 0xc3 0x11    ........
