INFO:__main__:howdy! I'm going to take a look at your carelink usb stick.
INFO:link:Link opened serial port: Serial<id=0x19e8f50, open=True>(port='/dev/ttyUSB0', baudrate=9600, bytesize=8, parity='N', stopbits=1, timeout=0.5, xonxoff=False, rtscts=False, dsrdtr=False)
INFO:__main__:PROCESS:OPEN:0.031
INFO:__main__:PROCESS:START:0.114:ProductInfo:0x04
INFO:__main__:link Stick transmit[None] reader[None] download_i[False] status[None] poll_size[None] poll_i[None] command[<ProductInfo:0x04:size(64)>] processing ProductInfo:0x04)
INFO:__main__:send_force_read: attempt 0/5 send command, read until we get something within some timeout
INFO:__main__:link Stick transmit[None] reader[None] download_i[False] status[None] poll_size[None] poll_i[None] command[<ProductInfo:0x04:size(64)>] sending ProductInfo:0x04)
INFO:root:usb.write.len: 3
0000   0x04 0x00 0x00                             ...
DEBUG:__main__:sleeping 0.001
INFO:root:usb.read.len: 64
INFO:root:usb.read.raw:
0000   0x01 0x55 0x00 0x0b 0x0b 0x00 0x00 0x00    .U......
0008   0x01 0x43 0x6f 0x6d 0x4c 0x69 0x6e 0x6b    .ComLink
0010   0x20 0x49 0x49 0x01 0x10 0x02 0x00 0x01     II.....
0018   0x01 0x03 0x00 0x00 0x00 0x00 0x00 0x00    ........
0020   0x00 0x00 0x00 0x00 0x00 0x00 0x00 0x00    ........
0028   0x00 0x00 0x00 0x00 0x00 0x00 0x00 0x00    ........
0030   0x00 0x00 0x00 0x00 0x00 0x00 0x00 0x00    ........
0038   0x00 0x00 0x00 0x00 0x00 0x00 0x00 0x00    ........
INFO:__main__:quit send_force_read, found len: 64 expected 64 after 0 attempts
INFO:__main__:finished processing ProductInfo:0x04, {'description': 'ComLink II', 'software.version': '1.16', 'interfaces': [(0, 'Paradigm RF'), (1, 'USB')], 'product.version': '0.0', 'rf.freq': '868.35Mhz', 'serial': '0b0b00'}
INFO:__main__:PROCESS:END:7.731:ProductInfo:0x04
INFO:__main__:{'description': 'ComLink II', 'software.version': '1.16', 'interfaces': [(0, 'Paradigm RF'), (1, 'USB')], 'product.version': '0.0', 'rf.freq': '868.35Mhz', 'serial': '0b0b00'}
INFO:__main__:PROCESS:START:8.269:ProductInfo:0x04
INFO:__main__:link Stick transmit[None] reader[None] download_i[False] status[None] poll_size[None] poll_i[None] command[<ProductInfo:0x04:size(64)>] processing ProductInfo:0x04)
INFO:__main__:send_force_read: attempt 0/5 send command, read until we get something within some timeout
INFO:__main__:link Stick transmit[None] reader[None] download_i[False] status[None] poll_size[None] poll_i[None] command[<ProductInfo:0x04:size(64)>] sending ProductInfo:0x04)
INFO:root:usb.write.len: 3
0000   0x04 0x00 0x00                             ...
DEBUG:__main__:sleeping 0.001
INFO:root:usb.read.len: 64
INFO:root:usb.read.raw:
0000   0x01 0x55 0x00 0x0b 0x0b 0x00 0x00 0x00    .U......
0008   0x01 0x43 0x6f 0x6d 0x4c 0x69 0x6e 0x6b    .ComLink
0010   0x20 0x49 0x49 0x01 0x10 0x02 0x00 0x01     II.....
0018   0x01 0x03 0x00 0x00 0x00 0x00 0x00 0x00    ........
0020   0x00 0x00 0x00 0x00 0x00 0x00 0x00 0x00    ........
0028   0x00 0x00 0x00 0x00 0x00 0x00 0x00 0x00    ........
0030   0x00 0x00 0x00 0x00 0x00 0x00 0x00 0x00    ........
0038   0x00 0x00 0x00 0x00 0x00 0x00 0x00 0x00    ........
INFO:__main__:quit send_force_read, found len: 64 expected 64 after 0 attempts
INFO:__main__:finished processing ProductInfo:0x04, {'description': 'ComLink II', 'software.version': '1.16', 'interfaces': [(0, 'Paradigm RF'), (1, 'USB')], 'product.version': '0.0', 'rf.freq': '868.35Mhz', 'serial': '0b0b00'}
INFO:__main__:PROCESS:END:12.903:ProductInfo:0x04
INFO:__main__:{'description': 'ComLink II', 'software.version': '1.16', 'interfaces': [(0, 'Paradigm RF'), (1, 'USB')], 'product.version': '0.0', 'rf.freq': '868.35Mhz', 'serial': '0b0b00'}
INFO:__main__:get signal strength of Stick transmit[None] reader[None] download_i[False] status[None] poll_size[None] poll_i[None] command[<ProductInfo:0x04:size(64)>]
INFO:__main__:PROCESS:START:14.155:SignalStrength:0x06 0x00
INFO:__main__:link Stick transmit[None] reader[None] download_i[False] status[None] poll_size[None] poll_i[None] command[<SignalStrength:0x06 0x00:size(64)>] processing SignalStrength:0x06 0x00)
INFO:__main__:send_force_read: attempt 0/5 send command, read until we get something within some timeout
INFO:__main__:link Stick transmit[None] reader[None] download_i[False] status[None] poll_size[None] poll_i[None] command[<SignalStrength:0x06 0x00:size(64)>] sending SignalStrength:0x06 0x00)
INFO:root:usb.write.len: 3
0000   0x06 0x00 0x00                             ...
DEBUG:__main__:sleeping 0.001
INFO:root:usb.read.len: 64
INFO:root:usb.read.raw:
0000   0x01 0x55 0x00 0xbd 0x0b 0x00 0x00 0x00    .U......
0008   0x01 0x43 0x6f 0x6d 0x4c 0x69 0x6e 0x6b    .ComLink
0010   0x20 0x49 0x49 0x01 0x10 0x02 0x00 0x01     II.....
0018   0x01 0x03 0x00 0x00 0x00 0x00 0x00 0x00    ........
0020   0x00 0x00 0x00 0x00 0x00 0x00 0x00 0x00    ........
0028   0x00 0x00 0x00 0x00 0x00 0x00 0x00 0x00    ........
0030   0x00 0x00 0x00 0x00 0x00 0x00 0x00 0x00    ........
0038   0x00 0x00 0x00 0x00 0x00 0x00 0x00 0x00    ........
INFO:__main__:quit send_force_read, found len: 64 expected 64 after 0 attempts
INFO:__main__:<SignalStrength:0x06 0x00:size(64)>:readSignalStrength:189
INFO:__main__:finished processing SignalStrength:0x06 0x00, 189
INFO:__main__:PROCESS:END:19.102:SignalStrength:0x06 0x00
INFO:__main__:we seem to have found a nice signal strength of: 189
INFO:__main__:test fetching product info Stick transmit[None] reader[None] download_i[False] status[None] poll_size[None] poll_i[None] command[<SignalStrength:0x06 0x00:size(64)>]
INFO:__main__:PROCESS:START:19.498:ProductInfo:0x04
INFO:__main__:link Stick transmit[None] reader[None] download_i[False] status[None] poll_size[None] poll_i[None] command[<ProductInfo:0x04:size(64)>] processing ProductInfo:0x04)
INFO:__main__:send_force_read: attempt 0/5 send command, read until we get something within some timeout
INFO:__main__:link Stick transmit[None] reader[None] download_i[False] status[None] poll_size[None] poll_i[None] command[<ProductInfo:0x04:size(64)>] sending ProductInfo:0x04)
INFO:root:usb.write.len: 3
0000   0x04 0x00 0x00                             ...
DEBUG:__main__:sleeping 0.001
INFO:root:usb.read.len: 64
INFO:root:usb.read.raw:
0000   0x01 0x55 0x00 0x0b 0x0b 0x00 0x00 0x00    .U......
0008   0x01 0x43 0x6f 0x6d 0x4c 0x69 0x6e 0x6b    .ComLink
0010   0x20 0x49 0x49 0x01 0x10 0x02 0x00 0x01     II.....
0018   0x01 0x03 0x00 0x00 0x00 0x00 0x00 0x00    ........
0020   0x00 0x00 0x00 0x00 0x00 0x00 0x00 0x00    ........
0028   0x00 0x00 0x00 0x00 0x00 0x00 0x00 0x00    ........
0030   0x00 0x00 0x00 0x00 0x00 0x00 0x00 0x00    ........
0038   0x00 0x00 0x00 0x00 0x00 0x00 0x00 0x00    ........
INFO:__main__:quit send_force_read, found len: 64 expected 64 after 0 attempts
INFO:__main__:finished processing ProductInfo:0x04, {'description': 'ComLink II', 'software.version': '1.16', 'interfaces': [(0, 'Paradigm RF'), (1, 'USB')], 'product.version': '0.0', 'rf.freq': '868.35Mhz', 'serial': '0b0b00'}
INFO:__main__:PROCESS:END:22.61:ProductInfo:0x04
INFO:__main__:{'description': 'ComLink II',
 'interfaces': [(0, 'Paradigm RF'), (1, 'USB')],
 'product.version': '0.0',
 'rf.freq': '868.35Mhz',
 'serial': '0b0b00',
 'software.version': '1.16'}
INFO:__main__:get signal strength of Stick transmit[None] reader[None] download_i[False] status[None] poll_size[None] poll_i[None] command[<ProductInfo:0x04:size(64)>]
INFO:__main__:PROCESS:START:23.353:SignalStrength:0x06 0x00
INFO:__main__:link Stick transmit[None] reader[None] download_i[False] status[None] poll_size[None] poll_i[None] command[<SignalStrength:0x06 0x00:size(64)>] processing SignalStrength:0x06 0x00)
INFO:__main__:send_force_read: attempt 0/5 send command, read until we get something within some timeout
INFO:__main__:link Stick transmit[None] reader[None] download_i[False] status[None] poll_size[None] poll_i[None] command[<SignalStrength:0x06 0x00:size(64)>] sending SignalStrength:0x06 0x00)
INFO:root:usb.write.len: 3
0000   0x06 0x00 0x00                             ...
DEBUG:__main__:sleeping 0.001
INFO:root:usb.read.len: 64
INFO:root:usb.read.raw:
0000   0x01 0x55 0x00 0xba 0x0b 0x00 0x00 0x00    .U......
0008   0x01 0x43 0x6f 0x6d 0x4c 0x69 0x6e 0x6b    .ComLink
0010   0x20 0x49 0x49 0x01 0x10 0x02 0x00 0x01     II.....
0018   0x01 0x03 0x00 0x00 0x00 0x00 0x00 0x00    ........
0020   0x00 0x00 0x00 0x00 0x00 0x00 0x00 0x00    ........
0028   0x00 0x00 0x00 0x00 0x00 0x00 0x00 0x00    ........
0030   0x00 0x00 0x00 0x00 0x00 0x00 0x00 0x00    ........
0038   0x00 0x00 0x00 0x00 0x00 0x00 0x00 0x00    ........
INFO:__main__:quit send_force_read, found len: 64 expected 64 after 0 attempts
INFO:__main__:<SignalStrength:0x06 0x00:size(64)>:readSignalStrength:186
INFO:__main__:finished processing SignalStrength:0x06 0x00, 186
INFO:__main__:PROCESS:END:28.154:SignalStrength:0x06 0x00
INFO:__main__:we seem to have found a nice signal strength of: 186
INFO:__main__:at this point, we could issue remote commands to a medical
    device, let's inspect the interfaces
INFO:__main__:PROCESS:START:28.795:UsbStats:0x05 0x01
INFO:__main__:link Stick transmit[None] reader[None] download_i[False] status[None] poll_size[None] poll_i[None] command[<UsbStats:0x05 0x01:size(64)>] processing UsbStats:0x05 0x01)
INFO:__main__:send_force_read: attempt 0/5 send command, read until we get something within some timeout
INFO:__main__:link Stick transmit[None] reader[None] download_i[False] status[None] poll_size[None] poll_i[None] command[<UsbStats:0x05 0x01:size(64)>] sending UsbStats:0x05 0x01)
INFO:root:usb.write.len: 3
0000   0x05 0x01 0x00                             ...
DEBUG:__main__:sleeping 0.001
INFO:root:usb.read.len: 64
INFO:root:usb.read.raw:
0000   0x01 0x55 0x00 0x00 0x00 0x00 0x00 0x00    .U......
0008   0x00 0x00 0xdd 0x00 0x00 0x00 0xdd 0x00    ........
0010   0xde 0x00 0xe2 0x00 0xdd 0x04 0x00 0x00    ........
0018   0x05 0x03 0x00 0x00 0x00 0x00 0x00 0x00    ........
0020   0x00 0x00 0x00 0x00 0x00 0x00 0x00 0x00    ........
0028   0x00 0x00 0x00 0x00 0x00 0x00 0x00 0x00    ........
0030   0x00 0x00 0x00 0x00 0x00 0x00 0x00 0x00    ........
0038   0x00 0x00 0x00 0x00 0x00 0x00 0x00 0x00    ........
INFO:__main__:quit send_force_read, found len: 64 expected 64 after 0 attempts
INFO:__main__:finished processing UsbStats:0x05 0x01, {'errors.timeouts': 0, 'packets.transmit': 221L, 'errors.naks': 0, 'errors.sequence': 0, 'packets.received': 221L, 'errors.crc': 0}
INFO:__main__:PROCESS:END:34.063:UsbStats:0x05 0x01
INFO:__main__:PROCESS:START:34.364:RadioStats:0x05 0x00
INFO:__main__:link Stick transmit[None] reader[None] download_i[False] status[None] poll_size[None] poll_i[None] command[<RadioStats:0x05 0x00:size(64)>] processing RadioStats:0x05 0x00)
INFO:__main__:send_force_read: attempt 0/5 send command, read until we get something within some timeout
INFO:__main__:link Stick transmit[None] reader[None] download_i[False] status[None] poll_size[None] poll_i[None] command[<RadioStats:0x05 0x00:size(64)>] sending RadioStats:0x05 0x00)
INFO:root:usb.write.len: 3
0000   0x05 0x00 0x00                             ...
DEBUG:__main__:sleeping 0.001
INFO:root:usb.read.len: 64
INFO:root:usb.read.raw:
0000   0x01 0x55 0x00 0x00 0x00 0x00 0x06 0x00    .U......
0008   0x00 0x00 0x00 0x00 0x00 0x00 0x08 0x00    ........
0010   0x00 0x00 0x08 0x00 0x00 0x00 0x00 0x00    ........
0018   0x00 0x00 0x00 0x00 0x00 0x00 0x00 0x00    ........
0020   0x00 0x01 0x00 0x07 0x00 0x00 0x00 0x00    ........
0028   0x00 0x00 0x00 0x00 0x00 0x00 0x00 0x00    ........
0030   0x00 0x00 0x00 0x00 0x00 0x00 0x00 0x00    ........
0038   0x00 0x00 0x00 0x00 0x00 0x00 0x00 0x00    ........
INFO:__main__:quit send_force_read, found len: 64 expected 64 after 0 attempts
INFO:__main__:finished processing RadioStats:0x05 0x00, {'errors.timeouts': 6, 'packets.transmit': 8L, 'errors.naks': 0, 'errors.sequence': 0, 'packets.received': 0L, 'errors.crc': 0}
INFO:__main__:PROCESS:END:40.274:RadioStats:0x05 0x00
INFO:__main__:{'radio': {'errors.crc': 0,
           'errors.naks': 0,
           'errors.sequence': 0,
           'errors.timeouts': 6,
           'packets.received': 0L,
           'packets.transmit': 8L},
 'usb': {'errors.crc': 0,
         'errors.naks': 0,
         'errors.sequence': 0,
         'errors.timeouts': 0,
         'packets.received': 221L,
         'packets.transmit': 221L}}
INFO:__main__:CLEAR BUFFERS
INFO:__main__:PROCESS:START:43.417:UsbStats:0x05 0x01
INFO:__main__:link Stick transmit[None] reader[None] download_i[False] status[None] poll_size[None] poll_i[None] command[<UsbStats:0x05 0x01:size(64)>] processing UsbStats:0x05 0x01)
INFO:__main__:send_force_read: attempt 0/5 send command, read until we get something within some timeout
INFO:__main__:link Stick transmit[None] reader[None] download_i[False] status[None] poll_size[None] poll_i[None] command[<UsbStats:0x05 0x01:size(64)>] sending UsbStats:0x05 0x01)
INFO:root:usb.write.len: 3
0000   0x05 0x01 0x00                             ...
DEBUG:__main__:sleeping 0.001
INFO:root:usb.read.len: 64
INFO:root:usb.read.raw:
0000   0x01 0x55 0x00 0x00 0x00 0x00 0x00 0x00    .U......
0008   0x00 0x00 0xdf 0x00 0x00 0x00 0xdf 0x00    ........
0010   0xe0 0x00 0xe4 0x00 0xdf 0x04 0x00 0x00    ........
0018   0x05 0x00 0x00 0x00 0x00 0x00 0x00 0x00    ........
0020   0x00 0x01 0x00 0x07 0x00 0x00 0x00 0x00    ........
0028   0x00 0x00 0x00 0x00 0x00 0x00 0x00 0x00    ........
0030   0x00 0x00 0x00 0x00 0x00 0x00 0x00 0x00    ........
0038   0x00 0x00 0x00 0x00 0x00 0x00 0x00 0x00    ........
INFO:__main__:quit send_force_read, found len: 64 expected 64 after 0 attempts
INFO:__main__:finished processing UsbStats:0x05 0x01, {'errors.timeouts': 0, 'packets.transmit': 223L, 'errors.naks': 0, 'errors.sequence': 0, 'packets.received': 223L, 'errors.crc': 0}
INFO:__main__:PROCESS:END:52.353:UsbStats:0x05 0x01
INFO:__main__:PROCESS:START:52.644:RadioStats:0x05 0x00
INFO:__main__:link Stick transmit[None] reader[None] download_i[False] status[None] poll_size[None] poll_i[None] command[<RadioStats:0x05 0x00:size(64)>] processing RadioStats:0x05 0x00)
INFO:__main__:send_force_read: attempt 0/5 send command, read until we get something within some timeout
INFO:__main__:link Stick transmit[None] reader[None] download_i[False] status[None] poll_size[None] poll_i[None] command[<RadioStats:0x05 0x00:size(64)>] sending RadioStats:0x05 0x00)
INFO:root:usb.write.len: 3
0000   0x05 0x00 0x00                             ...
DEBUG:__main__:sleeping 0.001
INFO:root:usb.read.len: 64
INFO:root:usb.read.raw:
0000   0x01 0x55 0x00 0x00 0x00 0x00 0x06 0x00    .U......
0008   0x00 0x00 0x00 0x00 0x00 0x00 0x08 0x00    ........
0010   0x00 0x00 0x08 0x00 0x00 0x00 0x00 0x00    ........
0018   0x00 0x00 0x00 0x00 0x00 0x00 0x00 0x00    ........
0020   0x00 0x01 0x00 0x07 0x00 0x00 0x00 0x00    ........
0028   0x00 0x00 0x00 0x00 0x00 0x00 0x00 0x00    ........
0030   0x00 0x00 0x00 0x00 0x00 0x00 0x00 0x00    ........
0038   0x00 0x00 0x00 0x00 0x00 0x00 0x00 0x00    ........
INFO:__main__:quit send_force_read, found len: 64 expected 64 after 0 attempts
INFO:__main__:finished processing RadioStats:0x05 0x00, {'errors.timeouts': 6, 'packets.transmit': 8L, 'errors.naks': 0, 'errors.sequence': 0, 'packets.received': 0L, 'errors.crc': 0}
INFO:__main__:PROCESS:END:62.861:RadioStats:0x05 0x00
DEBUG:__main__:INTERFACE STATS:
{'radio': {'errors.crc': 0,
           'errors.naks': 0,
           'errors.sequence': 0,
           'errors.timeouts': 6,
           'packets.received': 0L,
           'packets.transmit': 8L},
 'usb': {'errors.crc': 0,
         'errors.naks': 0,
         'errors.sequence': 0,
         'errors.timeouts': 0,
         'packets.received': 223L,
         'packets.transmit': 223L}}
INFO:__main__:XXX:clear_buffer[attempt][0]:segments[0],total_segments[0]:raw[0]:BEGIN :first poll
DEBUG:__main__:<Stick transmit[None] reader[None] download_i[False] status[None] poll_size[None] poll_i[None] command[<RadioStats:0x05 0x00:size(64)>]>:STARTING POLL PHASE:attempt:0
DEBUG:__main__:<Stick transmit[None] reader[None] download_i[False] status[None] poll_size[0] poll_i[0] command[<RadioStats:0x05 0x00:size(64)>]>:poll:attempt:0
INFO:__main__:PROCESS:START:70.744:LinkStatus:0x03:status:size=64
INFO:__main__:link Stick transmit[None] reader[None] download_i[False] status[None] poll_size[0] poll_i[0] command[<LinkStatus:0x03:status:size=64:size(64)>] processing LinkStatus:0x03:status:size=64)
INFO:__main__:send_force_read: attempt 0/5 send command, read until we get something within some timeout
INFO:__main__:link Stick transmit[None] reader[None] download_i[False] status[None] poll_size[0] poll_i[0] command[<LinkStatus:0x03:status:size=64:size(64)>] sending LinkStatus:0x03:status:size=64)
INFO:root:usb.write.len: 3
0000   0x03 0x00 0x00                             ...
DEBUG:__main__:sleeping 0.001
INFO:root:usb.read.len: 64
INFO:root:usb.read.raw:
0000   0x01 0x55 0x00 0x00 0x02 0x01 0x00 0x0e    .U......
0008   0x05 0x04 0x00 0x00 0x00 0x00 0x08 0x00    ........
0010   0x00 0x00 0x08 0x00 0x00 0x00 0x00 0x00    ........
0018   0x00 0x00 0x00 0x00 0x00 0x00 0x00 0x00    ........
0020   0x00 0x01 0x00 0x07 0x00 0x00 0x00 0x00    ........
0028   0x00 0x00 0x00 0x00 0x00 0x00 0x00 0x00    ........
0030   0x00 0x00 0x00 0x00 0x00 0x00 0x00 0x00    ........
0038   0x00 0x00 0x00 0x00 0x00 0x00 0x00 0x00    ........
INFO:__main__:quit send_force_read, found len: 64 expected 64 after 0 attempts
INFO:__main__:LinkStatus:0x03:status:size=14

INFO:__main__:finished processing LinkStatus:0x03:status:size=14, 14
INFO:__main__:PROCESS:END:80.771:LinkStatus:0x03:status:size=14
INFO:__main__:Stick transmit[None] reader[None] download_i[False] status[<LinkStatus:0x03:status:size=14:size(14)>] poll_size[14] poll_i[0] command[<LinkStatus:0x03:status:size=14:size(14)>]:STOP POLL after 1 attempts:size:14
INFO:__main__:XXX:clear_buffer[attempt][0]:segments[0],total_segments[0]:raw[0]:END first poll 14:SHOULD DOWNLOAD :True
INFO:__main__:XXX:clear_buffer[attempt][0]:download the size? 14:segments[0],total_segments[0]:raw[0]
INFO:__main__:PROCESS:START:83.676:UsbStats:0x05 0x01
INFO:__main__:link Stick transmit[None] reader[None] download_i[False] status[<LinkStatus:0x03:status:size=14:size(14)>] poll_size[14] poll_i[False] command[<UsbStats:0x05 0x01:size(64)>] processing UsbStats:0x05 0x01)
INFO:__main__:send_force_read: attempt 0/5 send command, read until we get something within some timeout
INFO:__main__:link Stick transmit[None] reader[None] download_i[False] status[<LinkStatus:0x03:status:size=14:size(14)>] poll_size[14] poll_i[False] command[<UsbStats:0x05 0x01:size(64)>] sending UsbStats:0x05 0x01)
INFO:root:usb.write.len: 3
0000   0x05 0x01 0x00                             ...
DEBUG:__main__:sleeping 0.001
INFO:root:usb.read.len: 64
INFO:root:usb.read.raw:
0000   0x01 0x55 0x00 0x00 0x00 0x00 0x00 0x00    .U......
0008   0x00 0x00 0xe2 0x00 0x00 0x00 0xe2 0x00    ........
0010   0xe3 0x00 0xe7 0x00 0xe2 0x04 0x00 0x00    ........
0018   0x05 0x00 0x00 0x00 0x00 0x00 0x00 0x00    ........
0020   0x00 0x01 0x00 0x07 0x00 0x00 0x00 0x00    ........
0028   0x00 0x00 0x00 0x00 0x00 0x00 0x00 0x00    ........
0030   0x00 0x00 0x00 0x00 0x00 0x00 0x00 0x00    ........
0038   0x00 0x00 0x00 0x00 0x00 0x00 0x00 0x00    ........
INFO:__main__:quit send_force_read, found len: 64 expected 64 after 0 attempts
INFO:__main__:finished processing UsbStats:0x05 0x01, {'errors.timeouts': 0, 'packets.transmit': 226L, 'errors.naks': 0, 'errors.sequence': 0, 'packets.received': 226L, 'errors.crc': 0}
INFO:__main__:PROCESS:END:92.111:UsbStats:0x05 0x01
INFO:__main__:PROCESS:START:92.616:RadioStats:0x05 0x00
INFO:__main__:link Stick transmit[None] reader[None] download_i[False] status[<LinkStatus:0x03:status:size=14:size(14)>] poll_size[14] poll_i[False] command[<RadioStats:0x05 0x00:size(64)>] processing RadioStats:0x05 0x00)
INFO:__main__:send_force_read: attempt 0/5 send command, read until we get something within some timeout
INFO:__main__:link Stick transmit[None] reader[None] download_i[False] status[<LinkStatus:0x03:status:size=14:size(14)>] poll_size[14] poll_i[False] command[<RadioStats:0x05 0x00:size(64)>] sending RadioStats:0x05 0x00)
INFO:root:usb.write.len: 3
0000   0x05 0x00 0x00                             ...
DEBUG:__main__:sleeping 0.001
INFO:root:usb.read.len: 64
INFO:root:usb.read.raw:
0000   0x01 0x55 0x00 0x00 0x00 0x00 0x06 0x00    .U......
0008   0x00 0x00 0x00 0x00 0x00 0x00 0x08 0x00    ........
0010   0x00 0x00 0x08 0x00 0x00 0x00 0x00 0x00    ........
0018   0x00 0x00 0x00 0x00 0x00 0x00 0x00 0x00    ........
0020   0x00 0x01 0x00 0x07 0x00 0x00 0x00 0x00    ........
0028   0x00 0x00 0x00 0x00 0x00 0x00 0x00 0x00    ........
0030   0x00 0x00 0x00 0x00 0x00 0x00 0x00 0x00    ........
0038   0x00 0x00 0x00 0x00 0x00 0x00 0x00 0x00    ........
INFO:__main__:quit send_force_read, found len: 64 expected 64 after 0 attempts
INFO:__main__:finished processing RadioStats:0x05 0x00, {'errors.timeouts': 6, 'packets.transmit': 8L, 'errors.naks': 0, 'errors.sequence': 0, 'packets.received': 0L, 'errors.crc': 0}
INFO:__main__:PROCESS:END:100.239:RadioStats:0x05 0x00
DEBUG:__main__:INTERFACE STATS:
{'radio': {'errors.crc': 0,
           'errors.naks': 0,
           'errors.sequence': 0,
           'errors.timeouts': 6,
           'packets.received': 0L,
           'packets.transmit': 8L},
 'usb': {'errors.crc': 0,
         'errors.naks': 0,
         'errors.sequence': 0,
         'errors.timeouts': 0,
         'packets.received': 226L,
         'packets.transmit': 226L}}
INFO:__main__:PROCESS:START:103.506:UsbStats:0x05 0x01
INFO:__main__:link Stick transmit[None] reader[None] download_i[False] status[<LinkStatus:0x03:status:size=14:size(14)>] poll_size[14] poll_i[False] command[<UsbStats:0x05 0x01:size(64)>] processing UsbStats:0x05 0x01)
INFO:__main__:send_force_read: attempt 0/5 send command, read until we get something within some timeout
INFO:__main__:link Stick transmit[None] reader[None] download_i[False] status[<LinkStatus:0x03:status:size=14:size(14)>] poll_size[14] poll_i[False] command[<UsbStats:0x05 0x01:size(64)>] sending UsbStats:0x05 0x01)
INFO:root:usb.write.len: 3
0000   0x05 0x01 0x00                             ...
DEBUG:__main__:sleeping 0.001
INFO:root:usb.read.len: 64
INFO:root:usb.read.raw:
0000   0x01 0x55 0x00 0x00 0x00 0x00 0x00 0x00    .U......
0008   0x00 0x00 0xe4 0x00 0x00 0x00 0xe4 0x00    ........
0010   0xe5 0x00 0xe9 0x00 0xe4 0x04 0x00 0x00    ........
0018   0x05 0x00 0x00 0x00 0x00 0x00 0x00 0x00    ........
0020   0x00 0x01 0x00 0x07 0x00 0x00 0x00 0x00    ........
0028   0x00 0x00 0x00 0x00 0x00 0x00 0x00 0x00    ........
0030   0x00 0x00 0x00 0x00 0x00 0x00 0x00 0x00    ........
0038   0x00 0x00 0x00 0x00 0x00 0x00 0x00 0x00    ........
INFO:__main__:quit send_force_read, found len: 64 expected 64 after 0 attempts
INFO:__main__:finished processing UsbStats:0x05 0x01, {'errors.timeouts': 0, 'packets.transmit': 228L, 'errors.naks': 0, 'errors.sequence': 0, 'packets.received': 228L, 'errors.crc': 0}
INFO:__main__:PROCESS:END:114.049:UsbStats:0x05 0x01
INFO:__main__:PROCESS:START:114.509:RadioStats:0x05 0x00
INFO:__main__:link Stick transmit[None] reader[None] download_i[False] status[<LinkStatus:0x03:status:size=14:size(14)>] poll_size[14] poll_i[False] command[<RadioStats:0x05 0x00:size(64)>] processing RadioStats:0x05 0x00)
INFO:__main__:send_force_read: attempt 0/5 send command, read until we get something within some timeout
INFO:__main__:link Stick transmit[None] reader[None] download_i[False] status[<LinkStatus:0x03:status:size=14:size(14)>] poll_size[14] poll_i[False] command[<RadioStats:0x05 0x00:size(64)>] sending RadioStats:0x05 0x00)
INFO:root:usb.write.len: 3
0000   0x05 0x00 0x00                             ...
DEBUG:__main__:sleeping 0.001
INFO:root:usb.read.len: 64
INFO:root:usb.read.raw:
0000   0x01 0x55 0x00 0x00 0x00 0x00 0x06 0x00    .U......
0008   0x00 0x00 0x00 0x00 0x00 0x00 0x08 0x00    ........
0010   0x00 0x00 0x08 0x00 0x00 0x00 0x00 0x00    ........
0018   0x00 0x00 0x00 0x00 0x00 0x00 0x00 0x00    ........
0020   0x00 0x01 0x00 0x07 0x00 0x00 0x00 0x00    ........
0028   0x00 0x00 0x00 0x00 0x00 0x00 0x00 0x00    ........
0030   0x00 0x00 0x00 0x00 0x00 0x00 0x00 0x00    ........
0038   0x00 0x00 0x00 0x00 0x00 0x00 0x00 0x00    ........
INFO:__main__:quit send_force_read, found len: 64 expected 64 after 0 attempts
INFO:__main__:finished processing RadioStats:0x05 0x00, {'errors.timeouts': 6, 'packets.transmit': 8L, 'errors.naks': 0, 'errors.sequence': 0, 'packets.received': 0L, 'errors.crc': 0}
INFO:__main__:PROCESS:END:125.902:RadioStats:0x05 0x00
DEBUG:__main__:INTERFACE STATS:
{'radio': {'errors.crc': 0,
           'errors.naks': 0,
           'errors.sequence': 0,
           'errors.timeouts': 6,
           'packets.received': 0L,
           'packets.transmit': 8L},
 'usb': {'errors.crc': 0,
         'errors.naks': 0,
         'errors.sequence': 0,
         'errors.timeouts': 0,
         'packets.received': 228L,
         'packets.transmit': 228L}}
INFO:__main__:XXX:clear_buffer[attempt][1]:segments[0],total_segments[0]:raw[0]:BEGIN :first poll
DEBUG:__main__:<Stick transmit[None] reader[None] download_i[False] status[<LinkStatus:0x03:status:size=14:size(14)>] poll_size[14] poll_i[False] command[<RadioStats:0x05 0x00:size(64)>]>:STARTING POLL PHASE:attempt:0
DEBUG:__main__:<Stick transmit[None] reader[None] download_i[False] status[<LinkStatus:0x03:status:size=14:size(14)>] poll_size[0] poll_i[0] command[<RadioStats:0x05 0x00:size(64)>]>:poll:attempt:0
INFO:__main__:PROCESS:START:132.395:LinkStatus:0x03:status:size=64
INFO:__main__:link Stick transmit[None] reader[None] download_i[False] status[<LinkStatus:0x03:status:size=14:size(14)>] poll_size[0] poll_i[0] command[<LinkStatus:0x03:status:size=64:size(64)>] processing LinkStatus:0x03:status:size=64)
INFO:__main__:send_force_read: attempt 0/5 send command, read until we get something within some timeout
INFO:__main__:link Stick transmit[None] reader[None] download_i[False] status[<LinkStatus:0x03:status:size=14:size(14)>] poll_size[0] poll_i[0] command[<LinkStatus:0x03:status:size=64:size(64)>] sending LinkStatus:0x03:status:size=64)
INFO:root:usb.write.len: 3
0000   0x03 0x00 0x00                             ...
DEBUG:__main__:sleeping 0.001
INFO:root:usb.read.len: 64
INFO:root:usb.read.raw:
0000   0x01 0x55 0x00 0x00 0x02 0x01 0x00 0x0e    .U......
0008   0x05 0x04 0x00 0x00 0x00 0x00 0x08 0x00    ........
0010   0x00 0x00 0x08 0x00 0x00 0x00 0x00 0x00    ........
0018   0x00 0x00 0x00 0x00 0x00 0x00 0x00 0x00    ........
0020   0x00 0x01 0x00 0x07 0x00 0x00 0x00 0x00    ........
0028   0x00 0x00 0x00 0x00 0x00 0x00 0x00 0x00    ........
0030   0x00 0x00 0x00 0x00 0x00 0x00 0x00 0x00    ........
0038   0x00 0x00 0x00 0x00 0x00 0x00 0x00 0x00    ........
INFO:__main__:quit send_force_read, found len: 64 expected 64 after 0 attempts
INFO:__main__:LinkStatus:0x03:status:size=14

INFO:__main__:finished processing LinkStatus:0x03:status:size=14, 14
INFO:__main__:PROCESS:END:146.718:LinkStatus:0x03:status:size=14
INFO:__main__:Stick transmit[None] reader[None] download_i[False] status[<LinkStatus:0x03:status:size=14:size(14)>] poll_size[14] poll_i[0] command[<LinkStatus:0x03:status:size=14:size(14)>]:STOP POLL after 1 attempts:size:14
INFO:__main__:XXX:clear_buffer[attempt][1]:segments[0],total_segments[0]:raw[0]:END first poll 14:SHOULD DOWNLOAD :True
INFO:__main__:XXX:clear_buffer[attempt][1]:download the size? 14:segments[0],total_segments[0]:raw[0]
INFO:__main__:PROCESS:START:147.98:UsbStats:0x05 0x01
INFO:__main__:link Stick transmit[None] reader[None] download_i[False] status[<LinkStatus:0x03:status:size=14:size(14)>] poll_size[14] poll_i[False] command[<UsbStats:0x05 0x01:size(64)>] processing UsbStats:0x05 0x01)
INFO:__main__:send_force_read: attempt 0/5 send command, read until we get something within some timeout
INFO:__main__:link Stick transmit[None] reader[None] download_i[False] status[<LinkStatus:0x03:status:size=14:size(14)>] poll_size[14] poll_i[False] command[<UsbStats:0x05 0x01:size(64)>] sending UsbStats:0x05 0x01)
INFO:root:usb.write.len: 3
0000   0x05 0x01 0x00                             ...
DEBUG:__main__:sleeping 0.001
INFO:root:usb.read.len: 64
INFO:root:usb.read.raw:
0000   0x01 0x55 0x00 0x00 0x00 0x00 0x00 0x00    .U......
0008   0x00 0x00 0xe7 0x00 0x00 0x00 0xe7 0x00    ........
0010   0xe8 0x00 0xec 0x00 0xe7 0x04 0x00 0x00    ........
0018   0x05 0x00 0x00 0x00 0x00 0x00 0x00 0x00    ........
0020   0x00 0x01 0x00 0x07 0x00 0x00 0x00 0x00    ........
0028   0x00 0x00 0x00 0x00 0x00 0x00 0x00 0x00    ........
0030   0x00 0x00 0x00 0x00 0x00 0x00 0x00 0x00    ........
0038   0x00 0x00 0x00 0x00 0x00 0x00 0x00 0x00    ........
INFO:__main__:quit send_force_read, found len: 64 expected 64 after 0 attempts
INFO:__main__:finished processing UsbStats:0x05 0x01, {'errors.timeouts': 0, 'packets.transmit': 231L, 'errors.naks': 0, 'errors.sequence': 0, 'packets.received': 231L, 'errors.crc': 0}
INFO:__main__:PROCESS:END:159.496:UsbStats:0x05 0x01
INFO:__main__:PROCESS:START:160.047:RadioStats:0x05 0x00
INFO:__main__:link Stick transmit[None] reader[None] download_i[False] status[<LinkStatus:0x03:status:size=14:size(14)>] poll_size[14] poll_i[False] command[<RadioStats:0x05 0x00:size(64)>] processing RadioStats:0x05 0x00)
INFO:__main__:send_force_read: attempt 0/5 send command, read until we get something within some timeout
INFO:__main__:link Stick transmit[None] reader[None] download_i[False] status[<LinkStatus:0x03:status:size=14:size(14)>] poll_size[14] poll_i[False] command[<RadioStats:0x05 0x00:size(64)>] sending RadioStats:0x05 0x00)
INFO:root:usb.write.len: 3
0000   0x05 0x00 0x00                             ...
DEBUG:__main__:sleeping 0.001
INFO:root:usb.read.len: 64
INFO:root:usb.read.raw:
0000   0x01 0x55 0x00 0x00 0x00 0x00 0x06 0x00    .U......
0008   0x00 0x00 0x00 0x00 0x00 0x00 0x08 0x00    ........
0010   0x00 0x00 0x08 0x00 0x00 0x00 0x00 0x00    ........
0018   0x00 0x00 0x00 0x00 0x00 0x00 0x00 0x00    ........
0020   0x00 0x01 0x00 0x07 0x00 0x00 0x00 0x00    ........
0028   0x00 0x00 0x00 0x00 0x00 0x00 0x00 0x00    ........
0030   0x00 0x00 0x00 0x00 0x00 0x00 0x00 0x00    ........
0038   0x00 0x00 0x00 0x00 0x00 0x00 0x00 0x00    ........
INFO:__main__:quit send_force_read, found len: 64 expected 64 after 0 attempts
INFO:__main__:finished processing RadioStats:0x05 0x00, {'errors.timeouts': 6, 'packets.transmit': 8L, 'errors.naks': 0, 'errors.sequence': 0, 'packets.received': 0L, 'errors.crc': 0}
INFO:__main__:PROCESS:END:173.772:RadioStats:0x05 0x00
DEBUG:__main__:INTERFACE STATS:
{'radio': {'errors.crc': 0,
           'errors.naks': 0,
           'errors.sequence': 0,
           'errors.timeouts': 6,
           'packets.received': 0L,
           'packets.transmit': 8L},
 'usb': {'errors.crc': 0,
         'errors.naks': 0,
         'errors.sequence': 0,
         'errors.timeouts': 0,
         'packets.received': 231L,
         'packets.transmit': 231L}}
INFO:__main__:PROCESS:START:180.067:UsbStats:0x05 0x01
INFO:__main__:link Stick transmit[None] reader[None] download_i[False] status[<LinkStatus:0x03:status:size=14:size(14)>] poll_size[14] poll_i[False] command[<UsbStats:0x05 0x01:size(64)>] processing UsbStats:0x05 0x01)
INFO:__main__:send_force_read: attempt 0/5 send command, read until we get something within some timeout
INFO:__main__:link Stick transmit[None] reader[None] download_i[False] status[<LinkStatus:0x03:status:size=14:size(14)>] poll_size[14] poll_i[False] command[<UsbStats:0x05 0x01:size(64)>] sending UsbStats:0x05 0x01)
INFO:root:usb.write.len: 3
0000   0x05 0x01 0x00                             ...
DEBUG:__main__:sleeping 0.001
INFO:root:usb.read.len: 64
INFO:root:usb.read.raw:
0000   0x01 0x55 0x00 0x00 0x00 0x00 0x00 0x00    .U......
0008   0x00 0x00 0xe9 0x00 0x00 0x00 0xe9 0x00    ........
0010   0xea 0x00 0xee 0x00 0xe9 0x04 0x00 0x00    ........
0018   0x05 0x00 0x00 0x00 0x00 0x00 0x00 0x00    ........
0020   0x00 0x01 0x00 0x07 0x00 0x00 0x00 0x00    ........
0028   0x00 0x00 0x00 0x00 0x00 0x00 0x00 0x00    ........
0030   0x00 0x00 0x00 0x00 0x00 0x00 0x00 0x00    ........
0038   0x00 0x00 0x00 0x00 0x00 0x00 0x00 0x00    ........
INFO:__main__:quit send_force_read, found len: 64 expected 64 after 0 attempts
INFO:__main__:finished processing UsbStats:0x05 0x01, {'errors.timeouts': 0, 'packets.transmit': 233L, 'errors.naks': 0, 'errors.sequence': 0, 'packets.received': 233L, 'errors.crc': 0}
INFO:__main__:PROCESS:END:193.722:UsbStats:0x05 0x01
INFO:__main__:PROCESS:START:194.561:RadioStats:0x05 0x00
INFO:__main__:link Stick transmit[None] reader[None] download_i[False] status[<LinkStatus:0x03:status:size=14:size(14)>] poll_size[14] poll_i[False] command[<RadioStats:0x05 0x00:size(64)>] processing RadioStats:0x05 0x00)
INFO:__main__:send_force_read: attempt 0/5 send command, read until we get something within some timeout
INFO:__main__:link Stick transmit[None] reader[None] download_i[False] status[<LinkStatus:0x03:status:size=14:size(14)>] poll_size[14] poll_i[False] command[<RadioStats:0x05 0x00:size(64)>] sending RadioStats:0x05 0x00)
INFO:root:usb.write.len: 3
0000   0x05 0x00 0x00                             ...
DEBUG:__main__:sleeping 0.001
INFO:root:usb.read.len: 64
INFO:root:usb.read.raw:
0000   0x01 0x55 0x00 0x00 0x00 0x00 0x06 0x00    .U......
0008   0x00 0x00 0x00 0x00 0x00 0x00 0x08 0x00    ........
0010   0x00 0x00 0x08 0x00 0x00 0x00 0x00 0x00    ........
0018   0x00 0x00 0x00 0x00 0x00 0x00 0x00 0x00    ........
0020   0x00 0x01 0x00 0x07 0x00 0x00 0x00 0x00    ........
0028   0x00 0x00 0x00 0x00 0x00 0x00 0x00 0x00    ........
0030   0x00 0x00 0x00 0x00 0x00 0x00 0x00 0x00    ........
0038   0x00 0x00 0x00 0x00 0x00 0x00 0x00 0x00    ........
INFO:__main__:quit send_force_read, found len: 64 expected 64 after 0 attempts
INFO:__main__:finished processing RadioStats:0x05 0x00, {'errors.timeouts': 6, 'packets.transmit': 8L, 'errors.naks': 0, 'errors.sequence': 0, 'packets.received': 0L, 'errors.crc': 0}
INFO:__main__:PROCESS:END:212.244:RadioStats:0x05 0x00
DEBUG:__main__:INTERFACE STATS:
{'radio': {'errors.crc': 0,
           'errors.naks': 0,
           'errors.sequence': 0,
           'errors.timeouts': 6,
           'packets.received': 0L,
           'packets.transmit': 8L},
 'usb': {'errors.crc': 0,
         'errors.naks': 0,
         'errors.sequence': 0,
         'errors.timeouts': 0,
         'packets.received': 233L,
         'packets.transmit': 233L}}
INFO:__main__:XXX:clear_buffer[attempt][2]:segments[0],total_segments[0]:raw[0]:BEGIN :first poll
DEBUG:__main__:<Stick transmit[None] reader[None] download_i[False] status[<LinkStatus:0x03:status:size=14:size(14)>] poll_size[14] poll_i[False] command[<RadioStats:0x05 0x00:size(64)>]>:STARTING POLL PHASE:attempt:0
DEBUG:__main__:<Stick transmit[None] reader[None] download_i[False] status[<LinkStatus:0x03:status:size=14:size(14)>] poll_size[0] poll_i[0] command[<RadioStats:0x05 0x00:size(64)>]>:poll:attempt:0
INFO:__main__:PROCESS:START:222.226:LinkStatus:0x03:status:size=64
INFO:__main__:link Stick transmit[None] reader[None] download_i[False] status[<LinkStatus:0x03:status:size=14:size(14)>] poll_size[0] poll_i[0] command[<LinkStatus:0x03:status:size=64:size(64)>] processing LinkStatus:0x03:status:size=64)
INFO:__main__:send_force_read: attempt 0/5 send command, read until we get something within some timeout
INFO:__main__:link Stick transmit[None] reader[None] download_i[False] status[<LinkStatus:0x03:status:size=14:size(14)>] poll_size[0] poll_i[0] command[<LinkStatus:0x03:status:size=64:size(64)>] sending LinkStatus:0x03:status:size=64)
INFO:root:usb.write.len: 3
0000   0x03 0x00 0x00                             ...
DEBUG:__main__:sleeping 0.001
INFO:root:usb.read.len: 64
INFO:root:usb.read.raw:
0000   0x01 0x55 0x00 0x00 0x02 0x01 0x00 0x0e    .U......
0008   0x05 0x04 0x00 0x00 0x00 0x00 0x08 0x00    ........
0010   0x00 0x00 0x08 0x00 0x00 0x00 0x00 0x00    ........
0018   0x00 0x00 0x00 0x00 0x00 0x00 0x00 0x00    ........
0020   0x00 0x01 0x00 0x07 0x00 0x00 0x00 0x00    ........
0028   0x00 0x00 0x00 0x00 0x00 0x00 0x00 0x00    ........
0030   0x00 0x00 0x00 0x00 0x00 0x00 0x00 0x00    ........
0038   0x00 0x00 0x00 0x00 0x00 0x00 0x00 0x00    ........
INFO:__main__:quit send_force_read, found len: 64 expected 64 after 0 attempts
INFO:__main__:LinkStatus:0x03:status:size=14

INFO:__main__:finished processing LinkStatus:0x03:status:size=14, 14
INFO:__main__:PROCESS:END:237.007:LinkStatus:0x03:status:size=14
INFO:__main__:Stick transmit[None] reader[None] download_i[False] status[<LinkStatus:0x03:status:size=14:size(14)>] poll_size[14] poll_i[0] command[<LinkStatus:0x03:status:size=14:size(14)>]:STOP POLL after 1 attempts:size:14
INFO:__main__:XXX:clear_buffer[attempt][2]:segments[0],total_segments[0]:raw[0]:END first poll 14:SHOULD DOWNLOAD :True
INFO:__main__:XXX:clear_buffer[attempt][2]:download the size? 14:segments[0],total_segments[0]:raw[0]
INFO:__main__:PROCESS:START:239.667:UsbStats:0x05 0x01
INFO:__main__:link Stick transmit[None] reader[None] download_i[False] status[<LinkStatus:0x03:status:size=14:size(14)>] poll_size[14] poll_i[False] command[<UsbStats:0x05 0x01:size(64)>] processing UsbStats:0x05 0x01)
INFO:__main__:send_force_read: attempt 0/5 send command, read until we get something within some timeout
INFO:__main__:link Stick transmit[None] reader[None] download_i[False] status[<LinkStatus:0x03:status:size=14:size(14)>] poll_size[14] poll_i[False] command[<UsbStats:0x05 0x01:size(64)>] sending UsbStats:0x05 0x01)
INFO:root:usb.write.len: 3
0000   0x05 0x01 0x00                             ...
DEBUG:__main__:sleeping 0.001
INFO:root:usb.read.len: 64
INFO:root:usb.read.raw:
0000   0x01 0x55 0x00 0x00 0x00 0x00 0x00 0x00    .U......
0008   0x00 0x00 0xec 0x00 0x00 0x00 0xec 0x00    ........
0010   0xed 0x00 0xf1 0x00 0xec 0x04 0x00 0x00    ........
0018   0x05 0x00 0x00 0x00 0x00 0x00 0x00 0x00    ........
0020   0x00 0x01 0x00 0x07 0x00 0x00 0x00 0x00    ........
0028   0x00 0x00 0x00 0x00 0x00 0x00 0x00 0x00    ........
0030   0x00 0x00 0x00 0x00 0x00 0x00 0x00 0x00    ........
0038   0x00 0x00 0x00 0x00 0x00 0x00 0x00 0x00    ........
INFO:__main__:quit send_force_read, found len: 64 expected 64 after 0 attempts
INFO:__main__:finished processing UsbStats:0x05 0x01, {'errors.timeouts': 0, 'packets.transmit': 236L, 'errors.naks': 0, 'errors.sequence': 0, 'packets.received': 236L, 'errors.crc': 0}
INFO:__main__:PROCESS:END:249.677:UsbStats:0x05 0x01
INFO:__main__:PROCESS:START:250.495:RadioStats:0x05 0x00
INFO:__main__:link Stick transmit[None] reader[None] download_i[False] status[<LinkStatus:0x03:status:size=14:size(14)>] poll_size[14] poll_i[False] command[<RadioStats:0x05 0x00:size(64)>] processing RadioStats:0x05 0x00)
INFO:__main__:send_force_read: attempt 0/5 send command, read until we get something within some timeout
INFO:__main__:link Stick transmit[None] reader[None] download_i[False] status[<LinkStatus:0x03:status:size=14:size(14)>] poll_size[14] poll_i[False] command[<RadioStats:0x05 0x00:size(64)>] sending RadioStats:0x05 0x00)
INFO:root:usb.write.len: 3
0000   0x05 0x00 0x00                             ...
DEBUG:__main__:sleeping 0.001
INFO:root:usb.read.len: 64
INFO:root:usb.read.raw:
0000   0x01 0x55 0x00 0x00 0x00 0x00 0x06 0x00    .U......
0008   0x00 0x00 0x00 0x00 0x00 0x00 0x08 0x00    ........
0010   0x00 0x00 0x08 0x00 0x00 0x00 0x00 0x00    ........
0018   0x00 0x00 0x00 0x00 0x00 0x00 0x00 0x00    ........
0020   0x00 0x01 0x00 0x07 0x00 0x00 0x00 0x00    ........
0028   0x00 0x00 0x00 0x00 0x00 0x00 0x00 0x00    ........
0030   0x00 0x00 0x00 0x00 0x00 0x00 0x00 0x00    ........
0038   0x00 0x00 0x00 0x00 0x00 0x00 0x00 0x00    ........
INFO:__main__:quit send_force_read, found len: 64 expected 64 after 0 attempts
INFO:__main__:finished processing RadioStats:0x05 0x00, {'errors.timeouts': 6, 'packets.transmit': 8L, 'errors.naks': 0, 'errors.sequence': 0, 'packets.received': 0L, 'errors.crc': 0}
INFO:__main__:PROCESS:END:261.404:RadioStats:0x05 0x00
DEBUG:__main__:INTERFACE STATS:
{'radio': {'errors.crc': 0,
           'errors.naks': 0,
           'errors.sequence': 0,
           'errors.timeouts': 6,
           'packets.received': 0L,
           'packets.transmit': 8L},
 'usb': {'errors.crc': 0,
         'errors.naks': 0,
         'errors.sequence': 0,
         'errors.timeouts': 0,
         'packets.received': 236L,
         'packets.transmit': 236L}}
INFO:__main__:NO PENDING BUFFER
INFO:__main__:DONE CLEARING BUFFERS
INFO:__main__:PROCESS:START:269.756:UsbStats:0x05 0x01
INFO:__main__:link Stick transmit[None] reader[None] download_i[False] status[<LinkStatus:0x03:status:size=14:size(14)>] poll_size[14] poll_i[False] command[<UsbStats:0x05 0x01:size(64)>] processing UsbStats:0x05 0x01)
INFO:__main__:send_force_read: attempt 0/5 send command, read until we get something within some timeout
INFO:__main__:link Stick transmit[None] reader[None] download_i[False] status[<LinkStatus:0x03:status:size=14:size(14)>] poll_size[14] poll_i[False] command[<UsbStats:0x05 0x01:size(64)>] sending UsbStats:0x05 0x01)
INFO:root:usb.write.len: 3
0000   0x05 0x01 0x00                             ...
DEBUG:__main__:sleeping 0.001
INFO:root:usb.read.len: 64
INFO:root:usb.read.raw:
0000   0x01 0x55 0x00 0x00 0x00 0x00 0x00 0x00    .U......
0008   0x00 0x00 0xee 0x00 0x00 0x00 0xee 0x00    ........
0010   0xef 0x00 0xf3 0x00 0xee 0x04 0x00 0x00    ........
0018   0x05 0x00 0x00 0x00 0x00 0x00 0x00 0x00    ........
0020   0x00 0x01 0x00 0x07 0x00 0x00 0x00 0x00    ........
0028   0x00 0x00 0x00 0x00 0x00 0x00 0x00 0x00    ........
0030   0x00 0x00 0x00 0x00 0x00 0x00 0x00 0x00    ........
0038   0x00 0x00 0x00 0x00 0x00 0x00 0x00 0x00    ........
INFO:__main__:quit send_force_read, found len: 64 expected 64 after 0 attempts
INFO:__main__:finished processing UsbStats:0x05 0x01, {'errors.timeouts': 0, 'packets.transmit': 238L, 'errors.naks': 0, 'errors.sequence': 0, 'packets.received': 238L, 'errors.crc': 0}
INFO:__main__:PROCESS:END:285.137:UsbStats:0x05 0x01
INFO:__main__:PROCESS:START:286.551:RadioStats:0x05 0x00
INFO:__main__:link Stick transmit[None] reader[None] download_i[False] status[<LinkStatus:0x03:status:size=14:size(14)>] poll_size[14] poll_i[False] command[<RadioStats:0x05 0x00:size(64)>] processing RadioStats:0x05 0x00)
INFO:__main__:send_force_read: attempt 0/5 send command, read until we get something within some timeout
INFO:__main__:link Stick transmit[None] reader[None] download_i[False] status[<LinkStatus:0x03:status:size=14:size(14)>] poll_size[14] poll_i[False] command[<RadioStats:0x05 0x00:size(64)>] sending RadioStats:0x05 0x00)
INFO:root:usb.write.len: 3
0000   0x05 0x00 0x00                             ...
DEBUG:__main__:sleeping 0.001
INFO:root:usb.read.len: 64
INFO:root:usb.read.raw:
0000   0x01 0x55 0x00 0x00 0x00 0x00 0x06 0x00    .U......
0008   0x00 0x00 0x00 0x00 0x00 0x00 0x08 0x00    ........
0010   0x00 0x00 0x08 0x00 0x00 0x00 0x00 0x00    ........
0018   0x00 0x00 0x00 0x00 0x00 0x00 0x00 0x00    ........
0020   0x00 0x01 0x00 0x07 0x00 0x00 0x00 0x00    ........
0028   0x00 0x00 0x00 0x00 0x00 0x00 0x00 0x00    ........
0030   0x00 0x00 0x00 0x00 0x00 0x00 0x00 0x00    ........
0038   0x00 0x00 0x00 0x00 0x00 0x00 0x00 0x00    ........
INFO:__main__:quit send_force_read, found len: 64 expected 64 after 0 attempts
INFO:__main__:finished processing RadioStats:0x05 0x00, {'errors.timeouts': 6, 'packets.transmit': 8L, 'errors.naks': 0, 'errors.sequence': 0, 'packets.received': 0L, 'errors.crc': 0}
INFO:__main__:PROCESS:END:303.598:RadioStats:0x05 0x00
INFO:__main__:INTERFACE STATS:
{'radio': {'errors.crc': 0,
           'errors.naks': 0,
           'errors.sequence': 0,
           'errors.timeouts': 6,
           'packets.received': 0L,
           'packets.transmit': 8L},
 'usb': {'errors.crc': 0,
         'errors.naks': 0,
         'errors.sequence': 0,
         'errors.timeouts': 0,
         'packets.received': 238L,
         'packets.transmit': 238L}}
INFO:__main__:howdy! all done looking at the stick
python decocare/stick.py /dev/ttyUSB0
	elapsed 0:00.44
	user 0.20
	system 0.02
	CPU 52% (0text+0data 42496max)k
