INFO:auditor:comm:READ HISTORY DATA page number: 2
0000   0x18 0x00 0x00 0xe3 0x07 0x04 0x02 0x07    ........
0008   0x00 0x00 0x00 0x02 0x21 0x01 0x6c 0x21    ....!.l!
0010   0x01 0x05 0x0c 0x00 0xe8 0x00 0x00 0x00    ........
0018   0x00 0x00 0x02 0x00 0x02 0x64 0x00 0x00    .....d..
0020   0x00 0x00 0x00 0x00 0x00 0x00 0x00 0x00    ........
0028   0x00 0x00 0x00 0x00 0x00 0x00 0x00 0x00    ........
0030   0x00 0x00 0x00 0x00 0x64 0x00 0x10 0xe8    ....d...
0038   0x07 0x04 0x02 0x17 0x00 0x22 0xe8 0x07    ....."..
0040   0x04 0x02 0x18 0x00 0x00 0xc0 0x08 0x04    ........
0048   0x02 0x64 0x00 0x25 0xc2 0x08 0x04 0x02    .d.%....
0050   0x64 0x00 0x27 0xc2 0x08 0x04 0x02 0x64    d.'....d
0058   0x00 0x29 0xc2 0x08 0x04 0x02 0x17 0x00    .)......
0060   0x34 0xc2 0x08 0x04 0x02 0x18 0x00 0x00    4.......
0068   0xd3 0x09 0x04 0x02 0x64 0x00 0x0e 0xd9    ....d...
0070   0x09 0x04 0x02 0x64 0x00 0x19 0xd9 0x09    ...d....
0078   0x04 0x02 0x17 0x00 0x28 0xd9 0x09 0x04    ....(...
0080   0x02 0x18 0x00 0x00 0xd9 0x0f 0x01 0x03    ........
0088   0x07 0x00 0x00 0x00 0x08 0x24 0x82 0x6c    .....$.l
0090   0x24 0x82 0x05 0x0c 0x00 0xe8 0x00 0x00    $.......
0098   0x00 0x00 0x00 0x08 0x00 0x08 0x64 0x00    ......d.
00A0   0x00 0x00 0x00 0x00 0x00 0x00 0x00 0x00    ........
00A8   0x00 0x00 0x00 0x00 0x00 0x00 0x00 0x00    ........
00B0   0x00 0x00 0x00 0x00 0x00 0x64 0x00 0x17    .....d..
00B8   0xdb 0x0f 0x01 0x03 0x17 0x00 0x22 0xdb    ......".
00C0   0x0f 0x01 0x03 0x18 0x00 0x00 0xdb 0x0f    ........
00C8   0x01 0x04 0x07 0x00 0x00 0x00 0x02 0x21    .......!
00D0   0x83 0x6c 0x21 0x83 0x05 0x0c 0x00 0xe8    .l!.....
00D8   0x00 0x00 0x00 0x00 0x00 0x02 0x00 0x02    ........
00E0   0x64 0x00 0x00 0x00 0x00 0x00 0x00 0x00    d.......
00E8   0x00 0x00 0x00 0x00 0x00 0x00 0x00 0x00    ........
00F0   0x00 0x00 0x00 0x00 0x00 0x00 0x00 0x64    .......d
00F8   0x00 0x21 0xdb 0x0f 0x01 0x04 0x17 0x00    .!......
0100   0x31 0xdb 0x0f 0x01 0x04 0x18 0x00 0x40    1......@
0108   0x1b 0x0f 0x01 0x0c 0x07 0x00 0x00 0x00    ........
0110   0x00 0x21 0x84 0x6c 0x21 0x84 0x05 0x0c    .!.l!...
0118   0x00 0xe8 0x00 0x00 0x00 0x00 0x00 0x00    ........
0120   0x00 0x00 0x00 0x00 0x00 0x00 0x00 0x00    ........
0128   0x00 0x00 0x00 0x00 0x00 0x00 0x00 0x00    ........
0130   0x00 0x00 0x00 0x00 0x00 0x00 0x00 0x00    ........
0138   0x00 0x64 0x01 0x71 0x1c 0x0f 0x01 0x0c    .d.q....
0140   0x17 0x00 0x50 0x1d 0x0f 0x01 0x0c 0x18    ..P.....
0148   0x00 0x40 0xc7 0x06 0x08 0x05 0x07 0x00    .@......
0150   0x00 0x00 0x02 0x41 0x0c 0x6c 0x41 0x0c    ...A.lA.
0158   0x05 0x0c 0x00 0xe8 0x00 0x00 0x00 0x00    ........
0160   0x00 0x02 0x00 0x02 0x64 0x00 0x00 0x00    ....d...
0168   0x00 0x00 0x00 0x00 0x00 0x00 0x00 0x00    ........
0170   0x00 0x00 0x00 0x00 0x00 0x00 0x00 0x00    ........
0178   0x00 0x00 0x00 0x01 0x28 0x28 0x00 0x65    ....((.e
0180   0xd7 0x26 0x08 0x05 0x07 0x00 0x00 0x03    .&......
0188   0x96 0x68 0x85 0x6c 0x68 0x85 0x05 0x00    .h.lh...
0190   0x60 0x60 0x60 0x01 0x00 0x00 0x03 0x96    ```.....
0198   0x02 0xf6 0x53 0x00 0xa0 0x11 0x00 0x00    ..S.....
01A0   0x00 0xa0 0x11 0x00 0x00 0x00 0x00 0x00    ........
01A8   0x00 0x00 0xa0 0x64 0x01 0x00 0x00 0x00    ...d....
01B0   0x01 0x5b 0x64 0x75 0xed 0x05 0x09 0x05    .[du....
01B8   0x01 0x50 0x0a 0x32 0x64 0x00 0x01 0x00    .P.2d...
01C0   0x00 0x00 0x00 0x01 0x64 0x01 0x01 0x01    ....d...
01C8   0x00 0x75 0xed 0x25 0x09 0x05 0x5b 0x64    .u.%..[d
01D0   0x47 0xee 0x05 0x09 0x05 0x02 0x50 0x0a    G.....P.
01D8   0x32 0x64 0x00 0x02 0x00 0x00 0x01 0x00    2d......
01E0   0x02 0x64 0x5c 0x05 0x04 0x03 0x44 0x01    .d\...D.
01E8   0x02 0x02 0x00 0x48 0xee 0x25 0x09 0x05    ...H.%..
01F0   0x5b 0x64 0x58 0xee 0x05 0x09 0x05 0x03    [dX.....
01F8   0x50 0x0a 0x32 0x64 0x00 0x03 0x00 0x00    P.2d....
0200   0x03 0x00 0x03 0x64 0x5c 0x05 0x0c 0x03    ...d\...
0208   0x44 0x01 0x03 0x03 0x00 0x58 0xee 0x25    D....X.%
0210   0x09 0x05 0x07 0x00 0x00 0x03 0x4e 0x69    ......Ni
0218   0x85 0x6c 0x69 0x85 0x05 0x00 0x64 0x64    .li...dd
0220   0x65 0x04 0x00 0x00 0x03 0x4e 0x03 0x36    e....N.6
0228   0x61 0x00 0x18 0x03 0x00 0x06 0x00 0x18    a.......
0230   0x03 0x00 0x18 0x64 0x00 0x00 0x00 0x00    ...d....
0238   0x00 0x00 0x03 0x03 0x00 0x00 0x00 0x07    ........
0240   0x00 0x00 0x03 0x36 0x6a 0x85 0x6c 0x6a    ...6j.lj
0248   0x85 0x05 0x0c 0x00 0xe8 0x00 0x00 0x00    ........
0250   0x00 0x03 0x36 0x03 0x36 0x64 0x00 0x00    ..6.6d..
0258   0x00 0x00 0x00 0x00 0x00 0x00 0x00 0x00    ........
0260   0x00 0x00 0x00 0x00 0x00 0x00 0x00 0x00    ........
0268   0x00 0x00 0x00 0x00 0x64 0x01 0x48 0xf7    ....d.H.
0270   0x14 0x0b 0x05 0x17 0x00 0x62 0xf7 0x14    .....b..
0278   0x0b 0x05 0x18 0x00 0x80 0x37 0x13 0x09    .....7..
0280   0x0c 0x07 0x00 0x00 0x03 0x1e 0x6b 0x85    ......k.
0288   0x6c 0x6b 0x85 0x05 0x00 0x64 0x64 0x64    lk...ddd
0290   0x01 0x00 0x00 0x03 0x1e 0x03 0x1e 0x64    .......d
0298   0x00 0x00 0x00 0x00 0x00 0x00 0x00 0x00    ........
02A0   0x00 0x00 0x00 0x00 0x00 0x00 0x00 0x00    ........
02A8   0x00 0x00 0x00 0x00 0x00 0x00 0x64 0x01    ......d.
02B0   0xa6 0x02 0x14 0x09 0x0c 0x17 0x00 0xb2    ........
02B8   0x02 0x14 0x09 0x0c 0x18 0x00 0x80 0x02    ........
02C0   0x14 0x01 0x0d 0x07 0x00 0x00 0x00 0x0a    ........
02C8   0x89 0x0c 0x6c 0x89 0x0c 0x05 0x0c 0x00    ..l.....
02D0   0xe8 0x00 0x00 0x00 0x00 0x00 0x0a 0x00    ........
02D8   0x0a 0x64 0x00 0x00 0x00 0x00 0x00 0x00    .d......
02E0   0x00 0x00 0x00 0x00 0x00 0x00 0x00 0x00    ........
02E8   0x00 0x00 0x00 0x00 0x00 0x00 0x00 0x00    ........
02F0   0x64 0x01 0x85 0x03 0x14 0x01 0x0d 0x17    d.......
02F8   0x00 0x8d 0x03 0x14 0x01 0x0d 0x18 0x00    ........
0300   0x80 0x03 0x14 0x01 0x10 0x07 0x00 0x00    ........
0308   0x00 0x02 0x81 0x0d 0x6c 0x81 0x0d 0x05    ....l...
0310   0x0c 0x00 0xe8 0x00 0x00 0x00 0x00 0x00    ........
0318   0x02 0x00 0x02 0x64 0x00 0x00 0x00 0x00    ...d....
0320   0x00 0x00 0x00 0x00 0x00 0x00 0x00 0x00    ........
0328   0x00 0x00 0x00 0x00 0x00 0x00 0x00 0x00    ........
0330   0x00 0x00 0x64 0x01 0xb9 0x03 0x14 0x01    ..d.....
0338   0x10 0x17 0x00 0xa2 0x04 0x14 0x01 0x10    ........
0340   0x18 0x00 0x80 0x04 0x14 0x01 0x12 0x07    ........
0348   0x00 0x00 0x00 0x04 0x81 0x10 0x6c 0x81    ......l.
0350   0x10 0x05 0x0c 0x00 0xe8 0x00 0x00 0x00    ........
0358   0x00 0x00 0x04 0x00 0x04 0x64 0x00 0x00    .....d..
0360   0x00 0x00 0x00 0x00 0x00 0x00 0x00 0x00    ........
0368   0x00 0x00 0x00 0x00 0x00 0x00 0x00 0x00    ........
0370   0x00 0x00 0x00 0x00 0x64 0x01 0xbb 0x04    ....d...
0378   0x14 0x01 0x12 0x64 0x01 0x96 0x08 0x14    ...d....
0380   0x01 0x12 0x17 0x00 0x9f 0x08 0x14 0x01    ........
0388   0x12 0x18 0x00 0x80 0x08 0x14 0x01 0x0c    ........
0390   0x07 0x00 0x00 0x00 0x06 0x81 0x12 0x6c    .......l
0398   0x81 0x12 0x05 0x0c 0x00 0xe8 0x00 0x00    ........
03A0   0x00 0x00 0x00 0x06 0x00 0x06 0x64 0x00    ......d.
03A8   0x00 0x00 0x00 0x00 0x00 0x00 0x00 0x00    ........
03B0   0x00 0x00 0x00 0x00 0x00 0x00 0x00 0x00    ........
03B8   0x00 0x00 0x00 0x00 0x00 0x1a 0x00 0xb7    ........
03C0   0x16 0x14 0x01 0x0c 0x1a 0x01 0x94 0x1b    ........
03C8   0x14 0x01 0x0c 0x1a 0x00 0x95 0x1b 0x14    ........
03D0   0x01 0x0c 0x1a 0x01 0x98 0x1c 0x14 0x01    ........
03D8   0x0c 0x1a 0x00 0xb5 0x1c 0x14 0x01 0x0c    ........
03E0   0x1a 0x01 0x80 0x1e 0x14 0x01 0x0c 0x1a    ........
03E8   0x00 0xbb 0x2b 0x14 0x01 0x0c 0x1a 0x01    ..+.....
03F0   0xb9 0x2c 0x14 0x01 0x0c 0x21 0x00 0x91    .,...!..
03F8   0x19 0x15 0x01 0x0c 0x00 0x00 0x76 0x24    ......v$
