0000   0x03 0x00 0x00 0x00 0x0a 0x9e 0x1c 0x35    .......5
0008   0x01 0x0c 0x03 0x00 0x03 0x00 0x03 0xa7    ........
0010   0x1c 0x15 0x01 0x0c 0x26 0x01 0x8d 0x19    ....&...
0018   0x16 0x01 0x0c 0x27 0x00 0x00 0x00 0x00    ...'....
0020   0x00 0x00 0x28 0x00 0x00 0x00 0x00 0x00    ..(.....
0028   0x00 0x26 0x01 0xa2 0x19 0x16 0x01 0x0c    .&......
0030   0x27 0x01 0xe2 0x40 0x00 0x00 0x00 0x28    '..@...(
0038   0x00 0x00 0x00 0x00 0x00 0x00 0x26 0x01    ......&.
0040   0xaf 0x1f 0x16 0x01 0x0c 0x27 0x01 0xe2    .....'..
0048   0x40 0x03 0x42 0x2a 0x28 0x00 0x00 0x00    @.B*(...
0050   0x00 0x00 0x00 0x26 0x01 0xa0 0x20 0x16    ...&.. .
0058   0x01 0x0c 0x27 0x01 0xe2 0x40 0x03 0x42    ..'..@.B
0060   0x2a 0x28 0x0c 0x89 0x92 0x00 0x00 0x00    *(......
0068   0x33 0x30 0x96 0x26 0x16 0x01 0x0c 0x00    30.&....
0070   0x16 0x03 0x96 0x26 0x16 0x01 0x0c 0x33    ...&...3
0078   0x30 0xa7 0x30 0x16 0x01 0x0c 0x00 0x16    0.0.....
0080   0x02 0xa7 0x30 0x16 0x01 0x0c 0x33 0x00    ..0...3.
0088   0xa0 0x33 0x16 0x01 0x0c 0x00 0x16 0x00    .3......
0090   0xa0 0x33 0x16 0x01 0x0c 0x33 0x4c 0x91    .3...3L.
0098   0x34 0x16 0x01 0x0c 0x00 0x16 0x06 0x91    4.......
00A0   0x34 0x16 0x01 0x0c 0x33 0x4c 0xb6 0x04    4...3L..
00A8   0x17 0x01 0x0c 0x00 0x16 0x06 0xb6 0x04    ........
00B0   0x17 0x01 0x0c 0x63 0x04 0x94 0x23 0x17    ...c..#.
00B8   0x01 0x0c 0x63 0x03 0xb9 0x26 0x17 0x01    ..c..&..
00C0   0x0c 0x07 0x00 0x00 0x00 0x80 0x81 0x0c    ........
00C8   0x6c 0x81 0x0c 0x05 0x0c 0x00 0xe8 0x00    l.......
00D0   0x00 0x00 0x00 0x00 0x80 0x00 0x80 0x64    .......d
00D8   0x00 0x00 0x00 0x00 0x00 0x00 0x00 0x00    ........
00E0   0x00 0x00 0x00 0x00 0x00 0x00 0x00 0x00    ........
00E8   0x00 0x00 0x00 0x00 0x00 0x00 0x5b 0x64    ......[d
00F0   0xa9 0x34 0x06 0x02 0x0c 0x0a 0x50 0x0a    .4....P.
00F8   0x32 0x64 0x00 0x0a 0x00 0x00 0x00 0x00    2d......
0100   0x0a 0x64 0x01 0x0a 0x0a 0x00 0xa9 0x34    .d.....4
0108   0x26 0x02 0x0c 0x5b 0x64 0xa2 0x35 0x06    &..[d.5.
0110   0x02 0x0c 0x0a 0x50 0x0a 0x32 0x64 0x00    ...P.2d.
0118   0x0a 0x00 0x00 0x0a 0x00 0x0a 0x64 0x5c    ......d\
0120   0x08 0x14 0x00 0x44 0x14 0x0a 0x44 0x01    ...D..D.
0128   0x0a 0x0a 0x00 0xa2 0x35 0x26 0x02 0x0c    ....5&..
0130   0x5b 0x64 0x9e 0x36 0x06 0x02 0x0c 0x0a    [d.6....
0138   0x50 0x0a 0x32 0x64 0x00 0x0a 0x00 0x00    P.2d....
0140   0x14 0x00 0x0a 0x64 0x5c 0x08 0x3c 0x01    ...d\.<.
0148   0x44 0x14 0x0b 0x44 0x01 0x0a 0x0a 0x00    D..D....
0150   0x9e 0x36 0x26 0x02 0x0c 0x5b 0x64 0x96    .6&..[d.
0158   0x37 0x06 0x02 0x0c 0x0a 0x50 0x0a 0x32    7....P.2
0160   0x64 0x00 0x0a 0x00 0x00 0x1e 0x00 0x0a    d.......
0168   0x64 0x5c 0x08 0x64 0x02 0x44 0x14 0x0c    d\.d.D..
0170   0x44 0x01 0x0a 0x0a 0x00 0x97 0x37 0x26    D.....7&
0178   0x02 0x0c 0x5b 0x64 0xa5 0x38 0x06 0x02    ..[d.8..
0180   0x0c 0x0a 0x50 0x0a 0x32 0x64 0x00 0x0a    ..P.2d..
0188   0x00 0x00 0x28 0x00 0x0a 0x64 0x5c 0x08    ..(..d\.
0190   0x8c 0x03 0x44 0x14 0x0d 0x44 0x01 0x0a    ..D..D..
0198   0x0a 0x00 0xa5 0x38 0x26 0x02 0x0c 0x5b    ...8&..[
01A0   0x64 0xa1 0x39 0x06 0x02 0x0c 0x0a 0x50    d.9....P
01A8   0x0a 0x32 0x64 0x00 0x0a 0x00 0x00 0x32    .2d....2
01B0   0x00 0x0a 0x64 0x5c 0x08 0xb4 0x04 0x44    ..d\...D
01B8   0x14 0x0e 0x44 0x01 0x0a 0x0a 0x00 0xa1    ..D.....
01C0   0x39 0x26 0x02 0x0c 0x5b 0x64 0x97 0x3a    9&..[d.:
01C8   0x06 0x02 0x0c 0x0a 0x50 0x0a 0x32 0x64    ....P.2d
01D0   0x00 0x0a 0x00 0x00 0x3c 0x00 0x0a 0x64    ....<..d
01D8   0x5c 0x08 0xdc 0x05 0x44 0x14 0x0f 0x44    \...D..D
01E0   0x01 0x0a 0x0a 0x00 0x97 0x3a 0x26 0x02    .....:&.
01E8   0x0c 0x5b 0x65 0xb3 0x06 0x07 0x02 0x0c    .[e.....
01F0   0x01 0x50 0x0a 0x32 0x64 0x00 0x01 0x00    .P.2d...
01F8   0x00 0x46 0x00 0x01 0x64 0x5c 0x08 0x04    .F..d\..
0200   0x0d 0x45 0x14 0x17 0x44 0x01 0x01 0x01    .E..D...
0208   0x00 0xb3 0x06 0x27 0x02 0x0c 0x5b 0x65    ...'..[e
0210   0x85 0x07 0x07 0x02 0x0c 0x01 0x50 0x0a    ......P.
0218   0x32 0x64 0x00 0x01 0x00 0x00 0x47 0x00    2d....G.
0220   0x01 0x64 0x5c 0x0b 0x04 0x04 0x44 0x04    .d\...D.
0228   0x0e 0x45 0x14 0x18 0x44 0x01 0x01 0x01    .E..D...
0230   0x00 0x85 0x07 0x27 0x02 0x0c 0x5b 0x65    ...'..[e
0238   0x94 0x07 0x07 0x02 0x0c 0x01 0x50 0x0a    ......P.
0240   0x32 0x64 0x00 0x01 0x00 0x00 0x48 0x00    2d....H.
0248   0x01 0x64 0x5c 0x0b 0x08 0x04 0x44 0x04    .d\...D.
0250   0x0e 0x45 0x14 0x18 0x44 0x01 0x01 0x01    .E..D...
0258   0x00 0x95 0x07 0x27 0x02 0x0c 0x5b 0x65    ...'..[e
0260   0x90 0x08 0x07 0x02 0x0c 0x01 0x50 0x0a    ......P.
0268   0x32 0x64 0x00 0x01 0x00 0x00 0x49 0x00    2d....I.
0270   0x01 0x64 0x5c 0x0b 0x0c 0x05 0x44 0x04    .d\...D.
0278   0x0f 0x45 0x14 0x19 0x44 0x01 0x01 0x01    .E..D...
0280   0x00 0x90 0x08 0x27 0x02 0x0c 0x5b 0x66    ...'..[f
0288   0xb3 0x11 0x07 0x02 0x0c 0x01 0x50 0x0a    ......P.
0290   0x32 0x64 0x00 0x01 0x00 0x00 0x49 0x00    2d....I.
0298   0x01 0x64 0x5c 0x0b 0x10 0x0e 0x44 0x04    .d\...D.
02A0   0x18 0x45 0x14 0x22 0x44 0x01 0x01 0x01    .E."D...
02A8   0x00 0xb3 0x11 0x27 0x02 0x0c 0x5b 0x65    ...'..[e
02B0   0x80 0x12 0x07 0x02 0x0c 0x01 0x50 0x0a    ......P.
02B8   0x32 0x64 0x00 0x01 0x00 0x00 0x4a 0x00    2d....J.
02C0   0x01 0x64 0x5c 0x0e 0x04 0x05 0x44 0x10    .d\...D.
02C8   0x0f 0x44 0x04 0x19 0x45 0x14 0x23 0x44    .D..E.#D
02D0   0x01 0x01 0x01 0x00 0x81 0x12 0x27 0x02    ......'.
02D8   0x0c 0x5b 0x65 0x8f 0x12 0x07 0x02 0x0c    .[e.....
02E0   0x01 0x50 0x0a 0x32 0x64 0x00 0x01 0x00    .P.2d...
02E8   0x00 0x4b 0x00 0x01 0x64 0x5c 0x0e 0x08    .K..d\..
02F0   0x05 0x44 0x10 0x0f 0x44 0x04 0x19 0x45    .D..D..E
02F8   0x14 0x23 0x44 0x01 0x01 0x01 0x00 0x8f    .#D.....
0300   0x12 0x27 0x02 0x0c 0x5b 0x65 0x99 0x12    .'..[e..
0308   0x07 0x02 0x0c 0x01 0x50 0x0a 0x32 0x64    ....P.2d
0310   0x00 0x01 0x00 0x00 0x4c 0x00 0x01 0x64    ....L..d
0318   0x5c 0x0e 0x0c 0x05 0x44 0x10 0x0f 0x44    \...D..D
0320   0x04 0x19 0x45 0x14 0x23 0x44 0x01 0x01    ..E.#D..
0328   0x01 0x00 0x99 0x12 0x27 0x02 0x0c 0x5b    ....'..[
0330   0x65 0xa8 0x12 0x07 0x02 0x0c 0x01 0x50    e......P
0338   0x0a 0x32 0x64 0x00 0x01 0x00 0x00 0x4d    .2d....M
0340   0x00 0x01 0x64 0x5c 0x0e 0x10 0x05 0x44    ..d\...D
0348   0x10 0x0f 0x44 0x04 0x19 0x45 0x14 0x23    ..D..E.#
0350   0x44 0x01 0x01 0x01 0x00 0xa8 0x12 0x27    D......'
0358   0x02 0x0c 0x1e 0x00 0x90 0x3b 0x12 0x42    .....;.B
0360   0x0c 0x1f 0x00 0xa8 0x3b 0x12 0x42 0x0c    ....;.B.
0368   0x64 0x01 0x83 0x0a 0x14 0x02 0x0c 0x17    d.......
0370   0x00 0xa3 0x0a 0x14 0x02 0x0c 0x18 0x00    ........
0378   0x40 0xca 0x06 0x01 0x06 0x07 0x00 0x00    @.......
0380   0x04 0xda 0x82 0x0c 0x6c 0x82 0x0c 0x05    ....l...
0388   0x00 0x65 0x64 0x66 0x12 0x00 0x00 0x04    .edf....
0390   0xda 0x03 0x9e 0x4b 0x01 0x3c 0x19 0x00    ...K.<..
0398   0x4f 0x01 0x3c 0x19 0x01 0x3c 0x64 0x00    O.<..<d.
03A0   0x00 0x00 0x00 0x00 0x00 0x10 0x10 0x00    ........
03A8   0x00 0x00 0x64 0x01 0x56 0xca 0x06 0x01    ..d.V...
03B0   0x06 0x17 0x00 0x60 0xca 0x06 0x01 0x06    ...`....
03B8   0x18 0x00 0x40 0xca 0x08 0x01 0x06 0x1e    ..@.....
03C0   0x00 0x66 0xcc 0x08 0x01 0x06 0x1f 0x00    .f......
03C8   0x48 0xcd 0x08 0x01 0x06 0x14 0x02 0x6d    H......m
03D0   0xd1 0x28 0x01 0x06 0x14 0x01 0x45 0xd2    .(....E.
03D8   0x48 0x01 0x06 0x14 0x02 0x46 0xd3 0x28    H....F.(
03E0   0x01 0x06 0x14 0x01 0x48 0xd4 0x48 0x01    ....H.H.
03E8   0x06 0x64 0x00 0x6f 0xd4 0x08 0x01 0x06    .d.o....
03F0   0x64 0x01 0x4d 0xd5 0x08 0x01 0x06 0x64    d.M....d
03F8   0x00 0x4a 0xd6 0x08 0x01 0x06 0xde 0x58    .J.....X
