INFO:__main__:howdy! I'm going to take a look at your pump and grab lots of info.
INFO:link:Link opened serial port: Serial<id=0x11e6190, open=True>(port='/dev/ttyUSB0', baudrate=9600, bytesize=8, parity='N', stopbits=1, timeout=0.4, xonxoff=False, rtscts=False, dsrdtr=False)
INFO:stick:PROCESS:OPEN:0.015
INFO:stick:PROCESS:START:0.086:ProductInfo:0x04
INFO:stick:link Stick transmit[None] reader[None] download_i[False] status[None] poll_size[None] poll_i[None] command[<ProductInfo:0x04:size(64)>] processing ProductInfo:0x04)
INFO:stick:send_force_read: attempt 0/5 send command, read until we get something within some timeout
INFO:stick:link Stick transmit[None] reader[None] download_i[False] status[None] poll_size[None] poll_i[None] command[<ProductInfo:0x04:size(64)>] sending ProductInfo:0x04)
INFO:root:usb.write.len: 3
0000   0x04 0x00 0x00                             ...
DEBUG:stick:sleeping 0.001
INFO:root:usb.read.len: 64
INFO:root:usb.read.raw:
0000   0x01 0x55 0x00 0x0b 0x30 0x00 0x00 0x00    .U..0...
0008   0x00 0x43 0x6f 0x6d 0x4c 0x69 0x6e 0x6b    .ComLink
0010   0x20 0x49 0x49 0x01 0x10 0x02 0x00 0x01     II.....
0018   0x01 0x03 0x00 0x00 0x00 0x00 0x00 0x00    ........
0020   0x00 0x00 0x00 0x00 0x00 0x00 0x00 0x00    ........
0028   0x00 0x00 0x00 0x00 0x00 0x00 0x00 0x00    ........
0030   0x00 0x00 0x00 0x00 0x00 0x00 0x00 0x00    ........
0038   0x00 0x00 0x00 0x00 0x00 0x00 0x00 0x00    ........
INFO:stick:quit send_force_read, found len: 64 expected 64 after 0 attempts
INFO:stick:finished processing ProductInfo:0x04, {'description': 'ComLink II', 'software.version': '1.16', 'interfaces': [(0, 'Paradigm RF'), (1, 'USB')], 'product.version': '0.0', 'rf.freq': '916.5Mhz', 'serial': '0b3000'}
INFO:stick:PROCESS:END:2.717:ProductInfo:0x04
INFO:stick:{'description': 'ComLink II', 'software.version': '1.16', 'interfaces': [(0, 'Paradigm RF'), (1, 'USB')], 'product.version': '0.0', 'rf.freq': '916.5Mhz', 'serial': '0b3000'}
INFO:stick:PROCESS:START:2.825:ProductInfo:0x04
INFO:stick:link Stick transmit[None] reader[None] download_i[False] status[None] poll_size[None] poll_i[None] command[<ProductInfo:0x04:size(64)>] processing ProductInfo:0x04)
INFO:stick:send_force_read: attempt 0/5 send command, read until we get something within some timeout
INFO:stick:link Stick transmit[None] reader[None] download_i[False] status[None] poll_size[None] poll_i[None] command[<ProductInfo:0x04:size(64)>] sending ProductInfo:0x04)
INFO:root:usb.write.len: 3
0000   0x04 0x00 0x00                             ...
DEBUG:stick:sleeping 0.001
INFO:root:usb.read.len: 64
INFO:root:usb.read.raw:
0000   0x01 0x55 0x00 0x0b 0x30 0x00 0x00 0x00    .U..0...
0008   0x00 0x43 0x6f 0x6d 0x4c 0x69 0x6e 0x6b    .ComLink
0010   0x20 0x49 0x49 0x01 0x10 0x02 0x00 0x01     II.....
0018   0x01 0x03 0x00 0x00 0x00 0x00 0x00 0x00    ........
0020   0x00 0x00 0x00 0x00 0x00 0x00 0x00 0x00    ........
0028   0x00 0x00 0x00 0x00 0x00 0x00 0x00 0x00    ........
0030   0x00 0x00 0x00 0x00 0x00 0x00 0x00 0x00    ........
0038   0x00 0x00 0x00 0x00 0x00 0x00 0x00 0x00    ........
INFO:stick:quit send_force_read, found len: 64 expected 64 after 0 attempts
INFO:stick:finished processing ProductInfo:0x04, {'description': 'ComLink II', 'software.version': '1.16', 'interfaces': [(0, 'Paradigm RF'), (1, 'USB')], 'product.version': '0.0', 'rf.freq': '916.5Mhz', 'serial': '0b3000'}
INFO:stick:PROCESS:END:5.662:ProductInfo:0x04
INFO:stick:{'description': 'ComLink II', 'software.version': '1.16', 'interfaces': [(0, 'Paradigm RF'), (1, 'USB')], 'product.version': '0.0', 'rf.freq': '916.5Mhz', 'serial': '0b3000'}
INFO:stick:get signal strength of Stick transmit[None] reader[None] download_i[False] status[None] poll_size[None] poll_i[None] command[<ProductInfo:0x04:size(64)>]
INFO:stick:PROCESS:START:5.837:SignalStrength:0x06 0x00
INFO:stick:link Stick transmit[None] reader[None] download_i[False] status[None] poll_size[None] poll_i[None] command[<SignalStrength:0x06 0x00:size(64)>] processing SignalStrength:0x06 0x00)
INFO:stick:send_force_read: attempt 0/5 send command, read until we get something within some timeout
INFO:stick:link Stick transmit[None] reader[None] download_i[False] status[None] poll_size[None] poll_i[None] command[<SignalStrength:0x06 0x00:size(64)>] sending SignalStrength:0x06 0x00)
INFO:root:usb.write.len: 3
0000   0x06 0x00 0x00                             ...
DEBUG:stick:sleeping 0.001
INFO:root:usb.read.len: 64
INFO:root:usb.read.raw:
0000   0x01 0x55 0x00 0xba 0x30 0x00 0x00 0x00    .U..0...
0008   0x00 0x43 0x6f 0x6d 0x4c 0x69 0x6e 0x6b    .ComLink
0010   0x20 0x49 0x49 0x01 0x10 0x02 0x00 0x01     II.....
0018   0x01 0x03 0x00 0x00 0x00 0x00 0x00 0x00    ........
0020   0x00 0x00 0x00 0x00 0x00 0x00 0x00 0x00    ........
0028   0x00 0x00 0x00 0x00 0x00 0x00 0x00 0x00    ........
0030   0x00 0x00 0x00 0x00 0x00 0x00 0x00 0x00    ........
0038   0x00 0x00 0x00 0x00 0x00 0x00 0x00 0x00    ........
INFO:stick:quit send_force_read, found len: 64 expected 64 after 0 attempts
INFO:stick:<SignalStrength:0x06 0x00:size(64)>:readSignalStrength:186
INFO:stick:finished processing SignalStrength:0x06 0x00, 186
INFO:stick:PROCESS:END:8.765:SignalStrength:0x06 0x00
INFO:stick:we seem to have found a nice signal strength of: 186
INFO:session:setting up to talk with 047006
INFO:stick:PROCESS:START:8.922:UsbStats:0x05 0x01
INFO:stick:link Stick transmit[None] reader[None] download_i[False] status[None] poll_size[None] poll_i[None] command[<UsbStats:0x05 0x01:size(64)>] processing UsbStats:0x05 0x01)
INFO:stick:send_force_read: attempt 0/5 send command, read until we get something within some timeout
INFO:stick:link Stick transmit[None] reader[None] download_i[False] status[None] poll_size[None] poll_i[None] command[<UsbStats:0x05 0x01:size(64)>] sending UsbStats:0x05 0x01)
INFO:root:usb.write.len: 3
0000   0x05 0x01 0x00                             ...
DEBUG:stick:sleeping 0.001
INFO:root:usb.read.len: 64
INFO:root:usb.read.raw:
0000   0x01 0x55 0x00 0x00 0x00 0x00 0x00 0x00    .U......
0008   0x00 0x08 0x99 0x00 0x00 0x08 0x99 0x08    ........
0010   0x9a 0x09 0x6c 0x08 0x99 0x04 0x00 0x00    ..l.....
0018   0x05 0x03 0x00 0x00 0x00 0x00 0x00 0x00    ........
0020   0x00 0x00 0x00 0x00 0x00 0x00 0x00 0x00    ........
0028   0x00 0x00 0x00 0x00 0x00 0x00 0x00 0x00    ........
0030   0x00 0x00 0x00 0x00 0x00 0x00 0x00 0x00    ........
0038   0x00 0x00 0x00 0x00 0x00 0x00 0x00 0x00    ........
INFO:stick:quit send_force_read, found len: 64 expected 64 after 0 attempts
INFO:stick:finished processing UsbStats:0x05 0x01, {'errors.timeouts': 0, 'packets.transmit': 2201L, 'errors.naks': 0, 'errors.sequence': 0, 'packets.received': 2201L, 'errors.crc': 0}
INFO:stick:PROCESS:END:13.248:UsbStats:0x05 0x01
INFO:stick:PROCESS:START:13.324:RadioStats:0x05 0x00
INFO:stick:link Stick transmit[None] reader[None] download_i[False] status[None] poll_size[None] poll_i[None] command[<RadioStats:0x05 0x00:size(64)>] processing RadioStats:0x05 0x00)
INFO:stick:send_force_read: attempt 0/5 send command, read until we get something within some timeout
INFO:stick:link Stick transmit[None] reader[None] download_i[False] status[None] poll_size[None] poll_i[None] command[<RadioStats:0x05 0x00:size(64)>] sending RadioStats:0x05 0x00)
INFO:root:usb.write.len: 3
0000   0x05 0x00 0x00                             ...
DEBUG:stick:sleeping 0.001
INFO:root:usb.read.len: 64
INFO:root:usb.read.raw:
0000   0x01 0x55 0x00 0x01 0x04 0x00 0x12 0x00    .U......
0008   0x00 0x01 0xe5 0x00 0x00 0x02 0x21 0x00    ......!.
0010   0x00 0x00 0xcf 0x00 0x6d 0x00 0xe8 0x01    ....m...
0018   0x0c 0x00 0x6a 0x00 0x6c 0x00 0x00 0x00    ..j.l...
0020   0x00 0x01 0x01 0x42 0x00 0x00 0x00 0x00    ...B....
0028   0x00 0x00 0x00 0x00 0x00 0x00 0x00 0x00    ........
0030   0x00 0x00 0x00 0x00 0x00 0x00 0x00 0x00    ........
0038   0x00 0x00 0x00 0x00 0x00 0x00 0x00 0x00    ........
INFO:stick:quit send_force_read, found len: 64 expected 64 after 0 attempts
INFO:stick:finished processing RadioStats:0x05 0x00, {'errors.timeouts': 18, 'packets.transmit': 545L, 'errors.naks': 0, 'errors.sequence': 4, 'packets.received': 485L, 'errors.crc': 1}
INFO:stick:PROCESS:END:15.651:RadioStats:0x05 0x00
INFO:__main__:{'radio': {'errors.crc': 1,
           'errors.naks': 0,
           'errors.sequence': 4,
           'errors.timeouts': 18,
           'packets.received': 485L,
           'packets.transmit': 545L},
 'usb': {'errors.crc': 0,
         'errors.naks': 0,
         'errors.sequence': 0,
         'errors.timeouts': 0,
         'packets.received': 2201L,
         'packets.transmit': 2201L}}
INFO:session:execute attempt: 1
INFO:session:session transferring packet
INFO:stick:transmit_packet:write:<TransmitPacket:ReadPumpModel:data:unknown>
INFO:stick:PROCESS:START:16.459:TransmitPacket:ReadPumpModel:data:unknown
INFO:stick:link Stick transmit[TransmitPacket:ReadPumpModel:data:unknown] reader[None] download_i[False] status[None] poll_size[None] poll_i[None] command[<TransmitPacket:ReadPumpModel:data:unknown>] processing TransmitPacket:ReadPumpModel:data:unknown)
INFO:stick:send_force_read: attempt 0/5 send command, read until we get something within some timeout
INFO:stick:link Stick transmit[TransmitPacket:ReadPumpModel:data:unknown] reader[None] download_i[False] status[None] poll_size[None] poll_i[None] command[<TransmitPacket:ReadPumpModel:data:unknown>] sending TransmitPacket:ReadPumpModel:data:unknown)
DEBUG:stick:[1, 0, 167, 1, 4, 112, 6, 128, 0, 0, 2, 1, 0, 141, 65, 0]
INFO:root:usb.write.len: 16
0000   0x01 0x00 0xa7 0x01 0x04 0x70 0x06 0x80    .....p..
0008   0x00 0x00 0x02 0x01 0x00 0x8d 0x41 0x00    ......A.
DEBUG:stick:sleeping 0.001
INFO:root:usb.read.len: 64
INFO:root:usb.read.raw:
0000   0x01 0x55 0x00 0x01 0x04 0x00 0x12 0x00    .U......
0008   0x00 0x01 0xe5 0x00 0x00 0x02 0x21 0x00    ......!.
0010   0x00 0x00 0xcf 0x00 0x6d 0x00 0xe8 0x01    ....m...
0018   0x0c 0x00 0x6a 0x00 0x6c 0x00 0x00 0x00    ..j.l...
0020   0x00 0x01 0x01 0x42 0x00 0x00 0x00 0x00    ...B....
0028   0x00 0x00 0x00 0x00 0x00 0x00 0x00 0x00    ........
0030   0x00 0x00 0x00 0x00 0x00 0x00 0x00 0x00    ........
0038   0x00 0x00 0x00 0x00 0x00 0x00 0x00 0x00    ........
INFO:stick:quit send_force_read, found len: 64 expected 64 after 0 attempts
INFO:stick:finished processing TransmitPacket:ReadPumpModel:data:unknown, bytearray(b'\x01\x04\x00\x12\x00\x00\x01\xe5\x00\x00\x02!\x00\x00\x00\xcf\x00m\x00\xe8\x01\x0c\x00j\x00l\x00\x00\x00\x00\x01\x01B\x00\x00\x00\x00\x00\x00\x00\x00\x00\x00\x00\x00\x00\x00\x00\x00\x00\x00\x00\x00\x00\x00\x00\x00\x00\x00\x00\x00')
INFO:stick:PROCESS:END:19.682:TransmitPacket:ReadPumpModel:data:unknown
INFO:session:sleeping 0.5 before download
INFO:session:proceeding with download
INFO:stick:download:start:0
INFO:stick:Stick transmit[TransmitPacket:ReadPumpModel:data:unknown] reader[None] download_i[1] status[None] poll_size[None] poll_i[None] command[<TransmitPacket:ReadPumpModel:data:unknown>]:download(attempts[1],expect[0],results[0]:data[0]):begin first poll first sleep .250
DEBUG:stick:<Stick transmit[TransmitPacket:ReadPumpModel:data:unknown] reader[None] download_i[1] status[None] poll_size[None] poll_i[None] command[<TransmitPacket:ReadPumpModel:data:unknown>]>:STARTING POLL PHASE:attempt:0
DEBUG:stick:<Stick transmit[TransmitPacket:ReadPumpModel:data:unknown] reader[None] download_i[1] status[None] poll_size[0] poll_i[0] command[<TransmitPacket:ReadPumpModel:data:unknown>]>:poll:attempt:0
INFO:stick:PROCESS:START:771.168:LinkStatus:0x03:status:size=64
INFO:stick:link Stick transmit[TransmitPacket:ReadPumpModel:data:unknown] reader[None] download_i[1] status[None] poll_size[0] poll_i[0] command[<LinkStatus:0x03:status:size=64:size(64)>] processing LinkStatus:0x03:status:size=64)
INFO:stick:send_force_read: attempt 0/5 send command, read until we get something within some timeout
INFO:stick:link Stick transmit[TransmitPacket:ReadPumpModel:data:unknown] reader[None] download_i[1] status[None] poll_size[0] poll_i[0] command[<LinkStatus:0x03:status:size=64:size(64)>] sending LinkStatus:0x03:status:size=64)
INFO:root:usb.write.len: 3
0000   0x03 0x00 0x00                             ...
DEBUG:stick:sleeping 0.001
INFO:root:usb.read.len: 64
INFO:root:usb.read.raw:
0000   0x01 0x55 0x00 0x00 0x02 0x00 0x00 0x00    .U......
0008   0x05 0x04 0x00 0x00 0x00 0x02 0x21 0x00    ......!.
0010   0x00 0x00 0xcf 0x00 0x6d 0x00 0xe8 0x01    ....m...
0018   0x0c 0x00 0x6a 0x00 0x6c 0x00 0x00 0x00    ..j.l...
0020   0x00 0x01 0x01 0x42 0x00 0x00 0x00 0x00    ...B....
0028   0x00 0x00 0x00 0x00 0x00 0x00 0x00 0x00    ........
0030   0x00 0x00 0x00 0x00 0x00 0x00 0x00 0x00    ........
0038   0x00 0x00 0x00 0x00 0x00 0x00 0x00 0x00    ........
INFO:stick:quit send_force_read, found len: 64 expected 64 after 0 attempts
INFO:stick:LinkStatus:0x03:status:size=??LinkStatus:error:True:reason:['OK']

INFO:stick:finished processing LinkStatus:0x03:status:size=??LinkStatus:error:True:reason:[], 0
INFO:stick:PROCESS:END:774.761:LinkStatus:0x03:status:size=??LinkStatus:error:True:reason:[]
DEBUG:stick:poll zero, sleeping in POLL, .100
DEBUG:stick:<Stick transmit[TransmitPacket:ReadPumpModel:data:unknown] reader[None] download_i[1] status[<LinkStatus:0x03:status:size=??LinkStatus:error:True:reason:[]:size(0)>] poll_size[0] poll_i[1] command[<LinkStatus:0x03:status:size=??LinkStatus:error:True:reason:[]:size(0)>]>:poll:attempt:1
INFO:stick:PROCESS:START:875.189:LinkStatus:0x03:status:size=64
INFO:stick:link Stick transmit[TransmitPacket:ReadPumpModel:data:unknown] reader[None] download_i[1] status[<LinkStatus:0x03:status:size=??LinkStatus:error:True:reason:[]:size(0)>] poll_size[0] poll_i[1] command[<LinkStatus:0x03:status:size=64:size(64)>] processing LinkStatus:0x03:status:size=64)
INFO:stick:send_force_read: attempt 0/5 send command, read until we get something within some timeout
INFO:stick:link Stick transmit[TransmitPacket:ReadPumpModel:data:unknown] reader[None] download_i[1] status[<LinkStatus:0x03:status:size=??LinkStatus:error:True:reason:[]:size(0)>] poll_size[0] poll_i[1] command[<LinkStatus:0x03:status:size=64:size(64)>] sending LinkStatus:0x03:status:size=64)
INFO:root:usb.write.len: 3
0000   0x03 0x00 0x00                             ...
DEBUG:stick:sleeping 0.001
INFO:root:usb.read.len: 64
INFO:root:usb.read.raw:
0000   0x01 0x55 0x00 0x00 0x02 0x00 0x00 0x00    .U......
0008   0x05 0x04 0x00 0x00 0x00 0x02 0x21 0x00    ......!.
0010   0x00 0x00 0xcf 0x00 0x6d 0x00 0xe8 0x01    ....m...
0018   0x0c 0x00 0x6a 0x00 0x6c 0x00 0x00 0x00    ..j.l...
0020   0x00 0x01 0x01 0x42 0x00 0x00 0x00 0x00    ...B....
0028   0x00 0x00 0x00 0x00 0x00 0x00 0x00 0x00    ........
0030   0x00 0x00 0x00 0x00 0x00 0x00 0x00 0x00    ........
0038   0x00 0x00 0x00 0x00 0x00 0x00 0x00 0x00    ........
INFO:stick:quit send_force_read, found len: 64 expected 64 after 0 attempts
INFO:stick:LinkStatus:0x03:status:size=??LinkStatus:error:True:reason:['OK']

INFO:stick:finished processing LinkStatus:0x03:status:size=??LinkStatus:error:True:reason:[], 0
INFO:stick:PROCESS:END:877.748:LinkStatus:0x03:status:size=??LinkStatus:error:True:reason:[]
DEBUG:stick:poll zero, sleeping in POLL, .100
DEBUG:stick:<Stick transmit[TransmitPacket:ReadPumpModel:data:unknown] reader[None] download_i[1] status[<LinkStatus:0x03:status:size=??LinkStatus:error:True:reason:[]:size(0)>] poll_size[0] poll_i[2] command[<LinkStatus:0x03:status:size=??LinkStatus:error:True:reason:[]:size(0)>]>:poll:attempt:2
INFO:stick:PROCESS:START:978.198:LinkStatus:0x03:status:size=64
INFO:stick:link Stick transmit[TransmitPacket:ReadPumpModel:data:unknown] reader[None] download_i[1] status[<LinkStatus:0x03:status:size=??LinkStatus:error:True:reason:[]:size(0)>] poll_size[0] poll_i[2] command[<LinkStatus:0x03:status:size=64:size(64)>] processing LinkStatus:0x03:status:size=64)
INFO:stick:send_force_read: attempt 0/5 send command, read until we get something within some timeout
INFO:stick:link Stick transmit[TransmitPacket:ReadPumpModel:data:unknown] reader[None] download_i[1] status[<LinkStatus:0x03:status:size=??LinkStatus:error:True:reason:[]:size(0)>] poll_size[0] poll_i[2] command[<LinkStatus:0x03:status:size=64:size(64)>] sending LinkStatus:0x03:status:size=64)
INFO:root:usb.write.len: 3
0000   0x03 0x00 0x00                             ...
DEBUG:stick:sleeping 0.001
INFO:root:usb.read.len: 64
INFO:root:usb.read.raw:
0000   0x01 0x55 0x00 0x00 0x02 0x00 0x00 0x00    .U......
0008   0x05 0x04 0x00 0x00 0x00 0x02 0x21 0x00    ......!.
0010   0x00 0x00 0xcf 0x00 0x6d 0x00 0xe8 0x01    ....m...
0018   0x0c 0x00 0x6a 0x00 0x6c 0x00 0x00 0x00    ..j.l...
0020   0x00 0x01 0x01 0x42 0x00 0x00 0x00 0x00    ...B....
0028   0x00 0x00 0x00 0x00 0x00 0x00 0x00 0x00    ........
0030   0x00 0x00 0x00 0x00 0x00 0x00 0x00 0x00    ........
0038   0x00 0x00 0x00 0x00 0x00 0x00 0x00 0x00    ........
INFO:stick:quit send_force_read, found len: 64 expected 64 after 0 attempts
INFO:stick:LinkStatus:0x03:status:size=??LinkStatus:error:True:reason:['OK']

INFO:stick:finished processing LinkStatus:0x03:status:size=??LinkStatus:error:True:reason:[], 0
INFO:stick:PROCESS:END:980.75:LinkStatus:0x03:status:size=??LinkStatus:error:True:reason:[]
DEBUG:stick:poll zero, sleeping in POLL, .100
DEBUG:stick:<Stick transmit[TransmitPacket:ReadPumpModel:data:unknown] reader[None] download_i[1] status[<LinkStatus:0x03:status:size=??LinkStatus:error:True:reason:[]:size(0)>] poll_size[0] poll_i[3] command[<LinkStatus:0x03:status:size=??LinkStatus:error:True:reason:[]:size(0)>]>:poll:attempt:3
INFO:stick:PROCESS:START:1081.152:LinkStatus:0x03:status:size=64
INFO:stick:link Stick transmit[TransmitPacket:ReadPumpModel:data:unknown] reader[None] download_i[1] status[<LinkStatus:0x03:status:size=??LinkStatus:error:True:reason:[]:size(0)>] poll_size[0] poll_i[3] command[<LinkStatus:0x03:status:size=64:size(64)>] processing LinkStatus:0x03:status:size=64)
INFO:stick:send_force_read: attempt 0/5 send command, read until we get something within some timeout
INFO:stick:link Stick transmit[TransmitPacket:ReadPumpModel:data:unknown] reader[None] download_i[1] status[<LinkStatus:0x03:status:size=??LinkStatus:error:True:reason:[]:size(0)>] poll_size[0] poll_i[3] command[<LinkStatus:0x03:status:size=64:size(64)>] sending LinkStatus:0x03:status:size=64)
INFO:root:usb.write.len: 3
0000   0x03 0x00 0x00                             ...
DEBUG:stick:sleeping 0.001
INFO:root:usb.read.len: 64
INFO:root:usb.read.raw:
0000   0x01 0x55 0x00 0x00 0x02 0x00 0x00 0x00    .U......
0008   0x05 0x04 0x00 0x00 0x00 0x02 0x21 0x00    ......!.
0010   0x00 0x00 0xcf 0x00 0x6d 0x00 0xe8 0x01    ....m...
0018   0x0c 0x00 0x6a 0x00 0x6c 0x00 0x00 0x00    ..j.l...
0020   0x00 0x01 0x01 0x42 0x00 0x00 0x00 0x00    ...B....
0028   0x00 0x00 0x00 0x00 0x00 0x00 0x00 0x00    ........
0030   0x00 0x00 0x00 0x00 0x00 0x00 0x00 0x00    ........
0038   0x00 0x00 0x00 0x00 0x00 0x00 0x00 0x00    ........
INFO:stick:quit send_force_read, found len: 64 expected 64 after 0 attempts
INFO:stick:LinkStatus:0x03:status:size=??LinkStatus:error:True:reason:['OK']

INFO:stick:finished processing LinkStatus:0x03:status:size=??LinkStatus:error:True:reason:[], 0
INFO:stick:PROCESS:END:1083.751:LinkStatus:0x03:status:size=??LinkStatus:error:True:reason:[]
DEBUG:stick:poll zero, sleeping in POLL, .100
DEBUG:stick:<Stick transmit[TransmitPacket:ReadPumpModel:data:unknown] reader[None] download_i[1] status[<LinkStatus:0x03:status:size=??LinkStatus:error:True:reason:[]:size(0)>] poll_size[0] poll_i[4] command[<LinkStatus:0x03:status:size=??LinkStatus:error:True:reason:[]:size(0)>]>:poll:attempt:4
INFO:stick:PROCESS:START:1184.185:LinkStatus:0x03:status:size=64
INFO:stick:link Stick transmit[TransmitPacket:ReadPumpModel:data:unknown] reader[None] download_i[1] status[<LinkStatus:0x03:status:size=??LinkStatus:error:True:reason:[]:size(0)>] poll_size[0] poll_i[4] command[<LinkStatus:0x03:status:size=64:size(64)>] processing LinkStatus:0x03:status:size=64)
INFO:stick:send_force_read: attempt 0/5 send command, read until we get something within some timeout
INFO:stick:link Stick transmit[TransmitPacket:ReadPumpModel:data:unknown] reader[None] download_i[1] status[<LinkStatus:0x03:status:size=??LinkStatus:error:True:reason:[]:size(0)>] poll_size[0] poll_i[4] command[<LinkStatus:0x03:status:size=64:size(64)>] sending LinkStatus:0x03:status:size=64)
INFO:root:usb.write.len: 3
0000   0x03 0x00 0x00                             ...
DEBUG:stick:sleeping 0.001
INFO:root:usb.read.len: 64
INFO:root:usb.read.raw:
0000   0x01 0x55 0x00 0x00 0x02 0x00 0x00 0x00    .U......
0008   0x05 0x04 0x00 0x00 0x00 0x02 0x21 0x00    ......!.
0010   0x00 0x00 0xcf 0x00 0x6d 0x00 0xe8 0x01    ....m...
0018   0x0c 0x00 0x6a 0x00 0x6c 0x00 0x00 0x00    ..j.l...
0020   0x00 0x01 0x01 0x42 0x00 0x00 0x00 0x00    ...B....
0028   0x00 0x00 0x00 0x00 0x00 0x00 0x00 0x00    ........
0030   0x00 0x00 0x00 0x00 0x00 0x00 0x00 0x00    ........
0038   0x00 0x00 0x00 0x00 0x00 0x00 0x00 0x00    ........
INFO:stick:quit send_force_read, found len: 64 expected 64 after 0 attempts
INFO:stick:LinkStatus:0x03:status:size=??LinkStatus:error:True:reason:['OK']

INFO:stick:finished processing LinkStatus:0x03:status:size=??LinkStatus:error:True:reason:[], 0
INFO:stick:PROCESS:END:1186.712:LinkStatus:0x03:status:size=??LinkStatus:error:True:reason:[]
DEBUG:stick:poll zero, sleeping in POLL, .100
DEBUG:stick:<Stick transmit[TransmitPacket:ReadPumpModel:data:unknown] reader[None] download_i[1] status[<LinkStatus:0x03:status:size=??LinkStatus:error:True:reason:[]:size(0)>] poll_size[0] poll_i[5] command[<LinkStatus:0x03:status:size=??LinkStatus:error:True:reason:[]:size(0)>]>:poll:attempt:5
INFO:stick:PROCESS:START:1287.149:LinkStatus:0x03:status:size=64
INFO:stick:link Stick transmit[TransmitPacket:ReadPumpModel:data:unknown] reader[None] download_i[1] status[<LinkStatus:0x03:status:size=??LinkStatus:error:True:reason:[]:size(0)>] poll_size[0] poll_i[5] command[<LinkStatus:0x03:status:size=64:size(64)>] processing LinkStatus:0x03:status:size=64)
INFO:stick:send_force_read: attempt 0/5 send command, read until we get something within some timeout
INFO:stick:link Stick transmit[TransmitPacket:ReadPumpModel:data:unknown] reader[None] download_i[1] status[<LinkStatus:0x03:status:size=??LinkStatus:error:True:reason:[]:size(0)>] poll_size[0] poll_i[5] command[<LinkStatus:0x03:status:size=64:size(64)>] sending LinkStatus:0x03:status:size=64)
INFO:root:usb.write.len: 3
0000   0x03 0x00 0x00                             ...
DEBUG:stick:sleeping 0.001
INFO:root:usb.read.len: 64
INFO:root:usb.read.raw:
0000   0x01 0x55 0x00 0x00 0x02 0x00 0x00 0x00    .U......
0008   0x05 0x04 0x00 0x00 0x00 0x02 0x21 0x00    ......!.
0010   0x00 0x00 0xcf 0x00 0x6d 0x00 0xe8 0x01    ....m...
0018   0x0c 0x00 0x6a 0x00 0x6c 0x00 0x00 0x00    ..j.l...
0020   0x00 0x01 0x01 0x42 0x00 0x00 0x00 0x00    ...B....
0028   0x00 0x00 0x00 0x00 0x00 0x00 0x00 0x00    ........
0030   0x00 0x00 0x00 0x00 0x00 0x00 0x00 0x00    ........
0038   0x00 0x00 0x00 0x00 0x00 0x00 0x00 0x00    ........
INFO:stick:quit send_force_read, found len: 64 expected 64 after 0 attempts
INFO:stick:LinkStatus:0x03:status:size=??LinkStatus:error:True:reason:['OK']

INFO:stick:finished processing LinkStatus:0x03:status:size=??LinkStatus:error:True:reason:[], 0
INFO:stick:PROCESS:END:1289.736:LinkStatus:0x03:status:size=??LinkStatus:error:True:reason:[]
DEBUG:stick:poll zero, sleeping in POLL, .100
DEBUG:stick:<Stick transmit[TransmitPacket:ReadPumpModel:data:unknown] reader[None] download_i[1] status[<LinkStatus:0x03:status:size=??LinkStatus:error:True:reason:[]:size(0)>] poll_size[0] poll_i[6] command[<LinkStatus:0x03:status:size=??LinkStatus:error:True:reason:[]:size(0)>]>:poll:attempt:6
INFO:stick:PROCESS:START:1390.225:LinkStatus:0x03:status:size=64
INFO:stick:link Stick transmit[TransmitPacket:ReadPumpModel:data:unknown] reader[None] download_i[1] status[<LinkStatus:0x03:status:size=??LinkStatus:error:True:reason:[]:size(0)>] poll_size[0] poll_i[6] command[<LinkStatus:0x03:status:size=64:size(64)>] processing LinkStatus:0x03:status:size=64)
INFO:stick:send_force_read: attempt 0/5 send command, read until we get something within some timeout
INFO:stick:link Stick transmit[TransmitPacket:ReadPumpModel:data:unknown] reader[None] download_i[1] status[<LinkStatus:0x03:status:size=??LinkStatus:error:True:reason:[]:size(0)>] poll_size[0] poll_i[6] command[<LinkStatus:0x03:status:size=64:size(64)>] sending LinkStatus:0x03:status:size=64)
INFO:root:usb.write.len: 3
0000   0x03 0x00 0x00                             ...
DEBUG:stick:sleeping 0.001
INFO:root:usb.read.len: 64
INFO:root:usb.read.raw:
0000   0x01 0x55 0x00 0x00 0x02 0x00 0x00 0x00    .U......
0008   0x05 0x04 0x00 0x00 0x00 0x02 0x21 0x00    ......!.
0010   0x00 0x00 0xcf 0x00 0x6d 0x00 0xe8 0x01    ....m...
0018   0x0c 0x00 0x6a 0x00 0x6c 0x00 0x00 0x00    ..j.l...
0020   0x00 0x01 0x01 0x42 0x00 0x00 0x00 0x00    ...B....
0028   0x00 0x00 0x00 0x00 0x00 0x00 0x00 0x00    ........
0030   0x00 0x00 0x00 0x00 0x00 0x00 0x00 0x00    ........
0038   0x00 0x00 0x00 0x00 0x00 0x00 0x00 0x00    ........
INFO:stick:quit send_force_read, found len: 64 expected 64 after 0 attempts
INFO:stick:LinkStatus:0x03:status:size=??LinkStatus:error:True:reason:['OK']

INFO:stick:finished processing LinkStatus:0x03:status:size=??LinkStatus:error:True:reason:[], 0
INFO:stick:PROCESS:END:1392.756:LinkStatus:0x03:status:size=??LinkStatus:error:True:reason:[]
DEBUG:stick:poll zero, sleeping in POLL, .100
DEBUG:stick:<Stick transmit[TransmitPacket:ReadPumpModel:data:unknown] reader[None] download_i[1] status[<LinkStatus:0x03:status:size=??LinkStatus:error:True:reason:[]:size(0)>] poll_size[0] poll_i[7] command[<LinkStatus:0x03:status:size=??LinkStatus:error:True:reason:[]:size(0)>]>:poll:attempt:7
INFO:stick:PROCESS:START:1493.15:LinkStatus:0x03:status:size=64
INFO:stick:link Stick transmit[TransmitPacket:ReadPumpModel:data:unknown] reader[None] download_i[1] status[<LinkStatus:0x03:status:size=??LinkStatus:error:True:reason:[]:size(0)>] poll_size[0] poll_i[7] command[<LinkStatus:0x03:status:size=64:size(64)>] processing LinkStatus:0x03:status:size=64)
INFO:stick:send_force_read: attempt 0/5 send command, read until we get something within some timeout
INFO:stick:link Stick transmit[TransmitPacket:ReadPumpModel:data:unknown] reader[None] download_i[1] status[<LinkStatus:0x03:status:size=??LinkStatus:error:True:reason:[]:size(0)>] poll_size[0] poll_i[7] command[<LinkStatus:0x03:status:size=64:size(64)>] sending LinkStatus:0x03:status:size=64)
INFO:root:usb.write.len: 3
0000   0x03 0x00 0x00                             ...
DEBUG:stick:sleeping 0.001
INFO:root:usb.read.len: 64
INFO:root:usb.read.raw:
0000   0x01 0x55 0x00 0x00 0x02 0x00 0x00 0x00    .U......
0008   0x05 0x04 0x00 0x00 0x00 0x02 0x21 0x00    ......!.
0010   0x00 0x00 0xcf 0x00 0x6d 0x00 0xe8 0x01    ....m...
0018   0x0c 0x00 0x6a 0x00 0x6c 0x00 0x00 0x00    ..j.l...
0020   0x00 0x01 0x01 0x42 0x00 0x00 0x00 0x00    ...B....
0028   0x00 0x00 0x00 0x00 0x00 0x00 0x00 0x00    ........
0030   0x00 0x00 0x00 0x00 0x00 0x00 0x00 0x00    ........
0038   0x00 0x00 0x00 0x00 0x00 0x00 0x00 0x00    ........
INFO:stick:quit send_force_read, found len: 64 expected 64 after 0 attempts
INFO:stick:LinkStatus:0x03:status:size=??LinkStatus:error:True:reason:['OK']

INFO:stick:finished processing LinkStatus:0x03:status:size=??LinkStatus:error:True:reason:[], 0
INFO:stick:PROCESS:END:1495.749:LinkStatus:0x03:status:size=??LinkStatus:error:True:reason:[]
DEBUG:stick:poll zero, sleeping in POLL, .100
DEBUG:stick:<Stick transmit[TransmitPacket:ReadPumpModel:data:unknown] reader[None] download_i[1] status[<LinkStatus:0x03:status:size=??LinkStatus:error:True:reason:[]:size(0)>] poll_size[0] poll_i[8] command[<LinkStatus:0x03:status:size=??LinkStatus:error:True:reason:[]:size(0)>]>:poll:attempt:8
INFO:stick:PROCESS:START:1596.202:LinkStatus:0x03:status:size=64
INFO:stick:link Stick transmit[TransmitPacket:ReadPumpModel:data:unknown] reader[None] download_i[1] status[<LinkStatus:0x03:status:size=??LinkStatus:error:True:reason:[]:size(0)>] poll_size[0] poll_i[8] command[<LinkStatus:0x03:status:size=64:size(64)>] processing LinkStatus:0x03:status:size=64)
INFO:stick:send_force_read: attempt 0/5 send command, read until we get something within some timeout
INFO:stick:link Stick transmit[TransmitPacket:ReadPumpModel:data:unknown] reader[None] download_i[1] status[<LinkStatus:0x03:status:size=??LinkStatus:error:True:reason:[]:size(0)>] poll_size[0] poll_i[8] command[<LinkStatus:0x03:status:size=64:size(64)>] sending LinkStatus:0x03:status:size=64)
INFO:root:usb.write.len: 3
0000   0x03 0x00 0x00                             ...
DEBUG:stick:sleeping 0.001
INFO:root:usb.read.len: 64
INFO:root:usb.read.raw:
0000   0x01 0x55 0x00 0x00 0x02 0x00 0x00 0x00    .U......
0008   0x05 0x04 0x00 0x00 0x00 0x02 0x21 0x00    ......!.
0010   0x00 0x00 0xcf 0x00 0x6d 0x00 0xe8 0x01    ....m...
0018   0x0c 0x00 0x6a 0x00 0x6c 0x00 0x00 0x00    ..j.l...
0020   0x00 0x01 0x01 0x42 0x00 0x00 0x00 0x00    ...B....
0028   0x00 0x00 0x00 0x00 0x00 0x00 0x00 0x00    ........
0030   0x00 0x00 0x00 0x00 0x00 0x00 0x00 0x00    ........
0038   0x00 0x00 0x00 0x00 0x00 0x00 0x00 0x00    ........
INFO:stick:quit send_force_read, found len: 64 expected 64 after 0 attempts
INFO:stick:LinkStatus:0x03:status:size=??LinkStatus:error:True:reason:['OK']

INFO:stick:finished processing LinkStatus:0x03:status:size=??LinkStatus:error:True:reason:[], 0
INFO:stick:PROCESS:END:1598.751:LinkStatus:0x03:status:size=??LinkStatus:error:True:reason:[]
DEBUG:stick:poll zero, sleeping in POLL, .100
DEBUG:stick:<Stick transmit[TransmitPacket:ReadPumpModel:data:unknown] reader[None] download_i[1] status[<LinkStatus:0x03:status:size=??LinkStatus:error:True:reason:[]:size(0)>] poll_size[0] poll_i[9] command[<LinkStatus:0x03:status:size=??LinkStatus:error:True:reason:[]:size(0)>]>:poll:attempt:9
INFO:stick:PROCESS:START:1699.17:LinkStatus:0x03:status:size=64
INFO:stick:link Stick transmit[TransmitPacket:ReadPumpModel:data:unknown] reader[None] download_i[1] status[<LinkStatus:0x03:status:size=??LinkStatus:error:True:reason:[]:size(0)>] poll_size[0] poll_i[9] command[<LinkStatus:0x03:status:size=64:size(64)>] processing LinkStatus:0x03:status:size=64)
INFO:stick:send_force_read: attempt 0/5 send command, read until we get something within some timeout
INFO:stick:link Stick transmit[TransmitPacket:ReadPumpModel:data:unknown] reader[None] download_i[1] status[<LinkStatus:0x03:status:size=??LinkStatus:error:True:reason:[]:size(0)>] poll_size[0] poll_i[9] command[<LinkStatus:0x03:status:size=64:size(64)>] sending LinkStatus:0x03:status:size=64)
INFO:root:usb.write.len: 3
0000   0x03 0x00 0x00                             ...
DEBUG:stick:sleeping 0.001
INFO:root:usb.read.len: 64
INFO:root:usb.read.raw:
0000   0x01 0x55 0x00 0x00 0x02 0x00 0x00 0x00    .U......
0008   0x05 0x04 0x00 0x00 0x00 0x02 0x21 0x00    ......!.
0010   0x00 0x00 0xcf 0x00 0x6d 0x00 0xe8 0x01    ....m...
0018   0x0c 0x00 0x6a 0x00 0x6c 0x00 0x00 0x00    ..j.l...
0020   0x00 0x01 0x01 0x42 0x00 0x00 0x00 0x00    ...B....
0028   0x00 0x00 0x00 0x00 0x00 0x00 0x00 0x00    ........
0030   0x00 0x00 0x00 0x00 0x00 0x00 0x00 0x00    ........
0038   0x00 0x00 0x00 0x00 0x00 0x00 0x00 0x00    ........
INFO:stick:quit send_force_read, found len: 64 expected 64 after 0 attempts
INFO:stick:LinkStatus:0x03:status:size=??LinkStatus:error:True:reason:['OK']

INFO:stick:finished processing LinkStatus:0x03:status:size=??LinkStatus:error:True:reason:[], 0
INFO:stick:PROCESS:END:1701.707:LinkStatus:0x03:status:size=??LinkStatus:error:True:reason:[]
DEBUG:stick:poll zero, sleeping in POLL, .100
INFO:stick:Stick transmit[TransmitPacket:ReadPumpModel:data:unknown] reader[None] download_i[1] status[<LinkStatus:0x03:status:size=??LinkStatus:error:True:reason:[]:size(0)>] poll_size[0] poll_i[9] command[<LinkStatus:0x03:status:size=??LinkStatus:error:True:reason:[]:size(0)>]:STOP POLL after 10 attempts:size:0
INFO:stick:Stick transmit[TransmitPacket:ReadPumpModel:data:unknown] reader[None] download_i[1] status[<LinkStatus:0x03:status:size=??LinkStatus:error:True:reason:[]:size(0)>] poll_size[0] poll_i[False] command[<LinkStatus:0x03:status:size=??LinkStatus:error:True:reason:[]:size(0)>]:download(attempts[1],expect[0],results[0]:data[0]):end first poll
INFO:stick:Stick transmit[TransmitPacket:ReadPumpModel:data:unknown] reader[None] download_i[1] status[<LinkStatus:0x03:status:size=??LinkStatus:error:True:reason:[]:size(0)>] poll_size[0] poll_i[False] command[<LinkStatus:0x03:status:size=??LinkStatus:error:True:reason:[]:size(0)>]:download(attempts[1],expect[0],results[0]:data[0]):zero poll size, sleep .500 try again
DEBUG:stick:<Stick transmit[TransmitPacket:ReadPumpModel:data:unknown] reader[None] download_i[1] status[<LinkStatus:0x03:status:size=??LinkStatus:error:True:reason:[]:size(0)>] poll_size[0] poll_i[False] command[<LinkStatus:0x03:status:size=??LinkStatus:error:True:reason:[]:size(0)>]>:STARTING POLL PHASE:attempt:0
DEBUG:stick:<Stick transmit[TransmitPacket:ReadPumpModel:data:unknown] reader[None] download_i[1] status[<LinkStatus:0x03:status:size=??LinkStatus:error:True:reason:[]:size(0)>] poll_size[0] poll_i[0] command[<LinkStatus:0x03:status:size=??LinkStatus:error:True:reason:[]:size(0)>]>:poll:attempt:0
INFO:stick:PROCESS:START:2302.808:LinkStatus:0x03:status:size=64
INFO:stick:link Stick transmit[TransmitPacket:ReadPumpModel:data:unknown] reader[None] download_i[1] status[<LinkStatus:0x03:status:size=??LinkStatus:error:True:reason:[]:size(0)>] poll_size[0] poll_i[0] command[<LinkStatus:0x03:status:size=64:size(64)>] processing LinkStatus:0x03:status:size=64)
INFO:stick:send_force_read: attempt 0/5 send command, read until we get something within some timeout
INFO:stick:link Stick transmit[TransmitPacket:ReadPumpModel:data:unknown] reader[None] download_i[1] status[<LinkStatus:0x03:status:size=??LinkStatus:error:True:reason:[]:size(0)>] poll_size[0] poll_i[0] command[<LinkStatus:0x03:status:size=64:size(64)>] sending LinkStatus:0x03:status:size=64)
INFO:root:usb.write.len: 3
0000   0x03 0x00 0x00                             ...
DEBUG:stick:sleeping 0.001
INFO:root:usb.read.len: 64
INFO:root:usb.read.raw:
0000   0x01 0x55 0x00 0x00 0x02 0x00 0x00 0x00    .U......
0008   0x05 0x04 0x00 0x00 0x00 0x02 0x21 0x00    ......!.
0010   0x00 0x00 0xcf 0x00 0x6d 0x00 0xe8 0x01    ....m...
0018   0x0c 0x00 0x6a 0x00 0x6c 0x00 0x00 0x00    ..j.l...
0020   0x00 0x01 0x01 0x42 0x00 0x00 0x00 0x00    ...B....
0028   0x00 0x00 0x00 0x00 0x00 0x00 0x00 0x00    ........
0030   0x00 0x00 0x00 0x00 0x00 0x00 0x00 0x00    ........
0038   0x00 0x00 0x00 0x00 0x00 0x00 0x00 0x00    ........
INFO:stick:quit send_force_read, found len: 64 expected 64 after 0 attempts
INFO:stick:LinkStatus:0x03:status:size=??LinkStatus:error:True:reason:['OK']

INFO:stick:finished processing LinkStatus:0x03:status:size=??LinkStatus:error:True:reason:[], 0
INFO:stick:PROCESS:END:2305.767:LinkStatus:0x03:status:size=??LinkStatus:error:True:reason:[]
DEBUG:stick:poll zero, sleeping in POLL, .100
DEBUG:stick:<Stick transmit[TransmitPacket:ReadPumpModel:data:unknown] reader[None] download_i[1] status[<LinkStatus:0x03:status:size=??LinkStatus:error:True:reason:[]:size(0)>] poll_size[0] poll_i[1] command[<LinkStatus:0x03:status:size=??LinkStatus:error:True:reason:[]:size(0)>]>:poll:attempt:1
INFO:stick:PROCESS:START:2406.211:LinkStatus:0x03:status:size=64
INFO:stick:link Stick transmit[TransmitPacket:ReadPumpModel:data:unknown] reader[None] download_i[1] status[<LinkStatus:0x03:status:size=??LinkStatus:error:True:reason:[]:size(0)>] poll_size[0] poll_i[1] command[<LinkStatus:0x03:status:size=64:size(64)>] processing LinkStatus:0x03:status:size=64)
INFO:stick:send_force_read: attempt 0/5 send command, read until we get something within some timeout
INFO:stick:link Stick transmit[TransmitPacket:ReadPumpModel:data:unknown] reader[None] download_i[1] status[<LinkStatus:0x03:status:size=??LinkStatus:error:True:reason:[]:size(0)>] poll_size[0] poll_i[1] command[<LinkStatus:0x03:status:size=64:size(64)>] sending LinkStatus:0x03:status:size=64)
INFO:root:usb.write.len: 3
0000   0x03 0x00 0x00                             ...
DEBUG:stick:sleeping 0.001
INFO:root:usb.read.len: 64
INFO:root:usb.read.raw:
0000   0x01 0x55 0x00 0x00 0x02 0x00 0x00 0x00    .U......
0008   0x05 0x04 0x00 0x00 0x00 0x02 0x21 0x00    ......!.
0010   0x00 0x00 0xcf 0x00 0x6d 0x00 0xe8 0x01    ....m...
0018   0x0c 0x00 0x6a 0x00 0x6c 0x00 0x00 0x00    ..j.l...
0020   0x00 0x01 0x01 0x42 0x00 0x00 0x00 0x00    ...B....
0028   0x00 0x00 0x00 0x00 0x00 0x00 0x00 0x00    ........
0030   0x00 0x00 0x00 0x00 0x00 0x00 0x00 0x00    ........
0038   0x00 0x00 0x00 0x00 0x00 0x00 0x00 0x00    ........
INFO:stick:quit send_force_read, found len: 64 expected 64 after 0 attempts
INFO:stick:LinkStatus:0x03:status:size=??LinkStatus:error:True:reason:['OK']

INFO:stick:finished processing LinkStatus:0x03:status:size=??LinkStatus:error:True:reason:[], 0
INFO:stick:PROCESS:END:2408.751:LinkStatus:0x03:status:size=??LinkStatus:error:True:reason:[]
DEBUG:stick:poll zero, sleeping in POLL, .100
DEBUG:stick:<Stick transmit[TransmitPacket:ReadPumpModel:data:unknown] reader[None] download_i[1] status[<LinkStatus:0x03:status:size=??LinkStatus:error:True:reason:[]:size(0)>] poll_size[0] poll_i[2] command[<LinkStatus:0x03:status:size=??LinkStatus:error:True:reason:[]:size(0)>]>:poll:attempt:2
INFO:stick:PROCESS:START:2509.204:LinkStatus:0x03:status:size=64
INFO:stick:link Stick transmit[TransmitPacket:ReadPumpModel:data:unknown] reader[None] download_i[1] status[<LinkStatus:0x03:status:size=??LinkStatus:error:True:reason:[]:size(0)>] poll_size[0] poll_i[2] command[<LinkStatus:0x03:status:size=64:size(64)>] processing LinkStatus:0x03:status:size=64)
INFO:stick:send_force_read: attempt 0/5 send command, read until we get something within some timeout
INFO:stick:link Stick transmit[TransmitPacket:ReadPumpModel:data:unknown] reader[None] download_i[1] status[<LinkStatus:0x03:status:size=??LinkStatus:error:True:reason:[]:size(0)>] poll_size[0] poll_i[2] command[<LinkStatus:0x03:status:size=64:size(64)>] sending LinkStatus:0x03:status:size=64)
INFO:root:usb.write.len: 3
0000   0x03 0x00 0x00                             ...
DEBUG:stick:sleeping 0.001
INFO:root:usb.read.len: 64
INFO:root:usb.read.raw:
0000   0x01 0x55 0x00 0x00 0x02 0x00 0x00 0x00    .U......
0008   0x05 0x04 0x00 0x00 0x00 0x02 0x21 0x00    ......!.
0010   0x00 0x00 0xcf 0x00 0x6d 0x00 0xe8 0x01    ....m...
0018   0x0c 0x00 0x6a 0x00 0x6c 0x00 0x00 0x00    ..j.l...
0020   0x00 0x01 0x01 0x42 0x00 0x00 0x00 0x00    ...B....
0028   0x00 0x00 0x00 0x00 0x00 0x00 0x00 0x00    ........
0030   0x00 0x00 0x00 0x00 0x00 0x00 0x00 0x00    ........
0038   0x00 0x00 0x00 0x00 0x00 0x00 0x00 0x00    ........
INFO:stick:quit send_force_read, found len: 64 expected 64 after 0 attempts
INFO:stick:LinkStatus:0x03:status:size=??LinkStatus:error:True:reason:['OK']

INFO:stick:finished processing LinkStatus:0x03:status:size=??LinkStatus:error:True:reason:[], 0
INFO:stick:PROCESS:END:2511.726:LinkStatus:0x03:status:size=??LinkStatus:error:True:reason:[]
DEBUG:stick:poll zero, sleeping in POLL, .100
DEBUG:stick:<Stick transmit[TransmitPacket:ReadPumpModel:data:unknown] reader[None] download_i[1] status[<LinkStatus:0x03:status:size=??LinkStatus:error:True:reason:[]:size(0)>] poll_size[0] poll_i[3] command[<LinkStatus:0x03:status:size=??LinkStatus:error:True:reason:[]:size(0)>]>:poll:attempt:3
INFO:stick:PROCESS:START:2612.206:LinkStatus:0x03:status:size=64
INFO:stick:link Stick transmit[TransmitPacket:ReadPumpModel:data:unknown] reader[None] download_i[1] status[<LinkStatus:0x03:status:size=??LinkStatus:error:True:reason:[]:size(0)>] poll_size[0] poll_i[3] command[<LinkStatus:0x03:status:size=64:size(64)>] processing LinkStatus:0x03:status:size=64)
INFO:stick:send_force_read: attempt 0/5 send command, read until we get something within some timeout
INFO:stick:link Stick transmit[TransmitPacket:ReadPumpModel:data:unknown] reader[None] download_i[1] status[<LinkStatus:0x03:status:size=??LinkStatus:error:True:reason:[]:size(0)>] poll_size[0] poll_i[3] command[<LinkStatus:0x03:status:size=64:size(64)>] sending LinkStatus:0x03:status:size=64)
INFO:root:usb.write.len: 3
0000   0x03 0x00 0x00                             ...
DEBUG:stick:sleeping 0.001
INFO:root:usb.read.len: 64
INFO:root:usb.read.raw:
0000   0x01 0x55 0x00 0x00 0x02 0x00 0x00 0x00    .U......
0008   0x05 0x04 0x00 0x00 0x00 0x02 0x21 0x00    ......!.
0010   0x00 0x00 0xcf 0x00 0x6d 0x00 0xe8 0x01    ....m...
0018   0x0c 0x00 0x6a 0x00 0x6c 0x00 0x00 0x00    ..j.l...
0020   0x00 0x01 0x01 0x42 0x00 0x00 0x00 0x00    ...B....
0028   0x00 0x00 0x00 0x00 0x00 0x00 0x00 0x00    ........
0030   0x00 0x00 0x00 0x00 0x00 0x00 0x00 0x00    ........
0038   0x00 0x00 0x00 0x00 0x00 0x00 0x00 0x00    ........
INFO:stick:quit send_force_read, found len: 64 expected 64 after 0 attempts
INFO:stick:LinkStatus:0x03:status:size=??LinkStatus:error:True:reason:['OK']

INFO:stick:finished processing LinkStatus:0x03:status:size=??LinkStatus:error:True:reason:[], 0
INFO:stick:PROCESS:END:2614.753:LinkStatus:0x03:status:size=??LinkStatus:error:True:reason:[]
DEBUG:stick:poll zero, sleeping in POLL, .100
DEBUG:stick:<Stick transmit[TransmitPacket:ReadPumpModel:data:unknown] reader[None] download_i[1] status[<LinkStatus:0x03:status:size=??LinkStatus:error:True:reason:[]:size(0)>] poll_size[0] poll_i[4] command[<LinkStatus:0x03:status:size=??LinkStatus:error:True:reason:[]:size(0)>]>:poll:attempt:4
INFO:stick:PROCESS:START:2715.177:LinkStatus:0x03:status:size=64
INFO:stick:link Stick transmit[TransmitPacket:ReadPumpModel:data:unknown] reader[None] download_i[1] status[<LinkStatus:0x03:status:size=??LinkStatus:error:True:reason:[]:size(0)>] poll_size[0] poll_i[4] command[<LinkStatus:0x03:status:size=64:size(64)>] processing LinkStatus:0x03:status:size=64)
INFO:stick:send_force_read: attempt 0/5 send command, read until we get something within some timeout
INFO:stick:link Stick transmit[TransmitPacket:ReadPumpModel:data:unknown] reader[None] download_i[1] status[<LinkStatus:0x03:status:size=??LinkStatus:error:True:reason:[]:size(0)>] poll_size[0] poll_i[4] command[<LinkStatus:0x03:status:size=64:size(64)>] sending LinkStatus:0x03:status:size=64)
INFO:root:usb.write.len: 3
0000   0x03 0x00 0x00                             ...
DEBUG:stick:sleeping 0.001
INFO:root:usb.read.len: 64
INFO:root:usb.read.raw:
0000   0x01 0x55 0x00 0x00 0x02 0x00 0x00 0x00    .U......
0008   0x05 0x04 0x00 0x00 0x00 0x02 0x21 0x00    ......!.
0010   0x00 0x00 0xcf 0x00 0x6d 0x00 0xe8 0x01    ....m...
0018   0x0c 0x00 0x6a 0x00 0x6c 0x00 0x00 0x00    ..j.l...
0020   0x00 0x01 0x01 0x42 0x00 0x00 0x00 0x00    ...B....
0028   0x00 0x00 0x00 0x00 0x00 0x00 0x00 0x00    ........
0030   0x00 0x00 0x00 0x00 0x00 0x00 0x00 0x00    ........
0038   0x00 0x00 0x00 0x00 0x00 0x00 0x00 0x00    ........
INFO:stick:quit send_force_read, found len: 64 expected 64 after 0 attempts
INFO:stick:LinkStatus:0x03:status:size=??LinkStatus:error:True:reason:['OK']

INFO:stick:finished processing LinkStatus:0x03:status:size=??LinkStatus:error:True:reason:[], 0
INFO:stick:PROCESS:END:2717.749:LinkStatus:0x03:status:size=??LinkStatus:error:True:reason:[]
DEBUG:stick:poll zero, sleeping in POLL, .100
DEBUG:stick:<Stick transmit[TransmitPacket:ReadPumpModel:data:unknown] reader[None] download_i[1] status[<LinkStatus:0x03:status:size=??LinkStatus:error:True:reason:[]:size(0)>] poll_size[0] poll_i[5] command[<LinkStatus:0x03:status:size=??LinkStatus:error:True:reason:[]:size(0)>]>:poll:attempt:5
INFO:stick:PROCESS:START:2818.18:LinkStatus:0x03:status:size=64
INFO:stick:link Stick transmit[TransmitPacket:ReadPumpModel:data:unknown] reader[None] download_i[1] status[<LinkStatus:0x03:status:size=??LinkStatus:error:True:reason:[]:size(0)>] poll_size[0] poll_i[5] command[<LinkStatus:0x03:status:size=64:size(64)>] processing LinkStatus:0x03:status:size=64)
INFO:stick:send_force_read: attempt 0/5 send command, read until we get something within some timeout
INFO:stick:link Stick transmit[TransmitPacket:ReadPumpModel:data:unknown] reader[None] download_i[1] status[<LinkStatus:0x03:status:size=??LinkStatus:error:True:reason:[]:size(0)>] poll_size[0] poll_i[5] command[<LinkStatus:0x03:status:size=64:size(64)>] sending LinkStatus:0x03:status:size=64)
INFO:root:usb.write.len: 3
0000   0x03 0x00 0x00                             ...
DEBUG:stick:sleeping 0.001
INFO:root:usb.read.len: 64
INFO:root:usb.read.raw:
0000   0x01 0x55 0x00 0x00 0x02 0x00 0x00 0x00    .U......
0008   0x05 0x04 0x00 0x00 0x00 0x02 0x21 0x00    ......!.
0010   0x00 0x00 0xcf 0x00 0x6d 0x00 0xe8 0x01    ....m...
0018   0x0c 0x00 0x6a 0x00 0x6c 0x00 0x00 0x00    ..j.l...
0020   0x00 0x01 0x01 0x42 0x00 0x00 0x00 0x00    ...B....
0028   0x00 0x00 0x00 0x00 0x00 0x00 0x00 0x00    ........
0030   0x00 0x00 0x00 0x00 0x00 0x00 0x00 0x00    ........
0038   0x00 0x00 0x00 0x00 0x00 0x00 0x00 0x00    ........
INFO:stick:quit send_force_read, found len: 64 expected 64 after 0 attempts
INFO:stick:LinkStatus:0x03:status:size=??LinkStatus:error:True:reason:['OK']

INFO:stick:finished processing LinkStatus:0x03:status:size=??LinkStatus:error:True:reason:[], 0
INFO:stick:PROCESS:END:2820.716:LinkStatus:0x03:status:size=??LinkStatus:error:True:reason:[]
DEBUG:stick:poll zero, sleeping in POLL, .100
DEBUG:stick:<Stick transmit[TransmitPacket:ReadPumpModel:data:unknown] reader[None] download_i[1] status[<LinkStatus:0x03:status:size=??LinkStatus:error:True:reason:[]:size(0)>] poll_size[0] poll_i[6] command[<LinkStatus:0x03:status:size=??LinkStatus:error:True:reason:[]:size(0)>]>:poll:attempt:6
INFO:stick:PROCESS:START:2921.216:LinkStatus:0x03:status:size=64
INFO:stick:link Stick transmit[TransmitPacket:ReadPumpModel:data:unknown] reader[None] download_i[1] status[<LinkStatus:0x03:status:size=??LinkStatus:error:True:reason:[]:size(0)>] poll_size[0] poll_i[6] command[<LinkStatus:0x03:status:size=64:size(64)>] processing LinkStatus:0x03:status:size=64)
INFO:stick:send_force_read: attempt 0/5 send command, read until we get something within some timeout
INFO:stick:link Stick transmit[TransmitPacket:ReadPumpModel:data:unknown] reader[None] download_i[1] status[<LinkStatus:0x03:status:size=??LinkStatus:error:True:reason:[]:size(0)>] poll_size[0] poll_i[6] command[<LinkStatus:0x03:status:size=64:size(64)>] sending LinkStatus:0x03:status:size=64)
INFO:root:usb.write.len: 3
0000   0x03 0x00 0x00                             ...
DEBUG:stick:sleeping 0.001
INFO:root:usb.read.len: 64
INFO:root:usb.read.raw:
0000   0x01 0x55 0x00 0x00 0x02 0x00 0x00 0x00    .U......
0008   0x05 0x04 0x00 0x00 0x00 0x02 0x21 0x00    ......!.
0010   0x00 0x00 0xcf 0x00 0x6d 0x00 0xe8 0x01    ....m...
0018   0x0c 0x00 0x6a 0x00 0x6c 0x00 0x00 0x00    ..j.l...
0020   0x00 0x01 0x01 0x42 0x00 0x00 0x00 0x00    ...B....
0028   0x00 0x00 0x00 0x00 0x00 0x00 0x00 0x00    ........
0030   0x00 0x00 0x00 0x00 0x00 0x00 0x00 0x00    ........
0038   0x00 0x00 0x00 0x00 0x00 0x00 0x00 0x00    ........
INFO:stick:quit send_force_read, found len: 64 expected 64 after 0 attempts
INFO:stick:LinkStatus:0x03:status:size=??LinkStatus:error:True:reason:['OK']

INFO:stick:finished processing LinkStatus:0x03:status:size=??LinkStatus:error:True:reason:[], 0
INFO:stick:PROCESS:END:2923.753:LinkStatus:0x03:status:size=??LinkStatus:error:True:reason:[]
DEBUG:stick:poll zero, sleeping in POLL, .100
DEBUG:stick:<Stick transmit[TransmitPacket:ReadPumpModel:data:unknown] reader[None] download_i[1] status[<LinkStatus:0x03:status:size=??LinkStatus:error:True:reason:[]:size(0)>] poll_size[0] poll_i[7] command[<LinkStatus:0x03:status:size=??LinkStatus:error:True:reason:[]:size(0)>]>:poll:attempt:7
INFO:stick:PROCESS:START:3024.133:LinkStatus:0x03:status:size=64
INFO:stick:link Stick transmit[TransmitPacket:ReadPumpModel:data:unknown] reader[None] download_i[1] status[<LinkStatus:0x03:status:size=??LinkStatus:error:True:reason:[]:size(0)>] poll_size[0] poll_i[7] command[<LinkStatus:0x03:status:size=64:size(64)>] processing LinkStatus:0x03:status:size=64)
INFO:stick:send_force_read: attempt 0/5 send command, read until we get something within some timeout
INFO:stick:link Stick transmit[TransmitPacket:ReadPumpModel:data:unknown] reader[None] download_i[1] status[<LinkStatus:0x03:status:size=??LinkStatus:error:True:reason:[]:size(0)>] poll_size[0] poll_i[7] command[<LinkStatus:0x03:status:size=64:size(64)>] sending LinkStatus:0x03:status:size=64)
INFO:root:usb.write.len: 3
0000   0x03 0x00 0x00                             ...
DEBUG:stick:sleeping 0.001
INFO:root:usb.read.len: 64
INFO:root:usb.read.raw:
0000   0x01 0x55 0x00 0x00 0x02 0x00 0x00 0x00    .U......
0008   0x05 0x04 0x00 0x00 0x00 0x02 0x21 0x00    ......!.
0010   0x00 0x00 0xcf 0x00 0x6d 0x00 0xe8 0x01    ....m...
0018   0x0c 0x00 0x6a 0x00 0x6c 0x00 0x00 0x00    ..j.l...
0020   0x00 0x01 0x01 0x42 0x00 0x00 0x00 0x00    ...B....
0028   0x00 0x00 0x00 0x00 0x00 0x00 0x00 0x00    ........
0030   0x00 0x00 0x00 0x00 0x00 0x00 0x00 0x00    ........
0038   0x00 0x00 0x00 0x00 0x00 0x00 0x00 0x00    ........
INFO:stick:quit send_force_read, found len: 64 expected 64 after 0 attempts
INFO:stick:LinkStatus:0x03:status:size=??LinkStatus:error:True:reason:['OK']

INFO:stick:finished processing LinkStatus:0x03:status:size=??LinkStatus:error:True:reason:[], 0
INFO:stick:PROCESS:END:3037.82:LinkStatus:0x03:status:size=??LinkStatus:error:True:reason:[]
DEBUG:stick:poll zero, sleeping in POLL, .100
DEBUG:stick:<Stick transmit[TransmitPacket:ReadPumpModel:data:unknown] reader[None] download_i[1] status[<LinkStatus:0x03:status:size=??LinkStatus:error:True:reason:[]:size(0)>] poll_size[0] poll_i[8] command[<LinkStatus:0x03:status:size=??LinkStatus:error:True:reason:[]:size(0)>]>:poll:attempt:8
INFO:stick:PROCESS:START:3138.265:LinkStatus:0x03:status:size=64
INFO:stick:link Stick transmit[TransmitPacket:ReadPumpModel:data:unknown] reader[None] download_i[1] status[<LinkStatus:0x03:status:size=??LinkStatus:error:True:reason:[]:size(0)>] poll_size[0] poll_i[8] command[<LinkStatus:0x03:status:size=64:size(64)>] processing LinkStatus:0x03:status:size=64)
INFO:stick:send_force_read: attempt 0/5 send command, read until we get something within some timeout
INFO:stick:link Stick transmit[TransmitPacket:ReadPumpModel:data:unknown] reader[None] download_i[1] status[<LinkStatus:0x03:status:size=??LinkStatus:error:True:reason:[]:size(0)>] poll_size[0] poll_i[8] command[<LinkStatus:0x03:status:size=64:size(64)>] sending LinkStatus:0x03:status:size=64)
INFO:root:usb.write.len: 3
0000   0x03 0x00 0x00                             ...
DEBUG:stick:sleeping 0.001
INFO:root:usb.read.len: 64
INFO:root:usb.read.raw:
0000   0x01 0x55 0x00 0x00 0x02 0x00 0x00 0x00    .U......
0008   0x05 0x04 0x00 0x00 0x00 0x02 0x21 0x00    ......!.
0010   0x00 0x00 0xcf 0x00 0x6d 0x00 0xe8 0x01    ....m...
0018   0x0c 0x00 0x6a 0x00 0x6c 0x00 0x00 0x00    ..j.l...
0020   0x00 0x01 0x01 0x42 0x00 0x00 0x00 0x00    ...B....
0028   0x00 0x00 0x00 0x00 0x00 0x00 0x00 0x00    ........
0030   0x00 0x00 0x00 0x00 0x00 0x00 0x00 0x00    ........
0038   0x00 0x00 0x00 0x00 0x00 0x00 0x00 0x00    ........
INFO:stick:quit send_force_read, found len: 64 expected 64 after 0 attempts
INFO:stick:LinkStatus:0x03:status:size=??LinkStatus:error:True:reason:['OK']

INFO:stick:finished processing LinkStatus:0x03:status:size=??LinkStatus:error:True:reason:[], 0
INFO:stick:PROCESS:END:3140.754:LinkStatus:0x03:status:size=??LinkStatus:error:True:reason:[]
DEBUG:stick:poll zero, sleeping in POLL, .100
DEBUG:stick:<Stick transmit[TransmitPacket:ReadPumpModel:data:unknown] reader[None] download_i[1] status[<LinkStatus:0x03:status:size=??LinkStatus:error:True:reason:[]:size(0)>] poll_size[0] poll_i[9] command[<LinkStatus:0x03:status:size=??LinkStatus:error:True:reason:[]:size(0)>]>:poll:attempt:9
INFO:stick:PROCESS:START:3241.165:LinkStatus:0x03:status:size=64
INFO:stick:link Stick transmit[TransmitPacket:ReadPumpModel:data:unknown] reader[None] download_i[1] status[<LinkStatus:0x03:status:size=??LinkStatus:error:True:reason:[]:size(0)>] poll_size[0] poll_i[9] command[<LinkStatus:0x03:status:size=64:size(64)>] processing LinkStatus:0x03:status:size=64)
INFO:stick:send_force_read: attempt 0/5 send command, read until we get something within some timeout
INFO:stick:link Stick transmit[TransmitPacket:ReadPumpModel:data:unknown] reader[None] download_i[1] status[<LinkStatus:0x03:status:size=??LinkStatus:error:True:reason:[]:size(0)>] poll_size[0] poll_i[9] command[<LinkStatus:0x03:status:size=64:size(64)>] sending LinkStatus:0x03:status:size=64)
INFO:root:usb.write.len: 3
0000   0x03 0x00 0x00                             ...
DEBUG:stick:sleeping 0.001
INFO:root:usb.read.len: 64
INFO:root:usb.read.raw:
0000   0x01 0x55 0x00 0x00 0x02 0x00 0x00 0x00    .U......
0008   0x05 0x04 0x00 0x00 0x00 0x02 0x21 0x00    ......!.
0010   0x00 0x00 0xcf 0x00 0x6d 0x00 0xe8 0x01    ....m...
0018   0x0c 0x00 0x6a 0x00 0x6c 0x00 0x00 0x00    ..j.l...
0020   0x00 0x01 0x01 0x42 0x00 0x00 0x00 0x00    ...B....
0028   0x00 0x00 0x00 0x00 0x00 0x00 0x00 0x00    ........
0030   0x00 0x00 0x00 0x00 0x00 0x00 0x00 0x00    ........
0038   0x00 0x00 0x00 0x00 0x00 0x00 0x00 0x00    ........
INFO:stick:quit send_force_read, found len: 64 expected 64 after 0 attempts
INFO:stick:LinkStatus:0x03:status:size=??LinkStatus:error:True:reason:['OK']

INFO:stick:finished processing LinkStatus:0x03:status:size=??LinkStatus:error:True:reason:[], 0
INFO:stick:PROCESS:END:3243.755:LinkStatus:0x03:status:size=??LinkStatus:error:True:reason:[]
DEBUG:stick:poll zero, sleeping in POLL, .100
INFO:stick:Stick transmit[TransmitPacket:ReadPumpModel:data:unknown] reader[None] download_i[1] status[<LinkStatus:0x03:status:size=??LinkStatus:error:True:reason:[]:size(0)>] poll_size[0] poll_i[9] command[<LinkStatus:0x03:status:size=??LinkStatus:error:True:reason:[]:size(0)>]:STOP POLL after 10 attempts:size:0
CRITICAL:stick:Stick transmit[TransmitPacket:ReadPumpModel:data:unknown] reader[None] download_i[1] status[<LinkStatus:0x03:status:size=??LinkStatus:error:True:reason:[]:size(0)>] poll_size[0] poll_i[False] command[<LinkStatus:0x03:status:size=??LinkStatus:error:True:reason:[]:size(0)>]:download(attempts[1],expect[0],results[0]:data[0]):BAD AILING
INFO:stick:Stick transmit[TransmitPacket:ReadPumpModel:data:unknown] reader[None] download_i[1] status[<LinkStatus:0x03:status:size=??LinkStatus:error:True:reason:[]:size(0)>] poll_size[0] poll_i[False] command[<LinkStatus:0x03:status:size=??LinkStatus:error:True:reason:[]:size(0)>]:download(attempts[1],expect[0],results[0]:data[0]):DONE
Traceback (most recent call last):
  File "decocare/commands.py", line 650, in <module>
    log.info('PUMP MODEL: %s' % session.read_model( ))
  File "/home/sharon/decoding-carelink/decocare/session.py", line 89, in read_model
    model = self.query(commands.ReadPumpModel)
  File "/home/sharon/decoding-carelink/decocare/session.py", line 104, in query
    self.execute(command)
  File "/home/sharon/decoding-carelink/decocare/session.py", line 101, in execute
    return super(type(self), self).execute(command)
  File "/home/sharon/decoding-carelink/decocare/session.py", line 39, in execute
    self.download( )
  File "/home/sharon/decoding-carelink/decocare/session.py", line 54, in download
    self.command.respond(data)
  File "/home/sharon/decoding-carelink/decocare/commands.py", line 55, in respond
    self.getData( )
  File "/home/sharon/decoding-carelink/decocare/commands.py", line 542, in getData
    length = data[0]
IndexError: bytearray index out of range
Command exited with non-zero status 1
python decocare/commands.py /dev/ttyUSB0 047006
	elapsed 0:03.46
	user 0.13
	system 0.02
	CPU 4% (0text+0data 61344max)k
