INFO:__main__:howdy! I'm going to take a look at your pump download something info.
INFO:link:Link opened serial port: Serial<id=0x7fe0cadd4a50, open=True>(port='/dev/ttyUSB0', baudrate=9600, bytesize=8, parity='N', stopbits=1, timeout=0.4, xonxoff=False, rtscts=False, dsrdtr=False)
INFO:stick:PROCESS:OPEN:0.033
INFO:stick:PROCESS:START:0.157:ProductInfo:0x04
INFO:stick:link Stick transmit[None] reader[None] download_i[False] status[None] poll_size[None] poll_i[None] command[<ProductInfo:0x04:size(64)>] processing ProductInfo:0x04)
INFO:stick:send_force_read: attempt 0/5 send command, read until we get something within some timeout
INFO:stick:link Stick transmit[None] reader[None] download_i[False] status[None] poll_size[None] poll_i[None] command[<ProductInfo:0x04:size(64)>] sending ProductInfo:0x04)
INFO:root:usb.write.len: 3
0000   0x04 0x00 0x00                             ...
DEBUG:stick:sleeping 0.001
INFO:root:usb.read.len: 64
INFO:root:usb.read.raw:
0000   0x01 0x55 0x00 0x00 0x00 0x00 0x00 0x00    .U......
0008   0x00 0x00 0x03 0x00 0x00 0x00 0x03 0x00    ........
0010   0x00 0x00 0x02 0x00 0x02 0x00 0x00 0x00    ........
0018   0x01 0x00 0x01 0x00 0x00 0x00 0x00 0x00    ........
0020   0x00 0x01 0x00 0x0b 0x00 0x00 0x00 0x00    ........
0028   0x00 0x00 0x00 0x00 0x00 0x00 0x00 0x00    ........
0030   0x00 0x00 0x00 0x00 0x00 0x00 0x00 0x00    ........
0038   0x00 0x00 0x00 0x00 0x00 0x00 0x00 0x00    ........
INFO:stick:quit send_force_read, found len: 64 expected 64 after 0 attempts
INFO:stick:finished processing ProductInfo:0x04, {'description': '\x00\x03\x00\x00\x00\x03\x00\x00\x00\x02', 'software.version': '0.2', 'interfaces': [], 'product.version': '0.0', 'rf.freq': '916.5Mhz', 'serial': '000000'}
INFO:stick:PROCESS:END:12.126:ProductInfo:0x04
INFO:stick:{'description': '\x00\x03\x00\x00\x00\x03\x00\x00\x00\x02', 'software.version': '0.2', 'interfaces': [], 'product.version': '0.0', 'rf.freq': '916.5Mhz', 'serial': '000000'}
INFO:stick:PROCESS:START:12.531:ProductInfo:0x04
INFO:stick:link Stick transmit[None] reader[None] download_i[False] status[None] poll_size[None] poll_i[None] command[<ProductInfo:0x04:size(64)>] processing ProductInfo:0x04)
INFO:stick:send_force_read: attempt 0/5 send command, read until we get something within some timeout
INFO:stick:link Stick transmit[None] reader[None] download_i[False] status[None] poll_size[None] poll_i[None] command[<ProductInfo:0x04:size(64)>] sending ProductInfo:0x04)
INFO:root:usb.write.len: 3
0000   0x04 0x00 0x00                             ...
DEBUG:stick:sleeping 0.001
INFO:root:usb.read.len: 64
INFO:root:usb.read.raw:
0000   0x01 0x55 0x00 0x0c 0x17 0x00 0x00 0x00    .U......
0008   0x00 0x43 0x6f 0x6d 0x4c 0x69 0x6e 0x6b    .ComLink
0010   0x20 0x49 0x49 0x01 0x10 0x02 0x00 0x01     II.....
0018   0x01 0x03 0x00 0x00 0x00 0x00 0x00 0x00    ........
0020   0x00 0x00 0x00 0x00 0x00 0x00 0x00 0x00    ........
0028   0x00 0x00 0x00 0x00 0x00 0x00 0x00 0x00    ........
0030   0x00 0x00 0x00 0x00 0x00 0x00 0x00 0x00    ........
0038   0x00 0x00 0x00 0x00 0x00 0x00 0x00 0x00    ........
INFO:stick:quit send_force_read, found len: 64 expected 64 after 0 attempts
INFO:stick:finished processing ProductInfo:0x04, {'description': 'ComLink II', 'software.version': '1.16', 'interfaces': [(0, 'Paradigm RF'), (1, 'USB')], 'product.version': '0.0', 'rf.freq': '916.5Mhz', 'serial': '0c1700'}
INFO:stick:PROCESS:END:16.801:ProductInfo:0x04
INFO:stick:{'description': 'ComLink II', 'software.version': '1.16', 'interfaces': [(0, 'Paradigm RF'), (1, 'USB')], 'product.version': '0.0', 'rf.freq': '916.5Mhz', 'serial': '0c1700'}
INFO:stick:get signal strength of Stick transmit[None] reader[None] download_i[False] status[None] poll_size[None] poll_i[None] command[<ProductInfo:0x04:size(64)>]
INFO:stick:PROCESS:START:17.472:SignalStrength:0x06 0x00
INFO:stick:link Stick transmit[None] reader[None] download_i[False] status[None] poll_size[None] poll_i[None] command[<SignalStrength:0x06 0x00:size(64)>] processing SignalStrength:0x06 0x00)
INFO:stick:send_force_read: attempt 0/5 send command, read until we get something within some timeout
INFO:stick:link Stick transmit[None] reader[None] download_i[False] status[None] poll_size[None] poll_i[None] command[<SignalStrength:0x06 0x00:size(64)>] sending SignalStrength:0x06 0x00)
INFO:root:usb.write.len: 3
0000   0x06 0x00 0x00                             ...
DEBUG:stick:sleeping 0.001
INFO:root:usb.read.len: 64
INFO:root:usb.read.raw:
0000   0x01 0x55 0x00 0x0c 0x17 0x00 0x00 0x00    .U......
0008   0x00 0x43 0x6f 0x6d 0x4c 0x69 0x6e 0x6b    .ComLink
0010   0x20 0x49 0x49 0x01 0x10 0x02 0x00 0x01     II.....
0018   0x01 0x03 0x00 0x00 0x00 0x00 0x00 0x00    ........
0020   0x00 0x00 0x00 0x00 0x00 0x00 0x00 0x00    ........
0028   0x00 0x00 0x00 0x00 0x00 0x00 0x00 0x00    ........
0030   0x00 0x00 0x00 0x00 0x00 0x00 0x00 0x00    ........
0038   0x00 0x00 0x00 0x00 0x00 0x00 0x00 0x00    ........
INFO:stick:quit send_force_read, found len: 64 expected 64 after 0 attempts
INFO:stick:<SignalStrength:0x06 0x00:size(64)>:readSignalStrength:12
INFO:stick:finished processing SignalStrength:0x06 0x00, 12
INFO:stick:PROCESS:END:27.945:SignalStrength:0x06 0x00
INFO:stick:PROCESS:START:28.557:SignalStrength:0x06 0x00
INFO:stick:link Stick transmit[None] reader[None] download_i[False] status[None] poll_size[None] poll_i[None] command[<SignalStrength:0x06 0x00:size(64)>] processing SignalStrength:0x06 0x00)
INFO:stick:send_force_read: attempt 0/5 send command, read until we get something within some timeout
INFO:stick:link Stick transmit[None] reader[None] download_i[False] status[None] poll_size[None] poll_i[None] command[<SignalStrength:0x06 0x00:size(64)>] sending SignalStrength:0x06 0x00)
INFO:root:usb.write.len: 3
0000   0x06 0x00 0x00                             ...
DEBUG:stick:sleeping 0.001
INFO:root:usb.read.len: 64
INFO:root:usb.read.raw:
0000   0x01 0x55 0x00 0xbf 0x17 0x00 0x00 0x00    .U......
0008   0x00 0x43 0x6f 0x6d 0x4c 0x69 0x6e 0x6b    .ComLink
0010   0x20 0x49 0x49 0x01 0x10 0x02 0x00 0x01     II.....
0018   0x01 0x03 0x00 0x00 0x00 0x00 0x00 0x00    ........
0020   0x00 0x00 0x00 0x00 0x00 0x00 0x00 0x00    ........
0028   0x00 0x00 0x00 0x00 0x00 0x00 0x00 0x00    ........
0030   0x00 0x00 0x00 0x00 0x00 0x00 0x00 0x00    ........
0038   0x00 0x00 0x00 0x00 0x00 0x00 0x00 0x00    ........
INFO:stick:quit send_force_read, found len: 64 expected 64 after 0 attempts
INFO:stick:<SignalStrength:0x06 0x00:size(64)>:readSignalStrength:191
INFO:stick:finished processing SignalStrength:0x06 0x00, 191
INFO:stick:PROCESS:END:39.674:SignalStrength:0x06 0x00
INFO:stick:we seem to have found a nice signal strength of: 191
INFO:session:setting up to talk with 511999
INFO:stick:PROCESS:START:41.345:UsbStats:0x05 0x01
INFO:stick:link Stick transmit[None] reader[None] download_i[False] status[None] poll_size[None] poll_i[None] command[<UsbStats:0x05 0x01:size(64)>] processing UsbStats:0x05 0x01)
INFO:stick:send_force_read: attempt 0/5 send command, read until we get something within some timeout
INFO:stick:link Stick transmit[None] reader[None] download_i[False] status[None] poll_size[None] poll_i[None] command[<UsbStats:0x05 0x01:size(64)>] sending UsbStats:0x05 0x01)
INFO:root:usb.write.len: 3
0000   0x05 0x01 0x00                             ...
DEBUG:stick:sleeping 0.001
INFO:root:usb.read.len: 64
INFO:root:usb.read.raw:
0000   0x01 0x55 0x00 0xc0 0x17 0x00 0x00 0x00    .U......
0008   0x00 0x43 0x6f 0x6d 0x4c 0x69 0x6e 0x6b    .ComLink
0010   0x20 0x49 0x49 0x01 0x10 0x02 0x00 0x01     II.....
0018   0x01 0x03 0x00 0x00 0x00 0x00 0x00 0x00    ........
0020   0x00 0x00 0x00 0x00 0x00 0x00 0x00 0x00    ........
0028   0x00 0x00 0x00 0x00 0x00 0x00 0x00 0x00    ........
0030   0x00 0x00 0x00 0x00 0x00 0x00 0x00 0x00    ........
0038   0x00 0x00 0x00 0x00 0x00 0x00 0x00 0x00    ........
INFO:stick:quit send_force_read, found len: 64 expected 64 after 0 attempts
INFO:stick:finished processing UsbStats:0x05 0x01, {'errors.timeouts': 0, 'packets.transmit': 1833724270L, 'errors.naks': 0, 'errors.sequence': 23, 'packets.received': 17263L, 'errors.crc': 192}
INFO:stick:PROCESS:END:52.808:UsbStats:0x05 0x01
INFO:stick:PROCESS:START:53.383:RadioStats:0x05 0x00
INFO:stick:link Stick transmit[None] reader[None] download_i[False] status[None] poll_size[None] poll_i[None] command[<RadioStats:0x05 0x00:size(64)>] processing RadioStats:0x05 0x00)
INFO:stick:send_force_read: attempt 0/5 send command, read until we get something within some timeout
INFO:stick:link Stick transmit[None] reader[None] download_i[False] status[None] poll_size[None] poll_i[None] command[<RadioStats:0x05 0x00:size(64)>] sending RadioStats:0x05 0x00)
INFO:root:usb.write.len: 3
0000   0x05 0x00 0x00                             ...
DEBUG:stick:sleeping 0.001
INFO:root:usb.read.len: 64
INFO:root:usb.read.raw:
0000   0x01 0x55 0x00 0x00 0x00 0x00 0x00 0x00    .U......
0008   0x00 0x00 0x60 0x00 0x00 0x00 0x60 0x00    ..`...`.
0010   0x61 0x00 0x60 0x00 0x60 0x04 0x00 0x00    a.`.`...
0018   0x05 0x03 0x00 0x00 0x00 0x00 0x00 0x00    ........
0020   0x00 0x00 0x00 0x00 0x00 0x00 0x00 0x00    ........
0028   0x00 0x00 0x00 0x00 0x00 0x00 0x00 0x00    ........
0030   0x00 0x00 0x00 0x00 0x00 0x00 0x00 0x00    ........
0038   0x00 0x00 0x00 0x00 0x00 0x00 0x00 0x00    ........
INFO:stick:quit send_force_read, found len: 64 expected 64 after 0 attempts
INFO:stick:finished processing RadioStats:0x05 0x00, {'errors.timeouts': 0, 'packets.transmit': 96L, 'errors.naks': 0, 'errors.sequence': 0, 'packets.received': 96L, 'errors.crc': 0}
INFO:stick:PROCESS:END:64.733:RadioStats:0x05 0x00
INFO:__main__:{'radio': {'errors.crc': 0,
           'errors.naks': 0,
           'errors.sequence': 0,
           'errors.timeouts': 0,
           'packets.received': 96L,
           'packets.transmit': 96L},
 'usb': {'errors.crc': 192,
         'errors.naks': 0,
         'errors.sequence': 23,
         'errors.timeouts': 0,
         'packets.received': 17263L,
         'packets.transmit': 1833724270L}}
INFO:stick:PROCESS:OPEN:0.089
INFO:stick:PROCESS:START:1.132:ProductInfo:0x04
INFO:stick:link Stick transmit[None] reader[None] download_i[False] status[None] poll_size[None] poll_i[None] command[<ProductInfo:0x04:size(64)>] processing ProductInfo:0x04)
INFO:stick:send_force_read: attempt 0/5 send command, read until we get something within some timeout
INFO:stick:link Stick transmit[None] reader[None] download_i[False] status[None] poll_size[None] poll_i[None] command[<ProductInfo:0x04:size(64)>] sending ProductInfo:0x04)
INFO:root:usb.write.len: 3
0000   0x04 0x00 0x00                             ...
DEBUG:stick:sleeping 0.001
INFO:root:usb.read.len: 64
INFO:root:usb.read.raw:
0000   0x01 0x55 0x00 0x00 0x00 0x00 0x00 0x00    .U......
0008   0x00 0x00 0x03 0x00 0x00 0x00 0x03 0x00    ........
0010   0x00 0x00 0x02 0x00 0x02 0x00 0x00 0x00    ........
0018   0x01 0x00 0x01 0x00 0x00 0x00 0x00 0x00    ........
0020   0x00 0x01 0x00 0x0b 0x00 0x00 0x00 0x00    ........
0028   0x00 0x00 0x00 0x00 0x00 0x00 0x00 0x00    ........
0030   0x00 0x00 0x00 0x00 0x00 0x00 0x00 0x00    ........
0038   0x00 0x00 0x00 0x00 0x00 0x00 0x00 0x00    ........
INFO:stick:quit send_force_read, found len: 64 expected 64 after 0 attempts
INFO:stick:finished processing ProductInfo:0x04, {'description': '\x00\x03\x00\x00\x00\x03\x00\x00\x00\x02', 'software.version': '0.2', 'interfaces': [], 'product.version': '0.0', 'rf.freq': '916.5Mhz', 'serial': '000000'}
INFO:stick:PROCESS:END:17.713:ProductInfo:0x04
INFO:stick:{'description': '\x00\x03\x00\x00\x00\x03\x00\x00\x00\x02', 'software.version': '0.2', 'interfaces': [], 'product.version': '0.0', 'rf.freq': '916.5Mhz', 'serial': '000000'}
INFO:stick:PROCESS:START:19.594:ProductInfo:0x04
INFO:stick:link Stick transmit[None] reader[None] download_i[False] status[None] poll_size[None] poll_i[None] command[<ProductInfo:0x04:size(64)>] processing ProductInfo:0x04)
INFO:stick:send_force_read: attempt 0/5 send command, read until we get something within some timeout
INFO:stick:link Stick transmit[None] reader[None] download_i[False] status[None] poll_size[None] poll_i[None] command[<ProductInfo:0x04:size(64)>] sending ProductInfo:0x04)
INFO:root:usb.write.len: 3
0000   0x04 0x00 0x00                             ...
DEBUG:stick:sleeping 0.001
INFO:root:usb.read.len: 64
INFO:root:usb.read.raw:
0000   0x01 0x55 0x00 0x0c 0x17 0x00 0x00 0x00    .U......
0008   0x00 0x43 0x6f 0x6d 0x4c 0x69 0x6e 0x6b    .ComLink
0010   0x20 0x49 0x49 0x01 0x10 0x02 0x00 0x01     II.....
0018   0x01 0x03 0x00 0x00 0x00 0x00 0x00 0x00    ........
0020   0x00 0x00 0x00 0x00 0x00 0x00 0x00 0x00    ........
0028   0x00 0x00 0x00 0x00 0x00 0x00 0x00 0x00    ........
0030   0x00 0x00 0x00 0x00 0x00 0x00 0x00 0x00    ........
0038   0x00 0x00 0x00 0x00 0x00 0x00 0x00 0x00    ........
INFO:stick:quit send_force_read, found len: 64 expected 64 after 0 attempts
INFO:stick:finished processing ProductInfo:0x04, {'description': 'ComLink II', 'software.version': '1.16', 'interfaces': [(0, 'Paradigm RF'), (1, 'USB')], 'product.version': '0.0', 'rf.freq': '916.5Mhz', 'serial': '0c1700'}
INFO:stick:PROCESS:END:40.085:ProductInfo:0x04
INFO:stick:{'description': 'ComLink II', 'software.version': '1.16', 'interfaces': [(0, 'Paradigm RF'), (1, 'USB')], 'product.version': '0.0', 'rf.freq': '916.5Mhz', 'serial': '0c1700'}
INFO:stick:get signal strength of Stick transmit[None] reader[None] download_i[False] status[None] poll_size[None] poll_i[None] command[<ProductInfo:0x04:size(64)>]
INFO:stick:PROCESS:START:43.656:SignalStrength:0x06 0x00
INFO:stick:link Stick transmit[None] reader[None] download_i[False] status[None] poll_size[None] poll_i[None] command[<SignalStrength:0x06 0x00:size(64)>] processing SignalStrength:0x06 0x00)
INFO:stick:send_force_read: attempt 0/5 send command, read until we get something within some timeout
INFO:stick:link Stick transmit[None] reader[None] download_i[False] status[None] poll_size[None] poll_i[None] command[<SignalStrength:0x06 0x00:size(64)>] sending SignalStrength:0x06 0x00)
INFO:root:usb.write.len: 3
0000   0x06 0x00 0x00                             ...
DEBUG:stick:sleeping 0.001
INFO:root:usb.read.len: 64
INFO:root:usb.read.raw:
0000   0x01 0x55 0x00 0x0c 0x17 0x00 0x00 0x00    .U......
0008   0x00 0x43 0x6f 0x6d 0x4c 0x69 0x6e 0x6b    .ComLink
0010   0x20 0x49 0x49 0x01 0x10 0x02 0x00 0x01     II.....
0018   0x01 0x03 0x00 0x00 0x00 0x00 0x00 0x00    ........
0020   0x00 0x00 0x00 0x00 0x00 0x00 0x00 0x00    ........
0028   0x00 0x00 0x00 0x00 0x00 0x00 0x00 0x00    ........
0030   0x00 0x00 0x00 0x00 0x00 0x00 0x00 0x00    ........
0038   0x00 0x00 0x00 0x00 0x00 0x00 0x00 0x00    ........
INFO:stick:quit send_force_read, found len: 64 expected 64 after 0 attempts
INFO:stick:<SignalStrength:0x06 0x00:size(64)>:readSignalStrength:12
INFO:stick:finished processing SignalStrength:0x06 0x00, 12
INFO:stick:PROCESS:END:64.496:SignalStrength:0x06 0x00
INFO:stick:PROCESS:START:65.627:SignalStrength:0x06 0x00
INFO:stick:link Stick transmit[None] reader[None] download_i[False] status[None] poll_size[None] poll_i[None] command[<SignalStrength:0x06 0x00:size(64)>] processing SignalStrength:0x06 0x00)
INFO:stick:send_force_read: attempt 0/5 send command, read until we get something within some timeout
INFO:stick:link Stick transmit[None] reader[None] download_i[False] status[None] poll_size[None] poll_i[None] command[<SignalStrength:0x06 0x00:size(64)>] sending SignalStrength:0x06 0x00)
INFO:root:usb.write.len: 3
0000   0x06 0x00 0x00                             ...
DEBUG:stick:sleeping 0.001
INFO:root:usb.read.len: 64
INFO:root:usb.read.raw:
0000   0x01 0x55 0x00 0xc3 0x17 0x00 0x00 0x00    .U......
0008   0x00 0x43 0x6f 0x6d 0x4c 0x69 0x6e 0x6b    .ComLink
0010   0x20 0x49 0x49 0x01 0x10 0x02 0x00 0x01     II.....
0018   0x01 0x03 0x00 0x00 0x00 0x00 0x00 0x00    ........
0020   0x00 0x00 0x00 0x00 0x00 0x00 0x00 0x00    ........
0028   0x00 0x00 0x00 0x00 0x00 0x00 0x00 0x00    ........
0030   0x00 0x00 0x00 0x00 0x00 0x00 0x00 0x00    ........
0038   0x00 0x00 0x00 0x00 0x00 0x00 0x00 0x00    ........
INFO:stick:quit send_force_read, found len: 64 expected 64 after 0 attempts
INFO:stick:<SignalStrength:0x06 0x00:size(64)>:readSignalStrength:195
INFO:stick:finished processing SignalStrength:0x06 0x00, 195
INFO:stick:PROCESS:END:85.215:SignalStrength:0x06 0x00
INFO:stick:we seem to have found a nice signal strength of: 195
INFO:__main__:read HISTORY DATA
INFO:session:execute attempt: 1
INFO:session:session transferring packet
INFO:stick:transmit_packet:write:<TransmitPacket:ReadHistoryData:size[1024]:[page][0]:data[0]:>
INFO:stick:PROCESS:START:90.551:TransmitPacket:ReadHistoryData:size[1024]:[page][0]:data[0]:
INFO:stick:link Stick transmit[TransmitPacket:ReadHistoryData:size[1024]:[page][0]:data[0]:] reader[None] download_i[False] status[None] poll_size[None] poll_i[None] command[<TransmitPacket:ReadHistoryData:size[1024]:[page][0]:data[0]:>] processing TransmitPacket:ReadHistoryData:size[1024]:[page][0]:data[0]:)
INFO:stick:send_force_read: attempt 0/5 send command, read until we get something within some timeout
INFO:stick:link Stick transmit[TransmitPacket:ReadHistoryData:size[1024]:[page][0]:data[0]:] reader[None] download_i[False] status[None] poll_size[None] poll_i[None] command[<TransmitPacket:ReadHistoryData:size[1024]:[page][0]:data[0]:>] sending TransmitPacket:ReadHistoryData:size[1024]:[page][0]:data[0]:)
DEBUG:stick:[1, 0, 167, 1, 81, 25, 153, 128, 1, 0, 2, 2, 0, 128, 240, 0, 0]
INFO:root:usb.write.len: 17
0000   0x01 0x00 0xa7 0x01 0x51 0x19 0x99 0x80    ....Q...
0008   0x01 0x00 0x02 0x02 0x00 0x80 0xf0 0x00    ........
0010   0x00                                       .
DEBUG:stick:sleeping 0.001
INFO:root:usb.read.len: 64
INFO:root:usb.read.raw:
0000   0x01 0x55 0x00 0xc0 0x17 0x00 0x00 0x00    .U......
0008   0x00 0x43 0x6f 0x6d 0x4c 0x69 0x6e 0x6b    .ComLink
0010   0x20 0x49 0x49 0x01 0x10 0x02 0x00 0x01     II.....
0018   0x01 0x03 0x00 0x00 0x00 0x00 0x00 0x00    ........
0020   0x00 0x00 0x00 0x00 0x00 0x00 0x00 0x00    ........
0028   0x00 0x00 0x00 0x00 0x00 0x00 0x00 0x00    ........
0030   0x00 0x00 0x00 0x00 0x00 0x00 0x00 0x00    ........
0038   0x00 0x00 0x00 0x00 0x00 0x00 0x00 0x00    ........
INFO:stick:quit send_force_read, found len: 64 expected 64 after 0 attempts
INFO:stick:finished processing TransmitPacket:ReadHistoryData:size[1024]:[page][0]:data[0]:, bytearray(b'\xc0\x17\x00\x00\x00\x00ComLink II\x01\x10\x02\x00\x01\x01\x03\x00\x00\x00\x00\x00\x00\x00\x00\x00\x00\x00\x00\x00\x00\x00\x00\x00\x00\x00\x00\x00\x00\x00\x00\x00\x00\x00\x00\x00\x00\x00\x00\x00\x00\x00\x00\x00\x00')
INFO:stick:PROCESS:END:110.176:TransmitPacket:ReadHistoryData:size[1024]:[page][0]:data[0]:
INFO:session:sleeping 0.1 before download
INFO:session:proceeding with download
INFO:stick:download:start:0
INFO:stick:Stick transmit[TransmitPacket:ReadHistoryData:size[1024]:[page][0]:data[0]:] reader[None] download_i[1] status[None] poll_size[None] poll_i[None] command[<TransmitPacket:ReadHistoryData:size[1024]:[page][0]:data[0]:>]:download(attempts[1],expect[0],results[0]:data[0]):begin first poll first sleep .250
DEBUG:stick:<Stick transmit[TransmitPacket:ReadHistoryData:size[1024]:[page][0]:data[0]:] reader[None] download_i[1] status[None] poll_size[None] poll_i[None] command[<TransmitPacket:ReadHistoryData:size[1024]:[page][0]:data[0]:>]>:STARTING POLL PHASE:attempt:0
DEBUG:stick:<Stick transmit[TransmitPacket:ReadHistoryData:size[1024]:[page][0]:data[0]:] reader[None] download_i[1] status[None] poll_size[0] poll_i[0] command[<TransmitPacket:ReadHistoryData:size[1024]:[page][0]:data[0]:>]>:poll:attempt:0
INFO:stick:PROCESS:START:466.489:LinkStatus:0x03:status:size=64
INFO:stick:link Stick transmit[TransmitPacket:ReadHistoryData:size[1024]:[page][0]:data[0]:] reader[None] download_i[1] status[None] poll_size[0] poll_i[0] command[<LinkStatus:0x03:status:size=64:size(64)>] processing LinkStatus:0x03:status:size=64)
INFO:stick:send_force_read: attempt 0/5 send command, read until we get something within some timeout
INFO:stick:link Stick transmit[TransmitPacket:ReadHistoryData:size[1024]:[page][0]:data[0]:] reader[None] download_i[1] status[None] poll_size[0] poll_i[0] command[<LinkStatus:0x03:status:size=64:size(64)>] sending LinkStatus:0x03:status:size=64)
INFO:root:usb.write.len: 3
0000   0x03 0x00 0x00                             ...
DEBUG:stick:sleeping 0.001
INFO:root:usb.read.len: 64
INFO:root:usb.read.raw:
0000   0x01 0x55 0x00 0xc0 0x17 0x00 0x00 0x00    .U......
0008   0x00 0x43 0x6f 0x6d 0x4c 0x69 0x6e 0x6b    .ComLink
0010   0x20 0x49 0x49 0x01 0x10 0x02 0x00 0x01     II.....
0018   0x01 0x03 0x00 0x00 0x00 0x00 0x00 0x00    ........
0020   0x00 0x00 0x00 0x00 0x00 0x00 0x00 0x00    ........
0028   0x00 0x00 0x00 0x00 0x00 0x00 0x00 0x00    ........
0030   0x00 0x00 0x00 0x00 0x00 0x00 0x00 0x00    ........
0038   0x00 0x00 0x00 0x00 0x00 0x00 0x00 0x00    ........
INFO:stick:quit send_force_read, found len: 64 expected 64 after 0 attempts
INFO:stick:LinkStatus:0x03:status:size=??LinkStatus:error:True:reason:['OK']

ERROR:stick:readStatus: non-zero status: c0
Traceback (most recent call last):
  File "decocare/download.py", line 84, in <module>
    downloader.download( )
  File "decocare/download.py", line 24, in download
    self.device.execute(comm)
  File "/home/bewest/src/decoding-carelink/decocare/session.py", line 101, in execute
    return super(type(self), self).execute(command)
  File "/home/bewest/src/decoding-carelink/decocare/session.py", line 39, in execute
    self.download( )
  File "/home/bewest/src/decoding-carelink/decocare/session.py", line 52, in download
    data = self.stick.download( )
  File "/home/bewest/src/decoding-carelink/decocare/stick.py", line 718, in download
    size = self.poll_size( )
  File "/home/bewest/src/decoding-carelink/decocare/stick.py", line 549, in poll_size
    size  = self.read_status( )
  File "/home/bewest/src/decoding-carelink/decocare/stick.py", line 565, in read_status
    result = self.query(LinkStatus)
  File "/home/bewest/src/decoding-carelink/decocare/stick.py", line 502, in query
    return self.process( )
  File "/home/bewest/src/decoding-carelink/decocare/stick.py", line 490, in process
    info = self.command.parse(response)
  File "/home/bewest/src/decoding-carelink/decocare/stick.py", line 231, in parse
    raise AckError("readStatus: non-zero status: %02x" % self.ack)
errors.AckError: readStatus: non-zero status: c0
Command exited with non-zero status 1
python decocare/download.py /dev/ttyUSB0 511999
	elapsed 0:00.86
	user 0.14
	system 0.08
	CPU 26% (0text+0data 59904max)k
