INFO:__main__:howdy! I'm going to take a look at your pump.
INFO:link:Link opened serial port: Serial<id=0xed9e90, open=True>(port='/dev/ttyUSB0', baudrate=9600, bytesize=8, parity='N', stopbits=1, timeout=0.2, xonxoff=False, rtscts=False, dsrdtr=False)
INFO:stick:PROCESS:OPEN:0.048
INFO:stick:PROCESS:START:0.806:ProductInfo:0x04
INFO:stick:link Stick transmit[None] reader[None] download_i[False] status[None] poll_size[None] poll_i[None] command[<ProductInfo:0x04:size(64)>] processing ProductInfo:0x04)
INFO:stick:send_force_read: attempt 0/5 send command, read until we get something within some timeout
INFO:stick:link Stick transmit[None] reader[None] download_i[False] status[None] poll_size[None] poll_i[None] command[<ProductInfo:0x04:size(64)>] sending ProductInfo:0x04)
INFO:root:usb.write.len: 3
0000   0x04 0x00 0x00                             ...
DEBUG:stick:sleeping 0.001
INFO:root:usb.read.len: 64
INFO:root:usb.read.raw:
0000   0x01 0x55 0x00 0x61 0x72 0x69 0x2f 0x35    .U.ari/5
0008   0x33 0x43 0x6f 0x6d 0x4c 0x69 0x6e 0x6b    3ComLink
0010   0x20 0x49 0x49 0x01 0x10 0x02 0x00 0x01     II.....
0018   0x01 0x03 0x64 0x69 0x6e 0x67 0x3a 0x20    ..ding: 
0020   0x67 0x7a 0x69 0x70 0x2c 0x64 0x65 0x66    gzip,def
0028   0x6c 0x61 0x74 0x65 0x2c 0x73 0x64 0x63    late,sdc
0030   0x68 0x0d 0x0a 0x41 0x63 0x63 0x65 0x70    h..Accep
0038   0x74 0x2d 0x4c 0x61 0x6e 0x67 0x75 0x61    t-Langua
INFO:stick:quit send_force_read, found len: 64 expected 64 after 0 attempts
INFO:stick:finished processing ProductInfo:0x04, {'description': 'ComLink II', 'software.version': '1.16', 'interfaces': [(0, 'Paradigm RF'), (1, 'USB')], 'product.version': '47.53', 'rf.freq': 'UNKNOWN', 'serial': '617269'}
INFO:stick:PROCESS:END:20.959:ProductInfo:0x04
INFO:stick:{'description': 'ComLink II', 'software.version': '1.16', 'interfaces': [(0, 'Paradigm RF'), (1, 'USB')], 'product.version': '47.53', 'rf.freq': 'UNKNOWN', 'serial': '617269'}
INFO:stick:PROCESS:START:22.629:ProductInfo:0x04
INFO:stick:link Stick transmit[None] reader[None] download_i[False] status[None] poll_size[None] poll_i[None] command[<ProductInfo:0x04:size(64)>] processing ProductInfo:0x04)
INFO:stick:send_force_read: attempt 0/5 send command, read until we get something within some timeout
INFO:stick:link Stick transmit[None] reader[None] download_i[False] status[None] poll_size[None] poll_i[None] command[<ProductInfo:0x04:size(64)>] sending ProductInfo:0x04)
INFO:root:usb.write.len: 3
0000   0x04 0x00 0x00                             ...
DEBUG:stick:sleeping 0.001
INFO:root:usb.read.len: 64
INFO:root:usb.read.raw:
0000   0x01 0x55 0x00 0x61 0x72 0x69 0x2f 0x35    .U.ari/5
0008   0x33 0x43 0x6f 0x6d 0x4c 0x69 0x6e 0x6b    3ComLink
0010   0x20 0x49 0x49 0x01 0x10 0x02 0x00 0x01     II.....
0018   0x01 0x03 0x64 0x69 0x6e 0x67 0x3a 0x20    ..ding: 
0020   0x67 0x7a 0x69 0x70 0x2c 0x64 0x65 0x66    gzip,def
0028   0x6c 0x61 0x74 0x65 0x2c 0x73 0x64 0x63    late,sdc
0030   0x68 0x0d 0x0a 0x41 0x63 0x63 0x65 0x70    h..Accep
0038   0x74 0x2d 0x4c 0x61 0x6e 0x67 0x75 0x61    t-Langua
INFO:stick:quit send_force_read, found len: 64 expected 64 after 0 attempts
INFO:stick:finished processing ProductInfo:0x04, {'description': 'ComLink II', 'software.version': '1.16', 'interfaces': [(0, 'Paradigm RF'), (1, 'USB')], 'product.version': '47.53', 'rf.freq': 'UNKNOWN', 'serial': '617269'}
INFO:stick:PROCESS:END:34.474:ProductInfo:0x04
INFO:stick:{'description': 'ComLink II', 'software.version': '1.16', 'interfaces': [(0, 'Paradigm RF'), (1, 'USB')], 'product.version': '47.53', 'rf.freq': 'UNKNOWN', 'serial': '617269'}
INFO:stick:get signal strength of Stick transmit[None] reader[None] download_i[False] status[None] poll_size[None] poll_i[None] command[<ProductInfo:0x04:size(64)>]
INFO:stick:PROCESS:START:38.467:SignalStrength:0x06 0x00
INFO:stick:link Stick transmit[None] reader[None] download_i[False] status[None] poll_size[None] poll_i[None] command[<SignalStrength:0x06 0x00:size(64)>] processing SignalStrength:0x06 0x00)
INFO:stick:send_force_read: attempt 0/5 send command, read until we get something within some timeout
INFO:stick:link Stick transmit[None] reader[None] download_i[False] status[None] poll_size[None] poll_i[None] command[<SignalStrength:0x06 0x00:size(64)>] sending SignalStrength:0x06 0x00)
INFO:root:usb.write.len: 3
0000   0x06 0x00 0x00                             ...
DEBUG:stick:sleeping 0.001
INFO:root:usb.read.len: 64
INFO:root:usb.read.raw:
0000   0x01 0x55 0x00 0xc3 0x72 0x69 0x2f 0x35    .U..ri/5
0008   0x33 0x43 0x6f 0x6d 0x4c 0x69 0x6e 0x6b    3ComLink
0010   0x20 0x49 0x49 0x01 0x10 0x02 0x00 0x01     II.....
0018   0x01 0x03 0x64 0x69 0x6e 0x67 0x3a 0x20    ..ding: 
0020   0x67 0x7a 0x69 0x70 0x2c 0x64 0x65 0x66    gzip,def
0028   0x6c 0x61 0x74 0x65 0x2c 0x73 0x64 0x63    late,sdc
0030   0x68 0x0d 0x0a 0x41 0x63 0x63 0x65 0x70    h..Accep
0038   0x74 0x2d 0x4c 0x61 0x6e 0x67 0x75 0x61    t-Langua
INFO:stick:quit send_force_read, found len: 64 expected 64 after 0 attempts
INFO:stick:<SignalStrength:0x06 0x00:size(64)>:readSignalStrength:195
INFO:stick:finished processing SignalStrength:0x06 0x00, 195
INFO:stick:PROCESS:END:52.562:SignalStrength:0x06 0x00
INFO:stick:we seem to have found a nice signal strength of: 195
INFO:__main__:setting up to talk with 665455
INFO:stick:PROCESS:START:53.633:UsbStats:0x05 0x01
INFO:stick:link Stick transmit[None] reader[None] download_i[False] status[None] poll_size[None] poll_i[None] command[<UsbStats:0x05 0x01:size(64)>] processing UsbStats:0x05 0x01)
INFO:stick:send_force_read: attempt 0/5 send command, read until we get something within some timeout
INFO:stick:link Stick transmit[None] reader[None] download_i[False] status[None] poll_size[None] poll_i[None] command[<UsbStats:0x05 0x01:size(64)>] sending UsbStats:0x05 0x01)
INFO:root:usb.write.len: 3
0000   0x05 0x01 0x00                             ...
DEBUG:stick:sleeping 0.001
INFO:root:usb.read.len: 64
INFO:root:usb.read.raw:
0000   0x01 0x55 0x00 0x00 0x00 0x00 0x00 0x00    .U......
0008   0x00 0x00 0x30 0x00 0x00 0x00 0x30 0x00    ..0...0.
0010   0x31 0x00 0x31 0x00 0x30 0x04 0x00 0x00    1.1.0...
0018   0x05 0x03 0x64 0x69 0x6e 0x67 0x3a 0x20    ..ding: 
0020   0x67 0x7a 0x69 0x70 0x2c 0x64 0x65 0x66    gzip,def
0028   0x6c 0x61 0x74 0x65 0x2c 0x73 0x64 0x63    late,sdc
0030   0x68 0x0d 0x0a 0x41 0x63 0x63 0x65 0x70    h..Accep
0038   0x74 0x2d 0x4c 0x61 0x6e 0x67 0x75 0x61    t-Langua
INFO:stick:quit send_force_read, found len: 64 expected 64 after 0 attempts
INFO:stick:finished processing UsbStats:0x05 0x01, {'errors.timeouts': 0, 'packets.transmit': 48L, 'errors.naks': 0, 'errors.sequence': 0, 'packets.received': 48L, 'errors.crc': 0}
INFO:stick:PROCESS:END:71.594:UsbStats:0x05 0x01
INFO:stick:PROCESS:START:72.458:RadioStats:0x05 0x00
INFO:stick:link Stick transmit[None] reader[None] download_i[False] status[None] poll_size[None] poll_i[None] command[<RadioStats:0x05 0x00:size(64)>] processing RadioStats:0x05 0x00)
INFO:stick:send_force_read: attempt 0/5 send command, read until we get something within some timeout
INFO:stick:link Stick transmit[None] reader[None] download_i[False] status[None] poll_size[None] poll_i[None] command[<RadioStats:0x05 0x00:size(64)>] sending RadioStats:0x05 0x00)
INFO:root:usb.write.len: 3
0000   0x05 0x00 0x00                             ...
DEBUG:stick:sleeping 0.001
INFO:root:usb.read.len: 64
INFO:root:usb.read.raw:
0000   0x01 0x55 0x00 0x00 0x00 0x00 0x00 0x00    .U......
0008   0x00 0x00 0x00 0x00 0x00 0x00 0x00 0x00    ........
0010   0x00 0x00 0x00 0x00 0x00 0x00 0x00 0x00    ........
0018   0x00 0x00 0x00 0x00 0x00 0x00 0x00 0x00    ........
0020   0x00 0x01 0x00 0x00 0x2c 0x64 0x65 0x66    ....,def
0028   0x6c 0x61 0x74 0x65 0x2c 0x73 0x64 0x63    late,sdc
0030   0x68 0x0d 0x0a 0x41 0x63 0x63 0x65 0x70    h..Accep
0038   0x74 0x2d 0x4c 0x61 0x6e 0x67 0x75 0x61    t-Langua
INFO:stick:quit send_force_read, found len: 64 expected 64 after 0 attempts
INFO:stick:finished processing RadioStats:0x05 0x00, {'errors.timeouts': 0, 'packets.transmit': 0L, 'errors.naks': 0, 'errors.sequence': 0, 'packets.received': 0L, 'errors.crc': 0}
INFO:stick:PROCESS:END:88.12:RadioStats:0x05 0x00
INFO:__main__:{'radio': {'errors.crc': 0,
           'errors.naks': 0,
           'errors.sequence': 0,
           'errors.timeouts': 0,
           'packets.received': 0L,
           'packets.transmit': 0L},
 'usb': {'errors.crc': 0,
         'errors.naks': 0,
         'errors.sequence': 0,
         'errors.timeouts': 0,
         'packets.received': 48L,
         'packets.transmit': 48L}}
INFO:__main__:BEGIN POWER CONTROL
PowerControl SERIAL 665455
INFO:__main__:execute attempt: 1
INFO:__main__:session transferring packet
INFO:stick:transmit_packet:write:<TransmitPacket:PowerControl:data:unknown>
INFO:stick:PROCESS:START:94.736:TransmitPacket:PowerControl:data:unknown
INFO:stick:link Stick transmit[TransmitPacket:PowerControl:data:unknown] reader[None] download_i[False] status[None] poll_size[None] poll_i[None] command[<TransmitPacket:PowerControl:data:unknown>] processing TransmitPacket:PowerControl:data:unknown)
INFO:stick:send_force_read: attempt 0/5 send command, read until we get something within some timeout
INFO:stick:link Stick transmit[TransmitPacket:PowerControl:data:unknown] reader[None] download_i[False] status[None] poll_size[None] poll_i[None] command[<TransmitPacket:PowerControl:data:unknown>] sending TransmitPacket:PowerControl:data:unknown)
DEBUG:stick:[1, 0, 167, 1, 102, 84, 85, 128, 2, 85, 0, 0, 0, 93, 230, 1, 10, 162]
INFO:root:usb.write.len: 18
0000   0x01 0x00 0xa7 0x01 0x66 0x54 0x55 0x80    ....fTU.
0008   0x02 0x55 0x00 0x00 0x00 0x5d 0xe6 0x01    .U...]..
0010   0x0a 0xa2                                  ..
DEBUG:stick:sleeping 0.001
INFO:root:usb.read.len: 64
INFO:root:usb.read.raw:
0000   0x01 0x55 0x00 0x00 0x00 0x00 0x00 0x00    .U......
0008   0x00 0x00 0x00 0x00 0x00 0x00 0x00 0x00    ........
0010   0x00 0x00 0x00 0x00 0x00 0x00 0x00 0x00    ........
0018   0x00 0x00 0x00 0x00 0x00 0x00 0x00 0x00    ........
0020   0x00 0x01 0x00 0x00 0x2c 0x64 0x65 0x66    ....,def
0028   0x6c 0x61 0x74 0x65 0x2c 0x73 0x64 0x63    late,sdc
0030   0x68 0x0d 0x0a 0x41 0x63 0x63 0x65 0x70    h..Accep
0038   0x74 0x2d 0x4c 0x61 0x6e 0x67 0x75 0x61    t-Langua
INFO:stick:quit send_force_read, found len: 64 expected 64 after 0 attempts
INFO:stick:finished processing TransmitPacket:PowerControl:data:unknown, bytearray(b'\x00\x00\x00\x00\x00\x00\x00\x00\x00\x00\x00\x00\x00\x00\x00\x00\x00\x00\x00\x00\x00\x00\x00\x00\x00\x00\x00\x00\x00\x00\x01\x00\x00,deflate,sdch\r\nAccept-Langua')
INFO:stick:PROCESS:END:111.762:TransmitPacket:PowerControl:data:unknown
INFO:__main__:sleeping 17 before download
INFO:__main__:no download required
INFO:__main__:finished executing:PowerControl:data:unknown
INFO:commands:PowerControl:data:unknown:download:done?:found[0] expected[0]
INFO:__main__:manually download PowerControl serial 665455
INFO:stick:download:start:0
INFO:stick:Stick transmit[TransmitPacket:PowerControl:data:unknown] reader[None] download_i[1] status[None] poll_size[None] poll_i[None] command[<TransmitPacket:PowerControl:data:unknown>]:download(attempts[1],expect[0],results[0]:data[0]):begin first poll first sleep .250
DEBUG:stick:<Stick transmit[TransmitPacket:PowerControl:data:unknown] reader[None] download_i[1] status[None] poll_size[None] poll_i[None] command[<TransmitPacket:PowerControl:data:unknown>]>:STARTING POLL PHASE:attempt:0
DEBUG:stick:<Stick transmit[TransmitPacket:PowerControl:data:unknown] reader[None] download_i[1] status[None] poll_size[0] poll_i[0] command[<TransmitPacket:PowerControl:data:unknown>]>:poll:attempt:0
INFO:stick:PROCESS:START:17380.373:LinkStatus:0x03:status:size=64
INFO:stick:link Stick transmit[TransmitPacket:PowerControl:data:unknown] reader[None] download_i[1] status[None] poll_size[0] poll_i[0] command[<LinkStatus:0x03:status:size=64:size(64)>] processing LinkStatus:0x03:status:size=64)
INFO:stick:send_force_read: attempt 0/5 send command, read until we get something within some timeout
INFO:stick:link Stick transmit[TransmitPacket:PowerControl:data:unknown] reader[None] download_i[1] status[None] poll_size[0] poll_i[0] command[<LinkStatus:0x03:status:size=64:size(64)>] sending LinkStatus:0x03:status:size=64)
INFO:root:usb.write.len: 3
0000   0x03 0x00 0x00                             ...
DEBUG:stick:sleeping 0.001
INFO:root:usb.read.len: 64
INFO:root:usb.read.raw:
0000   0x01 0x55 0x00 0x00 0x02 0x01 0x00 0x0f    .U......
0008   0x05 0x04 0x00 0x00 0x00 0x00 0x00 0x00    ........
0010   0x00 0x00 0x00 0x00 0x00 0x00 0x00 0x00    ........
0018   0x00 0x00 0x00 0x00 0x00 0x00 0x00 0x00    ........
0020   0x00 0x01 0x00 0x00 0x2c 0x64 0x65 0x66    ....,def
0028   0x6c 0x61 0x74 0x65 0x2c 0x73 0x64 0x63    late,sdc
0030   0x68 0x0d 0x0a 0x41 0x63 0x63 0x65 0x70    h..Accep
0038   0x74 0x2d 0x4c 0x61 0x6e 0x67 0x75 0x61    t-Langua
INFO:stick:quit send_force_read, found len: 64 expected 64 after 0 attempts
INFO:stick:LinkStatus:0x03:status:size=15

INFO:stick:finished processing LinkStatus:0x03:status:size=15, 15
INFO:stick:PROCESS:END:17465.881:LinkStatus:0x03:status:size=15
INFO:stick:Stick transmit[TransmitPacket:PowerControl:data:unknown] reader[None] download_i[1] status[<LinkStatus:0x03:status:size=15:size(15)>] poll_size[15] poll_i[0] command[<LinkStatus:0x03:status:size=15:size(15)>]:STOP POLL after 1 attempts:size:15
INFO:stick:Stick transmit[TransmitPacket:PowerControl:data:unknown] reader[None] download_i[1] status[<LinkStatus:0x03:status:size=15:size(15)>] poll_size[15] poll_i[False] command[<LinkStatus:0x03:status:size=15:size(15)>]:download(attempts[1],expect[15],results[0]:data[0]):end first poll
INFO:stick:Stick transmit[TransmitPacket:PowerControl:data:unknown] reader[None] download_i[1] status[<LinkStatus:0x03:status:size=15:size(15)>] poll_size[15] poll_i[False] command[<LinkStatus:0x03:status:size=15:size(15)>]:download(attempts[1],expect[15],results[0]:data[0]):proceed to download packet
INFO:stick:Stick transmit[TransmitPacket:PowerControl:data:unknown] reader[None] download_i[1] status[<LinkStatus:0x03:status:size=15:size(15)>] poll_size[15] poll_i[False] command[<LinkStatus:0x03:status:size=15:size(15)>]:download_packet:15
ERROR:stick:size is less than 64, which will cause an error. trying 64 instead
INFO:stick:PROCESS:START:17466.661:ReadRadio:size:15
INFO:stick:send_force_read: attempt 0/5 send command, read until we get something within some timeout
INFO:stick:link Stick transmit[TransmitPacket:PowerControl:data:unknown] reader[ReadRadio:size:15] download_i[1] status[<LinkStatus:0x03:status:size=15:size(15)>] poll_size[15] poll_i[False] command[<ReadRadio:size:15>] sending ReadRadio:size:15)
INFO:root:usb.write.len: 5
0000   0x0c 0x00 0x00 0x0f 0xc6                   .....
DEBUG:stick:sleeping 0.001
INFO:root:usb.read.len: 15
INFO:root:usb.read.raw:
0000   0x02 0x00 0x01 0x00 0xe2 0x80 0x01 0xa7    ........
0008   0x01 0x66 0x54 0x55 0x8a 0x00 0x00         .fTU...
INFO:stick:quit send_force_read, found len: 15 expected 64 after 0 attempts
INFO:stick:readData validating remote raw[ack]: 02
INFO:stick:readData; foreign raw should be at least 14 bytes? 15 True
INFO:stick:readData; raw[retries] 0
INFO:stick:ReadRadio:size:15:eod:found eod (True)
INFO:stick:found packet len(1), link expects(1)
WARNING:stick:bad zero CRC?
INFO:stick:PROCESS:END:17670.287:ReadRadio:size:15
INFO:stick:Stick transmit[TransmitPacket:PowerControl:data:unknown] reader[ReadRadio:size:15] download_i[1] status[<LinkStatus:0x03:status:size=15:size(15)>] poll_size[15] poll_i[False] command[<ReadRadio:size:15>]:download(attempts[1],expect[15],results[1]:data[1]):adding segment
INFO:stick:Stick transmit[TransmitPacket:PowerControl:data:unknown] reader[ReadRadio:size:15] download_i[1] status[<LinkStatus:0x03:status:size=15:size(15)>] poll_size[15] poll_i[False] command[<ReadRadio:size:15>]:download(attempts[1],expect[15],results[1]:data[1]):DONE
INFO:__main__:ENDING manual download:
0000   0x00                                       .
INFO:stick:PROCESS:START:17670.907:UsbStats:0x05 0x01
INFO:stick:link Stick transmit[TransmitPacket:PowerControl:data:unknown] reader[ReadRadio:size:15] download_i[False] status[<LinkStatus:0x03:status:size=15:size(15)>] poll_size[15] poll_i[False] command[<UsbStats:0x05 0x01:size(64)>] processing UsbStats:0x05 0x01)
INFO:stick:send_force_read: attempt 0/5 send command, read until we get something within some timeout
INFO:stick:link Stick transmit[TransmitPacket:PowerControl:data:unknown] reader[ReadRadio:size:15] download_i[False] status[<LinkStatus:0x03:status:size=15:size(15)>] poll_size[15] poll_i[False] command[<UsbStats:0x05 0x01:size(64)>] sending UsbStats:0x05 0x01)
INFO:root:usb.write.len: 3
0000   0x05 0x01 0x00                             ...
DEBUG:stick:sleeping 0.001
INFO:root:usb.read.len: 64
INFO:root:usb.read.raw:
0000   0x01 0x55 0x00 0x00 0x00 0x00 0x00 0x00    .U......
0008   0x00 0x00 0x35 0x00 0x00 0x00 0x35 0x00    ..5...5.
0010   0x36 0x00 0x36 0x00 0x35 0x04 0x00 0x00    6.6.5...
0018   0x05 0x00 0x00 0x00 0x00 0x00 0x00 0x00    ........
0020   0x00 0x01 0x00 0x00 0x2c 0x64 0x65 0x66    ....,def
0028   0x6c 0x61 0x74 0x65 0x2c 0x73 0x64 0x63    late,sdc
0030   0x68 0x0d 0x0a 0x41 0x63 0x63 0x65 0x70    h..Accep
0038   0x74 0x2d 0x4c 0x61 0x6e 0x67 0x75 0x61    t-Langua
INFO:stick:quit send_force_read, found len: 64 expected 64 after 0 attempts
INFO:stick:finished processing UsbStats:0x05 0x01, {'errors.timeouts': 0, 'packets.transmit': 53L, 'errors.naks': 0, 'errors.sequence': 0, 'packets.received': 53L, 'errors.crc': 0}
INFO:stick:PROCESS:END:17674.852:UsbStats:0x05 0x01
INFO:stick:PROCESS:START:17675.014:RadioStats:0x05 0x00
INFO:stick:link Stick transmit[TransmitPacket:PowerControl:data:unknown] reader[ReadRadio:size:15] download_i[False] status[<LinkStatus:0x03:status:size=15:size(15)>] poll_size[15] poll_i[False] command[<RadioStats:0x05 0x00:size(64)>] processing RadioStats:0x05 0x00)
INFO:stick:send_force_read: attempt 0/5 send command, read until we get something within some timeout
INFO:stick:link Stick transmit[TransmitPacket:PowerControl:data:unknown] reader[ReadRadio:size:15] download_i[False] status[<LinkStatus:0x03:status:size=15:size(15)>] poll_size[15] poll_i[False] command[<RadioStats:0x05 0x00:size(64)>] sending RadioStats:0x05 0x00)
INFO:root:usb.write.len: 3
0000   0x05 0x00 0x00                             ...
DEBUG:stick:sleeping 0.001
INFO:root:usb.read.len: 64
INFO:root:usb.read.raw:
0000   0x01 0x55 0x00 0x00 0x00 0x00 0x00 0x00    .U......
0008   0x00 0x00 0x02 0x00 0x00 0x00 0x02 0x00    ........
0010   0x00 0x00 0x01 0x00 0x02 0x00 0x00 0x00    ........
0018   0x00 0x00 0x01 0x00 0x00 0x00 0x00 0x00    ........
0020   0x00 0x01 0x00 0x02 0x2c 0x64 0x65 0x66    ....,def
0028   0x6c 0x61 0x74 0x65 0x2c 0x73 0x64 0x63    late,sdc
0030   0x68 0x0d 0x0a 0x41 0x63 0x63 0x65 0x70    h..Accep
0038   0x74 0x2d 0x4c 0x61 0x6e 0x67 0x75 0x61    t-Langua
INFO:stick:quit send_force_read, found len: 64 expected 64 after 0 attempts
INFO:stick:finished processing RadioStats:0x05 0x00, {'errors.timeouts': 0, 'packets.transmit': 2L, 'errors.naks': 0, 'errors.sequence': 0, 'packets.received': 2L, 'errors.crc': 0}
INFO:stick:PROCESS:END:17680.824:RadioStats:0x05 0x00
INFO:__main__:{'radio': {'errors.crc': 0,
           'errors.naks': 0,
           'errors.sequence': 0,
           'errors.timeouts': 0,
           'packets.received': 2L,
           'packets.transmit': 2L},
 'usb': {'errors.crc': 0,
         'errors.naks': 0,
         'errors.sequence': 0,
         'errors.timeouts': 0,
         'packets.received': 53L,
         'packets.transmit': 53L}}
INFO:__main__:execute attempt: 1
INFO:__main__:session transferring packet
INFO:stick:transmit_packet:write:<TransmitPacket:ReadPumpModel:data:unknown>
INFO:stick:PROCESS:START:17685.085:TransmitPacket:ReadPumpModel:data:unknown
INFO:stick:link Stick transmit[TransmitPacket:ReadPumpModel:data:unknown] reader[ReadRadio:size:15] download_i[False] status[<LinkStatus:0x03:status:size=15:size(15)>] poll_size[15] poll_i[False] command[<TransmitPacket:ReadPumpModel:data:unknown>] processing TransmitPacket:ReadPumpModel:data:unknown)
INFO:stick:send_force_read: attempt 0/5 send command, read until we get something within some timeout
INFO:stick:link Stick transmit[TransmitPacket:ReadPumpModel:data:unknown] reader[ReadRadio:size:15] download_i[False] status[<LinkStatus:0x03:status:size=15:size(15)>] poll_size[15] poll_i[False] command[<TransmitPacket:ReadPumpModel:data:unknown>] sending TransmitPacket:ReadPumpModel:data:unknown)
DEBUG:stick:[1, 0, 167, 1, 102, 84, 85, 128, 0, 0, 2, 1, 0, 141, 91, 0]
INFO:root:usb.write.len: 16
0000   0x01 0x00 0xa7 0x01 0x66 0x54 0x55 0x80    ....fTU.
0008   0x00 0x00 0x02 0x01 0x00 0x8d 0x5b 0x00    ......[.
DEBUG:stick:sleeping 0.001
INFO:root:usb.read.len: 64
INFO:root:usb.read.raw:
0000   0x01 0x55 0x00 0x00 0x00 0x00 0x00 0x00    .U......
0008   0x00 0x00 0x02 0x00 0x00 0x00 0x02 0x00    ........
0010   0x00 0x00 0x01 0x00 0x02 0x00 0x00 0x00    ........
0018   0x00 0x00 0x01 0x00 0x00 0x00 0x00 0x00    ........
0020   0x00 0x01 0x00 0x02 0x2c 0x64 0x65 0x66    ....,def
0028   0x6c 0x61 0x74 0x65 0x2c 0x73 0x64 0x63    late,sdc
0030   0x68 0x0d 0x0a 0x41 0x63 0x63 0x65 0x70    h..Accep
0038   0x74 0x2d 0x4c 0x61 0x6e 0x67 0x75 0x61    t-Langua
INFO:stick:quit send_force_read, found len: 64 expected 64 after 0 attempts
INFO:stick:finished processing TransmitPacket:ReadPumpModel:data:unknown, bytearray(b'\x00\x00\x00\x00\x00\x00\x00\x02\x00\x00\x00\x02\x00\x00\x00\x01\x00\x02\x00\x00\x00\x00\x00\x01\x00\x00\x00\x00\x00\x00\x01\x00\x02,deflate,sdch\r\nAccept-Langua')
INFO:stick:PROCESS:END:17693.634:TransmitPacket:ReadPumpModel:data:unknown
INFO:__main__:sleeping 0.5 before download
INFO:__main__:proceeding with download
INFO:stick:download:start:0
INFO:stick:Stick transmit[TransmitPacket:ReadPumpModel:data:unknown] reader[ReadRadio:size:15] download_i[1] status[<LinkStatus:0x03:status:size=15:size(15)>] poll_size[15] poll_i[False] command[<TransmitPacket:ReadPumpModel:data:unknown>]:download(attempts[1],expect[0],results[0]:data[0]):begin first poll first sleep .250
DEBUG:stick:<Stick transmit[TransmitPacket:ReadPumpModel:data:unknown] reader[ReadRadio:size:15] download_i[1] status[<LinkStatus:0x03:status:size=15:size(15)>] poll_size[15] poll_i[False] command[<TransmitPacket:ReadPumpModel:data:unknown>]>:STARTING POLL PHASE:attempt:0
DEBUG:stick:<Stick transmit[TransmitPacket:ReadPumpModel:data:unknown] reader[ReadRadio:size:15] download_i[1] status[<LinkStatus:0x03:status:size=15:size(15)>] poll_size[0] poll_i[0] command[<TransmitPacket:ReadPumpModel:data:unknown>]>:poll:attempt:0
INFO:stick:PROCESS:START:18447.611:LinkStatus:0x03:status:size=64
INFO:stick:link Stick transmit[TransmitPacket:ReadPumpModel:data:unknown] reader[ReadRadio:size:15] download_i[1] status[<LinkStatus:0x03:status:size=15:size(15)>] poll_size[0] poll_i[0] command[<LinkStatus:0x03:status:size=64:size(64)>] processing LinkStatus:0x03:status:size=64)
INFO:stick:send_force_read: attempt 0/5 send command, read until we get something within some timeout
INFO:stick:link Stick transmit[TransmitPacket:ReadPumpModel:data:unknown] reader[ReadRadio:size:15] download_i[1] status[<LinkStatus:0x03:status:size=15:size(15)>] poll_size[0] poll_i[0] command[<LinkStatus:0x03:status:size=64:size(64)>] sending LinkStatus:0x03:status:size=64)
INFO:root:usb.write.len: 3
0000   0x03 0x00 0x00                             ...
DEBUG:stick:sleeping 0.001
INFO:root:usb.read.len: 64
INFO:root:usb.read.raw:
0000   0x01 0x55 0x00 0x00 0x02 0x01 0x00 0x4e    .U.....N
0008   0x05 0x04 0x00 0x00 0x00 0x00 0x02 0x00    ........
0010   0x00 0x00 0x01 0x00 0x02 0x00 0x00 0x00    ........
0018   0x00 0x00 0x01 0x00 0x00 0x00 0x00 0x00    ........
0020   0x00 0x01 0x00 0x02 0x2c 0x64 0x65 0x66    ....,def
0028   0x6c 0x61 0x74 0x65 0x2c 0x73 0x64 0x63    late,sdc
0030   0x68 0x0d 0x0a 0x41 0x63 0x63 0x65 0x70    h..Accep
0038   0x74 0x2d 0x4c 0x61 0x6e 0x67 0x75 0x61    t-Langua
INFO:stick:quit send_force_read, found len: 64 expected 64 after 0 attempts
INFO:stick:LinkStatus:0x03:status:size=78

INFO:stick:finished processing LinkStatus:0x03:status:size=78, 78
INFO:stick:PROCESS:END:18455.403:LinkStatus:0x03:status:size=78
INFO:stick:Stick transmit[TransmitPacket:ReadPumpModel:data:unknown] reader[ReadRadio:size:15] download_i[1] status[<LinkStatus:0x03:status:size=78:size(78)>] poll_size[78] poll_i[0] command[<LinkStatus:0x03:status:size=78:size(78)>]:STOP POLL after 1 attempts:size:78
INFO:stick:Stick transmit[TransmitPacket:ReadPumpModel:data:unknown] reader[ReadRadio:size:15] download_i[1] status[<LinkStatus:0x03:status:size=78:size(78)>] poll_size[78] poll_i[False] command[<LinkStatus:0x03:status:size=78:size(78)>]:download(attempts[1],expect[78],results[0]:data[0]):end first poll
INFO:stick:Stick transmit[TransmitPacket:ReadPumpModel:data:unknown] reader[ReadRadio:size:15] download_i[1] status[<LinkStatus:0x03:status:size=78:size(78)>] poll_size[78] poll_i[False] command[<LinkStatus:0x03:status:size=78:size(78)>]:download(attempts[1],expect[78],results[0]:data[0]):proceed to download packet
INFO:stick:Stick transmit[TransmitPacket:ReadPumpModel:data:unknown] reader[ReadRadio:size:15] download_i[1] status[<LinkStatus:0x03:status:size=78:size(78)>] poll_size[78] poll_i[False] command[<LinkStatus:0x03:status:size=78:size(78)>]:download_packet:78
INFO:stick:PROCESS:START:18459.864:ReadRadio:size:78
INFO:stick:send_force_read: attempt 0/5 send command, read until we get something within some timeout
INFO:stick:link Stick transmit[TransmitPacket:ReadPumpModel:data:unknown] reader[ReadRadio:size:78] download_i[1] status[<LinkStatus:0x03:status:size=78:size(78)>] poll_size[78] poll_i[False] command[<ReadRadio:size:78>] sending ReadRadio:size:78)
INFO:root:usb.write.len: 5
0000   0x0c 0x00 0x00 0x4e 0x95                   ...N.
DEBUG:stick:sleeping 0.001
INFO:root:usb.read.len: 78
INFO:root:usb.read.raw:
0000   0x02 0x00 0x03 0x00 0xe4 0x80 0x40 0xa7    ......@.
0008   0x01 0x66 0x54 0x55 0xa3 0x03 0x35 0x32    .fTU..52
0010   0x32 0x00 0x00 0x00 0x00 0x00 0x00 0x00    2.......
0018   0x00 0x00 0x00 0x00 0x00 0x00 0x00 0x00    ........
0020   0x00 0x00 0x00 0x00 0x00 0x00 0x00 0x00    ........
0028   0x00 0x00 0x00 0x00 0x00 0x00 0x00 0x00    ........
0030   0x00 0x00 0x00 0x00 0x00 0x00 0x00 0x00    ........
0038   0x00 0x00 0x00 0x00 0x00 0x00 0x00 0x00    ........
0040   0x00 0x00 0x00 0x00 0x00 0x00 0x00 0x00    ........
0048   0x00 0x00 0x00 0x00 0x00 0xb7              ......
INFO:stick:quit send_force_read, found len: 78 expected 78 after 0 attempts
INFO:stick:readData validating remote raw[ack]: 02
INFO:stick:readData; foreign raw should be at least 14 bytes? 78 True
INFO:stick:readData; raw[retries] 0
INFO:stick:ReadRadio:size:78:eod:found eod (True)
INFO:stick:found packet len(64), link expects(64)
INFO:stick:PROCESS:END:18470.73:ReadRadio:size:78
INFO:stick:Stick transmit[TransmitPacket:ReadPumpModel:data:unknown] reader[ReadRadio:size:78] download_i[1] status[<LinkStatus:0x03:status:size=78:size(78)>] poll_size[78] poll_i[False] command[<ReadRadio:size:78>]:download(attempts[1],expect[78],results[64]:data[64]):adding segment
INFO:stick:Stick transmit[TransmitPacket:ReadPumpModel:data:unknown] reader[ReadRadio:size:78] download_i[1] status[<LinkStatus:0x03:status:size=78:size(78)>] poll_size[78] poll_i[False] command[<ReadRadio:size:78>]:download(attempts[1],expect[78],results[64]:data[64]):DONE
INFO:__main__:finished executing:ReadPumpModel:size[64]:data:'522'
INFO:commands:ReadPumpModel:size[64]:data:'522':download:done?:found[64] expected[64]
INFO:__main__:PUMP MODEL: ReadPumpModel:size[64]:data:'522'
INFO:stick:PROCESS:START:18473.033:UsbStats:0x05 0x01
INFO:stick:link Stick transmit[TransmitPacket:ReadPumpModel:size[64]:data:'522'] reader[ReadRadio:size:78] download_i[False] status[<LinkStatus:0x03:status:size=78:size(78)>] poll_size[78] poll_i[False] command[<UsbStats:0x05 0x01:size(64)>] processing UsbStats:0x05 0x01)
INFO:stick:send_force_read: attempt 0/5 send command, read until we get something within some timeout
INFO:stick:link Stick transmit[TransmitPacket:ReadPumpModel:size[64]:data:'522'] reader[ReadRadio:size:78] download_i[False] status[<LinkStatus:0x03:status:size=78:size(78)>] poll_size[78] poll_i[False] command[<UsbStats:0x05 0x01:size(64)>] sending UsbStats:0x05 0x01)
INFO:root:usb.write.len: 3
0000   0x05 0x01 0x00                             ...
DEBUG:stick:sleeping 0.001
INFO:root:usb.read.len: 64
INFO:root:usb.read.raw:
0000   0x01 0x55 0x00 0x00 0x00 0x00 0x00 0x00    .U......
0008   0x00 0x00 0x3a 0x00 0x00 0x00 0x3a 0x00    ..:...:.
0010   0x3b 0x00 0x3b 0x00 0x3a 0x04 0x00 0x00    ;.;.:...
0018   0x05 0x00 0x00 0x00 0x00 0x00 0x00 0x00    ........
0020   0x00 0x00 0x00 0x00 0x00 0x00 0x00 0x00    ........
0028   0x00 0x00 0x00 0x00 0x00 0x00 0x00 0x00    ........
0030   0x00 0x00 0x00 0x00 0x00 0x00 0x00 0x00    ........
0038   0x00 0x00 0x00 0x00 0x00 0x00 0x00 0x00    ........
INFO:stick:quit send_force_read, found len: 64 expected 64 after 0 attempts
INFO:stick:finished processing UsbStats:0x05 0x01, {'errors.timeouts': 0, 'packets.transmit': 58L, 'errors.naks': 0, 'errors.sequence': 0, 'packets.received': 58L, 'errors.crc': 0}
INFO:stick:PROCESS:END:18482.361:UsbStats:0x05 0x01
INFO:stick:PROCESS:START:18483.321:RadioStats:0x05 0x00
INFO:stick:link Stick transmit[TransmitPacket:ReadPumpModel:size[64]:data:'522'] reader[ReadRadio:size:78] download_i[False] status[<LinkStatus:0x03:status:size=78:size(78)>] poll_size[78] poll_i[False] command[<RadioStats:0x05 0x00:size(64)>] processing RadioStats:0x05 0x00)
INFO:stick:send_force_read: attempt 0/5 send command, read until we get something within some timeout
INFO:stick:link Stick transmit[TransmitPacket:ReadPumpModel:size[64]:data:'522'] reader[ReadRadio:size:78] download_i[False] status[<LinkStatus:0x03:status:size=78:size(78)>] poll_size[78] poll_i[False] command[<RadioStats:0x05 0x00:size(64)>] sending RadioStats:0x05 0x00)
INFO:root:usb.write.len: 3
0000   0x05 0x00 0x00                             ...
DEBUG:stick:sleeping 0.001
INFO:root:usb.read.len: 64
INFO:root:usb.read.raw:
0000   0x01 0x55 0x00 0x00 0x00 0x00 0x00 0x00    .U......
0008   0x00 0x00 0x03 0x00 0x00 0x00 0x03 0x00    ........
0010   0x00 0x00 0x02 0x00 0x02 0x00 0x00 0x00    ........
0018   0x01 0x00 0x01 0x00 0x00 0x00 0x00 0x00    ........
0020   0x00 0x01 0x00 0x0b 0x00 0x00 0x00 0x00    ........
0028   0x00 0x00 0x00 0x00 0x00 0x00 0x00 0x00    ........
0030   0x00 0x00 0x00 0x00 0x00 0x00 0x00 0x00    ........
0038   0x00 0x00 0x00 0x00 0x00 0x00 0x00 0x00    ........
INFO:stick:quit send_force_read, found len: 64 expected 64 after 0 attempts
INFO:stick:finished processing RadioStats:0x05 0x00, {'errors.timeouts': 0, 'packets.transmit': 3L, 'errors.naks': 0, 'errors.sequence': 0, 'packets.received': 3L, 'errors.crc': 0}
INFO:stick:PROCESS:END:18494.075:RadioStats:0x05 0x00
INFO:__main__:{'radio': {'errors.crc': 0,
           'errors.naks': 0,
           'errors.sequence': 0,
           'errors.timeouts': 0,
           'packets.received': 3L,
           'packets.transmit': 3L},
 'usb': {'errors.crc': 0,
         'errors.naks': 0,
         'errors.sequence': 0,
         'errors.timeouts': 0,
         'packets.received': 58L,
         'packets.transmit': 58L}}
INFO:__main__:read HISTORY DATA
INFO:__main__:execute attempt: 1
INFO:__main__:session transferring packet
INFO:stick:transmit_packet:write:<TransmitPacket:ReadHistoryData:size[1024]:[page][0]:data[0]:>
INFO:stick:PROCESS:START:18500.3:TransmitPacket:ReadHistoryData:size[1024]:[page][0]:data[0]:
INFO:stick:link Stick transmit[TransmitPacket:ReadHistoryData:size[1024]:[page][0]:data[0]:] reader[ReadRadio:size:78] download_i[False] status[<LinkStatus:0x03:status:size=78:size(78)>] poll_size[78] poll_i[False] command[<TransmitPacket:ReadHistoryData:size[1024]:[page][0]:data[0]:>] processing TransmitPacket:ReadHistoryData:size[1024]:[page][0]:data[0]:)
INFO:stick:send_force_read: attempt 0/5 send command, read until we get something within some timeout
INFO:stick:link Stick transmit[TransmitPacket:ReadHistoryData:size[1024]:[page][0]:data[0]:] reader[ReadRadio:size:78] download_i[False] status[<LinkStatus:0x03:status:size=78:size(78)>] poll_size[78] poll_i[False] command[<TransmitPacket:ReadHistoryData:size[1024]:[page][0]:data[0]:>] sending TransmitPacket:ReadHistoryData:size[1024]:[page][0]:data[0]:)
DEBUG:stick:[1, 0, 167, 1, 102, 84, 85, 128, 1, 0, 2, 2, 0, 128, 7, 0, 0]
INFO:root:usb.write.len: 17
0000   0x01 0x00 0xa7 0x01 0x66 0x54 0x55 0x80    ....fTU.
0008   0x01 0x00 0x02 0x02 0x00 0x80 0x07 0x00    ........
0010   0x00                                       .
DEBUG:stick:sleeping 0.001
INFO:root:usb.read.len: 64
INFO:root:usb.read.raw:
0000   0x01 0x55 0x00 0x00 0x00 0x00 0x00 0x00    .U......
0008   0x00 0x00 0x03 0x00 0x00 0x00 0x03 0x00    ........
0010   0x00 0x00 0x02 0x00 0x02 0x00 0x00 0x00    ........
0018   0x01 0x00 0x01 0x00 0x00 0x00 0x00 0x00    ........
0020   0x00 0x01 0x00 0x0b 0x00 0x00 0x00 0x00    ........
0028   0x00 0x00 0x00 0x00 0x00 0x00 0x00 0x00    ........
0030   0x00 0x00 0x00 0x00 0x00 0x00 0x00 0x00    ........
0038   0x00 0x00 0x00 0x00 0x00 0x00 0x00 0x00    ........
INFO:stick:quit send_force_read, found len: 64 expected 64 after 0 attempts
INFO:stick:finished processing TransmitPacket:ReadHistoryData:size[1024]:[page][0]:data[0]:, bytearray(b'\x00\x00\x00\x00\x00\x00\x00\x03\x00\x00\x00\x03\x00\x00\x00\x02\x00\x02\x00\x00\x00\x01\x00\x01\x00\x00\x00\x00\x00\x00\x01\x00\x0b\x00\x00\x00\x00\x00\x00\x00\x00\x00\x00\x00\x00\x00\x00\x00\x00\x00\x00\x00\x00\x00\x00\x00\x00\x00\x00\x00\x00')
INFO:stick:PROCESS:END:18511.057:TransmitPacket:ReadHistoryData:size[1024]:[page][0]:data[0]:
INFO:__main__:sleeping 0.1 before download
INFO:__main__:proceeding with download
INFO:stick:download:start:0
INFO:stick:Stick transmit[TransmitPacket:ReadHistoryData:size[1024]:[page][0]:data[0]:] reader[ReadRadio:size:78] download_i[1] status[<LinkStatus:0x03:status:size=78:size(78)>] poll_size[78] poll_i[False] command[<TransmitPacket:ReadHistoryData:size[1024]:[page][0]:data[0]:>]:download(attempts[1],expect[0],results[0]:data[0]):begin first poll first sleep .250
DEBUG:stick:<Stick transmit[TransmitPacket:ReadHistoryData:size[1024]:[page][0]:data[0]:] reader[ReadRadio:size:78] download_i[1] status[<LinkStatus:0x03:status:size=78:size(78)>] poll_size[78] poll_i[False] command[<TransmitPacket:ReadHistoryData:size[1024]:[page][0]:data[0]:>]>:STARTING POLL PHASE:attempt:0
DEBUG:stick:<Stick transmit[TransmitPacket:ReadHistoryData:size[1024]:[page][0]:data[0]:] reader[ReadRadio:size:78] download_i[1] status[<LinkStatus:0x03:status:size=78:size(78)>] poll_size[0] poll_i[0] command[<TransmitPacket:ReadHistoryData:size[1024]:[page][0]:data[0]:>]>:poll:attempt:0
INFO:stick:PROCESS:START:18863.965:LinkStatus:0x03:status:size=64
INFO:stick:link Stick transmit[TransmitPacket:ReadHistoryData:size[1024]:[page][0]:data[0]:] reader[ReadRadio:size:78] download_i[1] status[<LinkStatus:0x03:status:size=78:size(78)>] poll_size[0] poll_i[0] command[<LinkStatus:0x03:status:size=64:size(64)>] processing LinkStatus:0x03:status:size=64)
INFO:stick:send_force_read: attempt 0/5 send command, read until we get something within some timeout
INFO:stick:link Stick transmit[TransmitPacket:ReadHistoryData:size[1024]:[page][0]:data[0]:] reader[ReadRadio:size:78] download_i[1] status[<LinkStatus:0x03:status:size=78:size(78)>] poll_size[0] poll_i[0] command[<LinkStatus:0x03:status:size=64:size(64)>] sending LinkStatus:0x03:status:size=64)
INFO:root:usb.write.len: 3
0000   0x03 0x00 0x00                             ...
DEBUG:stick:sleeping 0.001
INFO:root:usb.read.len: 64
INFO:root:usb.read.raw:
0000   0x01 0x55 0x00 0x00 0x02 0x01 0x00 0x4e    .U.....N
0008   0x05 0x04 0x00 0x00 0x00 0x00 0x03 0x00    ........
0010   0x00 0x00 0x02 0x00 0x02 0x00 0x00 0x00    ........
0018   0x01 0x00 0x01 0x00 0x00 0x00 0x00 0x00    ........
0020   0x00 0x01 0x00 0x0b 0x00 0x00 0x00 0x00    ........
0028   0x00 0x00 0x00 0x00 0x00 0x00 0x00 0x00    ........
0030   0x00 0x00 0x00 0x00 0x00 0x00 0x00 0x00    ........
0038   0x00 0x00 0x00 0x00 0x00 0x00 0x00 0x00    ........
INFO:stick:quit send_force_read, found len: 64 expected 64 after 0 attempts
INFO:stick:LinkStatus:0x03:status:size=78

INFO:stick:finished processing LinkStatus:0x03:status:size=78, 78
INFO:stick:PROCESS:END:18871.704:LinkStatus:0x03:status:size=78
INFO:stick:Stick transmit[TransmitPacket:ReadHistoryData:size[1024]:[page][0]:data[0]:] reader[ReadRadio:size:78] download_i[1] status[<LinkStatus:0x03:status:size=78:size(78)>] poll_size[78] poll_i[0] command[<LinkStatus:0x03:status:size=78:size(78)>]:STOP POLL after 1 attempts:size:78
INFO:stick:Stick transmit[TransmitPacket:ReadHistoryData:size[1024]:[page][0]:data[0]:] reader[ReadRadio:size:78] download_i[1] status[<LinkStatus:0x03:status:size=78:size(78)>] poll_size[78] poll_i[False] command[<LinkStatus:0x03:status:size=78:size(78)>]:download(attempts[1],expect[78],results[0]:data[0]):end first poll
INFO:stick:Stick transmit[TransmitPacket:ReadHistoryData:size[1024]:[page][0]:data[0]:] reader[ReadRadio:size:78] download_i[1] status[<LinkStatus:0x03:status:size=78:size(78)>] poll_size[78] poll_i[False] command[<LinkStatus:0x03:status:size=78:size(78)>]:download(attempts[1],expect[78],results[0]:data[0]):proceed to download packet
INFO:stick:Stick transmit[TransmitPacket:ReadHistoryData:size[1024]:[page][0]:data[0]:] reader[ReadRadio:size:78] download_i[1] status[<LinkStatus:0x03:status:size=78:size(78)>] poll_size[78] poll_i[False] command[<LinkStatus:0x03:status:size=78:size(78)>]:download_packet:78
INFO:stick:PROCESS:START:18873.839:ReadRadio:size:78
INFO:stick:send_force_read: attempt 0/5 send command, read until we get something within some timeout
INFO:stick:link Stick transmit[TransmitPacket:ReadHistoryData:size[1024]:[page][0]:data[0]:] reader[ReadRadio:size:78] download_i[1] status[<LinkStatus:0x03:status:size=78:size(78)>] poll_size[78] poll_i[False] command[<ReadRadio:size:78>] sending ReadRadio:size:78)
INFO:root:usb.write.len: 5
0000   0x0c 0x00 0x00 0x4e 0x95                   ...N.
DEBUG:stick:sleeping 0.001
INFO:root:usb.read.len: 78
INFO:root:usb.read.raw:
0000   0x02 0x00 0x04 0x00 0xe3 0x00 0x40 0xa7    ......@.
0008   0x01 0x66 0x54 0x55 0x13 0x01 0x01 0x01    .fTU....
0010   0x00 0xe0 0x2b 0x4a 0x02 0x0d 0x0a 0x5c    ..+J...\
0018   0xf7 0x0d 0x2d 0x02 0x0d 0x0a 0x5c 0xc4    ..-...\.
0020   0x12 0x2d 0x02 0x0d 0x5b 0x5c 0xd6 0x12    .-..[\..
0028   0x0d 0x02 0x0d 0x2f 0x50 0x0d 0x2d 0x6a    .../P.-j
0030   0xfd 0x24 0xf0 0x00 0x01 0x00 0x21 0x7d    .$....!}
0038   0x5c 0x0e 0x04 0xa4 0x04 0x20 0x30 0x14    \.... 0.
0040   0x8c 0x94 0x14 0x1c 0xb2 0x14 0x01 0x21    .......!
0048   0x21 0x00 0xd6 0x12 0x4d 0xa4              !...M.
INFO:stick:quit send_force_read, found len: 78 expected 78 after 0 attempts
INFO:stick:readData validating remote raw[ack]: 02
INFO:stick:readData; foreign raw should be at least 14 bytes? 78 True
INFO:stick:readData; raw[retries] 0
INFO:stick:ReadRadio:size:78:eod:found eod (False)
INFO:stick:found packet len(64), link expects(64)
INFO:stick:PROCESS:END:18931.213:ReadRadio:size:78
INFO:stick:Stick transmit[TransmitPacket:ReadHistoryData:size[1024]:[page][0]:data[0]:] reader[ReadRadio:size:78] download_i[1] status[<LinkStatus:0x03:status:size=78:size(78)>] poll_size[78] poll_i[False] command[<ReadRadio:size:78>]:download(attempts[1],expect[78],results[64]:data[64]):adding segment
INFO:stick:Stick transmit[TransmitPacket:ReadHistoryData:size[1024]:[page][0]:data[0]:] reader[ReadRadio:size:78] download_i[1] status[<LinkStatus:0x03:status:size=78:size(78)>] poll_size[78] poll_i[False] command[<ReadRadio:size:78>]:download(attempts[1],expect[78],results[64]:data[64]):no eod, sleep .200 try again
DEBUG:stick:<Stick transmit[TransmitPacket:ReadHistoryData:size[1024]:[page][0]:data[0]:] reader[ReadRadio:size:78] download_i[1] status[<LinkStatus:0x03:status:size=78:size(78)>] poll_size[78] poll_i[False] command[<ReadRadio:size:78>]>:STARTING POLL PHASE:attempt:0
DEBUG:stick:<Stick transmit[TransmitPacket:ReadHistoryData:size[1024]:[page][0]:data[0]:] reader[ReadRadio:size:78] download_i[1] status[<LinkStatus:0x03:status:size=78:size(78)>] poll_size[0] poll_i[0] command[<ReadRadio:size:78>]>:poll:attempt:0
INFO:stick:PROCESS:START:19137.306:LinkStatus:0x03:status:size=64
INFO:stick:link Stick transmit[TransmitPacket:ReadHistoryData:size[1024]:[page][0]:data[0]:] reader[ReadRadio:size:78] download_i[1] status[<LinkStatus:0x03:status:size=78:size(78)>] poll_size[0] poll_i[0] command[<LinkStatus:0x03:status:size=64:size(64)>] processing LinkStatus:0x03:status:size=64)
INFO:stick:send_force_read: attempt 0/5 send command, read until we get something within some timeout
INFO:stick:link Stick transmit[TransmitPacket:ReadHistoryData:size[1024]:[page][0]:data[0]:] reader[ReadRadio:size:78] download_i[1] status[<LinkStatus:0x03:status:size=78:size(78)>] poll_size[0] poll_i[0] command[<LinkStatus:0x03:status:size=64:size(64)>] sending LinkStatus:0x03:status:size=64)
INFO:root:usb.write.len: 3
0000   0x03 0x00 0x00                             ...
DEBUG:stick:sleeping 0.001
INFO:root:usb.read.len: 64
INFO:root:usb.read.raw:
0000   0x01 0x55 0x00 0x00 0x02 0x01 0x00 0x8e    .U......
0008   0x05 0x04 0x00 0x55 0x13 0x01 0x01 0x01    ...U....
0010   0x00 0xe0 0x2b 0x4a 0x02 0x0d 0x0a 0x5c    ..+J...\
0018   0xf7 0x0d 0x2d 0x02 0x0d 0x0a 0x5c 0xc4    ..-...\.
0020   0x12 0x2d 0x02 0x0d 0x5b 0x5c 0xd6 0x12    .-..[\..
0028   0x0d 0x02 0x0d 0x2f 0x50 0x0d 0x2d 0x6a    .../P.-j
0030   0xfd 0x24 0xf0 0x00 0x01 0x00 0x21 0x7d    .$....!}
0038   0x5c 0x0e 0x04 0xa4 0x04 0x20 0x30 0x14    \.... 0.
INFO:stick:quit send_force_read, found len: 64 expected 64 after 0 attempts
INFO:stick:LinkStatus:0x03:status:size=142

INFO:stick:finished processing LinkStatus:0x03:status:size=142, 142
INFO:stick:PROCESS:END:19148.344:LinkStatus:0x03:status:size=142
INFO:stick:Stick transmit[TransmitPacket:ReadHistoryData:size[1024]:[page][0]:data[0]:] reader[ReadRadio:size:78] download_i[1] status[<LinkStatus:0x03:status:size=142:size(142)>] poll_size[142] poll_i[0] command[<LinkStatus:0x03:status:size=142:size(142)>]:STOP POLL after 1 attempts:size:142
INFO:stick:Stick transmit[TransmitPacket:ReadHistoryData:size[1024]:[page][0]:data[0]:] reader[ReadRadio:size:78] download_i[2] status[<LinkStatus:0x03:status:size=142:size(142)>] poll_size[142] poll_i[False] command[<LinkStatus:0x03:status:size=142:size(142)>]:download(attempts[2],expect[142],results[64]:data[0]):proceed to download packet
INFO:stick:Stick transmit[TransmitPacket:ReadHistoryData:size[1024]:[page][0]:data[0]:] reader[ReadRadio:size:78] download_i[2] status[<LinkStatus:0x03:status:size=142:size(142)>] poll_size[142] poll_i[False] command[<LinkStatus:0x03:status:size=142:size(142)>]:download_packet:142
INFO:stick:PROCESS:START:19150.14:ReadRadio:size:142
INFO:stick:send_force_read: attempt 0/5 send command, read until we get something within some timeout
INFO:stick:link Stick transmit[TransmitPacket:ReadHistoryData:size[1024]:[page][0]:data[0]:] reader[ReadRadio:size:142] download_i[2] status[<LinkStatus:0x03:status:size=142:size(142)>] poll_size[142] poll_i[False] command[<ReadRadio:size:142>] sending ReadRadio:size:142)
INFO:root:usb.write.len: 5
0000   0x0c 0x00 0x00 0x8e 0x56                   ....V
DEBUG:stick:sleeping 0.001
INFO:root:usb.read.len: 142
INFO:root:usb.read.raw:
0000   0x02 0x00 0x04 0x00 0xe3 0x00 0x80 0xa7    ........
0008   0x01 0x66 0x54 0x55 0x80 0x02 0x0d 0x00    .fTU....
0010   0x00 0x00 0x00 0x00 0x00 0x00 0x00 0x00    ........
0018   0x00 0x00 0x00 0x00 0x00 0x00 0x00 0x00    ........
0020   0x00 0x00 0x00 0x00 0x00 0x00 0x00 0x00    ........
0028   0x00 0x00 0x00 0x00 0x00 0x00 0x00 0x00    ........
0030   0x00 0x00 0x00 0x00 0x00 0x00 0x00 0x00    ........
0038   0x00 0x00 0x00 0x00 0x00 0x00 0x00 0x00    ........
0040   0x00 0x00 0x00 0x00 0x00 0x00 0x00 0x00    ........
0048   0x00 0x00 0x00 0x00 0x00 0x00 0x00 0x00    ........
0050   0x00 0x00 0x00 0x00 0x00 0x00 0x00 0x00    ........
0058   0x00 0x00 0x00 0x00 0x00 0x00 0x00 0x00    ........
0060   0x00 0x00 0x00 0x00 0x00 0x00 0x00 0x00    ........
0068   0x00 0x00 0x00 0x00 0x00 0x00 0x00 0x00    ........
0070   0x00 0x00 0x00 0x00 0x00 0x00 0x00 0x00    ........
0078   0x00 0x00 0x00 0x00 0x00 0x00 0x00 0x00    ........
0080   0x00 0x00 0x00 0x00 0x00 0x00 0x00 0x00    ........
0088   0x00 0x00 0x00 0x00 0x00 0xa0              ......
INFO:stick:quit send_force_read, found len: 142 expected 142 after 0 attempts
INFO:stick:readData validating remote raw[ack]: 02
INFO:stick:readData; foreign raw should be at least 14 bytes? 142 True
INFO:stick:readData; raw[retries] 0
INFO:stick:ReadRadio:size:142:eod:found eod (False)
INFO:stick:found packet len(128), link expects(128)
INFO:stick:PROCESS:END:19209.72:ReadRadio:size:142
INFO:stick:Stick transmit[TransmitPacket:ReadHistoryData:size[1024]:[page][0]:data[0]:] reader[ReadRadio:size:142] download_i[2] status[<LinkStatus:0x03:status:size=142:size(142)>] poll_size[142] poll_i[False] command[<ReadRadio:size:142>]:download(attempts[2],expect[142],results[192]:data[128]):adding segment
INFO:stick:Stick transmit[TransmitPacket:ReadHistoryData:size[1024]:[page][0]:data[0]:] reader[ReadRadio:size:142] download_i[2] status[<LinkStatus:0x03:status:size=142:size(142)>] poll_size[142] poll_i[False] command[<ReadRadio:size:142>]:download(attempts[2],expect[142],results[192]:data[128]):no eod, sleep .200 try again
DEBUG:stick:<Stick transmit[TransmitPacket:ReadHistoryData:size[1024]:[page][0]:data[0]:] reader[ReadRadio:size:142] download_i[2] status[<LinkStatus:0x03:status:size=142:size(142)>] poll_size[142] poll_i[False] command[<ReadRadio:size:142>]>:STARTING POLL PHASE:attempt:0
DEBUG:stick:<Stick transmit[TransmitPacket:ReadHistoryData:size[1024]:[page][0]:data[0]:] reader[ReadRadio:size:142] download_i[2] status[<LinkStatus:0x03:status:size=142:size(142)>] poll_size[0] poll_i[0] command[<ReadRadio:size:142>]>:poll:attempt:0
INFO:stick:PROCESS:START:19415.936:LinkStatus:0x03:status:size=64
INFO:stick:link Stick transmit[TransmitPacket:ReadHistoryData:size[1024]:[page][0]:data[0]:] reader[ReadRadio:size:142] download_i[2] status[<LinkStatus:0x03:status:size=142:size(142)>] poll_size[0] poll_i[0] command[<LinkStatus:0x03:status:size=64:size(64)>] processing LinkStatus:0x03:status:size=64)
INFO:stick:send_force_read: attempt 0/5 send command, read until we get something within some timeout
INFO:stick:link Stick transmit[TransmitPacket:ReadHistoryData:size[1024]:[page][0]:data[0]:] reader[ReadRadio:size:142] download_i[2] status[<LinkStatus:0x03:status:size=142:size(142)>] poll_size[0] poll_i[0] command[<LinkStatus:0x03:status:size=64:size(64)>] sending LinkStatus:0x03:status:size=64)
INFO:root:usb.write.len: 3
0000   0x03 0x00 0x00                             ...
DEBUG:stick:sleeping 0.001
INFO:root:usb.read.len: 64
INFO:root:usb.read.raw:
0000   0x01 0x55 0x00 0x00 0x02 0x01 0x00 0x8e    .U......
0008   0x05 0x04 0x00 0x55 0x80 0x02 0x0d 0x00    ...U....
0010   0x00 0x00 0x00 0x00 0x00 0x00 0x00 0x00    ........
0018   0x00 0x00 0x00 0x00 0x00 0x00 0x00 0x00    ........
0020   0x00 0x00 0x00 0x00 0x00 0x00 0x00 0x00    ........
0028   0x00 0x00 0x00 0x00 0x00 0x00 0x00 0x00    ........
0030   0x00 0x00 0x00 0x00 0x00 0x00 0x00 0x00    ........
0038   0x00 0x00 0x00 0x00 0x00 0x00 0x00 0x00    ........
INFO:stick:quit send_force_read, found len: 64 expected 64 after 0 attempts
INFO:stick:LinkStatus:0x03:status:size=142

INFO:stick:finished processing LinkStatus:0x03:status:size=142, 142
INFO:stick:PROCESS:END:19425.671:LinkStatus:0x03:status:size=142
INFO:stick:Stick transmit[TransmitPacket:ReadHistoryData:size[1024]:[page][0]:data[0]:] reader[ReadRadio:size:142] download_i[2] status[<LinkStatus:0x03:status:size=142:size(142)>] poll_size[142] poll_i[0] command[<LinkStatus:0x03:status:size=142:size(142)>]:STOP POLL after 1 attempts:size:142
INFO:stick:Stick transmit[TransmitPacket:ReadHistoryData:size[1024]:[page][0]:data[0]:] reader[ReadRadio:size:142] download_i[3] status[<LinkStatus:0x03:status:size=142:size(142)>] poll_size[142] poll_i[False] command[<LinkStatus:0x03:status:size=142:size(142)>]:download(attempts[3],expect[142],results[192]:data[0]):proceed to download packet
INFO:stick:Stick transmit[TransmitPacket:ReadHistoryData:size[1024]:[page][0]:data[0]:] reader[ReadRadio:size:142] download_i[3] status[<LinkStatus:0x03:status:size=142:size(142)>] poll_size[142] poll_i[False] command[<LinkStatus:0x03:status:size=142:size(142)>]:download_packet:142
INFO:stick:PROCESS:START:19430.333:ReadRadio:size:142
INFO:stick:send_force_read: attempt 0/5 send command, read until we get something within some timeout
INFO:stick:link Stick transmit[TransmitPacket:ReadHistoryData:size[1024]:[page][0]:data[0]:] reader[ReadRadio:size:142] download_i[3] status[<LinkStatus:0x03:status:size=142:size(142)>] poll_size[142] poll_i[False] command[<ReadRadio:size:142>] sending ReadRadio:size:142)
INFO:root:usb.write.len: 5
0000   0x0c 0x00 0x00 0x8e 0x56                   ....V
DEBUG:stick:sleeping 0.001
INFO:root:usb.read.len: 142
INFO:root:usb.read.raw:
0000   0x02 0x00 0x04 0x00 0xe4 0x00 0x80 0xa7    ........
0008   0x01 0x66 0x54 0x55 0x65 0x00 0x00 0x00    .fTUe...
0010   0x00 0x00 0x00 0x00 0x00 0x00 0x00 0x00    ........
0018   0x00 0x00 0x00 0x00 0x00 0x00 0x00 0x00    ........
0020   0x00 0x00 0x00 0x00 0x00 0x00 0x00 0x00    ........
0028   0x00 0x00 0x00 0x00 0x00 0x00 0x00 0x00    ........
0030   0x00 0x00 0x00 0x00 0x00 0x00 0x00 0x00    ........
0038   0x00 0x00 0x00 0x00 0x00 0x00 0x00 0x00    ........
0040   0x00 0x00 0x00 0x00 0x00 0x00 0x00 0x00    ........
0048   0x00 0x00 0x00 0x00 0x00 0x00 0x00 0x00    ........
0050   0x00 0x00 0x00 0x00 0x00 0x00 0x00 0x00    ........
0058   0x00 0x00 0x00 0x00 0x00 0x00 0x00 0x00    ........
0060   0x00 0x00 0x00 0x00 0x00 0x00 0x00 0x00    ........
0068   0x00 0x00 0x00 0x00 0x00 0x00 0x00 0x00    ........
0070   0x00 0x00 0x00 0x00 0x00 0x00 0x00 0x00    ........
0078   0x00 0x00 0x00 0x00 0x00 0x00 0x00 0x00    ........
0080   0x00 0x00 0x00 0x00 0x00 0x00 0x00 0x00    ........
0088   0x00 0x00 0x00 0x00 0x00 0x00              ......
INFO:stick:quit send_force_read, found len: 142 expected 142 after 0 attempts
INFO:stick:readData validating remote raw[ack]: 02
INFO:stick:readData; foreign raw should be at least 14 bytes? 142 True
INFO:stick:readData; raw[retries] 0
INFO:stick:ReadRadio:size:142:eod:found eod (False)
INFO:stick:found packet len(128), link expects(128)
WARNING:stick:bad zero CRC?
INFO:stick:PROCESS:END:19485.613:ReadRadio:size:142
INFO:stick:Stick transmit[TransmitPacket:ReadHistoryData:size[1024]:[page][0]:data[0]:] reader[ReadRadio:size:142] download_i[3] status[<LinkStatus:0x03:status:size=142:size(142)>] poll_size[142] poll_i[False] command[<ReadRadio:size:142>]:download(attempts[3],expect[142],results[320]:data[128]):adding segment
INFO:stick:Stick transmit[TransmitPacket:ReadHistoryData:size[1024]:[page][0]:data[0]:] reader[ReadRadio:size:142] download_i[3] status[<LinkStatus:0x03:status:size=142:size(142)>] poll_size[142] poll_i[False] command[<ReadRadio:size:142>]:download(attempts[3],expect[142],results[320]:data[128]):no eod, sleep .200 try again
DEBUG:stick:<Stick transmit[TransmitPacket:ReadHistoryData:size[1024]:[page][0]:data[0]:] reader[ReadRadio:size:142] download_i[3] status[<LinkStatus:0x03:status:size=142:size(142)>] poll_size[142] poll_i[False] command[<ReadRadio:size:142>]>:STARTING POLL PHASE:attempt:0
DEBUG:stick:<Stick transmit[TransmitPacket:ReadHistoryData:size[1024]:[page][0]:data[0]:] reader[ReadRadio:size:142] download_i[3] status[<LinkStatus:0x03:status:size=142:size(142)>] poll_size[0] poll_i[0] command[<ReadRadio:size:142>]>:poll:attempt:0
INFO:stick:PROCESS:START:19689.099:LinkStatus:0x03:status:size=64
INFO:stick:link Stick transmit[TransmitPacket:ReadHistoryData:size[1024]:[page][0]:data[0]:] reader[ReadRadio:size:142] download_i[3] status[<LinkStatus:0x03:status:size=142:size(142)>] poll_size[0] poll_i[0] command[<LinkStatus:0x03:status:size=64:size(64)>] processing LinkStatus:0x03:status:size=64)
INFO:stick:send_force_read: attempt 0/5 send command, read until we get something within some timeout
INFO:stick:link Stick transmit[TransmitPacket:ReadHistoryData:size[1024]:[page][0]:data[0]:] reader[ReadRadio:size:142] download_i[3] status[<LinkStatus:0x03:status:size=142:size(142)>] poll_size[0] poll_i[0] command[<LinkStatus:0x03:status:size=64:size(64)>] sending LinkStatus:0x03:status:size=64)
INFO:root:usb.write.len: 3
0000   0x03 0x00 0x00                             ...
DEBUG:stick:sleeping 0.001
INFO:root:usb.read.len: 64
INFO:root:usb.read.raw:
0000   0x01 0x55 0x00 0x00 0x02 0x01 0x00 0x8e    .U......
0008   0x05 0x04 0x00 0x55 0x65 0x00 0x00 0x00    ...Ue...
0010   0x00 0x00 0x00 0x00 0x00 0x00 0x00 0x00    ........
0018   0x00 0x00 0x00 0x00 0x00 0x00 0x00 0x00    ........
0020   0x00 0x00 0x00 0x00 0x00 0x00 0x00 0x00    ........
0028   0x00 0x00 0x00 0x00 0x00 0x00 0x00 0x00    ........
0030   0x00 0x00 0x00 0x00 0x00 0x00 0x00 0x00    ........
0038   0x00 0x00 0x00 0x00 0x00 0x00 0x00 0x00    ........
INFO:stick:quit send_force_read, found len: 64 expected 64 after 0 attempts
INFO:stick:LinkStatus:0x03:status:size=142

INFO:stick:finished processing LinkStatus:0x03:status:size=142, 142
INFO:stick:PROCESS:END:19696.226:LinkStatus:0x03:status:size=142
INFO:stick:Stick transmit[TransmitPacket:ReadHistoryData:size[1024]:[page][0]:data[0]:] reader[ReadRadio:size:142] download_i[3] status[<LinkStatus:0x03:status:size=142:size(142)>] poll_size[142] poll_i[0] command[<LinkStatus:0x03:status:size=142:size(142)>]:STOP POLL after 1 attempts:size:142
INFO:stick:Stick transmit[TransmitPacket:ReadHistoryData:size[1024]:[page][0]:data[0]:] reader[ReadRadio:size:142] download_i[4] status[<LinkStatus:0x03:status:size=142:size(142)>] poll_size[142] poll_i[False] command[<LinkStatus:0x03:status:size=142:size(142)>]:download(attempts[4],expect[142],results[320]:data[0]):proceed to download packet
INFO:stick:Stick transmit[TransmitPacket:ReadHistoryData:size[1024]:[page][0]:data[0]:] reader[ReadRadio:size:142] download_i[4] status[<LinkStatus:0x03:status:size=142:size(142)>] poll_size[142] poll_i[False] command[<LinkStatus:0x03:status:size=142:size(142)>]:download_packet:142
INFO:stick:PROCESS:START:19698.665:ReadRadio:size:142
INFO:stick:send_force_read: attempt 0/5 send command, read until we get something within some timeout
INFO:stick:link Stick transmit[TransmitPacket:ReadHistoryData:size[1024]:[page][0]:data[0]:] reader[ReadRadio:size:142] download_i[4] status[<LinkStatus:0x03:status:size=142:size(142)>] poll_size[142] poll_i[False] command[<ReadRadio:size:142>] sending ReadRadio:size:142)
INFO:root:usb.write.len: 5
0000   0x0c 0x00 0x00 0x8e 0x56                   ....V
DEBUG:stick:sleeping 0.001
INFO:root:usb.read.len: 142
INFO:root:usb.read.raw:
0000   0x02 0x00 0x04 0x00 0xe4 0x00 0x80 0xa7    ........
0008   0x01 0x66 0x54 0x55 0x65 0x00 0x00 0x00    .fTUe...
0010   0x00 0x00 0x00 0x00 0x00 0x00 0x00 0x00    ........
0018   0x00 0x00 0x00 0x00 0x00 0x00 0x00 0x00    ........
0020   0x00 0x00 0x00 0x00 0x00 0x00 0x00 0x00    ........
0028   0x00 0x00 0x00 0x00 0x00 0x00 0x00 0x00    ........
0030   0x00 0x00 0x00 0x00 0x00 0x00 0x00 0x00    ........
0038   0x00 0x00 0x00 0x00 0x00 0x00 0x00 0x00    ........
0040   0x00 0x00 0x00 0x00 0x00 0x00 0x00 0x00    ........
0048   0x00 0x00 0x00 0x00 0x00 0x00 0x00 0x00    ........
0050   0x00 0x00 0x00 0x00 0x00 0x00 0x00 0x00    ........
0058   0x00 0x00 0x00 0x00 0x00 0x00 0x00 0x00    ........
0060   0x00 0x00 0x00 0x00 0x00 0x00 0x00 0x00    ........
0068   0x00 0x00 0x00 0x00 0x00 0x00 0x00 0x00    ........
0070   0x00 0x00 0x00 0x00 0x00 0x00 0x00 0x00    ........
0078   0x00 0x00 0x00 0x00 0x00 0x00 0x00 0x00    ........
0080   0x00 0x00 0x00 0x00 0x00 0x00 0x00 0x00    ........
0088   0x00 0x00 0x00 0x00 0x00 0x00              ......
INFO:stick:quit send_force_read, found len: 142 expected 142 after 0 attempts
INFO:stick:readData validating remote raw[ack]: 02
INFO:stick:readData; foreign raw should be at least 14 bytes? 142 True
INFO:stick:readData; raw[retries] 0
INFO:stick:ReadRadio:size:142:eod:found eod (False)
INFO:stick:found packet len(128), link expects(128)
WARNING:stick:bad zero CRC?
INFO:stick:PROCESS:END:19705.687:ReadRadio:size:142
INFO:stick:Stick transmit[TransmitPacket:ReadHistoryData:size[1024]:[page][0]:data[0]:] reader[ReadRadio:size:142] download_i[4] status[<LinkStatus:0x03:status:size=142:size(142)>] poll_size[142] poll_i[False] command[<ReadRadio:size:142>]:download(attempts[4],expect[142],results[448]:data[128]):adding segment
INFO:stick:Stick transmit[TransmitPacket:ReadHistoryData:size[1024]:[page][0]:data[0]:] reader[ReadRadio:size:142] download_i[4] status[<LinkStatus:0x03:status:size=142:size(142)>] poll_size[142] poll_i[False] command[<ReadRadio:size:142>]:download(attempts[4],expect[142],results[448]:data[128]):no eod, sleep .200 try again
DEBUG:stick:<Stick transmit[TransmitPacket:ReadHistoryData:size[1024]:[page][0]:data[0]:] reader[ReadRadio:size:142] download_i[4] status[<LinkStatus:0x03:status:size=142:size(142)>] poll_size[142] poll_i[False] command[<ReadRadio:size:142>]>:STARTING POLL PHASE:attempt:0
DEBUG:stick:<Stick transmit[TransmitPacket:ReadHistoryData:size[1024]:[page][0]:data[0]:] reader[ReadRadio:size:142] download_i[4] status[<LinkStatus:0x03:status:size=142:size(142)>] poll_size[0] poll_i[0] command[<ReadRadio:size:142>]>:poll:attempt:0
INFO:stick:PROCESS:START:19907.9:LinkStatus:0x03:status:size=64
INFO:stick:link Stick transmit[TransmitPacket:ReadHistoryData:size[1024]:[page][0]:data[0]:] reader[ReadRadio:size:142] download_i[4] status[<LinkStatus:0x03:status:size=142:size(142)>] poll_size[0] poll_i[0] command[<LinkStatus:0x03:status:size=64:size(64)>] processing LinkStatus:0x03:status:size=64)
INFO:stick:send_force_read: attempt 0/5 send command, read until we get something within some timeout
INFO:stick:link Stick transmit[TransmitPacket:ReadHistoryData:size[1024]:[page][0]:data[0]:] reader[ReadRadio:size:142] download_i[4] status[<LinkStatus:0x03:status:size=142:size(142)>] poll_size[0] poll_i[0] command[<LinkStatus:0x03:status:size=64:size(64)>] sending LinkStatus:0x03:status:size=64)
INFO:root:usb.write.len: 3
0000   0x03 0x00 0x00                             ...
DEBUG:stick:sleeping 0.001
INFO:root:usb.read.len: 64
INFO:root:usb.read.raw:
0000   0x01 0x55 0x00 0x00 0x02 0x01 0x00 0x8e    .U......
0008   0x05 0x04 0x00 0x55 0x65 0x00 0x00 0x00    ...Ue...
0010   0x00 0x00 0x00 0x00 0x00 0x00 0x00 0x00    ........
0018   0x00 0x00 0x00 0x00 0x00 0x00 0x00 0x00    ........
0020   0x00 0x00 0x00 0x00 0x00 0x00 0x00 0x00    ........
0028   0x00 0x00 0x00 0x00 0x00 0x00 0x00 0x00    ........
0030   0x00 0x00 0x00 0x00 0x00 0x00 0x00 0x00    ........
0038   0x00 0x00 0x00 0x00 0x00 0x00 0x00 0x00    ........
INFO:stick:quit send_force_read, found len: 64 expected 64 after 0 attempts
INFO:stick:LinkStatus:0x03:status:size=142

INFO:stick:finished processing LinkStatus:0x03:status:size=142, 142
INFO:stick:PROCESS:END:19913.603:LinkStatus:0x03:status:size=142
INFO:stick:Stick transmit[TransmitPacket:ReadHistoryData:size[1024]:[page][0]:data[0]:] reader[ReadRadio:size:142] download_i[4] status[<LinkStatus:0x03:status:size=142:size(142)>] poll_size[142] poll_i[0] command[<LinkStatus:0x03:status:size=142:size(142)>]:STOP POLL after 1 attempts:size:142
INFO:stick:Stick transmit[TransmitPacket:ReadHistoryData:size[1024]:[page][0]:data[0]:] reader[ReadRadio:size:142] download_i[5] status[<LinkStatus:0x03:status:size=142:size(142)>] poll_size[142] poll_i[False] command[<LinkStatus:0x03:status:size=142:size(142)>]:download(attempts[5],expect[142],results[448]:data[0]):proceed to download packet
INFO:stick:Stick transmit[TransmitPacket:ReadHistoryData:size[1024]:[page][0]:data[0]:] reader[ReadRadio:size:142] download_i[5] status[<LinkStatus:0x03:status:size=142:size(142)>] poll_size[142] poll_i[False] command[<LinkStatus:0x03:status:size=142:size(142)>]:download_packet:142
INFO:stick:PROCESS:START:19914.194:ReadRadio:size:142
INFO:stick:send_force_read: attempt 0/5 send command, read until we get something within some timeout
INFO:stick:link Stick transmit[TransmitPacket:ReadHistoryData:size[1024]:[page][0]:data[0]:] reader[ReadRadio:size:142] download_i[5] status[<LinkStatus:0x03:status:size=142:size(142)>] poll_size[142] poll_i[False] command[<ReadRadio:size:142>] sending ReadRadio:size:142)
INFO:root:usb.write.len: 5
0000   0x0c 0x00 0x00 0x8e 0x56                   ....V
DEBUG:stick:sleeping 0.001
INFO:root:usb.read.len: 142
INFO:root:usb.read.raw:
0000   0x02 0x00 0x04 0x00 0xe4 0x00 0x80 0xa7    ........
0008   0x01 0x66 0x54 0x55 0x65 0x00 0x00 0x00    .fTUe...
0010   0x00 0x00 0x00 0x00 0x00 0x00 0x00 0x00    ........
0018   0x00 0x00 0x00 0x00 0x00 0x00 0x00 0x00    ........
0020   0x00 0x00 0x00 0x00 0x00 0x00 0x00 0x00    ........
0028   0x00 0x00 0x00 0x00 0x00 0x00 0x00 0x00    ........
0030   0x00 0x00 0x00 0x00 0x00 0x00 0x00 0x00    ........
0038   0x00 0x00 0x00 0x00 0x00 0x00 0x00 0x00    ........
0040   0x00 0x00 0x00 0x00 0x00 0x00 0x00 0x00    ........
0048   0x00 0x00 0x00 0x00 0x00 0x00 0x00 0x00    ........
0050   0x00 0x00 0x00 0x00 0x00 0x00 0x00 0x00    ........
0058   0x00 0x00 0x00 0x00 0x00 0x00 0x00 0x00    ........
0060   0x00 0x00 0x00 0x00 0x00 0x00 0x00 0x00    ........
0068   0x00 0x00 0x00 0x00 0x00 0x00 0x00 0x00    ........
0070   0x00 0x00 0x00 0x00 0x00 0x00 0x00 0x00    ........
0078   0x00 0x00 0x00 0x00 0x00 0x00 0x00 0x00    ........
0080   0x00 0x00 0x00 0x00 0x00 0x00 0x00 0x00    ........
0088   0x00 0x00 0x00 0x00 0x00 0x00              ......
INFO:stick:quit send_force_read, found len: 142 expected 142 after 0 attempts
INFO:stick:readData validating remote raw[ack]: 02
INFO:stick:readData; foreign raw should be at least 14 bytes? 142 True
INFO:stick:readData; raw[retries] 0
INFO:stick:ReadRadio:size:142:eod:found eod (False)
INFO:stick:found packet len(128), link expects(128)
WARNING:stick:bad zero CRC?
INFO:stick:PROCESS:END:19922.694:ReadRadio:size:142
INFO:stick:Stick transmit[TransmitPacket:ReadHistoryData:size[1024]:[page][0]:data[0]:] reader[ReadRadio:size:142] download_i[5] status[<LinkStatus:0x03:status:size=142:size(142)>] poll_size[142] poll_i[False] command[<ReadRadio:size:142>]:download(attempts[5],expect[142],results[576]:data[128]):adding segment
INFO:stick:Stick transmit[TransmitPacket:ReadHistoryData:size[1024]:[page][0]:data[0]:] reader[ReadRadio:size:142] download_i[5] status[<LinkStatus:0x03:status:size=142:size(142)>] poll_size[142] poll_i[False] command[<ReadRadio:size:142>]:download(attempts[5],expect[142],results[576]:data[128]):no eod, sleep .200 try again
DEBUG:stick:<Stick transmit[TransmitPacket:ReadHistoryData:size[1024]:[page][0]:data[0]:] reader[ReadRadio:size:142] download_i[5] status[<LinkStatus:0x03:status:size=142:size(142)>] poll_size[142] poll_i[False] command[<ReadRadio:size:142>]>:STARTING POLL PHASE:attempt:0
DEBUG:stick:<Stick transmit[TransmitPacket:ReadHistoryData:size[1024]:[page][0]:data[0]:] reader[ReadRadio:size:142] download_i[5] status[<LinkStatus:0x03:status:size=142:size(142)>] poll_size[0] poll_i[0] command[<ReadRadio:size:142>]>:poll:attempt:0
INFO:stick:PROCESS:START:20125.374:LinkStatus:0x03:status:size=64
INFO:stick:link Stick transmit[TransmitPacket:ReadHistoryData:size[1024]:[page][0]:data[0]:] reader[ReadRadio:size:142] download_i[5] status[<LinkStatus:0x03:status:size=142:size(142)>] poll_size[0] poll_i[0] command[<LinkStatus:0x03:status:size=64:size(64)>] processing LinkStatus:0x03:status:size=64)
INFO:stick:send_force_read: attempt 0/5 send command, read until we get something within some timeout
INFO:stick:link Stick transmit[TransmitPacket:ReadHistoryData:size[1024]:[page][0]:data[0]:] reader[ReadRadio:size:142] download_i[5] status[<LinkStatus:0x03:status:size=142:size(142)>] poll_size[0] poll_i[0] command[<LinkStatus:0x03:status:size=64:size(64)>] sending LinkStatus:0x03:status:size=64)
INFO:root:usb.write.len: 3
0000   0x03 0x00 0x00                             ...
DEBUG:stick:sleeping 0.001
INFO:root:usb.read.len: 64
INFO:root:usb.read.raw:
0000   0x01 0x55 0x00 0x00 0x02 0x03 0x00 0x4e    .U.....N
0008   0x05 0x04 0x00 0x55 0x65 0x00 0x00 0x00    ...Ue...
0010   0x00 0x00 0x00 0x00 0x00 0x00 0x00 0x00    ........
0018   0x00 0x00 0x00 0x00 0x00 0x00 0x00 0x00    ........
0020   0x00 0x00 0x00 0x00 0x00 0x00 0x00 0x00    ........
0028   0x00 0x00 0x00 0x00 0x00 0x00 0x00 0x00    ........
0030   0x00 0x00 0x00 0x00 0x00 0x00 0x00 0x00    ........
0038   0x00 0x00 0x00 0x00 0x00 0x00 0x00 0x00    ........
INFO:stick:quit send_force_read, found len: 64 expected 64 after 0 attempts
INFO:stick:LinkStatus:0x03:status:size=78

INFO:stick:finished processing LinkStatus:0x03:status:size=78, 78
INFO:stick:PROCESS:END:20167.435:LinkStatus:0x03:status:size=78
INFO:stick:Stick transmit[TransmitPacket:ReadHistoryData:size[1024]:[page][0]:data[0]:] reader[ReadRadio:size:142] download_i[5] status[<LinkStatus:0x03:status:size=78:size(78)>] poll_size[78] poll_i[0] command[<LinkStatus:0x03:status:size=78:size(78)>]:STOP POLL after 1 attempts:size:78
INFO:stick:Stick transmit[TransmitPacket:ReadHistoryData:size[1024]:[page][0]:data[0]:] reader[ReadRadio:size:142] download_i[6] status[<LinkStatus:0x03:status:size=78:size(78)>] poll_size[78] poll_i[False] command[<LinkStatus:0x03:status:size=78:size(78)>]:download(attempts[6],expect[78],results[576]:data[0]):proceed to download packet
INFO:stick:Stick transmit[TransmitPacket:ReadHistoryData:size[1024]:[page][0]:data[0]:] reader[ReadRadio:size:142] download_i[6] status[<LinkStatus:0x03:status:size=78:size(78)>] poll_size[78] poll_i[False] command[<LinkStatus:0x03:status:size=78:size(78)>]:download_packet:78
INFO:stick:PROCESS:START:20168.107:ReadRadio:size:78
INFO:stick:send_force_read: attempt 0/5 send command, read until we get something within some timeout
INFO:stick:link Stick transmit[TransmitPacket:ReadHistoryData:size[1024]:[page][0]:data[0]:] reader[ReadRadio:size:78] download_i[6] status[<LinkStatus:0x03:status:size=78:size(78)>] poll_size[78] poll_i[False] command[<ReadRadio:size:78>] sending ReadRadio:size:78)
INFO:root:usb.write.len: 5
0000   0x0c 0x00 0x00 0x4e 0x95                   ...N.
DEBUG:stick:sleeping 0.001
INFO:root:usb.read.len: 78
INFO:root:usb.read.raw:
0000   0x02 0x00 0x04 0x00 0xe4 0x00 0x40 0xa7    ......@.
0008   0x01 0x66 0x54 0x55 0xf6 0x00 0x00 0x00    .fTU....
0010   0x00 0x00 0x00 0x00 0x00 0x00 0x00 0x00    ........
0018   0x00 0x00 0x00 0x00 0x00 0x00 0x00 0x00    ........
0020   0x00 0x00 0x00 0x00 0x00 0x00 0x00 0x00    ........
0028   0x00 0x00 0x00 0x00 0x00 0x00 0x00 0x00    ........
0030   0x00 0x00 0x00 0x00 0x00 0x00 0x00 0x00    ........
0038   0x00 0x00 0x00 0x00 0x00 0x00 0x00 0x00    ........
0040   0x00 0x00 0x00 0x00 0x00 0x00 0x00 0x00    ........
0048   0x00 0x00 0x00 0x00 0x00 0x00              ......
INFO:stick:quit send_force_read, found len: 78 expected 78 after 0 attempts
INFO:stick:readData validating remote raw[ack]: 02
INFO:stick:readData; foreign raw should be at least 14 bytes? 78 True
INFO:stick:readData; raw[retries] 0
INFO:stick:ReadRadio:size:78:eod:found eod (False)
INFO:stick:found packet len(64), link expects(64)
WARNING:stick:bad zero CRC?
INFO:stick:PROCESS:END:20190.471:ReadRadio:size:78
INFO:stick:Stick transmit[TransmitPacket:ReadHistoryData:size[1024]:[page][0]:data[0]:] reader[ReadRadio:size:78] download_i[6] status[<LinkStatus:0x03:status:size=78:size(78)>] poll_size[78] poll_i[False] command[<ReadRadio:size:78>]:download(attempts[6],expect[78],results[640]:data[64]):adding segment
INFO:stick:Stick transmit[TransmitPacket:ReadHistoryData:size[1024]:[page][0]:data[0]:] reader[ReadRadio:size:78] download_i[6] status[<LinkStatus:0x03:status:size=78:size(78)>] poll_size[78] poll_i[False] command[<ReadRadio:size:78>]:download(attempts[6],expect[78],results[640]:data[64]):no eod, sleep .200 try again
DEBUG:stick:<Stick transmit[TransmitPacket:ReadHistoryData:size[1024]:[page][0]:data[0]:] reader[ReadRadio:size:78] download_i[6] status[<LinkStatus:0x03:status:size=78:size(78)>] poll_size[78] poll_i[False] command[<ReadRadio:size:78>]>:STARTING POLL PHASE:attempt:0
DEBUG:stick:<Stick transmit[TransmitPacket:ReadHistoryData:size[1024]:[page][0]:data[0]:] reader[ReadRadio:size:78] download_i[6] status[<LinkStatus:0x03:status:size=78:size(78)>] poll_size[0] poll_i[0] command[<ReadRadio:size:78>]>:poll:attempt:0
INFO:stick:PROCESS:START:20392.173:LinkStatus:0x03:status:size=64
INFO:stick:link Stick transmit[TransmitPacket:ReadHistoryData:size[1024]:[page][0]:data[0]:] reader[ReadRadio:size:78] download_i[6] status[<LinkStatus:0x03:status:size=78:size(78)>] poll_size[0] poll_i[0] command[<LinkStatus:0x03:status:size=64:size(64)>] processing LinkStatus:0x03:status:size=64)
INFO:stick:send_force_read: attempt 0/5 send command, read until we get something within some timeout
INFO:stick:link Stick transmit[TransmitPacket:ReadHistoryData:size[1024]:[page][0]:data[0]:] reader[ReadRadio:size:78] download_i[6] status[<LinkStatus:0x03:status:size=78:size(78)>] poll_size[0] poll_i[0] command[<LinkStatus:0x03:status:size=64:size(64)>] sending LinkStatus:0x03:status:size=64)
INFO:root:usb.write.len: 3
0000   0x03 0x00 0x00                             ...
DEBUG:stick:sleeping 0.001
INFO:root:usb.read.len: 64
INFO:root:usb.read.raw:
0000   0x01 0x55 0x00 0x00 0x02 0x03 0x00 0x8e    .U......
0008   0x05 0x04 0x00 0x55 0xf6 0x00 0x00 0x00    ...U....
0010   0x00 0x00 0x00 0x00 0x00 0x00 0x00 0x00    ........
0018   0x00 0x00 0x00 0x00 0x00 0x00 0x00 0x00    ........
0020   0x00 0x00 0x00 0x00 0x00 0x00 0x00 0x00    ........
0028   0x00 0x00 0x00 0x00 0x00 0x00 0x00 0x00    ........
0030   0x00 0x00 0x00 0x00 0x00 0x00 0x00 0x00    ........
0038   0x00 0x00 0x00 0x00 0x00 0x00 0x00 0x00    ........
INFO:stick:quit send_force_read, found len: 64 expected 64 after 0 attempts
INFO:stick:LinkStatus:0x03:status:size=142

INFO:stick:finished processing LinkStatus:0x03:status:size=142, 142
INFO:stick:PROCESS:END:20444.023:LinkStatus:0x03:status:size=142
INFO:stick:Stick transmit[TransmitPacket:ReadHistoryData:size[1024]:[page][0]:data[0]:] reader[ReadRadio:size:78] download_i[6] status[<LinkStatus:0x03:status:size=142:size(142)>] poll_size[142] poll_i[0] command[<LinkStatus:0x03:status:size=142:size(142)>]:STOP POLL after 1 attempts:size:142
INFO:stick:Stick transmit[TransmitPacket:ReadHistoryData:size[1024]:[page][0]:data[0]:] reader[ReadRadio:size:78] download_i[7] status[<LinkStatus:0x03:status:size=142:size(142)>] poll_size[142] poll_i[False] command[<LinkStatus:0x03:status:size=142:size(142)>]:download(attempts[7],expect[142],results[640]:data[0]):proceed to download packet
INFO:stick:Stick transmit[TransmitPacket:ReadHistoryData:size[1024]:[page][0]:data[0]:] reader[ReadRadio:size:78] download_i[7] status[<LinkStatus:0x03:status:size=142:size(142)>] poll_size[142] poll_i[False] command[<LinkStatus:0x03:status:size=142:size(142)>]:download_packet:142
INFO:stick:PROCESS:START:20445.161:ReadRadio:size:142
INFO:stick:send_force_read: attempt 0/5 send command, read until we get something within some timeout
INFO:stick:link Stick transmit[TransmitPacket:ReadHistoryData:size[1024]:[page][0]:data[0]:] reader[ReadRadio:size:142] download_i[7] status[<LinkStatus:0x03:status:size=142:size(142)>] poll_size[142] poll_i[False] command[<ReadRadio:size:142>] sending ReadRadio:size:142)
INFO:root:usb.write.len: 5
0000   0x0c 0x00 0x00 0x8e 0x56                   ....V
DEBUG:stick:sleeping 0.001
INFO:root:usb.read.len: 142
INFO:root:usb.read.raw:
0000   0x02 0x00 0x04 0x00 0xe3 0x00 0x80 0xa7    ........
0008   0x01 0x66 0x54 0x55 0x80 0x00 0x00 0x00    .fTU....
0010   0x00 0x00 0x00 0x00 0x00 0x00 0x00 0x00    ........
0018   0x00 0x00 0x00 0x00 0x00 0x00 0x00 0x00    ........
0020   0x00 0x00 0x00 0x00 0x00 0x00 0x00 0x00    ........
0028   0x00 0x00 0x00 0x00 0x00 0x00 0x00 0x00    ........
0030   0x00 0x00 0x00 0x00 0x00 0x00 0x00 0x00    ........
0038   0x00 0x00 0x00 0x00 0x00 0x00 0x00 0x00    ........
0040   0x00 0x00 0x00 0x00 0x00 0x00 0x00 0x00    ........
0048   0x00 0x00 0x00 0x00 0x00 0x00 0x00 0x00    ........
0050   0x00 0x00 0x00 0x00 0x00 0x00 0x00 0x00    ........
0058   0x00 0x00 0x00 0x00 0x00 0x00 0x00 0x00    ........
0060   0x00 0x00 0x00 0x00 0x00 0x00 0x00 0x00    ........
0068   0x00 0x00 0x00 0x00 0x00 0x00 0x00 0x00    ........
0070   0x00 0x00 0x00 0x00 0x00 0x00 0x00 0x00    ........
0078   0x00 0x00 0x00 0x00 0x00 0x00 0x00 0x00    ........
0080   0x00 0x00 0x00 0x00 0x00 0x00 0x00 0x00    ........
0088   0x00 0x00 0x00 0x00 0x00 0x00              ......
INFO:stick:quit send_force_read, found len: 142 expected 142 after 0 attempts
INFO:stick:readData validating remote raw[ack]: 02
INFO:stick:readData; foreign raw should be at least 14 bytes? 142 True
INFO:stick:readData; raw[retries] 0
INFO:stick:ReadRadio:size:142:eod:found eod (False)
INFO:stick:found packet len(128), link expects(128)
WARNING:stick:bad zero CRC?
INFO:stick:PROCESS:END:20469.982:ReadRadio:size:142
INFO:stick:Stick transmit[TransmitPacket:ReadHistoryData:size[1024]:[page][0]:data[0]:] reader[ReadRadio:size:142] download_i[7] status[<LinkStatus:0x03:status:size=142:size(142)>] poll_size[142] poll_i[False] command[<ReadRadio:size:142>]:download(attempts[7],expect[142],results[768]:data[128]):adding segment
INFO:stick:Stick transmit[TransmitPacket:ReadHistoryData:size[1024]:[page][0]:data[0]:] reader[ReadRadio:size:142] download_i[7] status[<LinkStatus:0x03:status:size=142:size(142)>] poll_size[142] poll_i[False] command[<ReadRadio:size:142>]:download(attempts[7],expect[142],results[768]:data[128]):no eod, sleep .200 try again
DEBUG:stick:<Stick transmit[TransmitPacket:ReadHistoryData:size[1024]:[page][0]:data[0]:] reader[ReadRadio:size:142] download_i[7] status[<LinkStatus:0x03:status:size=142:size(142)>] poll_size[142] poll_i[False] command[<ReadRadio:size:142>]>:STARTING POLL PHASE:attempt:0
DEBUG:stick:<Stick transmit[TransmitPacket:ReadHistoryData:size[1024]:[page][0]:data[0]:] reader[ReadRadio:size:142] download_i[7] status[<LinkStatus:0x03:status:size=142:size(142)>] poll_size[0] poll_i[0] command[<ReadRadio:size:142>]>:poll:attempt:0
INFO:stick:PROCESS:START:20672.807:LinkStatus:0x03:status:size=64
INFO:stick:link Stick transmit[TransmitPacket:ReadHistoryData:size[1024]:[page][0]:data[0]:] reader[ReadRadio:size:142] download_i[7] status[<LinkStatus:0x03:status:size=142:size(142)>] poll_size[0] poll_i[0] command[<LinkStatus:0x03:status:size=64:size(64)>] processing LinkStatus:0x03:status:size=64)
INFO:stick:send_force_read: attempt 0/5 send command, read until we get something within some timeout
INFO:stick:link Stick transmit[TransmitPacket:ReadHistoryData:size[1024]:[page][0]:data[0]:] reader[ReadRadio:size:142] download_i[7] status[<LinkStatus:0x03:status:size=142:size(142)>] poll_size[0] poll_i[0] command[<LinkStatus:0x03:status:size=64:size(64)>] sending LinkStatus:0x03:status:size=64)
INFO:root:usb.write.len: 3
0000   0x03 0x00 0x00                             ...
DEBUG:stick:sleeping 0.001
INFO:root:usb.read.len: 64
INFO:root:usb.read.raw:
0000   0x01 0x55 0x00 0x00 0x02 0x03 0x00 0x8e    .U......
0008   0x05 0x04 0x00 0x55 0x80 0x00 0x00 0x00    ...U....
0010   0x00 0x00 0x00 0x00 0x00 0x00 0x00 0x00    ........
0018   0x00 0x00 0x00 0x00 0x00 0x00 0x00 0x00    ........
0020   0x00 0x00 0x00 0x00 0x00 0x00 0x00 0x00    ........
0028   0x00 0x00 0x00 0x00 0x00 0x00 0x00 0x00    ........
0030   0x00 0x00 0x00 0x00 0x00 0x00 0x00 0x00    ........
0038   0x00 0x00 0x00 0x00 0x00 0x00 0x00 0x00    ........
INFO:stick:quit send_force_read, found len: 64 expected 64 after 0 attempts
INFO:stick:LinkStatus:0x03:status:size=142

INFO:stick:finished processing LinkStatus:0x03:status:size=142, 142
INFO:stick:PROCESS:END:20720.744:LinkStatus:0x03:status:size=142
INFO:stick:Stick transmit[TransmitPacket:ReadHistoryData:size[1024]:[page][0]:data[0]:] reader[ReadRadio:size:142] download_i[7] status[<LinkStatus:0x03:status:size=142:size(142)>] poll_size[142] poll_i[0] command[<LinkStatus:0x03:status:size=142:size(142)>]:STOP POLL after 1 attempts:size:142
INFO:stick:Stick transmit[TransmitPacket:ReadHistoryData:size[1024]:[page][0]:data[0]:] reader[ReadRadio:size:142] download_i[8] status[<LinkStatus:0x03:status:size=142:size(142)>] poll_size[142] poll_i[False] command[<LinkStatus:0x03:status:size=142:size(142)>]:download(attempts[8],expect[142],results[768]:data[0]):proceed to download packet
INFO:stick:Stick transmit[TransmitPacket:ReadHistoryData:size[1024]:[page][0]:data[0]:] reader[ReadRadio:size:142] download_i[8] status[<LinkStatus:0x03:status:size=142:size(142)>] poll_size[142] poll_i[False] command[<LinkStatus:0x03:status:size=142:size(142)>]:download_packet:142
INFO:stick:PROCESS:START:20724.066:ReadRadio:size:142
INFO:stick:send_force_read: attempt 0/5 send command, read until we get something within some timeout
INFO:stick:link Stick transmit[TransmitPacket:ReadHistoryData:size[1024]:[page][0]:data[0]:] reader[ReadRadio:size:142] download_i[8] status[<LinkStatus:0x03:status:size=142:size(142)>] poll_size[142] poll_i[False] command[<ReadRadio:size:142>] sending ReadRadio:size:142)
INFO:root:usb.write.len: 5
0000   0x0c 0x00 0x00 0x8e 0x56                   ....V
DEBUG:stick:sleeping 0.001
INFO:root:usb.read.len: 142
INFO:root:usb.read.raw:
0000   0x02 0x00 0x04 0x00 0xe4 0x00 0x80 0xa7    ........
0008   0x01 0x66 0x54 0x55 0x65 0x00 0x00 0x00    .fTUe...
0010   0x00 0x00 0x00 0x00 0x00 0x00 0x00 0x00    ........
0018   0x00 0x00 0x00 0x00 0x00 0x00 0x00 0x00    ........
0020   0x00 0x00 0x00 0x00 0x00 0x00 0x00 0x00    ........
0028   0x00 0x00 0x00 0x00 0x00 0x00 0x00 0x00    ........
0030   0x00 0x00 0x00 0x00 0x00 0x00 0x00 0x00    ........
0038   0x00 0x00 0x00 0x00 0x00 0x00 0x00 0x00    ........
0040   0x00 0x00 0x00 0x00 0x00 0x00 0x00 0x00    ........
0048   0x00 0x00 0x00 0x00 0x00 0x00 0x00 0x00    ........
0050   0x00 0x00 0x00 0x00 0x00 0x00 0x00 0x00    ........
0058   0x00 0x00 0x00 0x00 0x00 0x00 0x00 0x00    ........
0060   0x00 0x00 0x00 0x00 0x00 0x00 0x00 0x00    ........
0068   0x00 0x00 0x00 0x00 0x00 0x00 0x00 0x00    ........
0070   0x00 0x00 0x00 0x00 0x00 0x00 0x00 0x00    ........
0078   0x00 0x00 0x00 0x00 0x00 0x00 0x00 0x00    ........
0080   0x00 0x00 0x00 0x00 0x00 0x00 0x00 0x00    ........
0088   0x00 0x00 0x00 0x00 0x00 0x00              ......
INFO:stick:quit send_force_read, found len: 142 expected 142 after 0 attempts
INFO:stick:readData validating remote raw[ack]: 02
INFO:stick:readData; foreign raw should be at least 14 bytes? 142 True
INFO:stick:readData; raw[retries] 0
INFO:stick:ReadRadio:size:142:eod:found eod (False)
INFO:stick:found packet len(128), link expects(128)
WARNING:stick:bad zero CRC?
INFO:stick:PROCESS:END:20746.089:ReadRadio:size:142
INFO:stick:Stick transmit[TransmitPacket:ReadHistoryData:size[1024]:[page][0]:data[0]:] reader[ReadRadio:size:142] download_i[8] status[<LinkStatus:0x03:status:size=142:size(142)>] poll_size[142] poll_i[False] command[<ReadRadio:size:142>]:download(attempts[8],expect[142],results[896]:data[128]):adding segment
INFO:stick:Stick transmit[TransmitPacket:ReadHistoryData:size[1024]:[page][0]:data[0]:] reader[ReadRadio:size:142] download_i[8] status[<LinkStatus:0x03:status:size=142:size(142)>] poll_size[142] poll_i[False] command[<ReadRadio:size:142>]:download(attempts[8],expect[142],results[896]:data[128]):no eod, sleep .200 try again
DEBUG:stick:<Stick transmit[TransmitPacket:ReadHistoryData:size[1024]:[page][0]:data[0]:] reader[ReadRadio:size:142] download_i[8] status[<LinkStatus:0x03:status:size=142:size(142)>] poll_size[142] poll_i[False] command[<ReadRadio:size:142>]>:STARTING POLL PHASE:attempt:0
DEBUG:stick:<Stick transmit[TransmitPacket:ReadHistoryData:size[1024]:[page][0]:data[0]:] reader[ReadRadio:size:142] download_i[8] status[<LinkStatus:0x03:status:size=142:size(142)>] poll_size[0] poll_i[0] command[<ReadRadio:size:142>]>:poll:attempt:0
INFO:stick:PROCESS:START:20948.783:LinkStatus:0x03:status:size=64
INFO:stick:link Stick transmit[TransmitPacket:ReadHistoryData:size[1024]:[page][0]:data[0]:] reader[ReadRadio:size:142] download_i[8] status[<LinkStatus:0x03:status:size=142:size(142)>] poll_size[0] poll_i[0] command[<LinkStatus:0x03:status:size=64:size(64)>] processing LinkStatus:0x03:status:size=64)
INFO:stick:send_force_read: attempt 0/5 send command, read until we get something within some timeout
INFO:stick:link Stick transmit[TransmitPacket:ReadHistoryData:size[1024]:[page][0]:data[0]:] reader[ReadRadio:size:142] download_i[8] status[<LinkStatus:0x03:status:size=142:size(142)>] poll_size[0] poll_i[0] command[<LinkStatus:0x03:status:size=64:size(64)>] sending LinkStatus:0x03:status:size=64)
INFO:root:usb.write.len: 3
0000   0x03 0x00 0x00                             ...
DEBUG:stick:sleeping 0.001
INFO:root:usb.read.len: 64
INFO:root:usb.read.raw:
0000   0x01 0x55 0x00 0x00 0x02 0x01 0x00 0x8e    .U......
0008   0x05 0x04 0x00 0x55 0x65 0x00 0x00 0x00    ...Ue...
0010   0x00 0x00 0x00 0x00 0x00 0x00 0x00 0x00    ........
0018   0x00 0x00 0x00 0x00 0x00 0x00 0x00 0x00    ........
0020   0x00 0x00 0x00 0x00 0x00 0x00 0x00 0x00    ........
0028   0x00 0x00 0x00 0x00 0x00 0x00 0x00 0x00    ........
0030   0x00 0x00 0x00 0x00 0x00 0x00 0x00 0x00    ........
0038   0x00 0x00 0x00 0x00 0x00 0x00 0x00 0x00    ........
INFO:stick:quit send_force_read, found len: 64 expected 64 after 0 attempts
INFO:stick:LinkStatus:0x03:status:size=142

INFO:stick:finished processing LinkStatus:0x03:status:size=142, 142
INFO:stick:PROCESS:END:20957.76:LinkStatus:0x03:status:size=142
INFO:stick:Stick transmit[TransmitPacket:ReadHistoryData:size[1024]:[page][0]:data[0]:] reader[ReadRadio:size:142] download_i[8] status[<LinkStatus:0x03:status:size=142:size(142)>] poll_size[142] poll_i[0] command[<LinkStatus:0x03:status:size=142:size(142)>]:STOP POLL after 1 attempts:size:142
INFO:stick:Stick transmit[TransmitPacket:ReadHistoryData:size[1024]:[page][0]:data[0]:] reader[ReadRadio:size:142] download_i[9] status[<LinkStatus:0x03:status:size=142:size(142)>] poll_size[142] poll_i[False] command[<LinkStatus:0x03:status:size=142:size(142)>]:download(attempts[9],expect[142],results[896]:data[0]):proceed to download packet
INFO:stick:Stick transmit[TransmitPacket:ReadHistoryData:size[1024]:[page][0]:data[0]:] reader[ReadRadio:size:142] download_i[9] status[<LinkStatus:0x03:status:size=142:size(142)>] poll_size[142] poll_i[False] command[<LinkStatus:0x03:status:size=142:size(142)>]:download_packet:142
INFO:stick:PROCESS:START:20962.46:ReadRadio:size:142
INFO:stick:send_force_read: attempt 0/5 send command, read until we get something within some timeout
INFO:stick:link Stick transmit[TransmitPacket:ReadHistoryData:size[1024]:[page][0]:data[0]:] reader[ReadRadio:size:142] download_i[9] status[<LinkStatus:0x03:status:size=142:size(142)>] poll_size[142] poll_i[False] command[<ReadRadio:size:142>] sending ReadRadio:size:142)
INFO:root:usb.write.len: 5
0000   0x0c 0x00 0x00 0x8e 0x56                   ....V
DEBUG:stick:sleeping 0.001
INFO:root:usb.read.len: 142
INFO:root:usb.read.raw:
0000   0x02 0x00 0x04 0x00 0xe3 0x80 0x80 0xa7    ........
0008   0x01 0x66 0x54 0x55 0x03 0x00 0x00 0x00    .fTU....
0010   0x00 0x00 0x00 0x00 0x00 0x00 0x00 0x00    ........
0018   0x00 0x00 0x00 0x00 0x00 0x00 0x00 0x00    ........
0020   0x00 0x00 0x00 0x00 0x00 0x00 0x00 0x00    ........
0028   0x00 0x00 0x00 0x00 0x00 0x00 0x00 0x00    ........
0030   0x00 0x00 0x00 0x00 0x00 0x00 0x00 0x00    ........
0038   0x00 0x00 0x00 0x00 0x00 0x00 0x00 0x00    ........
0040   0x00 0x00 0x00 0x00 0x00 0x00 0x00 0x00    ........
0048   0x00 0x00 0x00 0x00 0x00 0x00 0x00 0x00    ........
0050   0x00 0x00 0x00 0x00 0x00 0x00 0x00 0x00    ........
0058   0x00 0x00 0x00 0x00 0x00 0x00 0x00 0x00    ........
0060   0x00 0x00 0x00 0x00 0x00 0x00 0x00 0x00    ........
0068   0x00 0x00 0x00 0x00 0x00 0x00 0x00 0x00    ........
0070   0x00 0x00 0x00 0x00 0x00 0x00 0x00 0x00    ........
0078   0x00 0x00 0x00 0x00 0x00 0x00 0x00 0x00    ........
0080   0x00 0x00 0x00 0x00 0x00 0x00 0x00 0x00    ........
0088   0x00 0x00 0x00 0x9e 0xd4 0x20              ..... 
INFO:stick:quit send_force_read, found len: 142 expected 142 after 0 attempts
INFO:stick:readData validating remote raw[ack]: 02
INFO:stick:readData; foreign raw should be at least 14 bytes? 142 True
INFO:stick:readData; raw[retries] 0
INFO:stick:ReadRadio:size:142:eod:found eod (True)
INFO:stick:found packet len(128), link expects(128)
INFO:stick:PROCESS:END:20977.041:ReadRadio:size:142
INFO:stick:Stick transmit[TransmitPacket:ReadHistoryData:size[1024]:[page][0]:data[0]:] reader[ReadRadio:size:142] download_i[9] status[<LinkStatus:0x03:status:size=142:size(142)>] poll_size[142] poll_i[False] command[<ReadRadio:size:142>]:download(attempts[9],expect[142],results[1024]:data[128]):adding segment
INFO:stick:Stick transmit[TransmitPacket:ReadHistoryData:size[1024]:[page][0]:data[0]:] reader[ReadRadio:size:142] download_i[9] status[<LinkStatus:0x03:status:size=142:size(142)>] poll_size[142] poll_i[False] command[<ReadRadio:size:142>]:download(attempts[9],expect[142],results[1024]:data[128]):DONE
INFO:commands:ReadHistoryData:size[1024]:[page][0]:data[0]: extending original 0 with found 1024
INFO:commands:ReadHistoryData:size[1024]:[page][0]:data[0]: download respond replace original 0 with found 1024
INFO:__main__:finished executing:ReadHistoryData:size[1024]:[page][0]:data[1024]:
INFO:commands:ReadHistoryData:size[1024]:[page][0]:data[1024]::download:done size check found[1024] expected[1024]:CRC ACK check found[212] expected[33]:and has eod set? False
INFO:__main__:comm:READ history data page!!!:
0000   0x01 0x01 0x01 0x00 0xe0 0x2b 0x4a 0x02    .....+J.
0008   0x0d 0x0a 0x5c 0xf7 0x0d 0x2d 0x02 0x0d    ..\..-..
0010   0x0a 0x5c 0xc4 0x12 0x2d 0x02 0x0d 0x5b    .\..-..[
0018   0x5c 0xd6 0x12 0x0d 0x02 0x0d 0x2f 0x50    \...../P
0020   0x0d 0x2d 0x6a 0xfd 0x24 0xf0 0x00 0x01    .-j.$...
0028   0x00 0x21 0x7d 0x5c 0x0e 0x04 0xa4 0x04    .!}\....
0030   0x20 0x30 0x14 0x8c 0x94 0x14 0x1c 0xb2     0......
0038   0x14 0x01 0x21 0x21 0x00 0xd6 0x12 0x4d    ..!!...M
0040   0x02 0x0d 0x00 0x00 0x00 0x00 0x00 0x00    ........
0048   0x00 0x00 0x00 0x00 0x00 0x00 0x00 0x00    ........
0050   0x00 0x00 0x00 0x00 0x00 0x00 0x00 0x00    ........
0058   0x00 0x00 0x00 0x00 0x00 0x00 0x00 0x00    ........
0060   0x00 0x00 0x00 0x00 0x00 0x00 0x00 0x00    ........
0068   0x00 0x00 0x00 0x00 0x00 0x00 0x00 0x00    ........
0070   0x00 0x00 0x00 0x00 0x00 0x00 0x00 0x00    ........
0078   0x00 0x00 0x00 0x00 0x00 0x00 0x00 0x00    ........
0080   0x00 0x00 0x00 0x00 0x00 0x00 0x00 0x00    ........
0088   0x00 0x00 0x00 0x00 0x00 0x00 0x00 0x00    ........
0090   0x00 0x00 0x00 0x00 0x00 0x00 0x00 0x00    ........
0098   0x00 0x00 0x00 0x00 0x00 0x00 0x00 0x00    ........
00A0   0x00 0x00 0x00 0x00 0x00 0x00 0x00 0x00    ........
00A8   0x00 0x00 0x00 0x00 0x00 0x00 0x00 0x00    ........
00B0   0x00 0x00 0x00 0x00 0x00 0x00 0x00 0x00    ........
00B8   0x00 0x00 0x00 0x00 0x00 0x00 0x00 0x00    ........
00C0   0x00 0x00 0x00 0x00 0x00 0x00 0x00 0x00    ........
00C8   0x00 0x00 0x00 0x00 0x00 0x00 0x00 0x00    ........
00D0   0x00 0x00 0x00 0x00 0x00 0x00 0x00 0x00    ........
00D8   0x00 0x00 0x00 0x00 0x00 0x00 0x00 0x00    ........
00E0   0x00 0x00 0x00 0x00 0x00 0x00 0x00 0x00    ........
00E8   0x00 0x00 0x00 0x00 0x00 0x00 0x00 0x00    ........
00F0   0x00 0x00 0x00 0x00 0x00 0x00 0x00 0x00    ........
00F8   0x00 0x00 0x00 0x00 0x00 0x00 0x00 0x00    ........
0100   0x00 0x00 0x00 0x00 0x00 0x00 0x00 0x00    ........
0108   0x00 0x00 0x00 0x00 0x00 0x00 0x00 0x00    ........
0110   0x00 0x00 0x00 0x00 0x00 0x00 0x00 0x00    ........
0118   0x00 0x00 0x00 0x00 0x00 0x00 0x00 0x00    ........
0120   0x00 0x00 0x00 0x00 0x00 0x00 0x00 0x00    ........
0128   0x00 0x00 0x00 0x00 0x00 0x00 0x00 0x00    ........
0130   0x00 0x00 0x00 0x00 0x00 0x00 0x00 0x00    ........
0138   0x00 0x00 0x00 0x00 0x00 0x00 0x00 0x00    ........
0140   0x00 0x00 0x00 0x00 0x00 0x00 0x00 0x00    ........
0148   0x00 0x00 0x00 0x00 0x00 0x00 0x00 0x00    ........
0150   0x00 0x00 0x00 0x00 0x00 0x00 0x00 0x00    ........
0158   0x00 0x00 0x00 0x00 0x00 0x00 0x00 0x00    ........
0160   0x00 0x00 0x00 0x00 0x00 0x00 0x00 0x00    ........
0168   0x00 0x00 0x00 0x00 0x00 0x00 0x00 0x00    ........
0170   0x00 0x00 0x00 0x00 0x00 0x00 0x00 0x00    ........
0178   0x00 0x00 0x00 0x00 0x00 0x00 0x00 0x00    ........
0180   0x00 0x00 0x00 0x00 0x00 0x00 0x00 0x00    ........
0188   0x00 0x00 0x00 0x00 0x00 0x00 0x00 0x00    ........
0190   0x00 0x00 0x00 0x00 0x00 0x00 0x00 0x00    ........
0198   0x00 0x00 0x00 0x00 0x00 0x00 0x00 0x00    ........
01A0   0x00 0x00 0x00 0x00 0x00 0x00 0x00 0x00    ........
01A8   0x00 0x00 0x00 0x00 0x00 0x00 0x00 0x00    ........
01B0   0x00 0x00 0x00 0x00 0x00 0x00 0x00 0x00    ........
01B8   0x00 0x00 0x00 0x00 0x00 0x00 0x00 0x00    ........
01C0   0x00 0x00 0x00 0x00 0x00 0x00 0x00 0x00    ........
01C8   0x00 0x00 0x00 0x00 0x00 0x00 0x00 0x00    ........
01D0   0x00 0x00 0x00 0x00 0x00 0x00 0x00 0x00    ........
01D8   0x00 0x00 0x00 0x00 0x00 0x00 0x00 0x00    ........
01E0   0x00 0x00 0x00 0x00 0x00 0x00 0x00 0x00    ........
01E8   0x00 0x00 0x00 0x00 0x00 0x00 0x00 0x00    ........
01F0   0x00 0x00 0x00 0x00 0x00 0x00 0x00 0x00    ........
01F8   0x00 0x00 0x00 0x00 0x00 0x00 0x00 0x00    ........
0200   0x00 0x00 0x00 0x00 0x00 0x00 0x00 0x00    ........
0208   0x00 0x00 0x00 0x00 0x00 0x00 0x00 0x00    ........
0210   0x00 0x00 0x00 0x00 0x00 0x00 0x00 0x00    ........
0218   0x00 0x00 0x00 0x00 0x00 0x00 0x00 0x00    ........
0220   0x00 0x00 0x00 0x00 0x00 0x00 0x00 0x00    ........
0228   0x00 0x00 0x00 0x00 0x00 0x00 0x00 0x00    ........
0230   0x00 0x00 0x00 0x00 0x00 0x00 0x00 0x00    ........
0238   0x00 0x00 0x00 0x00 0x00 0x00 0x00 0x00    ........
0240   0x00 0x00 0x00 0x00 0x00 0x00 0x00 0x00    ........
0248   0x00 0x00 0x00 0x00 0x00 0x00 0x00 0x00    ........
0250   0x00 0x00 0x00 0x00 0x00 0x00 0x00 0x00    ........
0258   0x00 0x00 0x00 0x00 0x00 0x00 0x00 0x00    ........
0260   0x00 0x00 0x00 0x00 0x00 0x00 0x00 0x00    ........
0268   0x00 0x00 0x00 0x00 0x00 0x00 0x00 0x00    ........
0270   0x00 0x00 0x00 0x00 0x00 0x00 0x00 0x00    ........
0278   0x00 0x00 0x00 0x00 0x00 0x00 0x00 0x00    ........
0280   0x00 0x00 0x00 0x00 0x00 0x00 0x00 0x00    ........
0288   0x00 0x00 0x00 0x00 0x00 0x00 0x00 0x00    ........
0290   0x00 0x00 0x00 0x00 0x00 0x00 0x00 0x00    ........
0298   0x00 0x00 0x00 0x00 0x00 0x00 0x00 0x00    ........
02A0   0x00 0x00 0x00 0x00 0x00 0x00 0x00 0x00    ........
02A8   0x00 0x00 0x00 0x00 0x00 0x00 0x00 0x00    ........
02B0   0x00 0x00 0x00 0x00 0x00 0x00 0x00 0x00    ........
02B8   0x00 0x00 0x00 0x00 0x00 0x00 0x00 0x00    ........
02C0   0x00 0x00 0x00 0x00 0x00 0x00 0x00 0x00    ........
02C8   0x00 0x00 0x00 0x00 0x00 0x00 0x00 0x00    ........
02D0   0x00 0x00 0x00 0x00 0x00 0x00 0x00 0x00    ........
02D8   0x00 0x00 0x00 0x00 0x00 0x00 0x00 0x00    ........
02E0   0x00 0x00 0x00 0x00 0x00 0x00 0x00 0x00    ........
02E8   0x00 0x00 0x00 0x00 0x00 0x00 0x00 0x00    ........
02F0   0x00 0x00 0x00 0x00 0x00 0x00 0x00 0x00    ........
02F8   0x00 0x00 0x00 0x00 0x00 0x00 0x00 0x00    ........
0300   0x00 0x00 0x00 0x00 0x00 0x00 0x00 0x00    ........
0308   0x00 0x00 0x00 0x00 0x00 0x00 0x00 0x00    ........
0310   0x00 0x00 0x00 0x00 0x00 0x00 0x00 0x00    ........
0318   0x00 0x00 0x00 0x00 0x00 0x00 0x00 0x00    ........
0320   0x00 0x00 0x00 0x00 0x00 0x00 0x00 0x00    ........
0328   0x00 0x00 0x00 0x00 0x00 0x00 0x00 0x00    ........
0330   0x00 0x00 0x00 0x00 0x00 0x00 0x00 0x00    ........
0338   0x00 0x00 0x00 0x00 0x00 0x00 0x00 0x00    ........
0340   0x00 0x00 0x00 0x00 0x00 0x00 0x00 0x00    ........
0348   0x00 0x00 0x00 0x00 0x00 0x00 0x00 0x00    ........
0350   0x00 0x00 0x00 0x00 0x00 0x00 0x00 0x00    ........
0358   0x00 0x00 0x00 0x00 0x00 0x00 0x00 0x00    ........
0360   0x00 0x00 0x00 0x00 0x00 0x00 0x00 0x00    ........
0368   0x00 0x00 0x00 0x00 0x00 0x00 0x00 0x00    ........
0370   0x00 0x00 0x00 0x00 0x00 0x00 0x00 0x00    ........
0378   0x00 0x00 0x00 0x00 0x00 0x00 0x00 0x00    ........
0380   0x00 0x00 0x00 0x00 0x00 0x00 0x00 0x00    ........
0388   0x00 0x00 0x00 0x00 0x00 0x00 0x00 0x00    ........
0390   0x00 0x00 0x00 0x00 0x00 0x00 0x00 0x00    ........
0398   0x00 0x00 0x00 0x00 0x00 0x00 0x00 0x00    ........
03A0   0x00 0x00 0x00 0x00 0x00 0x00 0x00 0x00    ........
03A8   0x00 0x00 0x00 0x00 0x00 0x00 0x00 0x00    ........
03B0   0x00 0x00 0x00 0x00 0x00 0x00 0x00 0x00    ........
03B8   0x00 0x00 0x00 0x00 0x00 0x00 0x00 0x00    ........
03C0   0x00 0x00 0x00 0x00 0x00 0x00 0x00 0x00    ........
03C8   0x00 0x00 0x00 0x00 0x00 0x00 0x00 0x00    ........
03D0   0x00 0x00 0x00 0x00 0x00 0x00 0x00 0x00    ........
03D8   0x00 0x00 0x00 0x00 0x00 0x00 0x00 0x00    ........
03E0   0x00 0x00 0x00 0x00 0x00 0x00 0x00 0x00    ........
03E8   0x00 0x00 0x00 0x00 0x00 0x00 0x00 0x00    ........
03F0   0x00 0x00 0x00 0x00 0x00 0x00 0x00 0x00    ........
03F8   0x00 0x00 0x00 0x00 0x00 0x00 0x9e 0xd4    ........
INFO:__main__:PUMP READ PAGE 0: None
INFO:stick:PROCESS:START:20993.906:UsbStats:0x05 0x01
INFO:stick:link Stick transmit[TransmitPacket:ReadHistoryData:size[1024]:[page][0]:data[1024]:] reader[ReadRadio:size:142] download_i[False] status[<LinkStatus:0x03:status:size=142:size(142)>] poll_size[142] poll_i[False] command[<UsbStats:0x05 0x01:size(64)>] processing UsbStats:0x05 0x01)
INFO:stick:send_force_read: attempt 0/5 send command, read until we get something within some timeout
INFO:stick:link Stick transmit[TransmitPacket:ReadHistoryData:size[1024]:[page][0]:data[1024]:] reader[ReadRadio:size:142] download_i[False] status[<LinkStatus:0x03:status:size=142:size(142)>] poll_size[142] poll_i[False] command[<UsbStats:0x05 0x01:size(64)>] sending UsbStats:0x05 0x01)
INFO:root:usb.write.len: 3
0000   0x05 0x01 0x00                             ...
DEBUG:stick:sleeping 0.001
INFO:root:usb.read.len: 64
INFO:root:usb.read.raw:
0000   0x01 0x55 0x00 0x00 0x00 0x00 0x00 0x00    .U......
0008   0x00 0x00 0x4f 0x00 0x00 0x00 0x4f 0x00    ..O...O.
0010   0x50 0x00 0x53 0x00 0x4f 0x04 0x00 0x00    P.S.O...
0018   0x05 0x00 0x00 0x00 0x00 0x00 0x00 0x00    ........
0020   0x00 0x00 0x00 0x00 0x00 0x00 0x00 0x00    ........
0028   0x00 0x00 0x00 0x00 0x00 0x00 0x00 0x00    ........
0030   0x00 0x00 0x00 0x00 0x00 0x00 0x00 0x00    ........
0038   0x00 0x00 0x00 0x00 0x00 0x00 0x00 0x00    ........
INFO:stick:quit send_force_read, found len: 64 expected 64 after 0 attempts
INFO:stick:finished processing UsbStats:0x05 0x01, {'errors.timeouts': 0, 'packets.transmit': 79L, 'errors.naks': 0, 'errors.sequence': 0, 'packets.received': 79L, 'errors.crc': 0}
INFO:stick:PROCESS:END:21001.252:UsbStats:0x05 0x01
INFO:stick:PROCESS:START:21001.562:RadioStats:0x05 0x00
INFO:stick:link Stick transmit[TransmitPacket:ReadHistoryData:size[1024]:[page][0]:data[1024]:] reader[ReadRadio:size:142] download_i[False] status[<LinkStatus:0x03:status:size=142:size(142)>] poll_size[142] poll_i[False] command[<RadioStats:0x05 0x00:size(64)>] processing RadioStats:0x05 0x00)
INFO:stick:send_force_read: attempt 0/5 send command, read until we get something within some timeout
INFO:stick:link Stick transmit[TransmitPacket:ReadHistoryData:size[1024]:[page][0]:data[1024]:] reader[ReadRadio:size:142] download_i[False] status[<LinkStatus:0x03:status:size=142:size(142)>] poll_size[142] poll_i[False] command[<RadioStats:0x05 0x00:size(64)>] sending RadioStats:0x05 0x00)
INFO:root:usb.write.len: 3
0000   0x05 0x00 0x00                             ...
DEBUG:stick:sleeping 0.001
INFO:root:usb.read.len: 64
INFO:root:usb.read.raw:
0000   0x01 0x55 0x00 0x00 0x00 0x00 0x00 0x00    .U......
0008   0x00 0x00 0x14 0x00 0x00 0x00 0x15 0x00    ........
0010   0x00 0x00 0x03 0x00 0x03 0x00 0x10 0x00    ........
0018   0x11 0x00 0x02 0x00 0x00 0x00 0x00 0x00    ........
0020   0x00 0x01 0x00 0xa0 0x00 0x00 0x00 0x00    ........
0028   0x00 0x00 0x00 0x00 0x00 0x00 0x00 0x00    ........
0030   0x00 0x00 0x00 0x00 0x00 0x00 0x00 0x00    ........
0038   0x00 0x00 0x00 0x00 0x00 0x00 0x00 0x00    ........
INFO:stick:quit send_force_read, found len: 64 expected 64 after 0 attempts
INFO:stick:finished processing RadioStats:0x05 0x00, {'errors.timeouts': 0, 'packets.transmit': 21L, 'errors.naks': 0, 'errors.sequence': 0, 'packets.received': 20L, 'errors.crc': 0}
INFO:stick:PROCESS:END:21008.735:RadioStats:0x05 0x00
INFO:__main__:{'radio': {'errors.crc': 0,
           'errors.naks': 0,
           'errors.sequence': 0,
           'errors.timeouts': 0,
           'packets.received': 20L,
           'packets.transmit': 21L},
 'usb': {'errors.crc': 0,
         'errors.naks': 0,
         'errors.sequence': 0,
         'errors.timeouts': 0,
         'packets.received': 79L,
         'packets.transmit': 79L}}
INFO:__main__:howdy! all done looking at pump
python decocare/session.py /dev/ttyUSB0 665455
	elapsed 0:21.14
	user 0.24
	system 0.05
	CPU 1% (0text+0data 42304max)k
