INFO:__main__:howdy! I'm going to take a look at your carelink usb stick.
INFO:link:Link opened serial port: Serial<id=0x1c49f50, open=True>(port='/dev/ttyUSB0', baudrate=9600, bytesize=8, parity='N', stopbits=1, timeout=0.5, xonxoff=False, rtscts=False, dsrdtr=False)
INFO:__main__:PROCESS:OPEN:0.06
INFO:__main__:PROCESS:START:8.241:ProductInfo:0x04
INFO:__main__:link Stick transmit[None] reader[None] download_i[False] status[None] poll_size[None] poll_i[None] command[<ProductInfo:0x04:size(64)>] processing ProductInfo:0x04)
INFO:__main__:send_force_read: attempt 0/5 send command, read until we get something within some timeout
INFO:__main__:link Stick transmit[None] reader[None] download_i[False] status[None] poll_size[None] poll_i[None] command[<ProductInfo:0x04:size(64)>] sending ProductInfo:0x04)
INFO:root:usb.write.len: 3
0000   0x04 0x00 0x00                             ...
DEBUG:__main__:sleeping 0.001
INFO:root:usb.read.len: 64
INFO:root:usb.read.raw:
0000   0x01 0x55 0x00 0x61 0x72 0x69 0x2f 0x35    .U.ari/5
0008   0x33 0x43 0x6f 0x6d 0x4c 0x69 0x6e 0x6b    3ComLink
0010   0x20 0x49 0x49 0x01 0x10 0x02 0x00 0x01     II.....
0018   0x01 0x03 0x64 0x69 0x6e 0x67 0x3a 0x20    ..ding: 
0020   0x67 0x7a 0x69 0x70 0x2c 0x64 0x65 0x66    gzip,def
0028   0x6c 0x61 0x74 0x65 0x2c 0x73 0x64 0x63    late,sdc
0030   0x68 0x0d 0x0a 0x41 0x63 0x63 0x65 0x70    h..Accep
0038   0x74 0x2d 0x4c 0x61 0x6e 0x67 0x75 0x61    t-Langua
INFO:__main__:quit send_force_read, found len: 64 expected 64 after 0 attempts
INFO:__main__:finished processing ProductInfo:0x04, {'description': 'ComLink II', 'software.version': '1.16', 'interfaces': [(0, 'Paradigm RF'), (1, 'USB')], 'product.version': '47.53', 'rf.freq': 'UNKNOWN', 'serial': '617269'}
INFO:__main__:PROCESS:END:288.618:ProductInfo:0x04
INFO:__main__:{'description': 'ComLink II', 'software.version': '1.16', 'interfaces': [(0, 'Paradigm RF'), (1, 'USB')], 'product.version': '47.53', 'rf.freq': 'UNKNOWN', 'serial': '617269'}
INFO:__main__:PROCESS:START:289.453:ProductInfo:0x04
INFO:__main__:link Stick transmit[None] reader[None] download_i[False] status[None] poll_size[None] poll_i[None] command[<ProductInfo:0x04:size(64)>] processing ProductInfo:0x04)
INFO:__main__:send_force_read: attempt 0/5 send command, read until we get something within some timeout
INFO:__main__:link Stick transmit[None] reader[None] download_i[False] status[None] poll_size[None] poll_i[None] command[<ProductInfo:0x04:size(64)>] sending ProductInfo:0x04)
INFO:root:usb.write.len: 3
0000   0x04 0x00 0x00                             ...
DEBUG:__main__:sleeping 0.001
INFO:root:usb.read.len: 64
INFO:root:usb.read.raw:
0000   0x01 0x55 0x00 0x61 0x72 0x69 0x2f 0x35    .U.ari/5
0008   0x33 0x43 0x6f 0x6d 0x4c 0x69 0x6e 0x6b    3ComLink
0010   0x20 0x49 0x49 0x01 0x10 0x02 0x00 0x01     II.....
0018   0x01 0x03 0x64 0x69 0x6e 0x67 0x3a 0x20    ..ding: 
0020   0x67 0x7a 0x69 0x70 0x2c 0x64 0x65 0x66    gzip,def
0028   0x6c 0x61 0x74 0x65 0x2c 0x73 0x64 0x63    late,sdc
0030   0x68 0x0d 0x0a 0x41 0x63 0x63 0x65 0x70    h..Accep
0038   0x74 0x2d 0x4c 0x61 0x6e 0x67 0x75 0x61    t-Langua
INFO:__main__:quit send_force_read, found len: 64 expected 64 after 0 attempts
INFO:__main__:finished processing ProductInfo:0x04, {'description': 'ComLink II', 'software.version': '1.16', 'interfaces': [(0, 'Paradigm RF'), (1, 'USB')], 'product.version': '47.53', 'rf.freq': 'UNKNOWN', 'serial': '617269'}
INFO:__main__:PROCESS:END:299.55:ProductInfo:0x04
INFO:__main__:{'description': 'ComLink II', 'software.version': '1.16', 'interfaces': [(0, 'Paradigm RF'), (1, 'USB')], 'product.version': '47.53', 'rf.freq': 'UNKNOWN', 'serial': '617269'}
INFO:__main__:get signal strength of Stick transmit[None] reader[None] download_i[False] status[None] poll_size[None] poll_i[None] command[<ProductInfo:0x04:size(64)>]
INFO:__main__:PROCESS:START:303.967:SignalStrength:0x06 0x00
INFO:__main__:link Stick transmit[None] reader[None] download_i[False] status[None] poll_size[None] poll_i[None] command[<SignalStrength:0x06 0x00:size(64)>] processing SignalStrength:0x06 0x00)
INFO:__main__:send_force_read: attempt 0/5 send command, read until we get something within some timeout
INFO:__main__:link Stick transmit[None] reader[None] download_i[False] status[None] poll_size[None] poll_i[None] command[<SignalStrength:0x06 0x00:size(64)>] sending SignalStrength:0x06 0x00)
INFO:root:usb.write.len: 3
0000   0x06 0x00 0x00                             ...
DEBUG:__main__:sleeping 0.001
INFO:root:usb.read.len: 64
INFO:root:usb.read.raw:
0000   0x01 0x55 0x00 0xc0 0x72 0x69 0x2f 0x35    .U..ri/5
0008   0x33 0x43 0x6f 0x6d 0x4c 0x69 0x6e 0x6b    3ComLink
0010   0x20 0x49 0x49 0x01 0x10 0x02 0x00 0x01     II.....
0018   0x01 0x03 0x64 0x69 0x6e 0x67 0x3a 0x20    ..ding: 
0020   0x67 0x7a 0x69 0x70 0x2c 0x64 0x65 0x66    gzip,def
0028   0x6c 0x61 0x74 0x65 0x2c 0x73 0x64 0x63    late,sdc
0030   0x68 0x0d 0x0a 0x41 0x63 0x63 0x65 0x70    h..Accep
0038   0x74 0x2d 0x4c 0x61 0x6e 0x67 0x75 0x61    t-Langua
INFO:__main__:quit send_force_read, found len: 64 expected 64 after 0 attempts
INFO:__main__:<SignalStrength:0x06 0x00:size(64)>:readSignalStrength:192
INFO:__main__:finished processing SignalStrength:0x06 0x00, 192
INFO:__main__:PROCESS:END:317.131:SignalStrength:0x06 0x00
INFO:__main__:we seem to have found a nice signal strength of: 192
INFO:__main__:test fetching product info Stick transmit[None] reader[None] download_i[False] status[None] poll_size[None] poll_i[None] command[<SignalStrength:0x06 0x00:size(64)>]
INFO:__main__:PROCESS:START:319.042:ProductInfo:0x04
INFO:__main__:link Stick transmit[None] reader[None] download_i[False] status[None] poll_size[None] poll_i[None] command[<ProductInfo:0x04:size(64)>] processing ProductInfo:0x04)
INFO:__main__:send_force_read: attempt 0/5 send command, read until we get something within some timeout
INFO:__main__:link Stick transmit[None] reader[None] download_i[False] status[None] poll_size[None] poll_i[None] command[<ProductInfo:0x04:size(64)>] sending ProductInfo:0x04)
INFO:root:usb.write.len: 3
0000   0x04 0x00 0x00                             ...
DEBUG:__main__:sleeping 0.001
INFO:root:usb.read.len: 64
INFO:root:usb.read.raw:
0000   0x01 0x55 0x00 0x61 0x72 0x69 0x2f 0x35    .U.ari/5
0008   0x33 0x43 0x6f 0x6d 0x4c 0x69 0x6e 0x6b    3ComLink
0010   0x20 0x49 0x49 0x01 0x10 0x02 0x00 0x01     II.....
0018   0x01 0x03 0x64 0x69 0x6e 0x67 0x3a 0x20    ..ding: 
0020   0x67 0x7a 0x69 0x70 0x2c 0x64 0x65 0x66    gzip,def
0028   0x6c 0x61 0x74 0x65 0x2c 0x73 0x64 0x63    late,sdc
0030   0x68 0x0d 0x0a 0x41 0x63 0x63 0x65 0x70    h..Accep
0038   0x74 0x2d 0x4c 0x61 0x6e 0x67 0x75 0x61    t-Langua
INFO:__main__:quit send_force_read, found len: 64 expected 64 after 0 attempts
INFO:__main__:finished processing ProductInfo:0x04, {'description': 'ComLink II', 'software.version': '1.16', 'interfaces': [(0, 'Paradigm RF'), (1, 'USB')], 'product.version': '47.53', 'rf.freq': 'UNKNOWN', 'serial': '617269'}
INFO:__main__:PROCESS:END:330.957:ProductInfo:0x04
INFO:__main__:{'description': 'ComLink II',
 'interfaces': [(0, 'Paradigm RF'), (1, 'USB')],
 'product.version': '47.53',
 'rf.freq': 'UNKNOWN',
 'serial': '617269',
 'software.version': '1.16'}
INFO:__main__:get signal strength of Stick transmit[None] reader[None] download_i[False] status[None] poll_size[None] poll_i[None] command[<ProductInfo:0x04:size(64)>]
INFO:__main__:PROCESS:START:334.781:SignalStrength:0x06 0x00
INFO:__main__:link Stick transmit[None] reader[None] download_i[False] status[None] poll_size[None] poll_i[None] command[<SignalStrength:0x06 0x00:size(64)>] processing SignalStrength:0x06 0x00)
INFO:__main__:send_force_read: attempt 0/5 send command, read until we get something within some timeout
INFO:__main__:link Stick transmit[None] reader[None] download_i[False] status[None] poll_size[None] poll_i[None] command[<SignalStrength:0x06 0x00:size(64)>] sending SignalStrength:0x06 0x00)
INFO:root:usb.write.len: 3
0000   0x06 0x00 0x00                             ...
DEBUG:__main__:sleeping 0.001
INFO:root:usb.read.len: 64
INFO:root:usb.read.raw:
0000   0x01 0x55 0x00 0xc1 0x72 0x69 0x2f 0x35    .U..ri/5
0008   0x33 0x43 0x6f 0x6d 0x4c 0x69 0x6e 0x6b    3ComLink
0010   0x20 0x49 0x49 0x01 0x10 0x02 0x00 0x01     II.....
0018   0x01 0x03 0x64 0x69 0x6e 0x67 0x3a 0x20    ..ding: 
0020   0x67 0x7a 0x69 0x70 0x2c 0x64 0x65 0x66    gzip,def
0028   0x6c 0x61 0x74 0x65 0x2c 0x73 0x64 0x63    late,sdc
0030   0x68 0x0d 0x0a 0x41 0x63 0x63 0x65 0x70    h..Accep
0038   0x74 0x2d 0x4c 0x61 0x6e 0x67 0x75 0x61    t-Langua
INFO:__main__:quit send_force_read, found len: 64 expected 64 after 0 attempts
INFO:__main__:<SignalStrength:0x06 0x00:size(64)>:readSignalStrength:193
INFO:__main__:finished processing SignalStrength:0x06 0x00, 193
INFO:__main__:PROCESS:END:347.241:SignalStrength:0x06 0x00
INFO:__main__:we seem to have found a nice signal strength of: 193
INFO:__main__:at this point, we could issue remote commands to a medical
    device, let's inspect the interfaces
INFO:__main__:PROCESS:START:350.351:UsbStats:0x05 0x01
INFO:__main__:link Stick transmit[None] reader[None] download_i[False] status[None] poll_size[None] poll_i[None] command[<UsbStats:0x05 0x01:size(64)>] processing UsbStats:0x05 0x01)
INFO:__main__:send_force_read: attempt 0/5 send command, read until we get something within some timeout
INFO:__main__:link Stick transmit[None] reader[None] download_i[False] status[None] poll_size[None] poll_i[None] command[<UsbStats:0x05 0x01:size(64)>] sending UsbStats:0x05 0x01)
INFO:root:usb.write.len: 3
0000   0x05 0x01 0x00                             ...
DEBUG:__main__:sleeping 0.001
INFO:root:usb.read.len: 64
INFO:root:usb.read.raw:
0000   0x01 0x55 0x00 0x00 0x00 0x00 0x00 0x00    .U......
0008   0x00 0x08 0xf2 0x00 0x00 0x08 0xf2 0x08    ........
0010   0xf3 0x09 0xb6 0x08 0xf2 0x04 0x00 0x00    ........
0018   0x05 0x03 0x64 0x69 0x6e 0x67 0x3a 0x20    ..ding: 
0020   0x67 0x7a 0x69 0x70 0x2c 0x64 0x65 0x66    gzip,def
0028   0x6c 0x61 0x74 0x65 0x2c 0x73 0x64 0x63    late,sdc
0030   0x68 0x0d 0x0a 0x41 0x63 0x63 0x65 0x70    h..Accep
0038   0x74 0x2d 0x4c 0x61 0x6e 0x67 0x75 0x61    t-Langua
INFO:__main__:quit send_force_read, found len: 64 expected 64 after 0 attempts
INFO:__main__:finished processing UsbStats:0x05 0x01, {'errors.timeouts': 0, 'packets.transmit': 2290L, 'errors.naks': 0, 'errors.sequence': 0, 'packets.received': 2290L, 'errors.crc': 0}
INFO:__main__:PROCESS:END:362.698:UsbStats:0x05 0x01
INFO:__main__:PROCESS:START:363.806:RadioStats:0x05 0x00
INFO:__main__:link Stick transmit[None] reader[None] download_i[False] status[None] poll_size[None] poll_i[None] command[<RadioStats:0x05 0x00:size(64)>] processing RadioStats:0x05 0x00)
INFO:__main__:send_force_read: attempt 0/5 send command, read until we get something within some timeout
INFO:__main__:link Stick transmit[None] reader[None] download_i[False] status[None] poll_size[None] poll_i[None] command[<RadioStats:0x05 0x00:size(64)>] sending RadioStats:0x05 0x00)
INFO:root:usb.write.len: 3
0000   0x05 0x00 0x00                             ...
DEBUG:__main__:sleeping 0.001
INFO:root:usb.read.len: 64
INFO:root:usb.read.raw:
0000   0x01 0x55 0x00 0x00 0x00 0x00 0x00 0x00    .U......
0008   0x00 0x06 0x18 0x00 0x00 0x06 0x3f 0x00    ......?.
0010   0x00 0x01 0xef 0x01 0xe1 0x02 0x70 0x02    ......p.
0018   0x7f 0x01 0xe0 0x01 0xb8 0x00 0x00 0x00    ........
0020   0x00 0x01 0x00 0x87 0x2c 0x64 0x65 0x66    ....,def
0028   0x6c 0x61 0x74 0x65 0x2c 0x73 0x64 0x63    late,sdc
0030   0x68 0x0d 0x0a 0x41 0x63 0x63 0x65 0x70    h..Accep
0038   0x74 0x2d 0x4c 0x61 0x6e 0x67 0x75 0x61    t-Langua
INFO:__main__:quit send_force_read, found len: 64 expected 64 after 0 attempts
INFO:__main__:finished processing RadioStats:0x05 0x00, {'errors.timeouts': 0, 'packets.transmit': 1599L, 'errors.naks': 0, 'errors.sequence': 0, 'packets.received': 1560L, 'errors.crc': 0}
INFO:__main__:PROCESS:END:373.274:RadioStats:0x05 0x00
INFO:__main__:{'radio': {'errors.crc': 0,
           'errors.naks': 0,
           'errors.sequence': 0,
           'errors.timeouts': 0,
           'packets.received': 1560L,
           'packets.transmit': 1599L},
 'usb': {'errors.crc': 0,
         'errors.naks': 0,
         'errors.sequence': 0,
         'errors.timeouts': 0,
         'packets.received': 2290L,
         'packets.transmit': 2290L}}
INFO:__main__:CLEAR BUFFERS
INFO:__main__:PROCESS:START:377.804:UsbStats:0x05 0x01
INFO:__main__:link Stick transmit[None] reader[None] download_i[False] status[None] poll_size[None] poll_i[None] command[<UsbStats:0x05 0x01:size(64)>] processing UsbStats:0x05 0x01)
INFO:__main__:send_force_read: attempt 0/5 send command, read until we get something within some timeout
INFO:__main__:link Stick transmit[None] reader[None] download_i[False] status[None] poll_size[None] poll_i[None] command[<UsbStats:0x05 0x01:size(64)>] sending UsbStats:0x05 0x01)
INFO:root:usb.write.len: 3
0000   0x05 0x01 0x00                             ...
DEBUG:__main__:sleeping 0.001
INFO:root:usb.read.len: 64
INFO:root:usb.read.raw:
0000   0x01 0x55 0x00 0x00 0x00 0x00 0x00 0x00    .U......
0008   0x00 0x08 0xf4 0x00 0x00 0x08 0xf4 0x08    ........
0010   0xf5 0x09 0xb8 0x08 0xf4 0x04 0x00 0x00    ........
0018   0x05 0x01 0xe0 0x01 0xb8 0x00 0x00 0x00    ........
0020   0x00 0x01 0x00 0x87 0x2c 0x64 0x65 0x66    ....,def
0028   0x6c 0x61 0x74 0x65 0x2c 0x73 0x64 0x63    late,sdc
0030   0x68 0x0d 0x0a 0x41 0x63 0x63 0x65 0x70    h..Accep
0038   0x74 0x2d 0x4c 0x61 0x6e 0x67 0x75 0x61    t-Langua
INFO:__main__:quit send_force_read, found len: 64 expected 64 after 0 attempts
INFO:__main__:finished processing UsbStats:0x05 0x01, {'errors.timeouts': 0, 'packets.transmit': 2292L, 'errors.naks': 0, 'errors.sequence': 0, 'packets.received': 2292L, 'errors.crc': 0}
INFO:__main__:PROCESS:END:387.931:UsbStats:0x05 0x01
INFO:__main__:PROCESS:START:388.848:RadioStats:0x05 0x00
INFO:__main__:link Stick transmit[None] reader[None] download_i[False] status[None] poll_size[None] poll_i[None] command[<RadioStats:0x05 0x00:size(64)>] processing RadioStats:0x05 0x00)
INFO:__main__:send_force_read: attempt 0/5 send command, read until we get something within some timeout
INFO:__main__:link Stick transmit[None] reader[None] download_i[False] status[None] poll_size[None] poll_i[None] command[<RadioStats:0x05 0x00:size(64)>] sending RadioStats:0x05 0x00)
INFO:root:usb.write.len: 3
0000   0x05 0x00 0x00                             ...
DEBUG:__main__:sleeping 0.001
INFO:root:usb.read.len: 64
INFO:root:usb.read.raw:
0000   0x01 0x55 0x00 0x00 0x00 0x00 0x00 0x00    .U......
0008   0x00 0x06 0x18 0x00 0x00 0x06 0x3f 0x00    ......?.
0010   0x00 0x01 0xef 0x01 0xe1 0x02 0x70 0x02    ......p.
0018   0x7f 0x01 0xe0 0x01 0xb8 0x00 0x00 0x00    ........
0020   0x00 0x01 0x00 0x87 0x2c 0x64 0x65 0x66    ....,def
0028   0x6c 0x61 0x74 0x65 0x2c 0x73 0x64 0x63    late,sdc
0030   0x68 0x0d 0x0a 0x41 0x63 0x63 0x65 0x70    h..Accep
0038   0x74 0x2d 0x4c 0x61 0x6e 0x67 0x75 0x61    t-Langua
INFO:__main__:quit send_force_read, found len: 64 expected 64 after 0 attempts
INFO:__main__:finished processing RadioStats:0x05 0x00, {'errors.timeouts': 0, 'packets.transmit': 1599L, 'errors.naks': 0, 'errors.sequence': 0, 'packets.received': 1560L, 'errors.crc': 0}
INFO:__main__:PROCESS:END:393.019:RadioStats:0x05 0x00
DEBUG:__main__:INTERFACE STATS:
{'radio': {'errors.crc': 0,
           'errors.naks': 0,
           'errors.sequence': 0,
           'errors.timeouts': 0,
           'packets.received': 1560L,
           'packets.transmit': 1599L},
 'usb': {'errors.crc': 0,
         'errors.naks': 0,
         'errors.sequence': 0,
         'errors.timeouts': 0,
         'packets.received': 2292L,
         'packets.transmit': 2292L}}
INFO:__main__:XXX:clear_buffer[attempt][0]:segments[0],total_segments[0]:raw[0]:BEGIN :first poll
DEBUG:__main__:<Stick transmit[None] reader[None] download_i[False] status[None] poll_size[None] poll_i[None] command[<RadioStats:0x05 0x00:size(64)>]>:STARTING POLL PHASE:attempt:0
DEBUG:__main__:<Stick transmit[None] reader[None] download_i[False] status[None] poll_size[0] poll_i[0] command[<RadioStats:0x05 0x00:size(64)>]>:poll:attempt:0
INFO:__main__:PROCESS:START:396.057:LinkStatus:0x03:status:size=64
INFO:__main__:link Stick transmit[None] reader[None] download_i[False] status[None] poll_size[0] poll_i[0] command[<LinkStatus:0x03:status:size=64:size(64)>] processing LinkStatus:0x03:status:size=64)
INFO:__main__:send_force_read: attempt 0/5 send command, read until we get something within some timeout
INFO:__main__:link Stick transmit[None] reader[None] download_i[False] status[None] poll_size[0] poll_i[0] command[<LinkStatus:0x03:status:size=64:size(64)>] sending LinkStatus:0x03:status:size=64)
INFO:root:usb.write.len: 3
0000   0x03 0x00 0x00                             ...
DEBUG:__main__:sleeping 0.001
INFO:root:usb.read.len: 64
INFO:root:usb.read.raw:
0000   0x01 0x55 0x00 0x00 0x02 0x00 0x00 0x00    .U......
0008   0x05 0x04 0x00 0x00 0x00 0x06 0x3f 0x00    ......?.
0010   0x00 0x01 0xef 0x01 0xe1 0x02 0x70 0x02    ......p.
0018   0x7f 0x01 0xe0 0x01 0xb8 0x00 0x00 0x00    ........
0020   0x00 0x01 0x00 0x87 0x2c 0x64 0x65 0x66    ....,def
0028   0x6c 0x61 0x74 0x65 0x2c 0x73 0x64 0x63    late,sdc
0030   0x68 0x0d 0x0a 0x41 0x63 0x63 0x65 0x70    h..Accep
0038   0x74 0x2d 0x4c 0x61 0x6e 0x67 0x75 0x61    t-Langua
INFO:__main__:quit send_force_read, found len: 64 expected 64 after 0 attempts
INFO:__main__:LinkStatus:0x03:status:size=??LinkStatus:error:True:reason:['OK']

INFO:__main__:finished processing LinkStatus:0x03:status:size=??LinkStatus:error:True:reason:[], 0
INFO:__main__:PROCESS:END:401.018:LinkStatus:0x03:status:size=??LinkStatus:error:True:reason:[]
DEBUG:__main__:poll zero, sleeping in POLL, .100
DEBUG:__main__:<Stick transmit[None] reader[None] download_i[False] status[<LinkStatus:0x03:status:size=??LinkStatus:error:True:reason:[]:size(0)>] poll_size[0] poll_i[1] command[<LinkStatus:0x03:status:size=??LinkStatus:error:True:reason:[]:size(0)>]>:poll:attempt:1
INFO:__main__:PROCESS:START:501.982:LinkStatus:0x03:status:size=64
INFO:__main__:link Stick transmit[None] reader[None] download_i[False] status[<LinkStatus:0x03:status:size=??LinkStatus:error:True:reason:[]:size(0)>] poll_size[0] poll_i[1] command[<LinkStatus:0x03:status:size=64:size(64)>] processing LinkStatus:0x03:status:size=64)
INFO:__main__:send_force_read: attempt 0/5 send command, read until we get something within some timeout
INFO:__main__:link Stick transmit[None] reader[None] download_i[False] status[<LinkStatus:0x03:status:size=??LinkStatus:error:True:reason:[]:size(0)>] poll_size[0] poll_i[1] command[<LinkStatus:0x03:status:size=64:size(64)>] sending LinkStatus:0x03:status:size=64)
INFO:root:usb.write.len: 3
0000   0x03 0x00 0x00                             ...
DEBUG:__main__:sleeping 0.001
INFO:root:usb.read.len: 64
INFO:root:usb.read.raw:
0000   0x01 0x55 0x00 0x00 0x02 0x00 0x00 0x00    .U......
0008   0x05 0x04 0x00 0x00 0x00 0x06 0x3f 0x00    ......?.
0010   0x00 0x01 0xef 0x01 0xe1 0x02 0x70 0x02    ......p.
0018   0x7f 0x01 0xe0 0x01 0xb8 0x00 0x00 0x00    ........
0020   0x00 0x01 0x00 0x87 0x2c 0x64 0x65 0x66    ....,def
0028   0x6c 0x61 0x74 0x65 0x2c 0x73 0x64 0x63    late,sdc
0030   0x68 0x0d 0x0a 0x41 0x63 0x63 0x65 0x70    h..Accep
0038   0x74 0x2d 0x4c 0x61 0x6e 0x67 0x75 0x61    t-Langua
INFO:__main__:quit send_force_read, found len: 64 expected 64 after 0 attempts
INFO:__main__:LinkStatus:0x03:status:size=??LinkStatus:error:True:reason:['OK']

INFO:__main__:finished processing LinkStatus:0x03:status:size=??LinkStatus:error:True:reason:[], 0
INFO:__main__:PROCESS:END:507.07:LinkStatus:0x03:status:size=??LinkStatus:error:True:reason:[]
DEBUG:__main__:poll zero, sleeping in POLL, .100
DEBUG:__main__:<Stick transmit[None] reader[None] download_i[False] status[<LinkStatus:0x03:status:size=??LinkStatus:error:True:reason:[]:size(0)>] poll_size[0] poll_i[2] command[<LinkStatus:0x03:status:size=??LinkStatus:error:True:reason:[]:size(0)>]>:poll:attempt:2
INFO:__main__:PROCESS:START:608.114:LinkStatus:0x03:status:size=64
INFO:__main__:link Stick transmit[None] reader[None] download_i[False] status[<LinkStatus:0x03:status:size=??LinkStatus:error:True:reason:[]:size(0)>] poll_size[0] poll_i[2] command[<LinkStatus:0x03:status:size=64:size(64)>] processing LinkStatus:0x03:status:size=64)
INFO:__main__:send_force_read: attempt 0/5 send command, read until we get something within some timeout
INFO:__main__:link Stick transmit[None] reader[None] download_i[False] status[<LinkStatus:0x03:status:size=??LinkStatus:error:True:reason:[]:size(0)>] poll_size[0] poll_i[2] command[<LinkStatus:0x03:status:size=64:size(64)>] sending LinkStatus:0x03:status:size=64)
INFO:root:usb.write.len: 3
0000   0x03 0x00 0x00                             ...
DEBUG:__main__:sleeping 0.001
INFO:root:usb.read.len: 64
INFO:root:usb.read.raw:
0000   0x01 0x55 0x00 0x00 0x02 0x00 0x00 0x00    .U......
0008   0x05 0x04 0x00 0x00 0x00 0x06 0x3f 0x00    ......?.
0010   0x00 0x01 0xef 0x01 0xe1 0x02 0x70 0x02    ......p.
0018   0x7f 0x01 0xe0 0x01 0xb8 0x00 0x00 0x00    ........
0020   0x00 0x01 0x00 0x87 0x2c 0x64 0x65 0x66    ....,def
0028   0x6c 0x61 0x74 0x65 0x2c 0x73 0x64 0x63    late,sdc
0030   0x68 0x0d 0x0a 0x41 0x63 0x63 0x65 0x70    h..Accep
0038   0x74 0x2d 0x4c 0x61 0x6e 0x67 0x75 0x61    t-Langua
INFO:__main__:quit send_force_read, found len: 64 expected 64 after 0 attempts
INFO:__main__:LinkStatus:0x03:status:size=??LinkStatus:error:True:reason:['OK']

INFO:__main__:finished processing LinkStatus:0x03:status:size=??LinkStatus:error:True:reason:[], 0
INFO:__main__:PROCESS:END:617.745:LinkStatus:0x03:status:size=??LinkStatus:error:True:reason:[]
DEBUG:__main__:poll zero, sleeping in POLL, .100
DEBUG:__main__:<Stick transmit[None] reader[None] download_i[False] status[<LinkStatus:0x03:status:size=??LinkStatus:error:True:reason:[]:size(0)>] poll_size[0] poll_i[3] command[<LinkStatus:0x03:status:size=??LinkStatus:error:True:reason:[]:size(0)>]>:poll:attempt:3
INFO:__main__:PROCESS:START:719.24:LinkStatus:0x03:status:size=64
INFO:__main__:link Stick transmit[None] reader[None] download_i[False] status[<LinkStatus:0x03:status:size=??LinkStatus:error:True:reason:[]:size(0)>] poll_size[0] poll_i[3] command[<LinkStatus:0x03:status:size=64:size(64)>] processing LinkStatus:0x03:status:size=64)
INFO:__main__:send_force_read: attempt 0/5 send command, read until we get something within some timeout
INFO:__main__:link Stick transmit[None] reader[None] download_i[False] status[<LinkStatus:0x03:status:size=??LinkStatus:error:True:reason:[]:size(0)>] poll_size[0] poll_i[3] command[<LinkStatus:0x03:status:size=64:size(64)>] sending LinkStatus:0x03:status:size=64)
INFO:root:usb.write.len: 3
0000   0x03 0x00 0x00                             ...
DEBUG:__main__:sleeping 0.001
INFO:root:usb.read.len: 64
INFO:root:usb.read.raw:
0000   0x01 0x55 0x00 0x00 0x02 0x00 0x00 0x00    .U......
0008   0x05 0x04 0x00 0x00 0x00 0x06 0x3f 0x00    ......?.
0010   0x00 0x01 0xef 0x01 0xe1 0x02 0x70 0x02    ......p.
0018   0x7f 0x01 0xe0 0x01 0xb8 0x00 0x00 0x00    ........
0020   0x00 0x01 0x00 0x87 0x2c 0x64 0x65 0x66    ....,def
0028   0x6c 0x61 0x74 0x65 0x2c 0x73 0x64 0x63    late,sdc
0030   0x68 0x0d 0x0a 0x41 0x63 0x63 0x65 0x70    h..Accep
0038   0x74 0x2d 0x4c 0x61 0x6e 0x67 0x75 0x61    t-Langua
INFO:__main__:quit send_force_read, found len: 64 expected 64 after 0 attempts
INFO:__main__:LinkStatus:0x03:status:size=??LinkStatus:error:True:reason:['OK']

INFO:__main__:finished processing LinkStatus:0x03:status:size=??LinkStatus:error:True:reason:[], 0
INFO:__main__:PROCESS:END:724.196:LinkStatus:0x03:status:size=??LinkStatus:error:True:reason:[]
DEBUG:__main__:poll zero, sleeping in POLL, .100
DEBUG:__main__:<Stick transmit[None] reader[None] download_i[False] status[<LinkStatus:0x03:status:size=??LinkStatus:error:True:reason:[]:size(0)>] poll_size[0] poll_i[4] command[<LinkStatus:0x03:status:size=??LinkStatus:error:True:reason:[]:size(0)>]>:poll:attempt:4
INFO:__main__:PROCESS:START:825.168:LinkStatus:0x03:status:size=64
INFO:__main__:link Stick transmit[None] reader[None] download_i[False] status[<LinkStatus:0x03:status:size=??LinkStatus:error:True:reason:[]:size(0)>] poll_size[0] poll_i[4] command[<LinkStatus:0x03:status:size=64:size(64)>] processing LinkStatus:0x03:status:size=64)
INFO:__main__:send_force_read: attempt 0/5 send command, read until we get something within some timeout
INFO:__main__:link Stick transmit[None] reader[None] download_i[False] status[<LinkStatus:0x03:status:size=??LinkStatus:error:True:reason:[]:size(0)>] poll_size[0] poll_i[4] command[<LinkStatus:0x03:status:size=64:size(64)>] sending LinkStatus:0x03:status:size=64)
INFO:root:usb.write.len: 3
0000   0x03 0x00 0x00                             ...
DEBUG:__main__:sleeping 0.001
INFO:root:usb.read.len: 64
INFO:root:usb.read.raw:
0000   0x01 0x55 0x00 0x00 0x02 0x00 0x00 0x00    .U......
0008   0x05 0x04 0x00 0x00 0x00 0x06 0x3f 0x00    ......?.
0010   0x00 0x01 0xef 0x01 0xe1 0x02 0x70 0x02    ......p.
0018   0x7f 0x01 0xe0 0x01 0xb8 0x00 0x00 0x00    ........
0020   0x00 0x01 0x00 0x87 0x2c 0x64 0x65 0x66    ....,def
0028   0x6c 0x61 0x74 0x65 0x2c 0x73 0x64 0x63    late,sdc
0030   0x68 0x0d 0x0a 0x41 0x63 0x63 0x65 0x70    h..Accep
0038   0x74 0x2d 0x4c 0x61 0x6e 0x67 0x75 0x61    t-Langua
INFO:__main__:quit send_force_read, found len: 64 expected 64 after 0 attempts
INFO:__main__:LinkStatus:0x03:status:size=??LinkStatus:error:True:reason:['OK']

INFO:__main__:finished processing LinkStatus:0x03:status:size=??LinkStatus:error:True:reason:[], 0
INFO:__main__:PROCESS:END:830.495:LinkStatus:0x03:status:size=??LinkStatus:error:True:reason:[]
DEBUG:__main__:poll zero, sleeping in POLL, .100
DEBUG:__main__:<Stick transmit[None] reader[None] download_i[False] status[<LinkStatus:0x03:status:size=??LinkStatus:error:True:reason:[]:size(0)>] poll_size[0] poll_i[5] command[<LinkStatus:0x03:status:size=??LinkStatus:error:True:reason:[]:size(0)>]>:poll:attempt:5
INFO:__main__:PROCESS:START:931.86:LinkStatus:0x03:status:size=64
INFO:__main__:link Stick transmit[None] reader[None] download_i[False] status[<LinkStatus:0x03:status:size=??LinkStatus:error:True:reason:[]:size(0)>] poll_size[0] poll_i[5] command[<LinkStatus:0x03:status:size=64:size(64)>] processing LinkStatus:0x03:status:size=64)
INFO:__main__:send_force_read: attempt 0/5 send command, read until we get something within some timeout
INFO:__main__:link Stick transmit[None] reader[None] download_i[False] status[<LinkStatus:0x03:status:size=??LinkStatus:error:True:reason:[]:size(0)>] poll_size[0] poll_i[5] command[<LinkStatus:0x03:status:size=64:size(64)>] sending LinkStatus:0x03:status:size=64)
INFO:root:usb.write.len: 3
0000   0x03 0x00 0x00                             ...
DEBUG:__main__:sleeping 0.001
INFO:root:usb.read.len: 64
INFO:root:usb.read.raw:
0000   0x01 0x55 0x00 0x00 0x02 0x00 0x00 0x00    .U......
0008   0x05 0x04 0x00 0x00 0x00 0x06 0x3f 0x00    ......?.
0010   0x00 0x01 0xef 0x01 0xe1 0x02 0x70 0x02    ......p.
0018   0x7f 0x01 0xe0 0x01 0xb8 0x00 0x00 0x00    ........
0020   0x00 0x01 0x00 0x87 0x2c 0x64 0x65 0x66    ....,def
0028   0x6c 0x61 0x74 0x65 0x2c 0x73 0x64 0x63    late,sdc
0030   0x68 0x0d 0x0a 0x41 0x63 0x63 0x65 0x70    h..Accep
0038   0x74 0x2d 0x4c 0x61 0x6e 0x67 0x75 0x61    t-Langua
INFO:__main__:quit send_force_read, found len: 64 expected 64 after 0 attempts
INFO:__main__:LinkStatus:0x03:status:size=??LinkStatus:error:True:reason:['OK']

INFO:__main__:finished processing LinkStatus:0x03:status:size=??LinkStatus:error:True:reason:[], 0
INFO:__main__:PROCESS:END:941.821:LinkStatus:0x03:status:size=??LinkStatus:error:True:reason:[]
DEBUG:__main__:poll zero, sleeping in POLL, .100
DEBUG:__main__:<Stick transmit[None] reader[None] download_i[False] status[<LinkStatus:0x03:status:size=??LinkStatus:error:True:reason:[]:size(0)>] poll_size[0] poll_i[6] command[<LinkStatus:0x03:status:size=??LinkStatus:error:True:reason:[]:size(0)>]>:poll:attempt:6
INFO:__main__:PROCESS:START:1045.45:LinkStatus:0x03:status:size=64
INFO:__main__:link Stick transmit[None] reader[None] download_i[False] status[<LinkStatus:0x03:status:size=??LinkStatus:error:True:reason:[]:size(0)>] poll_size[0] poll_i[6] command[<LinkStatus:0x03:status:size=64:size(64)>] processing LinkStatus:0x03:status:size=64)
INFO:__main__:send_force_read: attempt 0/5 send command, read until we get something within some timeout
INFO:__main__:link Stick transmit[None] reader[None] download_i[False] status[<LinkStatus:0x03:status:size=??LinkStatus:error:True:reason:[]:size(0)>] poll_size[0] poll_i[6] command[<LinkStatus:0x03:status:size=64:size(64)>] sending LinkStatus:0x03:status:size=64)
INFO:root:usb.write.len: 3
0000   0x03 0x00 0x00                             ...
DEBUG:__main__:sleeping 0.001
INFO:root:usb.read.len: 64
INFO:root:usb.read.raw:
0000   0x01 0x55 0x00 0x00 0x02 0x00 0x00 0x00    .U......
0008   0x05 0x04 0x00 0x00 0x00 0x06 0x3f 0x00    ......?.
0010   0x00 0x01 0xef 0x01 0xe1 0x02 0x70 0x02    ......p.
0018   0x7f 0x01 0xe0 0x01 0xb8 0x00 0x00 0x00    ........
0020   0x00 0x01 0x00 0x87 0x2c 0x64 0x65 0x66    ....,def
0028   0x6c 0x61 0x74 0x65 0x2c 0x73 0x64 0x63    late,sdc
0030   0x68 0x0d 0x0a 0x41 0x63 0x63 0x65 0x70    h..Accep
0038   0x74 0x2d 0x4c 0x61 0x6e 0x67 0x75 0x61    t-Langua
INFO:__main__:quit send_force_read, found len: 64 expected 64 after 0 attempts
INFO:__main__:LinkStatus:0x03:status:size=??LinkStatus:error:True:reason:['OK']

INFO:__main__:finished processing LinkStatus:0x03:status:size=??LinkStatus:error:True:reason:[], 0
INFO:__main__:PROCESS:END:1052.158:LinkStatus:0x03:status:size=??LinkStatus:error:True:reason:[]
DEBUG:__main__:poll zero, sleeping in POLL, .100
DEBUG:__main__:<Stick transmit[None] reader[None] download_i[False] status[<LinkStatus:0x03:status:size=??LinkStatus:error:True:reason:[]:size(0)>] poll_size[0] poll_i[7] command[<LinkStatus:0x03:status:size=??LinkStatus:error:True:reason:[]:size(0)>]>:poll:attempt:7
INFO:__main__:PROCESS:START:1153.988:LinkStatus:0x03:status:size=64
INFO:__main__:link Stick transmit[None] reader[None] download_i[False] status[<LinkStatus:0x03:status:size=??LinkStatus:error:True:reason:[]:size(0)>] poll_size[0] poll_i[7] command[<LinkStatus:0x03:status:size=64:size(64)>] processing LinkStatus:0x03:status:size=64)
INFO:__main__:send_force_read: attempt 0/5 send command, read until we get something within some timeout
INFO:__main__:link Stick transmit[None] reader[None] download_i[False] status[<LinkStatus:0x03:status:size=??LinkStatus:error:True:reason:[]:size(0)>] poll_size[0] poll_i[7] command[<LinkStatus:0x03:status:size=64:size(64)>] sending LinkStatus:0x03:status:size=64)
INFO:root:usb.write.len: 3
0000   0x03 0x00 0x00                             ...
DEBUG:__main__:sleeping 0.001
INFO:root:usb.read.len: 64
INFO:root:usb.read.raw:
0000   0x01 0x55 0x00 0x00 0x02 0x00 0x00 0x00    .U......
0008   0x05 0x04 0x00 0x00 0x00 0x06 0x3f 0x00    ......?.
0010   0x00 0x01 0xef 0x01 0xe1 0x02 0x70 0x02    ......p.
0018   0x7f 0x01 0xe0 0x01 0xb8 0x00 0x00 0x00    ........
0020   0x00 0x01 0x00 0x87 0x2c 0x64 0x65 0x66    ....,def
0028   0x6c 0x61 0x74 0x65 0x2c 0x73 0x64 0x63    late,sdc
0030   0x68 0x0d 0x0a 0x41 0x63 0x63 0x65 0x70    h..Accep
0038   0x74 0x2d 0x4c 0x61 0x6e 0x67 0x75 0x61    t-Langua
INFO:__main__:quit send_force_read, found len: 64 expected 64 after 0 attempts
INFO:__main__:LinkStatus:0x03:status:size=??LinkStatus:error:True:reason:['OK']

INFO:__main__:finished processing LinkStatus:0x03:status:size=??LinkStatus:error:True:reason:[], 0
INFO:__main__:PROCESS:END:1162.354:LinkStatus:0x03:status:size=??LinkStatus:error:True:reason:[]
DEBUG:__main__:poll zero, sleeping in POLL, .100
DEBUG:__main__:<Stick transmit[None] reader[None] download_i[False] status[<LinkStatus:0x03:status:size=??LinkStatus:error:True:reason:[]:size(0)>] poll_size[0] poll_i[8] command[<LinkStatus:0x03:status:size=??LinkStatus:error:True:reason:[]:size(0)>]>:poll:attempt:8
INFO:__main__:PROCESS:START:1266.168:LinkStatus:0x03:status:size=64
INFO:__main__:link Stick transmit[None] reader[None] download_i[False] status[<LinkStatus:0x03:status:size=??LinkStatus:error:True:reason:[]:size(0)>] poll_size[0] poll_i[8] command[<LinkStatus:0x03:status:size=64:size(64)>] processing LinkStatus:0x03:status:size=64)
INFO:__main__:send_force_read: attempt 0/5 send command, read until we get something within some timeout
INFO:__main__:link Stick transmit[None] reader[None] download_i[False] status[<LinkStatus:0x03:status:size=??LinkStatus:error:True:reason:[]:size(0)>] poll_size[0] poll_i[8] command[<LinkStatus:0x03:status:size=64:size(64)>] sending LinkStatus:0x03:status:size=64)
INFO:root:usb.write.len: 3
0000   0x03 0x00 0x00                             ...
DEBUG:__main__:sleeping 0.001
INFO:root:usb.read.len: 64
INFO:root:usb.read.raw:
0000   0x01 0x55 0x00 0x00 0x02 0x00 0x00 0x00    .U......
0008   0x05 0x04 0x00 0x00 0x00 0x06 0x3f 0x00    ......?.
0010   0x00 0x01 0xef 0x01 0xe1 0x02 0x70 0x02    ......p.
0018   0x7f 0x01 0xe0 0x01 0xb8 0x00 0x00 0x00    ........
0020   0x00 0x01 0x00 0x87 0x2c 0x64 0x65 0x66    ....,def
0028   0x6c 0x61 0x74 0x65 0x2c 0x73 0x64 0x63    late,sdc
0030   0x68 0x0d 0x0a 0x41 0x63 0x63 0x65 0x70    h..Accep
0038   0x74 0x2d 0x4c 0x61 0x6e 0x67 0x75 0x61    t-Langua
INFO:__main__:quit send_force_read, found len: 64 expected 64 after 0 attempts
INFO:__main__:LinkStatus:0x03:status:size=??LinkStatus:error:True:reason:['OK']

INFO:__main__:finished processing LinkStatus:0x03:status:size=??LinkStatus:error:True:reason:[], 0
INFO:__main__:PROCESS:END:1273.598:LinkStatus:0x03:status:size=??LinkStatus:error:True:reason:[]
DEBUG:__main__:poll zero, sleeping in POLL, .100
DEBUG:__main__:<Stick transmit[None] reader[None] download_i[False] status[<LinkStatus:0x03:status:size=??LinkStatus:error:True:reason:[]:size(0)>] poll_size[0] poll_i[9] command[<LinkStatus:0x03:status:size=??LinkStatus:error:True:reason:[]:size(0)>]>:poll:attempt:9
INFO:__main__:PROCESS:START:1375.124:LinkStatus:0x03:status:size=64
INFO:__main__:link Stick transmit[None] reader[None] download_i[False] status[<LinkStatus:0x03:status:size=??LinkStatus:error:True:reason:[]:size(0)>] poll_size[0] poll_i[9] command[<LinkStatus:0x03:status:size=64:size(64)>] processing LinkStatus:0x03:status:size=64)
INFO:__main__:send_force_read: attempt 0/5 send command, read until we get something within some timeout
INFO:__main__:link Stick transmit[None] reader[None] download_i[False] status[<LinkStatus:0x03:status:size=??LinkStatus:error:True:reason:[]:size(0)>] poll_size[0] poll_i[9] command[<LinkStatus:0x03:status:size=64:size(64)>] sending LinkStatus:0x03:status:size=64)
INFO:root:usb.write.len: 3
0000   0x03 0x00 0x00                             ...
DEBUG:__main__:sleeping 0.001
INFO:root:usb.read.len: 64
INFO:root:usb.read.raw:
0000   0x01 0x55 0x00 0x00 0x02 0x00 0x00 0x00    .U......
0008   0x05 0x04 0x00 0x00 0x00 0x06 0x3f 0x00    ......?.
0010   0x00 0x01 0xef 0x01 0xe1 0x02 0x70 0x02    ......p.
0018   0x7f 0x01 0xe0 0x01 0xb8 0x00 0x00 0x00    ........
0020   0x00 0x01 0x00 0x87 0x2c 0x64 0x65 0x66    ....,def
0028   0x6c 0x61 0x74 0x65 0x2c 0x73 0x64 0x63    late,sdc
0030   0x68 0x0d 0x0a 0x41 0x63 0x63 0x65 0x70    h..Accep
0038   0x74 0x2d 0x4c 0x61 0x6e 0x67 0x75 0x61    t-Langua
INFO:__main__:quit send_force_read, found len: 64 expected 64 after 0 attempts
INFO:__main__:LinkStatus:0x03:status:size=??LinkStatus:error:True:reason:['OK']

INFO:__main__:finished processing LinkStatus:0x03:status:size=??LinkStatus:error:True:reason:[], 0
INFO:__main__:PROCESS:END:1384.277:LinkStatus:0x03:status:size=??LinkStatus:error:True:reason:[]
DEBUG:__main__:poll zero, sleeping in POLL, .100
INFO:__main__:Stick transmit[None] reader[None] download_i[False] status[<LinkStatus:0x03:status:size=??LinkStatus:error:True:reason:[]:size(0)>] poll_size[0] poll_i[9] command[<LinkStatus:0x03:status:size=??LinkStatus:error:True:reason:[]:size(0)>]:STOP POLL after 10 attempts:size:0
INFO:__main__:XXX:clear_buffer[attempt][0]:segments[0],total_segments[0]:raw[0]:END first poll 0:SHOULD DOWNLOAD :False
INFO:__main__:PROCESS:START:1488.328:UsbStats:0x05 0x01
INFO:__main__:link Stick transmit[None] reader[None] download_i[False] status[<LinkStatus:0x03:status:size=??LinkStatus:error:True:reason:[]:size(0)>] poll_size[0] poll_i[False] command[<UsbStats:0x05 0x01:size(64)>] processing UsbStats:0x05 0x01)
INFO:__main__:send_force_read: attempt 0/5 send command, read until we get something within some timeout
INFO:__main__:link Stick transmit[None] reader[None] download_i[False] status[<LinkStatus:0x03:status:size=??LinkStatus:error:True:reason:[]:size(0)>] poll_size[0] poll_i[False] command[<UsbStats:0x05 0x01:size(64)>] sending UsbStats:0x05 0x01)
INFO:root:usb.write.len: 3
0000   0x05 0x01 0x00                             ...
DEBUG:__main__:sleeping 0.001
INFO:root:usb.read.len: 64
INFO:root:usb.read.raw:
0000   0x01 0x55 0x00 0x00 0x00 0x00 0x00 0x00    .U......
0008   0x00 0x09 0x00 0x00 0x00 0x09 0x00 0x09    ........
0010   0x01 0x09 0xc4 0x09 0x00 0x04 0x00 0x00    ........
0018   0x05 0x01 0xe0 0x01 0xb8 0x00 0x00 0x00    ........
0020   0x00 0x01 0x00 0x87 0x2c 0x64 0x65 0x66    ....,def
0028   0x6c 0x61 0x74 0x65 0x2c 0x73 0x64 0x63    late,sdc
0030   0x68 0x0d 0x0a 0x41 0x63 0x63 0x65 0x70    h..Accep
0038   0x74 0x2d 0x4c 0x61 0x6e 0x67 0x75 0x61    t-Langua
INFO:__main__:quit send_force_read, found len: 64 expected 64 after 0 attempts
INFO:__main__:finished processing UsbStats:0x05 0x01, {'errors.timeouts': 0, 'packets.transmit': 2304L, 'errors.naks': 0, 'errors.sequence': 0, 'packets.received': 2304L, 'errors.crc': 0}
INFO:__main__:PROCESS:END:1496.111:UsbStats:0x05 0x01
INFO:__main__:PROCESS:START:1496.392:RadioStats:0x05 0x00
INFO:__main__:link Stick transmit[None] reader[None] download_i[False] status[<LinkStatus:0x03:status:size=??LinkStatus:error:True:reason:[]:size(0)>] poll_size[0] poll_i[False] command[<RadioStats:0x05 0x00:size(64)>] processing RadioStats:0x05 0x00)
INFO:__main__:send_force_read: attempt 0/5 send command, read until we get something within some timeout
INFO:__main__:link Stick transmit[None] reader[None] download_i[False] status[<LinkStatus:0x03:status:size=??LinkStatus:error:True:reason:[]:size(0)>] poll_size[0] poll_i[False] command[<RadioStats:0x05 0x00:size(64)>] sending RadioStats:0x05 0x00)
INFO:root:usb.write.len: 3
0000   0x05 0x00 0x00                             ...
DEBUG:__main__:sleeping 0.001
INFO:root:usb.read.len: 64
INFO:root:usb.read.raw:
0000   0x01 0x55 0x00 0x00 0x00 0x00 0x00 0x00    .U......
0008   0x00 0x06 0x18 0x00 0x00 0x06 0x3f 0x00    ......?.
0010   0x00 0x01 0xef 0x01 0xe1 0x02 0x70 0x02    ......p.
0018   0x7f 0x01 0xe0 0x01 0xb8 0x00 0x00 0x00    ........
0020   0x00 0x01 0x00 0x87 0x2c 0x64 0x65 0x66    ....,def
0028   0x6c 0x61 0x74 0x65 0x2c 0x73 0x64 0x63    late,sdc
0030   0x68 0x0d 0x0a 0x41 0x63 0x63 0x65 0x70    h..Accep
0038   0x74 0x2d 0x4c 0x61 0x6e 0x67 0x75 0x61    t-Langua
INFO:__main__:quit send_force_read, found len: 64 expected 64 after 0 attempts
INFO:__main__:finished processing RadioStats:0x05 0x00, {'errors.timeouts': 0, 'packets.transmit': 1599L, 'errors.naks': 0, 'errors.sequence': 0, 'packets.received': 1560L, 'errors.crc': 0}
INFO:__main__:PROCESS:END:1504.683:RadioStats:0x05 0x00
INFO:__main__:XXX:clear_buffer[attempt][0]:END:no data:INTERFACE STATS
{'radio': {'errors.crc': 0,
           'errors.naks': 0,
           'errors.sequence': 0,
           'errors.timeouts': 0,
           'packets.received': 1560L,
           'packets.transmit': 1599L},
 'usb': {'errors.crc': 0,
         'errors.naks': 0,
         'errors.sequence': 0,
         'errors.timeouts': 0,
         'packets.received': 2304L,
         'packets.transmit': 2304L}}
INFO:__main__:NO PENDING BUFFER
INFO:__main__:DONE CLEARING BUFFERS
INFO:__main__:PROCESS:START:1508.624:UsbStats:0x05 0x01
INFO:__main__:link Stick transmit[None] reader[None] download_i[False] status[<LinkStatus:0x03:status:size=??LinkStatus:error:True:reason:[]:size(0)>] poll_size[0] poll_i[False] command[<UsbStats:0x05 0x01:size(64)>] processing UsbStats:0x05 0x01)
INFO:__main__:send_force_read: attempt 0/5 send command, read until we get something within some timeout
INFO:__main__:link Stick transmit[None] reader[None] download_i[False] status[<LinkStatus:0x03:status:size=??LinkStatus:error:True:reason:[]:size(0)>] poll_size[0] poll_i[False] command[<UsbStats:0x05 0x01:size(64)>] sending UsbStats:0x05 0x01)
INFO:root:usb.write.len: 3
0000   0x05 0x01 0x00                             ...
DEBUG:__main__:sleeping 0.001
INFO:root:usb.read.len: 64
INFO:root:usb.read.raw:
0000   0x01 0x55 0x00 0x00 0x00 0x00 0x00 0x00    .U......
0008   0x00 0x09 0x02 0x00 0x00 0x09 0x02 0x09    ........
0010   0x03 0x09 0xc6 0x09 0x02 0x04 0x00 0x00    ........
0018   0x05 0x01 0xe0 0x01 0xb8 0x00 0x00 0x00    ........
0020   0x00 0x01 0x00 0x87 0x2c 0x64 0x65 0x66    ....,def
0028   0x6c 0x61 0x74 0x65 0x2c 0x73 0x64 0x63    late,sdc
0030   0x68 0x0d 0x0a 0x41 0x63 0x63 0x65 0x70    h..Accep
0038   0x74 0x2d 0x4c 0x61 0x6e 0x67 0x75 0x61    t-Langua
INFO:__main__:quit send_force_read, found len: 64 expected 64 after 0 attempts
INFO:__main__:finished processing UsbStats:0x05 0x01, {'errors.timeouts': 0, 'packets.transmit': 2306L, 'errors.naks': 0, 'errors.sequence': 0, 'packets.received': 2306L, 'errors.crc': 0}
INFO:__main__:PROCESS:END:1516.449:UsbStats:0x05 0x01
INFO:__main__:PROCESS:START:1516.796:RadioStats:0x05 0x00
INFO:__main__:link Stick transmit[None] reader[None] download_i[False] status[<LinkStatus:0x03:status:size=??LinkStatus:error:True:reason:[]:size(0)>] poll_size[0] poll_i[False] command[<RadioStats:0x05 0x00:size(64)>] processing RadioStats:0x05 0x00)
INFO:__main__:send_force_read: attempt 0/5 send command, read until we get something within some timeout
INFO:__main__:link Stick transmit[None] reader[None] download_i[False] status[<LinkStatus:0x03:status:size=??LinkStatus:error:True:reason:[]:size(0)>] poll_size[0] poll_i[False] command[<RadioStats:0x05 0x00:size(64)>] sending RadioStats:0x05 0x00)
INFO:root:usb.write.len: 3
0000   0x05 0x00 0x00                             ...
DEBUG:__main__:sleeping 0.001
INFO:root:usb.read.len: 64
INFO:root:usb.read.raw:
0000   0x01 0x55 0x00 0x00 0x00 0x00 0x00 0x00    .U......
0008   0x00 0x06 0x18 0x00 0x00 0x06 0x3f 0x00    ......?.
0010   0x00 0x01 0xef 0x01 0xe1 0x02 0x70 0x02    ......p.
0018   0x7f 0x01 0xe0 0x01 0xb8 0x00 0x00 0x00    ........
0020   0x00 0x01 0x00 0x87 0x2c 0x64 0x65 0x66    ....,def
0028   0x6c 0x61 0x74 0x65 0x2c 0x73 0x64 0x63    late,sdc
0030   0x68 0x0d 0x0a 0x41 0x63 0x63 0x65 0x70    h..Accep
0038   0x74 0x2d 0x4c 0x61 0x6e 0x67 0x75 0x61    t-Langua
INFO:__main__:quit send_force_read, found len: 64 expected 64 after 0 attempts
INFO:__main__:finished processing RadioStats:0x05 0x00, {'errors.timeouts': 0, 'packets.transmit': 1599L, 'errors.naks': 0, 'errors.sequence': 0, 'packets.received': 1560L, 'errors.crc': 0}
INFO:__main__:PROCESS:END:1524.116:RadioStats:0x05 0x00
INFO:__main__:INTERFACE STATS:
{'radio': {'errors.crc': 0,
           'errors.naks': 0,
           'errors.sequence': 0,
           'errors.timeouts': 0,
           'packets.received': 1560L,
           'packets.transmit': 1599L},
 'usb': {'errors.crc': 0,
         'errors.naks': 0,
         'errors.sequence': 0,
         'errors.timeouts': 0,
         'packets.received': 2306L,
         'packets.transmit': 2306L}}
INFO:__main__:howdy! all done looking at the stick
python decocare/stick.py /dev/ttyUSB0
	elapsed 0:01.64
	user 0.17
	system 0.02
	CPU 12% (0text+0data 42656max)k
