WARNING: No route found for IPv6 destination :: (no default route?)
#### RECORD 0 Record 2012-04-05T00:47:44 head[45], body[3] 0x6c
    op hex (45)
    0000   0x6c 0x2e 0x00 0x05 0x0c 0x00 0xe8 0x00    l.......
    0008   0x00 0x00 0x00 0x00 0x00 0x00 0x00 0x00    ........
    0010   0x00 0x00 0x00 0x00 0x00 0x00 0x00 0x00    ........
    0018   0x00 0x00 0x00 0x00 0x00 0x00 0x00 0x00    ........
    0020   0x00 0x00 0x00 0x00 0x00 0x00 0x07 0x00    ........
    0028   0x00 0x00 0x00 0x2f 0x00                   .../.
    decimal
            108   46    0    5   12    0  232    0
              0    0    0    0    0    0    0    0
              0    0    0    0    0    0    0    0
              0    0    0    0    0    0    0    0
              0    0    0    0    0    0    7    0
              0    0    0   47    0
    datetime (2012-04-05T00:47:44)
    0000   0x6c 0x2f 0x00 0x05 0x0c                   l/...
    body (3)
    hex
    0000   0x00 0xe8 0x00                             ...
    decimal
              0  232    0

found 23 nulls
logs/ReadHistoryData-page-4.data: 1 records
