WARNING: No route found for IPv6 destination :: (no default route?)
XXX: 0x01
#### RECORD 0 BolusWizard 2006-07-01T08:23:47 head[2], body[22] 0x5b
    op hex (2)
    0000   0x5b 0x64                                  [d
    decimal
             91  100
    datetime (2006-07-01T08:23:47)
    0000   0x6f 0xd7 0x08 0x01 0x06                   o....
    body (22)
    hex
    0000   0x03 0x50 0x0a 0x32 0x64 0x00 0x03 0x00    .P.2d...
    0008   0x00 0x00 0x00 0x03 0x64 0x01 0x03 0x03    ....d...
    0010   0x00 0x6f 0xd7 0x28 0x01 0x06              .o.(..
    decimal
              3   80   10   50  100    0    3    0
              0    0    0    3  100    1    3    3
              0  111  215   40    1    6

XXX: 0x5c
should eat up to null
#### RECORD 1 BolusWizard 2006-07-01T08:24:43 head[2], body[22] 0x5b
    op hex (2)
    0000   0x5b 0x67                                  [g
    decimal
             91  103
    datetime (2006-07-01T08:24:43)
    0000   0x6b 0xd8 0x08 0x01 0x06                   k....
    body (22)
    hex
    0000   0x07 0x50 0x0a 0x32 0x64 0x00 0x07 0x00    .P.2d...
    0008   0x00 0x03 0x00 0x07 0x64 0x5c 0x05 0x0c    ....d\..
    0010   0x01 0x44 0x01 0x07 0x07 0x00              .D....
    decimal
              7   80   10   50  100    0    7    0
              0    3    0    7  100   92    5   12
              1   68    1    7    7    0

XXX: 0x5c
should eat up to null
#### RECORD 2 BolusWizard 2006-07-01T08:26:55 head[2], body[22] 0x5b
    op hex (2)
    0000   0x5b 0x57                                  [W
    decimal
             91   87
    datetime (2006-07-01T08:26:55)
    0000   0x77 0xda 0x08 0x01 0x06                   w....
    body (22)
    hex
    0000   0x01 0x52 0x0a 0x32 0x64 0x63 0x01 0x00    .R.2dc..
    0008   0x00 0x0a 0x00 0x5a 0x64 0x5c 0x05 0x28    ...Zd\.(
    0010   0x03 0x44 0x01 0x5a 0x5a 0x00              .D.ZZ.
    decimal
              1   82   10   50  100   99    1    0
              0   10    0   90  100   92    5   40
              3   68    1   90   90    0

#### RECORD 3 PumpSuspend 2006-07-01T08:36:21 head[2], body[0] 0x1e
    op hex (2)
    0000   0x1e 0x00                                  ..
    decimal
             30    0
    datetime (2006-07-01T08:36:21)
    0000   0x55 0xe4 0x08 0x41 0x06                   U..A.
    body (0)

#### RECORD 4 PumpResume 2006-07-01T08:36:43 head[2], body[0] 0x1f
    op hex (2)
    0000   0x1f 0x00                                  ..
    decimal
             31    0
    datetime (2006-07-01T08:36:43)
    0000   0x6b 0xe4 0x08 0x41 0x06                   k..A.
    body (0)

#### RECORD 5 ResultTotals MIDNIGHT!? head[2], body[38] 0x07
    op hex (2)
    0000   0x07 0x00                                  ..
    decimal
              7    0
    datetime (MIDNIGHT!?)
    0000   0x00 0x04 0x52 0x61 0x86                   ..Ra.
    body (38)
    hex
    0000   0x6c 0x61 0x86 0x05 0x21 0x0b 0x64 0x57    la..!.dW
    0008   0x03 0x00 0x00 0x04 0x52 0x02 0xc2 0x40    ....R..@
    0010   0x01 0x90 0x24 0x00 0x0b 0x01 0x90 0x24    ..$....$
    0018   0x00 0x2c 0x0b 0x01 0x64 0x59 0x00 0x00    .,..dY..
    0020   0x00 0x03 0x02 0x00 0x01 0x00              ......
    decimal
            108   97  134    5   33   11  100   87
              3    0    0    4   82    2  194   64
              1  144   36    0   11    1  144   36
              0   44   11    1  100   89    0    0
              0    3    2    0    1    0

#### RECORD 6 PumpSuspend 2006-07-02T18:29:32 head[2], body[0] 0x1e
    op hex (2)
    0000   0x1e 0x00                                  ..
    decimal
             30    0
    datetime (2006-07-02T18:29:32)
    0000   0x60 0xdd 0x12 0x42 0x06                   `..B.
    body (0)

#### RECORD 7 PumpResume 2006-07-02T18:30:24 head[2], body[0] 0x1f
    op hex (2)
    0000   0x1f 0x00                                  ..
    decimal
             31    0
    datetime (2006-07-02T18:30:24)
    0000   0x58 0xde 0x12 0x42 0x06                   X..B.
    body (0)

#### RECORD 8 PumpSuspend 2006-07-02T18:37:23 head[2], body[0] 0x1e
    op hex (2)
    0000   0x1e 0x00                                  ..
    decimal
             30    0
    datetime (2006-07-02T18:37:23)
    0000   0x57 0xe5 0x12 0x42 0x06                   W..B.
    body (0)

#### RECORD 9 PumpResume 2006-07-02T18:37:41 head[2], body[0] 0x1f
    op hex (2)
    0000   0x1f 0x00                                  ..
    decimal
             31    0
    datetime (2006-07-02T18:37:41)
    0000   0x69 0xe5 0x12 0x42 0x06                   i..B.
    body (0)

#### RECORD 10 PumpSuspend 2006-07-02T18:57:35 head[2], body[0] 0x1e
    op hex (2)
    0000   0x1e 0x00                                  ..
    decimal
             30    0
    datetime (2006-07-02T18:57:35)
    0000   0x63 0xf9 0x12 0x42 0x06                   c..B.
    body (0)

#### RECORD 11 PumpResume 2006-07-02T18:58:58 head[2], body[0] 0x1f
    op hex (2)
    0000   0x1f 0x00                                  ..
    decimal
             31    0
    datetime (2006-07-02T18:58:58)
    0000   0x7a 0xfa 0x12 0x42 0x06                   z..B.
    body (0)

#### RECORD 12 ResultTotals MIDNIGHT!? head[2], body[38] 0x07
    op hex (2)
    0000   0x07 0x00                                  ..
    decimal
              7    0
    datetime (MIDNIGHT!?)
    0000   0x00 0x03 0x32 0x62 0x86                   ..2b.
    body (38)
    hex
    0000   0x6c 0x62 0x86 0x05 0x0c 0x00 0xe8 0x00    lb......
    0008   0x00 0x00 0x00 0x03 0x32 0x03 0x32 0x64    ....2.2d
    0010   0x00 0x00 0x00 0x00 0x00 0x00 0x00 0x00    ........
    0018   0x00 0x00 0x00 0x00 0x00 0x00 0x00 0x00    ........
    0020   0x00 0x00 0x00 0x00 0x00 0x00              ......
    decimal
            108   98  134    5   12    0  232    0
              0    0    0    3   50    3   50  100
              0    0    0    0    0    0    0    0
              0    0    0    0    0    0    0    0
              0    0    0    0    0    0

#### RECORD 13 PumpSuspend 2006-07-03T10:00:14 head[2], body[0] 0x1e
    op hex (2)
    0000   0x1e 0x00                                  ..
    decimal
             30    0
    datetime (2006-07-03T10:00:14)
    0000   0x4e 0xc0 0x0a 0x43 0x06                   N..C.
    body (0)

#### RECORD 14 PumpResume 2006-07-03T10:00:32 head[2], body[0] 0x1f
    op hex (2)
    0000   0x1f 0x00                                  ..
    decimal
             31    0
    datetime (2006-07-03T10:00:32)
    0000   0x60 0xc0 0x0a 0x43 0x06                   `..C.
    body (0)

#### RECORD 15 ResultTotals MIDNIGHT!? head[2], body[38] 0x07
    op hex (2)
    0000   0x07 0x00                                  ..
    decimal
              7    0
    datetime (MIDNIGHT!?)
    0000   0x00 0x03 0x36 0x63 0x86                   ..6c.
    body (38)
    hex
    0000   0x6c 0x63 0x86 0x05 0x0c 0x00 0xe8 0x00    lc......
    0008   0x00 0x00 0x00 0x03 0x36 0x03 0x36 0x64    ....6.6d
    0010   0x00 0x00 0x00 0x00 0x00 0x00 0x00 0x00    ........
    0018   0x00 0x00 0x00 0x00 0x00 0x00 0x00 0x00    ........
    0020   0x00 0x00 0x00 0x00 0x00 0x00              ......
    decimal
            108   99  134    5   12    0  232    0
              0    0    0    3   54    3   54  100
              0    0    0    0    0    0    0    0
              0    0    0    0    0    0    0    0
              0    0    0    0    0    0

#### RECORD 16 ResultTotals MIDNIGHT!? head[2], body[38] 0x07
    op hex (2)
    0000   0x07 0x00                                  ..
    decimal
              7    0
    datetime (MIDNIGHT!?)
    0000   0x00 0x03 0x36 0x64 0x86                   ..6d.
    body (38)
    hex
    0000   0x6c 0x64 0x86 0x05 0x0c 0x00 0xe8 0x00    ld......
    0008   0x00 0x00 0x00 0x03 0x36 0x03 0x36 0x64    ....6.6d
    0010   0x00 0x00 0x00 0x00 0x00 0x00 0x00 0x00    ........
    0018   0x00 0x00 0x00 0x00 0x00 0x00 0x00 0x00    ........
    0020   0x00 0x00 0x00 0x00 0x00 0x00              ......
    decimal
            108  100  134    5   12    0  232    0
              0    0    0    3   54    3   54  100
              0    0    0    0    0    0    0    0
              0    0    0    0    0    0    0    0
              0    0    0    0    0    0

#### RECORD 17 ResultTotals MIDNIGHT!? head[2], body[38] 0x07
    op hex (2)
    0000   0x07 0x00                                  ..
    decimal
              7    0
    datetime (MIDNIGHT!?)
    0000   0x00 0x03 0x36 0x65 0x86                   ..6e.
    body (38)
    hex
    0000   0x6c 0x65 0x86 0x05 0x0c 0x00 0xe8 0x00    le......
    0008   0x00 0x00 0x00 0x03 0x36 0x03 0x36 0x64    ....6.6d
    0010   0x00 0x00 0x00 0x00 0x00 0x00 0x00 0x00    ........
    0018   0x00 0x00 0x00 0x00 0x00 0x00 0x00 0x00    ........
    0020   0x00 0x00 0x00 0x00 0x00 0x00              ......
    decimal
            108  101  134    5   12    0  232    0
              0    0    0    3   54    3   54  100
              0    0    0    0    0    0    0    0
              0    0    0    0    0    0    0    0
              0    0    0    0    0    0

#### RECORD 18 Record 2006-07-06T15:12:00 head[2], body[0] 0x34
    op hex (2)
    0000   0x34 0xc8                                  4.
    decimal
             52  200
    datetime (2006-07-06T15:12:00)
    0000   0x40 0xcc 0x0f 0x06 0x06                   @....
    body (0)

#### RECORD 19 ResultTotals MIDNIGHT!? head[2], body[38] 0x07
    op hex (2)
    0000   0x07 0x00                                  ..
    decimal
              7    0
    datetime (MIDNIGHT!?)
    0000   0x00 0x03 0x36 0x66 0x86                   ..6f.
    body (38)
    hex
    0000   0x6c 0x66 0x86 0x05 0x0c 0x00 0xe8 0x00    lf......
    0008   0x00 0x00 0x00 0x03 0x36 0x03 0x36 0x64    ....6.6d
    0010   0x00 0x00 0x00 0x00 0x00 0x00 0x00 0x00    ........
    0018   0x00 0x00 0x00 0x00 0x00 0x00 0x00 0x00    ........
    0020   0x00 0x00 0x00 0x00 0x00 0x00              ......
    decimal
            108  102  134    5   12    0  232    0
              0    0    0    3   54    3   54  100
              0    0    0    0    0    0    0    0
              0    0    0    0    0    0    0    0
              0    0    0    0    0    0

#### RECORD 20 Record 2006-07-07T02:30:01 head[2], body[0] 0x34
    op hex (2)
    0000   0x34 0x64                                  4d
    decimal
             52  100
    datetime (2006-07-07T02:30:01)
    0000   0x41 0xde 0x02 0x07 0x06                   A....
    body (0)

XXX: 0x01
#### RECORD 21 BolusWizard 2006-07-07T15:05:03 head[2], body[22] 0x5b
    op hex (2)
    0000   0x5b 0x75                                  [u
    decimal
             91  117
    datetime (2006-07-07T15:05:03)
    0000   0x43 0xc5 0x0f 0x07 0x06                   C....
    body (22)
    hex
    0000   0x03 0x50 0x0a 0x32 0x64 0x03 0x03 0x00    .P.2d...
    0008   0x00 0x00 0x00 0x06 0x64 0x01 0x06 0x06    ....d...
    0010   0x00 0x43 0xc5 0x2f 0x07 0x06              .C./..
    decimal
              3   80   10   50  100    3    3    0
              0    0    0    6  100    1    6    6
              0   67  197   47    7    6

XXX: 0x5c
should eat up to null
#### RECORD 22 BolusWizard 2006-07-07T16:14:05 head[2], body[22] 0x5b
    op hex (2)
    0000   0x5b 0x75                                  [u
    decimal
             91  117
    datetime (2006-07-07T16:14:05)
    0000   0x45 0xce 0x10 0x07 0x06                   E....
    body (22)
    hex
    0000   0x06 0x50 0x0a 0x32 0x64 0x03 0x06 0x00    .P.2d...
    0008   0x00 0x05 0x00 0x06 0x64 0x5c 0x05 0x18    ....d\..
    0010   0x47 0x44 0x01 0x06 0x06 0x00              GD....
    decimal
              6   80   10   50  100    3    6    0
              0    5    0    6  100   92    5   24
             71   68    1    6    6    0

#### RECORD 23 Rewind 2006-07-07T16:47:57 head[2], body[0] 0x21
    op hex (2)
    0000   0x21 0x00                                  !.
    decimal
             33    0
    datetime (2006-07-07T16:47:57)
    0000   0x79 0xef 0x10 0x07 0x06                   y....
    body (0)

#### RECORD 24 Prime 2006-07-07T16:48:52 head[5], body[0] 0x03
    op hex (5)
    0000   0x03 0x00 0x00 0x00 0x13                   .....
    decimal
              3    0    0    0   19
    datetime (2006-07-07T16:48:52)
    0000   0x74 0xf0 0x30 0x07 0x06                   t.0..
    body (0)

#### RECORD 25 Prime 2006-07-07T16:49:12 head[5], body[0] 0x03
    op hex (5)
    0000   0x03 0x00 0x03 0x00 0x03                   .....
    decimal
              3    0    3    0    3
    datetime (2006-07-07T16:49:12)
    0000   0x4c 0xf1 0x10 0x07 0x06                   L....
    body (0)

#### RECORD 26 Prime 2006-07-07T17:10:38 head[5], body[0] 0x03
    op hex (5)
    0000   0x03 0x00 0x03 0x00 0x03                   .....
    decimal
              3    0    3    0    3
    datetime (2006-07-07T17:10:38)
    0000   0x66 0xca 0x11 0x07 0x06                   f....
    body (0)

#### RECORD 27 Prime 2006-07-07T17:28:51 head[5], body[0] 0x03
    op hex (5)
    0000   0x03 0x00 0x03 0x00 0x03                   .....
    decimal
              3    0    3    0    3
    datetime (2006-07-07T17:28:51)
    0000   0x73 0xdc 0x11 0x07 0x06                   s....
    body (0)

#### RECORD 28 Prime 2006-07-07T17:41:14 head[5], body[0] 0x03
    op hex (5)
    0000   0x03 0x00 0x03 0x00 0x03                   .....
    decimal
              3    0    3    0    3
    datetime (2006-07-07T17:41:14)
    0000   0x4e 0xe9 0x11 0x07 0x06                   N....
    body (0)

#### RECORD 29 Prime 2006-07-07T17:57:02 head[5], body[0] 0x03
    op hex (5)
    0000   0x03 0x00 0x03 0x00 0x03                   .....
    decimal
              3    0    3    0    3
    datetime (2006-07-07T17:57:02)
    0000   0x42 0xf9 0x11 0x07 0x06                   B....
    body (0)

#### RECORD 30 Prime 2006-07-07T18:02:05 head[5], body[0] 0x03
    op hex (5)
    0000   0x03 0x00 0x03 0x00 0x03                   .....
    decimal
              3    0    3    0    3
    datetime (2006-07-07T18:02:05)
    0000   0x45 0xc2 0x12 0x07 0x06                   E....
    body (0)

#### RECORD 31 PumpSuspend 2006-07-07T18:22:32 head[2], body[0] 0x1e
    op hex (2)
    0000   0x1e 0x00                                  ..
    decimal
             30    0
    datetime (2006-07-07T18:22:32)
    0000   0x60 0xd6 0x12 0x47 0x06                   `..G.
    body (0)

#### RECORD 32 PumpResume 2006-07-07T18:22:51 head[2], body[0] 0x1f
    op hex (2)
    0000   0x1f 0x00                                  ..
    decimal
             31    0
    datetime (2006-07-07T18:22:51)
    0000   0x73 0xd6 0x12 0x47 0x06                   s..G.
    body (0)

#### RECORD 33 ResultTotals MIDNIGHT!? head[2], body[38] 0x07
    op hex (2)
    0000   0x07 0x00                                  ..
    decimal
              7    0
    datetime (MIDNIGHT!?)
    0000   0x00 0x03 0x64 0x67 0x86                   ..dg.
    body (38)
    hex
    0000   0x6c 0x67 0x86 0x05 0x00 0x75 0x75 0x75    lg...uuu
    0008   0x05 0x00 0x00 0x03 0x64 0x03 0x34 0x5e    ....d.4^
    0010   0x00 0x30 0x06 0x00 0x09 0x00 0x30 0x06    .0....0.
    0018   0x00 0x24 0x4b 0x00 0x0c 0x19 0x00 0x00    .$K.....
    0020   0x00 0x02 0x01 0x00 0x01 0x00              ......
    decimal
            108  103  134    5    0  117  117  117
              5    0    0    3  100    3   52   94
              0   48    6    0    9    0   48    6
              0   36   75    0   12   25    0    0
              0    2    1    0    1    0

#### RECORD 34 Prime 2006-07-08T05:22:49 head[5], body[0] 0x03
    op hex (5)
    0000   0x03 0x00 0x03 0x00 0x03                   .....
    decimal
              3    0    3    0    3
    datetime (2006-07-08T05:22:49)
    0000   0x71 0xd6 0x05 0x08 0x06                   q....
    body (0)

#### RECORD 35 PumpSuspend 2006-07-08T05:49:07 head[2], body[0] 0x1e
    op hex (2)
    0000   0x1e 0x00                                  ..
    decimal
             30    0
    datetime (2006-07-08T05:49:07)
    0000   0x47 0xf1 0x05 0x48 0x06                   G..H.
    body (0)

#### RECORD 36 PumpResume 2006-07-08T05:49:26 head[2], body[0] 0x1f
    op hex (2)
    0000   0x1f 0x00                                  ..
    decimal
             31    0
    datetime (2006-07-08T05:49:26)
    0000   0x5a 0xf1 0x05 0x48 0x06                   Z..H.
    body (0)

#### RECORD 37 ChangeTimeDisplay 2006-07-08T07:11:37 head[2], body[0] 0x64
    op hex (2)
    0000   0x64 0x00                                  d.
    decimal
            100    0
    datetime (2006-07-08T07:11:37)
    0000   0x65 0xcb 0x07 0x08 0x06                   e....
    body (0)

#### RECORD 38 ChangeTime 2006-07-08T07:12:12 head[2], body[0] 0x17
    op hex (2)
    0000   0x17 0x00                                  ..
    decimal
             23    0
    datetime (2006-07-08T07:12:12)
    0000   0x4c 0xcc 0x07 0x08 0x06                   L....
    body (0)

#### RECORD 39 NewTimeSet 2006-08-15T23:30:00 head[2], body[0] 0x18
    op hex (2)
    0000   0x18 0x00                                  ..
    decimal
             24    0
    datetime (2006-08-15T23:30:00)
    0000   0x80 0x1e 0x17 0x1f 0x06                   .....
    body (0)

#### RECORD 40 ResultTotals MIDNIGHT!? head[2], body[38] 0x07
    op hex (2)
    0000   0x07 0x00                                  ..
    decimal
              7    0
    datetime (MIDNIGHT!?)
    0000   0x00 0x00 0x58 0x68 0x86                   ..Xh.
    body (38)
    hex
    0000   0x6c 0x68 0x86 0x05 0x0c 0x00 0xe8 0x00    lh......
    0008   0x00 0x00 0x00 0x00 0x58 0x00 0x58 0x64    ....X.Xd
    0010   0x00 0x00 0x00 0x00 0x00 0x00 0x00 0x00    ........
    0018   0x00 0x00 0x00 0x00 0x00 0x00 0x00 0x00    ........
    0020   0x00 0x00 0x00 0x00 0x00 0x00              ......
    decimal
            108  104  134    5   12    0  232    0
              0    0    0    0   88    0   88  100
              0    0    0    0    0    0    0    0
              0    0    0    0    0    0    0    0
              0    0    0    0    0    0

#### RECORD 41 Prime 2006-08-15T23:33:28 head[5], body[0] 0x03
    op hex (5)
    0000   0x03 0x00 0x03 0x00 0x03                   .....
    decimal
              3    0    3    0    3
    datetime (2006-08-15T23:33:28)
    0000   0x9c 0x21 0x17 0x1f 0x06                   .!...
    body (0)

#### RECORD 42 Prime 2006-08-15T23:33:54 head[5], body[0] 0x03
    op hex (5)
    0000   0x03 0x00 0x05 0x00 0x05                   .....
    decimal
              3    0    5    0    5
    datetime (2006-08-15T23:33:54)
    0000   0xb6 0x21 0x17 0x1f 0x06                   .!...
    body (0)

#### RECORD 43 Prime 2006-08-15T23:34:28 head[5], body[0] 0x03
    op hex (5)
    0000   0x03 0x00 0x03 0x00 0x03                   .....
    decimal
              3    0    3    0    3
    datetime (2006-08-15T23:34:28)
    0000   0x9c 0x22 0x17 0x1f 0x06                   ."...
    body (0)

#### RECORD 44 ResultTotals MIDNIGHT!? head[2], body[38] 0x07
    op hex (2)
    0000   0x07 0x00                                  ..
    decimal
              7    0
    datetime (MIDNIGHT!?)
    0000   0x00 0x00 0x06 0x9f 0x06                   .....
    body (38)
    hex
    0000   0x6c 0x9f 0x06 0x05 0x0c 0x00 0xe8 0x00    l.......
    0008   0x00 0x00 0x00 0x00 0x06 0x00 0x06 0x64    .......d
    0010   0x00 0x00 0x00 0x00 0x00 0x00 0x00 0x00    ........
    0018   0x00 0x00 0x00 0x00 0x00 0x00 0x00 0x00    ........
    0020   0x00 0x00 0x00 0x00 0x00 0x00              ......
    decimal
            108  159    6    5   12    0  232    0
              0    0    0    0    6    0    6  100
              0    0    0    0    0    0    0    0
              0    0    0    0    0    0    0    0
              0    0    0    0    0    0

#### RECORD 45 Prime 2006-09-01T00:12:41 head[5], body[0] 0x03
    op hex (5)
    0000   0x03 0x00 0x03 0x00 0x03                   .....
    decimal
              3    0    3    0    3
    datetime (2006-09-01T00:12:41)
    0000   0xa9 0x4c 0x00 0x01 0x06                   .L...
    body (0)

#### RECORD 46 PumpSuspend 2006-09-01T00:44:29 head[2], body[0] 0x1e
    op hex (2)
    0000   0x1e 0x00                                  ..
    decimal
             30    0
    datetime (2006-09-01T00:44:29)
    0000   0x9d 0x6c 0x00 0x41 0x06                   .l.A.
    body (0)

#### RECORD 47 PumpResume 2006-09-01T00:44:48 head[2], body[0] 0x1f
    op hex (2)
    0000   0x1f 0x00                                  ..
    decimal
             31    0
    datetime (2006-09-01T00:44:48)
    0000   0xb0 0x6c 0x00 0x41 0x06                   .l.A.
    body (0)

#### RECORD 48 ChangeTimeDisplay 2006-09-01T01:19:10 head[2], body[0] 0x64
    op hex (2)
    0000   0x64 0x00                                  d.
    decimal
            100    0
    datetime (2006-09-01T01:19:10)
    0000   0x8a 0x53 0x01 0x01 0x06                   .S...
    body (0)

#### RECORD 49 ChangeTime 2006-09-01T01:19:34 head[2], body[0] 0x17
    op hex (2)
    0000   0x17 0x00                                  ..
    decimal
             23    0
    datetime (2006-09-01T01:19:34)
    0000   0xa2 0x53 0x01 0x01 0x06                   .S...
    body (0)

#### RECORD 50 NewTimeSet 2006-10-01T11:20:00 head[2], body[0] 0x18
    op hex (2)
    0000   0x18 0x00                                  ..
    decimal
             24    0
    datetime (2006-10-01T11:20:00)
    0000   0x80 0x94 0x0b 0x01 0x06                   .....
    body (0)

#### RECORD 51 ResultTotals MIDNIGHT!? head[2], body[38] 0x07
    op hex (2)
    0000   0x07 0x00                                  ..
    decimal
              7    0
    datetime (MIDNIGHT!?)
    0000   0x00 0x00 0x02 0x81 0x86                   .....
    body (38)
    hex
    0000   0x6c 0x81 0x86 0x05 0x0c 0x00 0xe8 0x00    l.......
    0008   0x00 0x00 0x00 0x00 0x02 0x00 0x02 0x64    .......d
    0010   0x00 0x00 0x00 0x00 0x00 0x00 0x00 0x00    ........
    0018   0x00 0x00 0x00 0x00 0x00 0x00 0x00 0x00    ........
    0020   0x00 0x00 0x00 0x00 0x00 0x00              ......
    decimal
            108  129  134    5   12    0  232    0
              0    0    0    0    2    0    2  100
              0    0    0    0    0    0    0    0
              0    0    0    0    0    0    0    0
              0    0    0    0    0    0

#### RECORD 52 Prime 2006-10-01T11:30:18 head[5], body[0] 0x03
    op hex (5)
    0000   0x03 0x00 0x03 0x00 0x03                   .....
    decimal
              3    0    3    0    3
    datetime (2006-10-01T11:30:18)
    0000   0x92 0x9e 0x0b 0x01 0x06                   .....
    body (0)

#### RECORD 53 ResultTotals MIDNIGHT!? head[2], body[38] 0x07
    op hex (2)
    0000   0x07 0x00                                  ..
    decimal
              7    0
    datetime (MIDNIGHT!?)
    0000   0x00 0x02 0x4c 0xa1 0x06                   ..L..
    body (38)
    hex
    0000   0x6c 0xa1 0x06 0x05 0x0c 0x00 0xe8 0x00    l.......
    0008   0x00 0x00 0x00 0x02 0x4c 0x02 0x4c 0x64    ....L.Ld
    0010   0x00 0x00 0x00 0x00 0x00 0x00 0x00 0x00    ........
    0018   0x00 0x00 0x00 0x00 0x00 0x00 0x00 0x00    ........
    0020   0x00 0x00 0x00 0x00 0x00 0x00              ......
    decimal
            108  161    6    5   12    0  232    0
              0    0    0    2   76    2   76  100
              0    0    0    0    0    0    0    0
              0    0    0    0    0    0    0    0
              0    0    0    0    0    0

#### RECORD 54 Record 2006-10-02T19:45:47 head[2], body[0] 0x34
    op hex (2)
    0000   0x34 0xc8                                  4.
    decimal
             52  200
    datetime (2006-10-02T19:45:47)
    0000   0xaf 0xad 0x13 0x02 0x06                   .....
    body (0)

#### RECORD 55 ResultTotals MIDNIGHT!? head[2], body[38] 0x07
    op hex (2)
    0000   0x07 0x00                                  ..
    decimal
              7    0
    datetime (MIDNIGHT!?)
    0000   0x00 0x03 0x36 0xa2 0x06                   ..6..
    body (38)
    hex
    0000   0x6c 0xa2 0x06 0x05 0x0c 0x00 0xe8 0x00    l.......
    0008   0x00 0x00 0x00 0x03 0x36 0x03 0x36 0x64    ....6.6d
    0010   0x00 0x00 0x00 0x00 0x00 0x00 0x00 0x00    ........
    0018   0x00 0x00 0x00 0x00 0x00 0x00 0x00 0x00    ........
    0020   0x00 0x00 0x00 0x00 0x00 0x00              ......
    decimal
            108  162    6    5   12    0  232    0
              0    0    0    3   54    3   54  100
              0    0    0    0    0    0    0    0
              0    0    0    0    0    0    0    0
              0    0    0    0    0    0

#### RECORD 56 Record 2006-10-03T13:09:13 head[2], body[0] 0x34
    op hex (2)
    0000   0x34 0x64                                  4d
    decimal
             52  100
    datetime (2006-10-03T13:09:13)
    0000   0x8d 0x89 0x0d 0x03 0x06                   .....
    body (0)

logs/ReadHistoryData-page-1.data: 57 records
