WARNING: No route found for IPv6 destination :: (no default route?)
#### RECORD 0 Prime 2012-08-01T21:28:30 head[5], body[0] 0x03
    op hex (5)
    0000   0x03 0x00 0x00 0x00 0x0a                   .....
    decimal
              3    0    0    0   10
    datetime (2012-08-01T21:28:30)
    0000   0x9e 0x1c 0x35 0x01 0x0c                   ..5..
    body (0)

#### RECORD 1 Prime 2012-08-01T21:28:39 head[5], body[0] 0x03
    op hex (5)
    0000   0x03 0x00 0x03 0x00 0x03                   .....
    decimal
              3    0    3    0    3
    datetime (2012-08-01T21:28:39)
    0000   0xa7 0x1c 0x15 0x01 0x0c                   .....
    body (0)

#### RECORD 2 EnableDisableRemote 2012-08-01T22:25:13 head[2], body[14] 0x26
    op hex (2)
    0000   0x26 0x01                                  &.
    decimal
             38    1
    datetime (2012-08-01T22:25:13)
    0000   0x8d 0x19 0x16 0x01 0x0c                   .....
    body (14)
    hex
    0000   0x27 0x00 0x00 0x00 0x00 0x00 0x00 0x28    '......(
    0008   0x00 0x00 0x00 0x00 0x00 0x00              ......
    decimal
             39    0    0    0    0    0    0   40
              0    0    0    0    0    0

#### RECORD 3 EnableDisableRemote 2012-08-01T22:25:34 head[2], body[14] 0x26
    op hex (2)
    0000   0x26 0x01                                  &.
    decimal
             38    1
    datetime (2012-08-01T22:25:34)
    0000   0xa2 0x19 0x16 0x01 0x0c                   .....
    body (14)
    hex
    0000   0x27 0x01 0xe2 0x40 0x00 0x00 0x00 0x28    '..@...(
    0008   0x00 0x00 0x00 0x00 0x00 0x00              ......
    decimal
             39    1  226   64    0    0    0   40
              0    0    0    0    0    0

#### RECORD 4 EnableDisableRemote 2012-08-01T22:31:47 head[2], body[14] 0x26
    op hex (2)
    0000   0x26 0x01                                  &.
    decimal
             38    1
    datetime (2012-08-01T22:31:47)
    0000   0xaf 0x1f 0x16 0x01 0x0c                   .....
    body (14)
    hex
    0000   0x27 0x01 0xe2 0x40 0x03 0x42 0x2a 0x28    '..@.B*(
    0008   0x00 0x00 0x00 0x00 0x00 0x00              ......
    decimal
             39    1  226   64    3   66   42   40
              0    0    0    0    0    0

#### RECORD 5 EnableDisableRemote 2012-08-01T22:32:32 head[2], body[14] 0x26
    op hex (2)
    0000   0x26 0x01                                  &.
    decimal
             38    1
    datetime (2012-08-01T22:32:32)
    0000   0xa0 0x20 0x16 0x01 0x0c                   . ...
    body (14)
    hex
    0000   0x27 0x01 0xe2 0x40 0x03 0x42 0x2a 0x28    '..@.B*(
    0008   0x0c 0x89 0x92 0x00 0x00 0x00              ......
    decimal
             39    1  226   64    3   66   42   40
             12  137  146    0    0    0

#### RECORD 6 TempBasal 2012-08-01T22:38:22 head[2], body[1] 0x33
    op hex (2)
    0000   0x33 0x30                                  30
    decimal
             51   48
    datetime (2012-08-01T22:38:22)
    0000   0x96 0x26 0x16 0x01 0x0c                   .&...
    body (1)
    hex
    0000   0x00                                       .
    decimal
              0

#### RECORD 7 TempBasal[eof] 2012-08-01T22:38:22 head[2], body[0] 0x16
    op hex (2)
    0000   0x16 0x03                                  ..
    decimal
             22    3
    datetime (2012-08-01T22:38:22)
    0000   0x96 0x26 0x16 0x01 0x0c                   .&...
    body (0)

#### RECORD 8 TempBasal 2012-08-01T22:48:39 head[2], body[1] 0x33
    op hex (2)
    0000   0x33 0x30                                  30
    decimal
             51   48
    datetime (2012-08-01T22:48:39)
    0000   0xa7 0x30 0x16 0x01 0x0c                   .0...
    body (1)
    hex
    0000   0x00                                       .
    decimal
              0

#### RECORD 9 TempBasal[eof] 2012-08-01T22:48:39 head[2], body[0] 0x16
    op hex (2)
    0000   0x16 0x02                                  ..
    decimal
             22    2
    datetime (2012-08-01T22:48:39)
    0000   0xa7 0x30 0x16 0x01 0x0c                   .0...
    body (0)

#### RECORD 10 TempBasal 2012-08-01T22:51:32 head[2], body[1] 0x33
    op hex (2)
    0000   0x33 0x00                                  3.
    decimal
             51    0
    datetime (2012-08-01T22:51:32)
    0000   0xa0 0x33 0x16 0x01 0x0c                   .3...
    body (1)
    hex
    0000   0x00                                       .
    decimal
              0

#### RECORD 11 TempBasal[eof] 2012-08-01T22:51:32 head[2], body[0] 0x16
    op hex (2)
    0000   0x16 0x00                                  ..
    decimal
             22    0
    datetime (2012-08-01T22:51:32)
    0000   0xa0 0x33 0x16 0x01 0x0c                   .3...
    body (0)

#### RECORD 12 TempBasal 2012-08-01T22:52:17 head[2], body[1] 0x33
    op hex (2)
    0000   0x33 0x4c                                  3L
    decimal
             51   76
    datetime (2012-08-01T22:52:17)
    0000   0x91 0x34 0x16 0x01 0x0c                   .4...
    body (1)
    hex
    0000   0x00                                       .
    decimal
              0

#### RECORD 13 TempBasal[eof] 2012-08-01T22:52:17 head[2], body[0] 0x16
    op hex (2)
    0000   0x16 0x06                                  ..
    decimal
             22    6
    datetime (2012-08-01T22:52:17)
    0000   0x91 0x34 0x16 0x01 0x0c                   .4...
    body (0)

#### RECORD 14 TempBasal 2012-08-01T23:04:54 head[2], body[1] 0x33
    op hex (2)
    0000   0x33 0x4c                                  3L
    decimal
             51   76
    datetime (2012-08-01T23:04:54)
    0000   0xb6 0x04 0x17 0x01 0x0c                   .....
    body (1)
    hex
    0000   0x00                                       .
    decimal
              0

#### RECORD 15 TempBasal[eof] 2012-08-01T23:04:54 head[2], body[0] 0x16
    op hex (2)
    0000   0x16 0x06                                  ..
    decimal
             22    6
    datetime (2012-08-01T23:04:54)
    0000   0xb6 0x04 0x17 0x01 0x0c                   .....
    body (0)

#### RECORD 16 ChangeUtility? 2012-08-01T23:35:20 head[2], body[0] 0x63
    op hex (2)
    0000   0x63 0x04                                  c.
    decimal
             99    4
    datetime (2012-08-01T23:35:20)
    0000   0x94 0x23 0x17 0x01 0x0c                   .#...
    body (0)

#### RECORD 17 ChangeUtility? 2012-08-01T23:38:57 head[2], body[0] 0x63
    op hex (2)
    0000   0x63 0x03                                  c.
    decimal
             99    3
    datetime (2012-08-01T23:38:57)
    0000   0xb9 0x26 0x17 0x01 0x0c                   .&...
    body (0)

#### RECORD 18 ResultTotals MIDNIGHT!? head[2], body[38] 0x07
    op hex (2)
    0000   0x07 0x00                                  ..
    decimal
              7    0
    datetime (MIDNIGHT!?)
    0000   0x00 0x00 0x80 0x81 0x0c                   .....
    body (38)
    hex
    0000   0x6c 0x81 0x0c 0x05 0x0c 0x00 0xe8 0x00    l.......
    0008   0x00 0x00 0x00 0x00 0x80 0x00 0x80 0x64    .......d
    0010   0x00 0x00 0x00 0x00 0x00 0x00 0x00 0x00    ........
    0018   0x00 0x00 0x00 0x00 0x00 0x00 0x00 0x00    ........
    0020   0x00 0x00 0x00 0x00 0x00 0x00              ......
    decimal
            108  129   12    5   12    0  232    0
              0    0    0    0  128    0  128  100
              0    0    0    0    0    0    0    0
              0    0    0    0    0    0    0    0
              0    0    0    0    0    0

XXX: 0x01
#### RECORD 19 BolusWizard 2012-08-02T06:52:41 head[2], body[22] 0x5b
    op hex (2)
    0000   0x5b 0x64                                  [d
    decimal
             91  100
    datetime (2012-08-02T06:52:41)
    0000   0xa9 0x34 0x06 0x02 0x0c                   .4...
    body (22)
    hex
    0000   0x0a 0x50 0x0a 0x32 0x64 0x00 0x0a 0x00    .P.2d...
    0008   0x00 0x00 0x00 0x0a 0x64 0x01 0x0a 0x0a    ....d...
    0010   0x00 0xa9 0x34 0x26 0x02 0x0c              ..4&..
    decimal
             10   80   10   50  100    0   10    0
              0    0    0   10  100    1   10   10
              0  169   52   38    2   12

XXX: 0x5c
should eat up to null
0000   0x0a                                       .
0000   0x0a 0x0a                                  ..
0000   0x0a 0x0a 0x00                             ...
found 3 extra
#### RECORD 20 BolusWizard 2012-08-02T06:53:34 head[2], body[25] 0x5b
    op hex (2)
    0000   0x5b 0x64                                  [d
    decimal
             91  100
    datetime (2012-08-02T06:53:34)
    0000   0xa2 0x35 0x06 0x02 0x0c                   .5...
    body (25)
    hex
    0000   0x0a 0x50 0x0a 0x32 0x64 0x00 0x0a 0x00    .P.2d...
    0008   0x00 0x0a 0x00 0x0a 0x64 0x5c 0x08 0x14    ....d\..
    0010   0x00 0x44 0x14 0x0a 0x44 0x01 0x0a 0x0a    .D..D...
    0018   0x00                                       .
    decimal
             10   80   10   50  100    0   10    0
              0   10    0   10  100   92    8   20
              0   68   20   10   68    1   10   10
              0

XXX: 0x5c
should eat up to null
0000   0x0a                                       .
0000   0x0a 0x0a                                  ..
0000   0x0a 0x0a 0x00                             ...
found 3 extra
#### RECORD 21 BolusWizard 2012-08-02T06:54:30 head[2], body[25] 0x5b
    op hex (2)
    0000   0x5b 0x64                                  [d
    decimal
             91  100
    datetime (2012-08-02T06:54:30)
    0000   0x9e 0x36 0x06 0x02 0x0c                   .6...
    body (25)
    hex
    0000   0x0a 0x50 0x0a 0x32 0x64 0x00 0x0a 0x00    .P.2d...
    0008   0x00 0x14 0x00 0x0a 0x64 0x5c 0x08 0x3c    ....d\.<
    0010   0x01 0x44 0x14 0x0b 0x44 0x01 0x0a 0x0a    .D..D...
    0018   0x00                                       .
    decimal
             10   80   10   50  100    0   10    0
              0   20    0   10  100   92    8   60
              1   68   20   11   68    1   10   10
              0

XXX: 0x5c
should eat up to null
0000   0x0a                                       .
0000   0x0a 0x0a                                  ..
0000   0x0a 0x0a 0x00                             ...
found 3 extra
#### RECORD 22 BolusWizard 2012-08-02T06:55:22 head[2], body[25] 0x5b
    op hex (2)
    0000   0x5b 0x64                                  [d
    decimal
             91  100
    datetime (2012-08-02T06:55:22)
    0000   0x96 0x37 0x06 0x02 0x0c                   .7...
    body (25)
    hex
    0000   0x0a 0x50 0x0a 0x32 0x64 0x00 0x0a 0x00    .P.2d...
    0008   0x00 0x1e 0x00 0x0a 0x64 0x5c 0x08 0x64    ....d\.d
    0010   0x02 0x44 0x14 0x0c 0x44 0x01 0x0a 0x0a    .D..D...
    0018   0x00                                       .
    decimal
             10   80   10   50  100    0   10    0
              0   30    0   10  100   92    8  100
              2   68   20   12   68    1   10   10
              0

XXX: 0x5c
should eat up to null
0000   0x0a                                       .
0000   0x0a 0x0a                                  ..
0000   0x0a 0x0a 0x00                             ...
found 3 extra
#### RECORD 23 BolusWizard 2012-08-02T06:56:37 head[2], body[25] 0x5b
    op hex (2)
    0000   0x5b 0x64                                  [d
    decimal
             91  100
    datetime (2012-08-02T06:56:37)
    0000   0xa5 0x38 0x06 0x02 0x0c                   .8...
    body (25)
    hex
    0000   0x0a 0x50 0x0a 0x32 0x64 0x00 0x0a 0x00    .P.2d...
    0008   0x00 0x28 0x00 0x0a 0x64 0x5c 0x08 0x8c    .(..d\..
    0010   0x03 0x44 0x14 0x0d 0x44 0x01 0x0a 0x0a    .D..D...
    0018   0x00                                       .
    decimal
             10   80   10   50  100    0   10    0
              0   40    0   10  100   92    8  140
              3   68   20   13   68    1   10   10
              0

XXX: 0x5c
should eat up to null
0000   0x0a                                       .
0000   0x0a 0x0a                                  ..
0000   0x0a 0x0a 0x00                             ...
found 3 extra
#### RECORD 24 BolusWizard 2012-08-02T06:57:33 head[2], body[25] 0x5b
    op hex (2)
    0000   0x5b 0x64                                  [d
    decimal
             91  100
    datetime (2012-08-02T06:57:33)
    0000   0xa1 0x39 0x06 0x02 0x0c                   .9...
    body (25)
    hex
    0000   0x0a 0x50 0x0a 0x32 0x64 0x00 0x0a 0x00    .P.2d...
    0008   0x00 0x32 0x00 0x0a 0x64 0x5c 0x08 0xb4    .2..d\..
    0010   0x04 0x44 0x14 0x0e 0x44 0x01 0x0a 0x0a    .D..D...
    0018   0x00                                       .
    decimal
             10   80   10   50  100    0   10    0
              0   50    0   10  100   92    8  180
              4   68   20   14   68    1   10   10
              0

XXX: 0x5c
should eat up to null
0000   0x0a                                       .
0000   0x0a 0x0a                                  ..
0000   0x0a 0x0a 0x00                             ...
found 3 extra
#### RECORD 25 BolusWizard 2012-08-02T06:58:23 head[2], body[25] 0x5b
    op hex (2)
    0000   0x5b 0x64                                  [d
    decimal
             91  100
    datetime (2012-08-02T06:58:23)
    0000   0x97 0x3a 0x06 0x02 0x0c                   .:...
    body (25)
    hex
    0000   0x0a 0x50 0x0a 0x32 0x64 0x00 0x0a 0x00    .P.2d...
    0008   0x00 0x3c 0x00 0x0a 0x64 0x5c 0x08 0xdc    .<..d\..
    0010   0x05 0x44 0x14 0x0f 0x44 0x01 0x0a 0x0a    .D..D...
    0018   0x00                                       .
    decimal
             10   80   10   50  100    0   10    0
              0   60    0   10  100   92    8  220
              5   68   20   15   68    1   10   10
              0

XXX: 0x5c
should eat up to null
0000   0x01                                       .
0000   0x01 0x01                                  ..
0000   0x01 0x01 0x00                             ...
found 3 extra
#### RECORD 26 BolusWizard 2012-08-02T07:06:51 head[2], body[25] 0x5b
    op hex (2)
    0000   0x5b 0x65                                  [e
    decimal
             91  101
    datetime (2012-08-02T07:06:51)
    0000   0xb3 0x06 0x07 0x02 0x0c                   .....
    body (25)
    hex
    0000   0x01 0x50 0x0a 0x32 0x64 0x00 0x01 0x00    .P.2d...
    0008   0x00 0x46 0x00 0x01 0x64 0x5c 0x08 0x04    .F..d\..
    0010   0x0d 0x45 0x14 0x17 0x44 0x01 0x01 0x01    .E..D...
    0018   0x00                                       .
    decimal
              1   80   10   50  100    0    1    0
              0   70    0    1  100   92    8    4
             13   69   20   23   68    1    1    1
              0

XXX: 0x5c
should eat up to null
0000   0x18                                       .
0000   0x18 0x44                                  .D
0000   0x18 0x44 0x01                             .D.
0000   0x18 0x44 0x01 0x01                        .D..
0000   0x18 0x44 0x01 0x01 0x01                   .D...
0000   0x18 0x44 0x01 0x01 0x01 0x00              .D....
found 6 extra
#### RECORD 27 BolusWizard 2012-08-02T07:07:05 head[2], body[28] 0x5b
    op hex (2)
    0000   0x5b 0x65                                  [e
    decimal
             91  101
    datetime (2012-08-02T07:07:05)
    0000   0x85 0x07 0x07 0x02 0x0c                   .....
    body (28)
    hex
    0000   0x01 0x50 0x0a 0x32 0x64 0x00 0x01 0x00    .P.2d...
    0008   0x00 0x47 0x00 0x01 0x64 0x5c 0x0b 0x04    .G..d\..
    0010   0x04 0x44 0x04 0x0e 0x45 0x14 0x18 0x44    .D..E..D
    0018   0x01 0x01 0x01 0x00                        ....
    decimal
              1   80   10   50  100    0    1    0
              0   71    0    1  100   92   11    4
              4   68    4   14   69   20   24   68
              1    1    1    0

XXX: 0x5c
should eat up to null
0000   0x18                                       .
0000   0x18 0x44                                  .D
0000   0x18 0x44 0x01                             .D.
0000   0x18 0x44 0x01 0x01                        .D..
0000   0x18 0x44 0x01 0x01 0x01                   .D...
0000   0x18 0x44 0x01 0x01 0x01 0x00              .D....
found 6 extra
#### RECORD 28 BolusWizard 2012-08-02T07:07:20 head[2], body[28] 0x5b
    op hex (2)
    0000   0x5b 0x65                                  [e
    decimal
             91  101
    datetime (2012-08-02T07:07:20)
    0000   0x94 0x07 0x07 0x02 0x0c                   .....
    body (28)
    hex
    0000   0x01 0x50 0x0a 0x32 0x64 0x00 0x01 0x00    .P.2d...
    0008   0x00 0x48 0x00 0x01 0x64 0x5c 0x0b 0x08    .H..d\..
    0010   0x04 0x44 0x04 0x0e 0x45 0x14 0x18 0x44    .D..E..D
    0018   0x01 0x01 0x01 0x00                        ....
    decimal
              1   80   10   50  100    0    1    0
              0   72    0    1  100   92   11    8
              4   68    4   14   69   20   24   68
              1    1    1    0

XXX: 0x5c
should eat up to null
0000   0x19                                       .
0000   0x19 0x44                                  .D
0000   0x19 0x44 0x01                             .D.
0000   0x19 0x44 0x01 0x01                        .D..
0000   0x19 0x44 0x01 0x01 0x01                   .D...
0000   0x19 0x44 0x01 0x01 0x01 0x00              .D....
found 6 extra
#### RECORD 29 BolusWizard 2012-08-02T07:08:16 head[2], body[28] 0x5b
    op hex (2)
    0000   0x5b 0x65                                  [e
    decimal
             91  101
    datetime (2012-08-02T07:08:16)
    0000   0x90 0x08 0x07 0x02 0x0c                   .....
    body (28)
    hex
    0000   0x01 0x50 0x0a 0x32 0x64 0x00 0x01 0x00    .P.2d...
    0008   0x00 0x49 0x00 0x01 0x64 0x5c 0x0b 0x0c    .I..d\..
    0010   0x05 0x44 0x04 0x0f 0x45 0x14 0x19 0x44    .D..E..D
    0018   0x01 0x01 0x01 0x00                        ....
    decimal
              1   80   10   50  100    0    1    0
              0   73    0    1  100   92   11   12
              5   68    4   15   69   20   25   68
              1    1    1    0

XXX: 0x5c
should eat up to null
0000   0x22                                       "
0000   0x22 0x44                                  "D
0000   0x22 0x44 0x01                             "D.
0000   0x22 0x44 0x01 0x01                        "D..
0000   0x22 0x44 0x01 0x01 0x01                   "D...
0000   0x22 0x44 0x01 0x01 0x01 0x00              "D....
found 6 extra
#### RECORD 30 BolusWizard 2012-08-02T07:17:51 head[2], body[28] 0x5b
    op hex (2)
    0000   0x5b 0x66                                  [f
    decimal
             91  102
    datetime (2012-08-02T07:17:51)
    0000   0xb3 0x11 0x07 0x02 0x0c                   .....
    body (28)
    hex
    0000   0x01 0x50 0x0a 0x32 0x64 0x00 0x01 0x00    .P.2d...
    0008   0x00 0x49 0x00 0x01 0x64 0x5c 0x0b 0x10    .I..d\..
    0010   0x0e 0x44 0x04 0x18 0x45 0x14 0x22 0x44    .D..E."D
    0018   0x01 0x01 0x01 0x00                        ....
    decimal
              1   80   10   50  100    0    1    0
              0   73    0    1  100   92   11   16
             14   68    4   24   69   20   34   68
              1    1    1    0

XXX: 0x5c
should eat up to null
0000   0x19                                       .
0000   0x19 0x45                                  .E
0000   0x19 0x45 0x14                             .E.
0000   0x19 0x45 0x14 0x23                        .E.#
0000   0x19 0x45 0x14 0x23 0x44                   .E.#D
0000   0x19 0x45 0x14 0x23 0x44 0x01              .E.#D.
0000   0x19 0x45 0x14 0x23 0x44 0x01 0x01         .E.#D..
0000   0x19 0x45 0x14 0x23 0x44 0x01 0x01 0x01    .E.#D...
0000   0x19 0x45 0x14 0x23 0x44 0x01 0x01 0x01    .E.#D...
0008   0x00                                       .
found 9 extra
#### RECORD 31 BolusWizard 2012-08-02T07:18:00 head[2], body[31] 0x5b
    op hex (2)
    0000   0x5b 0x65                                  [e
    decimal
             91  101
    datetime (2012-08-02T07:18:00)
    0000   0x80 0x12 0x07 0x02 0x0c                   .....
    body (31)
    hex
    0000   0x01 0x50 0x0a 0x32 0x64 0x00 0x01 0x00    .P.2d...
    0008   0x00 0x4a 0x00 0x01 0x64 0x5c 0x0e 0x04    .J..d\..
    0010   0x05 0x44 0x10 0x0f 0x44 0x04 0x19 0x45    .D..D..E
    0018   0x14 0x23 0x44 0x01 0x01 0x01 0x00         .#D....
    decimal
              1   80   10   50  100    0    1    0
              0   74    0    1  100   92   14    4
              5   68   16   15   68    4   25   69
             20   35   68    1    1    1    0

XXX: 0x5c
should eat up to null
0000   0x19                                       .
0000   0x19 0x45                                  .E
0000   0x19 0x45 0x14                             .E.
0000   0x19 0x45 0x14 0x23                        .E.#
0000   0x19 0x45 0x14 0x23 0x44                   .E.#D
0000   0x19 0x45 0x14 0x23 0x44 0x01              .E.#D.
0000   0x19 0x45 0x14 0x23 0x44 0x01 0x01         .E.#D..
0000   0x19 0x45 0x14 0x23 0x44 0x01 0x01 0x01    .E.#D...
0000   0x19 0x45 0x14 0x23 0x44 0x01 0x01 0x01    .E.#D...
0008   0x00                                       .
found 9 extra
#### RECORD 32 BolusWizard 2012-08-02T07:18:15 head[2], body[31] 0x5b
    op hex (2)
    0000   0x5b 0x65                                  [e
    decimal
             91  101
    datetime (2012-08-02T07:18:15)
    0000   0x8f 0x12 0x07 0x02 0x0c                   .....
    body (31)
    hex
    0000   0x01 0x50 0x0a 0x32 0x64 0x00 0x01 0x00    .P.2d...
    0008   0x00 0x4b 0x00 0x01 0x64 0x5c 0x0e 0x08    .K..d\..
    0010   0x05 0x44 0x10 0x0f 0x44 0x04 0x19 0x45    .D..D..E
    0018   0x14 0x23 0x44 0x01 0x01 0x01 0x00         .#D....
    decimal
              1   80   10   50  100    0    1    0
              0   75    0    1  100   92   14    8
              5   68   16   15   68    4   25   69
             20   35   68    1    1    1    0

XXX: 0x5c
should eat up to null
0000   0x19                                       .
0000   0x19 0x45                                  .E
0000   0x19 0x45 0x14                             .E.
0000   0x19 0x45 0x14 0x23                        .E.#
0000   0x19 0x45 0x14 0x23 0x44                   .E.#D
0000   0x19 0x45 0x14 0x23 0x44 0x01              .E.#D.
0000   0x19 0x45 0x14 0x23 0x44 0x01 0x01         .E.#D..
0000   0x19 0x45 0x14 0x23 0x44 0x01 0x01 0x01    .E.#D...
0000   0x19 0x45 0x14 0x23 0x44 0x01 0x01 0x01    .E.#D...
0008   0x00                                       .
found 9 extra
#### RECORD 33 BolusWizard 2012-08-02T07:18:25 head[2], body[31] 0x5b
    op hex (2)
    0000   0x5b 0x65                                  [e
    decimal
             91  101
    datetime (2012-08-02T07:18:25)
    0000   0x99 0x12 0x07 0x02 0x0c                   .....
    body (31)
    hex
    0000   0x01 0x50 0x0a 0x32 0x64 0x00 0x01 0x00    .P.2d...
    0008   0x00 0x4c 0x00 0x01 0x64 0x5c 0x0e 0x0c    .L..d\..
    0010   0x05 0x44 0x10 0x0f 0x44 0x04 0x19 0x45    .D..D..E
    0018   0x14 0x23 0x44 0x01 0x01 0x01 0x00         .#D....
    decimal
              1   80   10   50  100    0    1    0
              0   76    0    1  100   92   14   12
              5   68   16   15   68    4   25   69
             20   35   68    1    1    1    0

XXX: 0x5c
should eat up to null
0000   0x19                                       .
0000   0x19 0x45                                  .E
0000   0x19 0x45 0x14                             .E.
0000   0x19 0x45 0x14 0x23                        .E.#
0000   0x19 0x45 0x14 0x23 0x44                   .E.#D
0000   0x19 0x45 0x14 0x23 0x44 0x01              .E.#D.
0000   0x19 0x45 0x14 0x23 0x44 0x01 0x01         .E.#D..
0000   0x19 0x45 0x14 0x23 0x44 0x01 0x01 0x01    .E.#D...
0000   0x19 0x45 0x14 0x23 0x44 0x01 0x01 0x01    .E.#D...
0008   0x00                                       .
found 9 extra
#### RECORD 34 BolusWizard 2012-08-02T07:18:40 head[2], body[31] 0x5b
    op hex (2)
    0000   0x5b 0x65                                  [e
    decimal
             91  101
    datetime (2012-08-02T07:18:40)
    0000   0xa8 0x12 0x07 0x02 0x0c                   .....
    body (31)
    hex
    0000   0x01 0x50 0x0a 0x32 0x64 0x00 0x01 0x00    .P.2d...
    0008   0x00 0x4d 0x00 0x01 0x64 0x5c 0x0e 0x10    .M..d\..
    0010   0x05 0x44 0x10 0x0f 0x44 0x04 0x19 0x45    .D..D..E
    0018   0x14 0x23 0x44 0x01 0x01 0x01 0x00         .#D....
    decimal
              1   80   10   50  100    0    1    0
              0   77    0    1  100   92   14   16
              5   68   16   15   68    4   25   69
             20   35   68    1    1    1    0

#### RECORD 35 PumpSuspend 2012-08-02T18:59:16 head[2], body[0] 0x1e
    op hex (2)
    0000   0x1e 0x00                                  ..
    decimal
             30    0
    datetime (2012-08-02T18:59:16)
    0000   0x90 0x3b 0x12 0x42 0x0c                   .;.B.
    body (0)

#### RECORD 36 PumpResume 2012-08-02T18:59:40 head[2], body[0] 0x1f
    op hex (2)
    0000   0x1f 0x00                                  ..
    decimal
             31    0
    datetime (2012-08-02T18:59:40)
    0000   0xa8 0x3b 0x12 0x42 0x0c                   .;.B.
    body (0)

#### RECORD 37 ChangeTimeDisplay 2012-08-02T20:10:03 head[2], body[0] 0x64
    op hex (2)
    0000   0x64 0x01                                  d.
    decimal
            100    1
    datetime (2012-08-02T20:10:03)
    0000   0x83 0x0a 0x14 0x02 0x0c                   .....
    body (0)

#### RECORD 38 ChangeTime 2012-08-02T20:10:35 head[2], body[0] 0x17
    op hex (2)
    0000   0x17 0x00                                  ..
    decimal
             23    0
    datetime (2012-08-02T20:10:35)
    0000   0xa3 0x0a 0x14 0x02 0x0c                   .....
    body (0)

#### RECORD 39 NewTimeSet 2006-07-01T06:10:00 head[2], body[0] 0x18
    op hex (2)
    0000   0x18 0x00                                  ..
    decimal
             24    0
    datetime (2006-07-01T06:10:00)
    0000   0x40 0xca 0x06 0x01 0x06                   @....
    body (0)

#### RECORD 40 ResultTotals MIDNIGHT!? head[2], body[38] 0x07
    op hex (2)
    0000   0x07 0x00                                  ..
    decimal
              7    0
    datetime (MIDNIGHT!?)
    0000   0x00 0x04 0xda 0x82 0x0c                   .....
    body (38)
    hex
    0000   0x6c 0x82 0x0c 0x05 0x00 0x65 0x64 0x66    l....edf
    0008   0x12 0x00 0x00 0x04 0xda 0x03 0x9e 0x4b    .......K
    0010   0x01 0x3c 0x19 0x00 0x4f 0x01 0x3c 0x19    .<..O.<.
    0018   0x01 0x3c 0x64 0x00 0x00 0x00 0x00 0x00    .<d.....
    0020   0x00 0x10 0x10 0x00 0x00 0x00              ......
    decimal
            108  130   12    5    0  101  100  102
             18    0    0    4  218    3  158   75
              1   60   25    0   79    1   60   25
              1   60  100    0    0    0    0    0
              0   16   16    0    0    0

#### RECORD 41 ChangeTimeDisplay 2006-07-01T06:10:22 head[2], body[0] 0x64
    op hex (2)
    0000   0x64 0x01                                  d.
    decimal
            100    1
    datetime (2006-07-01T06:10:22)
    0000   0x56 0xca 0x06 0x01 0x06                   V....
    body (0)

#### RECORD 42 ChangeTime 2006-07-01T06:10:32 head[2], body[0] 0x17
    op hex (2)
    0000   0x17 0x00                                  ..
    decimal
             23    0
    datetime (2006-07-01T06:10:32)
    0000   0x60 0xca 0x06 0x01 0x06                   `....
    body (0)

#### RECORD 43 NewTimeSet 2006-07-01T08:10:00 head[2], body[0] 0x18
    op hex (2)
    0000   0x18 0x00                                  ..
    decimal
             24    0
    datetime (2006-07-01T08:10:00)
    0000   0x40 0xca 0x08 0x01 0x06                   @....
    body (0)

#### RECORD 44 PumpSuspend 2006-07-01T08:12:38 head[2], body[0] 0x1e
    op hex (2)
    0000   0x1e 0x00                                  ..
    decimal
             30    0
    datetime (2006-07-01T08:12:38)
    0000   0x66 0xcc 0x08 0x01 0x06                   f....
    body (0)

#### RECORD 45 PumpResume 2006-07-01T08:13:08 head[2], body[0] 0x1f
    op hex (2)
    0000   0x1f 0x00                                  ..
    decimal
             31    0
    datetime (2006-07-01T08:13:08)
    0000   0x48 0xcd 0x08 0x01 0x06                   H....
    body (0)

#### RECORD 46 Record 2006-07-01T08:17:45 head[2], body[0] 0x14
    op hex (2)
    0000   0x14 0x02                                  ..
    decimal
             20    2
    datetime (2006-07-01T08:17:45)
    0000   0x6d 0xd1 0x28 0x01 0x06                   m.(..
    body (0)

#### RECORD 47 Record 2006-07-01T08:18:05 head[2], body[0] 0x14
    op hex (2)
    0000   0x14 0x01                                  ..
    decimal
             20    1
    datetime (2006-07-01T08:18:05)
    0000   0x45 0xd2 0x48 0x01 0x06                   E.H..
    body (0)

#### RECORD 48 Record 2006-07-01T08:19:06 head[2], body[0] 0x14
    op hex (2)
    0000   0x14 0x02                                  ..
    decimal
             20    2
    datetime (2006-07-01T08:19:06)
    0000   0x46 0xd3 0x28 0x01 0x06                   F.(..
    body (0)

#### RECORD 49 Record 2006-07-01T08:20:08 head[2], body[0] 0x14
    op hex (2)
    0000   0x14 0x01                                  ..
    decimal
             20    1
    datetime (2006-07-01T08:20:08)
    0000   0x48 0xd4 0x48 0x01 0x06                   H.H..
    body (0)

#### RECORD 50 ChangeTimeDisplay 2006-07-01T08:20:47 head[2], body[0] 0x64
    op hex (2)
    0000   0x64 0x00                                  d.
    decimal
            100    0
    datetime (2006-07-01T08:20:47)
    0000   0x6f 0xd4 0x08 0x01 0x06                   o....
    body (0)

#### RECORD 51 ChangeTimeDisplay 2006-07-01T08:21:13 head[2], body[0] 0x64
    op hex (2)
    0000   0x64 0x01                                  d.
    decimal
            100    1
    datetime (2006-07-01T08:21:13)
    0000   0x4d 0xd5 0x08 0x01 0x06                   M....
    body (0)

#### RECORD 52 ChangeTimeDisplay 2006-07-01T08:22:10 head[2], body[0] 0x64
    op hex (2)
    0000   0x64 0x00                                  d.
    decimal
            100    0
    datetime (2006-07-01T08:22:10)
    0000   0x4a 0xd6 0x08 0x01 0x06                   J....
    body (0)

logs/ReadHistoryData-page-2.data: 53 records
