WARNING: No route found for IPv6 destination :: (no default route?)
Traceback (most recent call last):
  File "list_opcodes.py", line 291, in <module>
    main( )
  File "list_opcodes.py", line 275, in main
    records = find_dates(stream)
  File "list_opcodes.py", line 222, in find_dates
    assert datetime is not None, "\n%s" % lib.hexdump(bolus)
AssertionError: 
0000   0x6c 0x17 0x80 0x05 0x0c 0x00 0xe8 0x00    l.......
0008   0x00 0x00 0x00 0x00 0x00 0x00 0x00 0x00    ........
0010   0x00 0x00 0x00 0x00 0x00 0x00 0x00 0x00    ........
0018   0x00 0x00 0x00 0x00 0x00 0x00 0x00 0x00    ........
0020   0x00 0x00 0x00 0x00 0x00 0x00 0x07 0x00    ........
0028   0x00 0x00 0x00 0x18 0x80 0x6c 0x18 0x80    .....l..
0030   0x05 0x0c 0x00 0xe8 0x00 0x00 0x00 0x00    ........
0038   0x00 0x00 0x00 0x00 0x00 0x00 0x00 0x00    ........
0040   0x00 0x00 0x00 0x00 0x00 0x00 0x00 0x00    ........
0048   0x00 0x00 0x00 0x00 0x00 0x00 0x00 0x00    ........
0050   0x00 0x00 0x00 0x07 0x00 0x00 0x00 0x00    ........
0058   0x19 0x80 0x6c 0x19 0x80 0x05 0x0c 0x00    ..l.....
0060   0xe8 0x00 0x00 0x00 0x00 0x00 0x00 0x00    ........
0068   0x00 0x00 0x00 0x00 0x00 0x00 0x00 0x00    ........
0070   0x00 0x00 0x00 0x00 0x00 0x00 0x00 0x00    ........
0078   0x00 0x00 0x00 0x00 0x00 0x00 0x00 0x00    ........
0080   0x07 0x00 0x00 0x00 0x00 0x1a 0x80 0x6c    .......l
