WARNING: No route found for IPv6 destination :: (no default route?)
## START logs/ReadHistoryData-page-7.data
#### RECORD 0 ChangeBasalProfile 2000-01-01T03:50:10 head[2], body[42] 0x08
    op hex (2)
    0000   0x08 0x10                                  ..
    decimal
              8   16
    datetime (2000-01-01T03:50:10)
    0000   0x0a 0x72 0x43 0x01 0x00                   .rC..
    body (42)
    hex
    0000   0x00 0x02 0x00 0x02 0x04 0x00 0x04 0x08    ........
    0008   0x00 0x06 0x0c 0x00 0x08 0x10 0x00 0x0a    ........
    0010   0x14 0x00 0x0d 0x1a 0x00 0x0e 0x1c 0x00    ........
    0018   0x10 0x20 0x00 0x12 0x24 0x00 0x14 0x28    . ..$..(
    0020   0x00 0x16 0x2c 0x00 0x18 0x30 0x00 0x1a    ..,..0..
    0028   0x34 0x00                                  4.
    decimal
              0    2    0    2    4    0    4    8
              0    6   12    0    8   16    0   10
             20    0   13   26    0   14   28    0
             16   32    0   18   36    0   20   40
              0   22   44    0   24   48    0   26
             52    0
    HOUR BITS: [0, 1, 1]

Traceback (most recent call last):
  File "list_opcodes.py", line 303, in <module>
    main( )
  File "list_opcodes.py", line 287, in main
    records = find_dates(stream)
  File "list_opcodes.py", line 233, in find_dates
    assert datetime is not None, "\n%s" % lib.hexdump(bolus)
AssertionError: 
0000   0x1c 0x38 0x00 0x1e 0x40 0x00 0x00         .8..@..
