INFO:__main__:howdy! I'm going to take a look at your carelink usb stick.
INFO:link:Link opened serial port: Serial<id=0x128e9d0, open=True>(port='/dev/ttyUSB0', baudrate=9600, bytesize=8, parity='N', stopbits=1, timeout=0.5, xonxoff=False, rtscts=False, dsrdtr=False)
INFO:__main__:PROCESS:OPEN:0.014
INFO:__main__:PROCESS:START:0.076:ProductInfo:0x04
INFO:__main__:link Stick transmit[None] reader[None] download_i[False] status[None] poll_size[None] poll_i[None] command[<ProductInfo:0x04:size(64)>] processing ProductInfo:0x04)
INFO:__main__:send_force_read: attempt 0/5 send command, read until we get something within some timeout
INFO:__main__:link Stick transmit[None] reader[None] download_i[False] status[None] poll_size[None] poll_i[None] command[<ProductInfo:0x04:size(64)>] sending ProductInfo:0x04)
INFO:root:usb.write.len: 3
0000   0x04 0x00 0x00                             ...
DEBUG:__main__:sleeping 0.001
INFO:root:usb.read.len: 64
INFO:root:usb.read.raw:
0000   0x01 0x55 0x00 0x0b 0x30 0x00 0x00 0x00    .U..0...
0008   0x00 0x43 0x6f 0x6d 0x4c 0x69 0x6e 0x6b    .ComLink
0010   0x20 0x49 0x49 0x01 0x10 0x02 0x00 0x01     II.....
0018   0x01 0x03 0x00 0x00 0x00 0x00 0x00 0x00    ........
0020   0x00 0x00 0x00 0x00 0x00 0x00 0x00 0x00    ........
0028   0x00 0x00 0x00 0x00 0x00 0x00 0x00 0x00    ........
0030   0x00 0x00 0x00 0x00 0x00 0x00 0x00 0x00    ........
0038   0x00 0x00 0x00 0x00 0x00 0x00 0x00 0x00    ........
INFO:__main__:quit send_force_read, found len: 64 expected 64 after 0 attempts
INFO:__main__:finished processing ProductInfo:0x04, {'description': 'ComLink II', 'software.version': '1.16', 'interfaces': [(0, 'Paradigm RF'), (1, 'USB')], 'product.version': '0.0', 'rf.freq': '916.5Mhz', 'serial': '0b3000'}
INFO:__main__:PROCESS:END:3.137:ProductInfo:0x04
INFO:__main__:{'description': 'ComLink II', 'software.version': '1.16', 'interfaces': [(0, 'Paradigm RF'), (1, 'USB')], 'product.version': '0.0', 'rf.freq': '916.5Mhz', 'serial': '0b3000'}
INFO:__main__:PROCESS:START:3.256:ProductInfo:0x04
INFO:__main__:link Stick transmit[None] reader[None] download_i[False] status[None] poll_size[None] poll_i[None] command[<ProductInfo:0x04:size(64)>] processing ProductInfo:0x04)
INFO:__main__:send_force_read: attempt 0/5 send command, read until we get something within some timeout
INFO:__main__:link Stick transmit[None] reader[None] download_i[False] status[None] poll_size[None] poll_i[None] command[<ProductInfo:0x04:size(64)>] sending ProductInfo:0x04)
INFO:root:usb.write.len: 3
0000   0x04 0x00 0x00                             ...
DEBUG:__main__:sleeping 0.001
INFO:root:usb.read.len: 64
INFO:root:usb.read.raw:
0000   0x01 0x55 0x00 0x0b 0x30 0x00 0x00 0x00    .U..0...
0008   0x00 0x43 0x6f 0x6d 0x4c 0x69 0x6e 0x6b    .ComLink
0010   0x20 0x49 0x49 0x01 0x10 0x02 0x00 0x01     II.....
0018   0x01 0x03 0x00 0x00 0x00 0x00 0x00 0x00    ........
0020   0x00 0x00 0x00 0x00 0x00 0x00 0x00 0x00    ........
0028   0x00 0x00 0x00 0x00 0x00 0x00 0x00 0x00    ........
0030   0x00 0x00 0x00 0x00 0x00 0x00 0x00 0x00    ........
0038   0x00 0x00 0x00 0x00 0x00 0x00 0x00 0x00    ........
INFO:__main__:quit send_force_read, found len: 64 expected 64 after 0 attempts
INFO:__main__:finished processing ProductInfo:0x04, {'description': 'ComLink II', 'software.version': '1.16', 'interfaces': [(0, 'Paradigm RF'), (1, 'USB')], 'product.version': '0.0', 'rf.freq': '916.5Mhz', 'serial': '0b3000'}
INFO:__main__:PROCESS:END:5.796:ProductInfo:0x04
INFO:__main__:{'description': 'ComLink II', 'software.version': '1.16', 'interfaces': [(0, 'Paradigm RF'), (1, 'USB')], 'product.version': '0.0', 'rf.freq': '916.5Mhz', 'serial': '0b3000'}
INFO:__main__:get signal strength of Stick transmit[None] reader[None] download_i[False] status[None] poll_size[None] poll_i[None] command[<ProductInfo:0x04:size(64)>]
INFO:__main__:PROCESS:START:5.975:SignalStrength:0x06 0x00
INFO:__main__:link Stick transmit[None] reader[None] download_i[False] status[None] poll_size[None] poll_i[None] command[<SignalStrength:0x06 0x00:size(64)>] processing SignalStrength:0x06 0x00)
INFO:__main__:send_force_read: attempt 0/5 send command, read until we get something within some timeout
INFO:__main__:link Stick transmit[None] reader[None] download_i[False] status[None] poll_size[None] poll_i[None] command[<SignalStrength:0x06 0x00:size(64)>] sending SignalStrength:0x06 0x00)
INFO:root:usb.write.len: 3
0000   0x06 0x00 0x00                             ...
DEBUG:__main__:sleeping 0.001
INFO:root:usb.read.len: 64
INFO:root:usb.read.raw:
0000   0x01 0x55 0x00 0xbc 0x30 0x00 0x00 0x00    .U..0...
0008   0x00 0x43 0x6f 0x6d 0x4c 0x69 0x6e 0x6b    .ComLink
0010   0x20 0x49 0x49 0x01 0x10 0x02 0x00 0x01     II.....
0018   0x01 0x03 0x00 0x00 0x00 0x00 0x00 0x00    ........
0020   0x00 0x00 0x00 0x00 0x00 0x00 0x00 0x00    ........
0028   0x00 0x00 0x00 0x00 0x00 0x00 0x00 0x00    ........
0030   0x00 0x00 0x00 0x00 0x00 0x00 0x00 0x00    ........
0038   0x00 0x00 0x00 0x00 0x00 0x00 0x00 0x00    ........
INFO:__main__:quit send_force_read, found len: 64 expected 64 after 0 attempts
INFO:__main__:<SignalStrength:0x06 0x00:size(64)>:readSignalStrength:188
INFO:__main__:finished processing SignalStrength:0x06 0x00, 188
INFO:__main__:PROCESS:END:8.823:SignalStrength:0x06 0x00
INFO:__main__:we seem to have found a nice signal strength of: 188
INFO:__main__:test fetching product info Stick transmit[None] reader[None] download_i[False] status[None] poll_size[None] poll_i[None] command[<SignalStrength:0x06 0x00:size(64)>]
INFO:__main__:PROCESS:START:8.986:ProductInfo:0x04
INFO:__main__:link Stick transmit[None] reader[None] download_i[False] status[None] poll_size[None] poll_i[None] command[<ProductInfo:0x04:size(64)>] processing ProductInfo:0x04)
INFO:__main__:send_force_read: attempt 0/5 send command, read until we get something within some timeout
INFO:__main__:link Stick transmit[None] reader[None] download_i[False] status[None] poll_size[None] poll_i[None] command[<ProductInfo:0x04:size(64)>] sending ProductInfo:0x04)
INFO:root:usb.write.len: 3
0000   0x04 0x00 0x00                             ...
DEBUG:__main__:sleeping 0.001
INFO:root:usb.read.len: 64
INFO:root:usb.read.raw:
0000   0x01 0x55 0x00 0x0b 0x30 0x00 0x00 0x00    .U..0...
0008   0x00 0x43 0x6f 0x6d 0x4c 0x69 0x6e 0x6b    .ComLink
0010   0x20 0x49 0x49 0x01 0x10 0x02 0x00 0x01     II.....
0018   0x01 0x03 0x00 0x00 0x00 0x00 0x00 0x00    ........
0020   0x00 0x00 0x00 0x00 0x00 0x00 0x00 0x00    ........
0028   0x00 0x00 0x00 0x00 0x00 0x00 0x00 0x00    ........
0030   0x00 0x00 0x00 0x00 0x00 0x00 0x00 0x00    ........
0038   0x00 0x00 0x00 0x00 0x00 0x00 0x00 0x00    ........
INFO:__main__:quit send_force_read, found len: 64 expected 64 after 0 attempts
INFO:__main__:finished processing ProductInfo:0x04, {'description': 'ComLink II', 'software.version': '1.16', 'interfaces': [(0, 'Paradigm RF'), (1, 'USB')], 'product.version': '0.0', 'rf.freq': '916.5Mhz', 'serial': '0b3000'}
INFO:__main__:PROCESS:END:11.803:ProductInfo:0x04
INFO:__main__:{'description': 'ComLink II',
 'interfaces': [(0, 'Paradigm RF'), (1, 'USB')],
 'product.version': '0.0',
 'rf.freq': '916.5Mhz',
 'serial': '0b3000',
 'software.version': '1.16'}
INFO:__main__:get signal strength of Stick transmit[None] reader[None] download_i[False] status[None] poll_size[None] poll_i[None] command[<ProductInfo:0x04:size(64)>]
INFO:__main__:PROCESS:START:12.325:SignalStrength:0x06 0x00
INFO:__main__:link Stick transmit[None] reader[None] download_i[False] status[None] poll_size[None] poll_i[None] command[<SignalStrength:0x06 0x00:size(64)>] processing SignalStrength:0x06 0x00)
INFO:__main__:send_force_read: attempt 0/5 send command, read until we get something within some timeout
INFO:__main__:link Stick transmit[None] reader[None] download_i[False] status[None] poll_size[None] poll_i[None] command[<SignalStrength:0x06 0x00:size(64)>] sending SignalStrength:0x06 0x00)
INFO:root:usb.write.len: 3
0000   0x06 0x00 0x00                             ...
DEBUG:__main__:sleeping 0.001
INFO:root:usb.read.len: 64
INFO:root:usb.read.raw:
0000   0x01 0x55 0x00 0xbb 0x30 0x00 0x00 0x00    .U..0...
0008   0x00 0x43 0x6f 0x6d 0x4c 0x69 0x6e 0x6b    .ComLink
0010   0x20 0x49 0x49 0x01 0x10 0x02 0x00 0x01     II.....
0018   0x01 0x03 0x00 0x00 0x00 0x00 0x00 0x00    ........
0020   0x00 0x00 0x00 0x00 0x00 0x00 0x00 0x00    ........
0028   0x00 0x00 0x00 0x00 0x00 0x00 0x00 0x00    ........
0030   0x00 0x00 0x00 0x00 0x00 0x00 0x00 0x00    ........
0038   0x00 0x00 0x00 0x00 0x00 0x00 0x00 0x00    ........
INFO:__main__:quit send_force_read, found len: 64 expected 64 after 0 attempts
INFO:__main__:<SignalStrength:0x06 0x00:size(64)>:readSignalStrength:187
INFO:__main__:finished processing SignalStrength:0x06 0x00, 187
INFO:__main__:PROCESS:END:14.863:SignalStrength:0x06 0x00
INFO:__main__:we seem to have found a nice signal strength of: 187
INFO:__main__:at this point, we could issue remote commands to a medical
    device, let's inspect the interfaces
INFO:__main__:PROCESS:START:15.021:UsbStats:0x05 0x01
INFO:__main__:link Stick transmit[None] reader[None] download_i[False] status[None] poll_size[None] poll_i[None] command[<UsbStats:0x05 0x01:size(64)>] processing UsbStats:0x05 0x01)
INFO:__main__:send_force_read: attempt 0/5 send command, read until we get something within some timeout
INFO:__main__:link Stick transmit[None] reader[None] download_i[False] status[None] poll_size[None] poll_i[None] command[<UsbStats:0x05 0x01:size(64)>] sending UsbStats:0x05 0x01)
INFO:root:usb.write.len: 3
0000   0x05 0x01 0x00                             ...
DEBUG:__main__:sleeping 0.001
INFO:root:usb.read.len: 64
INFO:root:usb.read.raw:
0000   0x01 0x55 0x00 0x00 0x00 0x00 0x00 0x00    .U......
0008   0x00 0x00 0x1c 0x00 0x00 0x00 0x1c 0x00    ........
0010   0x1d 0x00 0x1c 0x00 0x1c 0x04 0x00 0x00    ........
0018   0x05 0x03 0x00 0x00 0x00 0x00 0x00 0x00    ........
0020   0x00 0x00 0x00 0x00 0x00 0x00 0x00 0x00    ........
0028   0x00 0x00 0x00 0x00 0x00 0x00 0x00 0x00    ........
0030   0x00 0x00 0x00 0x00 0x00 0x00 0x00 0x00    ........
0038   0x00 0x00 0x00 0x00 0x00 0x00 0x00 0x00    ........
INFO:__main__:quit send_force_read, found len: 64 expected 64 after 0 attempts
INFO:__main__:finished processing UsbStats:0x05 0x01, {'errors.timeouts': 0, 'packets.transmit': 28L, 'errors.naks': 0, 'errors.sequence': 0, 'packets.received': 28L, 'errors.crc': 0}
INFO:__main__:PROCESS:END:17.806:UsbStats:0x05 0x01
INFO:__main__:PROCESS:START:17.874:RadioStats:0x05 0x00
INFO:__main__:link Stick transmit[None] reader[None] download_i[False] status[None] poll_size[None] poll_i[None] command[<RadioStats:0x05 0x00:size(64)>] processing RadioStats:0x05 0x00)
INFO:__main__:send_force_read: attempt 0/5 send command, read until we get something within some timeout
INFO:__main__:link Stick transmit[None] reader[None] download_i[False] status[None] poll_size[None] poll_i[None] command[<RadioStats:0x05 0x00:size(64)>] sending RadioStats:0x05 0x00)
INFO:root:usb.write.len: 3
0000   0x05 0x00 0x00                             ...
DEBUG:__main__:sleeping 0.001
INFO:root:usb.read.len: 64
INFO:root:usb.read.raw:
0000   0x01 0x55 0x00 0x00 0x00 0x00 0x00 0x00    .U......
0008   0x00 0x00 0x00 0x00 0x00 0x00 0x00 0x00    ........
0010   0x00 0x00 0x00 0x00 0x00 0x00 0x00 0x00    ........
0018   0x00 0x00 0x00 0x00 0x00 0x00 0x00 0x00    ........
0020   0x00 0x01 0x00 0x00 0x00 0x00 0x00 0x00    ........
0028   0x00 0x00 0x00 0x00 0x00 0x00 0x00 0x00    ........
0030   0x00 0x00 0x00 0x00 0x00 0x00 0x00 0x00    ........
0038   0x00 0x00 0x00 0x00 0x00 0x00 0x00 0x00    ........
INFO:__main__:quit send_force_read, found len: 64 expected 64 after 0 attempts
INFO:__main__:finished processing RadioStats:0x05 0x00, {'errors.timeouts': 0, 'packets.transmit': 0L, 'errors.naks': 0, 'errors.sequence': 0, 'packets.received': 0L, 'errors.crc': 0}
INFO:__main__:PROCESS:END:20.781:RadioStats:0x05 0x00
INFO:__main__:{'radio': {'errors.crc': 0,
           'errors.naks': 0,
           'errors.sequence': 0,
           'errors.timeouts': 0,
           'packets.received': 0L,
           'packets.transmit': 0L},
 'usb': {'errors.crc': 0,
         'errors.naks': 0,
         'errors.sequence': 0,
         'errors.timeouts': 0,
         'packets.received': 28L,
         'packets.transmit': 28L}}
INFO:__main__:CLEAR BUFFERS
INFO:__main__:PROCESS:START:21.463:UsbStats:0x05 0x01
INFO:__main__:link Stick transmit[None] reader[None] download_i[False] status[None] poll_size[None] poll_i[None] command[<UsbStats:0x05 0x01:size(64)>] processing UsbStats:0x05 0x01)
INFO:__main__:send_force_read: attempt 0/5 send command, read until we get something within some timeout
INFO:__main__:link Stick transmit[None] reader[None] download_i[False] status[None] poll_size[None] poll_i[None] command[<UsbStats:0x05 0x01:size(64)>] sending UsbStats:0x05 0x01)
INFO:root:usb.write.len: 3
0000   0x05 0x01 0x00                             ...
DEBUG:__main__:sleeping 0.001
INFO:root:usb.read.len: 64
INFO:root:usb.read.raw:
0000   0x01 0x55 0x00 0x00 0x00 0x00 0x00 0x00    .U......
0008   0x00 0x00 0x1e 0x00 0x00 0x00 0x1e 0x00    ........
0010   0x1f 0x00 0x1f 0x00 0x1e 0x04 0x00 0x00    ........
0018   0x05 0x00 0x00 0x00 0x00 0x00 0x00 0x00    ........
0020   0x00 0x01 0x00 0x00 0x00 0x00 0x00 0x00    ........
0028   0x00 0x00 0x00 0x00 0x00 0x00 0x00 0x00    ........
0030   0x00 0x00 0x00 0x00 0x00 0x00 0x00 0x00    ........
0038   0x00 0x00 0x00 0x00 0x00 0x00 0x00 0x00    ........
INFO:__main__:quit send_force_read, found len: 64 expected 64 after 0 attempts
INFO:__main__:finished processing UsbStats:0x05 0x01, {'errors.timeouts': 0, 'packets.transmit': 30L, 'errors.naks': 0, 'errors.sequence': 0, 'packets.received': 30L, 'errors.crc': 0}
INFO:__main__:PROCESS:END:23.784:UsbStats:0x05 0x01
INFO:__main__:PROCESS:START:23.846:RadioStats:0x05 0x00
INFO:__main__:link Stick transmit[None] reader[None] download_i[False] status[None] poll_size[None] poll_i[None] command[<RadioStats:0x05 0x00:size(64)>] processing RadioStats:0x05 0x00)
INFO:__main__:send_force_read: attempt 0/5 send command, read until we get something within some timeout
INFO:__main__:link Stick transmit[None] reader[None] download_i[False] status[None] poll_size[None] poll_i[None] command[<RadioStats:0x05 0x00:size(64)>] sending RadioStats:0x05 0x00)
INFO:root:usb.write.len: 3
0000   0x05 0x00 0x00                             ...
DEBUG:__main__:sleeping 0.001
INFO:root:usb.read.len: 64
INFO:root:usb.read.raw:
0000   0x01 0x55 0x00 0x00 0x00 0x00 0x00 0x00    .U......
0008   0x00 0x00 0x00 0x00 0x00 0x00 0x00 0x00    ........
0010   0x00 0x00 0x00 0x00 0x00 0x00 0x00 0x00    ........
0018   0x00 0x00 0x00 0x00 0x00 0x00 0x00 0x00    ........
0020   0x00 0x01 0x00 0x00 0x00 0x00 0x00 0x00    ........
0028   0x00 0x00 0x00 0x00 0x00 0x00 0x00 0x00    ........
0030   0x00 0x00 0x00 0x00 0x00 0x00 0x00 0x00    ........
0038   0x00 0x00 0x00 0x00 0x00 0x00 0x00 0x00    ........
INFO:__main__:quit send_force_read, found len: 64 expected 64 after 0 attempts
INFO:__main__:finished processing RadioStats:0x05 0x00, {'errors.timeouts': 0, 'packets.transmit': 0L, 'errors.naks': 0, 'errors.sequence': 0, 'packets.received': 0L, 'errors.crc': 0}
INFO:__main__:PROCESS:END:25.735:RadioStats:0x05 0x00
DEBUG:__main__:INTERFACE STATS:
{'radio': {'errors.crc': 0,
           'errors.naks': 0,
           'errors.sequence': 0,
           'errors.timeouts': 0,
           'packets.received': 0L,
           'packets.transmit': 0L},
 'usb': {'errors.crc': 0,
         'errors.naks': 0,
         'errors.sequence': 0,
         'errors.timeouts': 0,
         'packets.received': 30L,
         'packets.transmit': 30L}}
INFO:__main__:XXX:clear_buffer[attempt][0]:segments[0],total_segments[0]:raw[0]:BEGIN :first poll
DEBUG:__main__:<Stick transmit[None] reader[None] download_i[False] status[None] poll_size[None] poll_i[None] command[<RadioStats:0x05 0x00:size(64)>]>:STARTING POLL PHASE:attempt:0
DEBUG:__main__:<Stick transmit[None] reader[None] download_i[False] status[None] poll_size[0] poll_i[0] command[<RadioStats:0x05 0x00:size(64)>]>:poll:attempt:0
INFO:__main__:PROCESS:START:26.534:LinkStatus:0x03:status:size=64
INFO:__main__:link Stick transmit[None] reader[None] download_i[False] status[None] poll_size[0] poll_i[0] command[<LinkStatus:0x03:status:size=64:size(64)>] processing LinkStatus:0x03:status:size=64)
INFO:__main__:send_force_read: attempt 0/5 send command, read until we get something within some timeout
INFO:__main__:link Stick transmit[None] reader[None] download_i[False] status[None] poll_size[0] poll_i[0] command[<LinkStatus:0x03:status:size=64:size(64)>] sending LinkStatus:0x03:status:size=64)
INFO:root:usb.write.len: 3
0000   0x03 0x00 0x00                             ...
DEBUG:__main__:sleeping 0.001
INFO:root:usb.read.len: 64
INFO:root:usb.read.raw:
0000   0x01 0x55 0x00 0x00 0x02 0x00 0x00 0x00    .U......
0008   0x05 0x04 0x00 0x00 0x00 0x00 0x00 0x00    ........
0010   0x00 0x00 0x00 0x00 0x00 0x00 0x00 0x00    ........
0018   0x00 0x00 0x00 0x00 0x00 0x00 0x00 0x00    ........
0020   0x00 0x01 0x00 0x00 0x00 0x00 0x00 0x00    ........
0028   0x00 0x00 0x00 0x00 0x00 0x00 0x00 0x00    ........
0030   0x00 0x00 0x00 0x00 0x00 0x00 0x00 0x00    ........
0038   0x00 0x00 0x00 0x00 0x00 0x00 0x00 0x00    ........
INFO:__main__:quit send_force_read, found len: 64 expected 64 after 0 attempts
INFO:__main__:LinkStatus:0x03:status:size=??LinkStatus:error:True:reason:['OK']

INFO:__main__:finished processing LinkStatus:0x03:status:size=??LinkStatus:error:True:reason:[], 0
INFO:__main__:PROCESS:END:28.842:LinkStatus:0x03:status:size=??LinkStatus:error:True:reason:[]
DEBUG:__main__:poll zero, sleeping in POLL, .100
DEBUG:__main__:<Stick transmit[None] reader[None] download_i[False] status[<LinkStatus:0x03:status:size=??LinkStatus:error:True:reason:[]:size(0)>] poll_size[0] poll_i[1] command[<LinkStatus:0x03:status:size=??LinkStatus:error:True:reason:[]:size(0)>]>:poll:attempt:1
INFO:__main__:PROCESS:START:129.26:LinkStatus:0x03:status:size=64
INFO:__main__:link Stick transmit[None] reader[None] download_i[False] status[<LinkStatus:0x03:status:size=??LinkStatus:error:True:reason:[]:size(0)>] poll_size[0] poll_i[1] command[<LinkStatus:0x03:status:size=64:size(64)>] processing LinkStatus:0x03:status:size=64)
INFO:__main__:send_force_read: attempt 0/5 send command, read until we get something within some timeout
INFO:__main__:link Stick transmit[None] reader[None] download_i[False] status[<LinkStatus:0x03:status:size=??LinkStatus:error:True:reason:[]:size(0)>] poll_size[0] poll_i[1] command[<LinkStatus:0x03:status:size=64:size(64)>] sending LinkStatus:0x03:status:size=64)
INFO:root:usb.write.len: 3
0000   0x03 0x00 0x00                             ...
DEBUG:__main__:sleeping 0.001
INFO:root:usb.read.len: 64
INFO:root:usb.read.raw:
0000   0x01 0x55 0x00 0x00 0x02 0x00 0x00 0x00    .U......
0008   0x05 0x04 0x00 0x00 0x00 0x00 0x00 0x00    ........
0010   0x00 0x00 0x00 0x00 0x00 0x00 0x00 0x00    ........
0018   0x00 0x00 0x00 0x00 0x00 0x00 0x00 0x00    ........
0020   0x00 0x01 0x00 0x00 0x00 0x00 0x00 0x00    ........
0028   0x00 0x00 0x00 0x00 0x00 0x00 0x00 0x00    ........
0030   0x00 0x00 0x00 0x00 0x00 0x00 0x00 0x00    ........
0038   0x00 0x00 0x00 0x00 0x00 0x00 0x00 0x00    ........
INFO:__main__:quit send_force_read, found len: 64 expected 64 after 0 attempts
INFO:__main__:LinkStatus:0x03:status:size=??LinkStatus:error:True:reason:['OK']

INFO:__main__:finished processing LinkStatus:0x03:status:size=??LinkStatus:error:True:reason:[], 0
INFO:__main__:PROCESS:END:131.847:LinkStatus:0x03:status:size=??LinkStatus:error:True:reason:[]
DEBUG:__main__:poll zero, sleeping in POLL, .100
DEBUG:__main__:<Stick transmit[None] reader[None] download_i[False] status[<LinkStatus:0x03:status:size=??LinkStatus:error:True:reason:[]:size(0)>] poll_size[0] poll_i[2] command[<LinkStatus:0x03:status:size=??LinkStatus:error:True:reason:[]:size(0)>]>:poll:attempt:2
INFO:__main__:PROCESS:START:232.258:LinkStatus:0x03:status:size=64
INFO:__main__:link Stick transmit[None] reader[None] download_i[False] status[<LinkStatus:0x03:status:size=??LinkStatus:error:True:reason:[]:size(0)>] poll_size[0] poll_i[2] command[<LinkStatus:0x03:status:size=64:size(64)>] processing LinkStatus:0x03:status:size=64)
INFO:__main__:send_force_read: attempt 0/5 send command, read until we get something within some timeout
INFO:__main__:link Stick transmit[None] reader[None] download_i[False] status[<LinkStatus:0x03:status:size=??LinkStatus:error:True:reason:[]:size(0)>] poll_size[0] poll_i[2] command[<LinkStatus:0x03:status:size=64:size(64)>] sending LinkStatus:0x03:status:size=64)
INFO:root:usb.write.len: 3
0000   0x03 0x00 0x00                             ...
DEBUG:__main__:sleeping 0.001
INFO:root:usb.read.len: 64
INFO:root:usb.read.raw:
0000   0x01 0x55 0x00 0x00 0x02 0x00 0x00 0x00    .U......
0008   0x05 0x04 0x00 0x00 0x00 0x00 0x00 0x00    ........
0010   0x00 0x00 0x00 0x00 0x00 0x00 0x00 0x00    ........
0018   0x00 0x00 0x00 0x00 0x00 0x00 0x00 0x00    ........
0020   0x00 0x01 0x00 0x00 0x00 0x00 0x00 0x00    ........
0028   0x00 0x00 0x00 0x00 0x00 0x00 0x00 0x00    ........
0030   0x00 0x00 0x00 0x00 0x00 0x00 0x00 0x00    ........
0038   0x00 0x00 0x00 0x00 0x00 0x00 0x00 0x00    ........
INFO:__main__:quit send_force_read, found len: 64 expected 64 after 0 attempts
INFO:__main__:LinkStatus:0x03:status:size=??LinkStatus:error:True:reason:['OK']

INFO:__main__:finished processing LinkStatus:0x03:status:size=??LinkStatus:error:True:reason:[], 0
INFO:__main__:PROCESS:END:234.864:LinkStatus:0x03:status:size=??LinkStatus:error:True:reason:[]
DEBUG:__main__:poll zero, sleeping in POLL, .100
DEBUG:__main__:<Stick transmit[None] reader[None] download_i[False] status[<LinkStatus:0x03:status:size=??LinkStatus:error:True:reason:[]:size(0)>] poll_size[0] poll_i[3] command[<LinkStatus:0x03:status:size=??LinkStatus:error:True:reason:[]:size(0)>]>:poll:attempt:3
INFO:__main__:PROCESS:START:335.27:LinkStatus:0x03:status:size=64
INFO:__main__:link Stick transmit[None] reader[None] download_i[False] status[<LinkStatus:0x03:status:size=??LinkStatus:error:True:reason:[]:size(0)>] poll_size[0] poll_i[3] command[<LinkStatus:0x03:status:size=64:size(64)>] processing LinkStatus:0x03:status:size=64)
INFO:__main__:send_force_read: attempt 0/5 send command, read until we get something within some timeout
INFO:__main__:link Stick transmit[None] reader[None] download_i[False] status[<LinkStatus:0x03:status:size=??LinkStatus:error:True:reason:[]:size(0)>] poll_size[0] poll_i[3] command[<LinkStatus:0x03:status:size=64:size(64)>] sending LinkStatus:0x03:status:size=64)
INFO:root:usb.write.len: 3
0000   0x03 0x00 0x00                             ...
DEBUG:__main__:sleeping 0.001
INFO:root:usb.read.len: 64
INFO:root:usb.read.raw:
0000   0x01 0x55 0x00 0x00 0x02 0x00 0x00 0x00    .U......
0008   0x05 0x04 0x00 0x00 0x00 0x00 0x00 0x00    ........
0010   0x00 0x00 0x00 0x00 0x00 0x00 0x00 0x00    ........
0018   0x00 0x00 0x00 0x00 0x00 0x00 0x00 0x00    ........
0020   0x00 0x01 0x00 0x00 0x00 0x00 0x00 0x00    ........
0028   0x00 0x00 0x00 0x00 0x00 0x00 0x00 0x00    ........
0030   0x00 0x00 0x00 0x00 0x00 0x00 0x00 0x00    ........
0038   0x00 0x00 0x00 0x00 0x00 0x00 0x00 0x00    ........
INFO:__main__:quit send_force_read, found len: 64 expected 64 after 0 attempts
INFO:__main__:LinkStatus:0x03:status:size=??LinkStatus:error:True:reason:['OK']

INFO:__main__:finished processing LinkStatus:0x03:status:size=??LinkStatus:error:True:reason:[], 0
INFO:__main__:PROCESS:END:337.846:LinkStatus:0x03:status:size=??LinkStatus:error:True:reason:[]
DEBUG:__main__:poll zero, sleeping in POLL, .100
DEBUG:__main__:<Stick transmit[None] reader[None] download_i[False] status[<LinkStatus:0x03:status:size=??LinkStatus:error:True:reason:[]:size(0)>] poll_size[0] poll_i[4] command[<LinkStatus:0x03:status:size=??LinkStatus:error:True:reason:[]:size(0)>]>:poll:attempt:4
INFO:__main__:PROCESS:START:438.221:LinkStatus:0x03:status:size=64
INFO:__main__:link Stick transmit[None] reader[None] download_i[False] status[<LinkStatus:0x03:status:size=??LinkStatus:error:True:reason:[]:size(0)>] poll_size[0] poll_i[4] command[<LinkStatus:0x03:status:size=64:size(64)>] processing LinkStatus:0x03:status:size=64)
INFO:__main__:send_force_read: attempt 0/5 send command, read until we get something within some timeout
INFO:__main__:link Stick transmit[None] reader[None] download_i[False] status[<LinkStatus:0x03:status:size=??LinkStatus:error:True:reason:[]:size(0)>] poll_size[0] poll_i[4] command[<LinkStatus:0x03:status:size=64:size(64)>] sending LinkStatus:0x03:status:size=64)
INFO:root:usb.write.len: 3
0000   0x03 0x00 0x00                             ...
DEBUG:__main__:sleeping 0.001
INFO:root:usb.read.len: 64
INFO:root:usb.read.raw:
0000   0x01 0x55 0x00 0x00 0x02 0x00 0x00 0x00    .U......
0008   0x05 0x04 0x00 0x00 0x00 0x00 0x00 0x00    ........
0010   0x00 0x00 0x00 0x00 0x00 0x00 0x00 0x00    ........
0018   0x00 0x00 0x00 0x00 0x00 0x00 0x00 0x00    ........
0020   0x00 0x01 0x00 0x00 0x00 0x00 0x00 0x00    ........
0028   0x00 0x00 0x00 0x00 0x00 0x00 0x00 0x00    ........
0030   0x00 0x00 0x00 0x00 0x00 0x00 0x00 0x00    ........
0038   0x00 0x00 0x00 0x00 0x00 0x00 0x00 0x00    ........
INFO:__main__:quit send_force_read, found len: 64 expected 64 after 0 attempts
INFO:__main__:LinkStatus:0x03:status:size=??LinkStatus:error:True:reason:['OK']

INFO:__main__:finished processing LinkStatus:0x03:status:size=??LinkStatus:error:True:reason:[], 0
INFO:__main__:PROCESS:END:440.847:LinkStatus:0x03:status:size=??LinkStatus:error:True:reason:[]
DEBUG:__main__:poll zero, sleeping in POLL, .100
DEBUG:__main__:<Stick transmit[None] reader[None] download_i[False] status[<LinkStatus:0x03:status:size=??LinkStatus:error:True:reason:[]:size(0)>] poll_size[0] poll_i[5] command[<LinkStatus:0x03:status:size=??LinkStatus:error:True:reason:[]:size(0)>]>:poll:attempt:5
INFO:__main__:PROCESS:START:541.257:LinkStatus:0x03:status:size=64
INFO:__main__:link Stick transmit[None] reader[None] download_i[False] status[<LinkStatus:0x03:status:size=??LinkStatus:error:True:reason:[]:size(0)>] poll_size[0] poll_i[5] command[<LinkStatus:0x03:status:size=64:size(64)>] processing LinkStatus:0x03:status:size=64)
INFO:__main__:send_force_read: attempt 0/5 send command, read until we get something within some timeout
INFO:__main__:link Stick transmit[None] reader[None] download_i[False] status[<LinkStatus:0x03:status:size=??LinkStatus:error:True:reason:[]:size(0)>] poll_size[0] poll_i[5] command[<LinkStatus:0x03:status:size=64:size(64)>] sending LinkStatus:0x03:status:size=64)
INFO:root:usb.write.len: 3
0000   0x03 0x00 0x00                             ...
DEBUG:__main__:sleeping 0.001
INFO:root:usb.read.len: 64
INFO:root:usb.read.raw:
0000   0x01 0x55 0x00 0x00 0x02 0x00 0x00 0x00    .U......
0008   0x05 0x04 0x00 0x00 0x00 0x00 0x00 0x00    ........
0010   0x00 0x00 0x00 0x00 0x00 0x00 0x00 0x00    ........
0018   0x00 0x00 0x00 0x00 0x00 0x00 0x00 0x00    ........
0020   0x00 0x01 0x00 0x00 0x00 0x00 0x00 0x00    ........
0028   0x00 0x00 0x00 0x00 0x00 0x00 0x00 0x00    ........
0030   0x00 0x00 0x00 0x00 0x00 0x00 0x00 0x00    ........
0038   0x00 0x00 0x00 0x00 0x00 0x00 0x00 0x00    ........
INFO:__main__:quit send_force_read, found len: 64 expected 64 after 0 attempts
INFO:__main__:LinkStatus:0x03:status:size=??LinkStatus:error:True:reason:['OK']

INFO:__main__:finished processing LinkStatus:0x03:status:size=??LinkStatus:error:True:reason:[], 0
INFO:__main__:PROCESS:END:543.883:LinkStatus:0x03:status:size=??LinkStatus:error:True:reason:[]
DEBUG:__main__:poll zero, sleeping in POLL, .100
DEBUG:__main__:<Stick transmit[None] reader[None] download_i[False] status[<LinkStatus:0x03:status:size=??LinkStatus:error:True:reason:[]:size(0)>] poll_size[0] poll_i[6] command[<LinkStatus:0x03:status:size=??LinkStatus:error:True:reason:[]:size(0)>]>:poll:attempt:6
INFO:__main__:PROCESS:START:644.323:LinkStatus:0x03:status:size=64
INFO:__main__:link Stick transmit[None] reader[None] download_i[False] status[<LinkStatus:0x03:status:size=??LinkStatus:error:True:reason:[]:size(0)>] poll_size[0] poll_i[6] command[<LinkStatus:0x03:status:size=64:size(64)>] processing LinkStatus:0x03:status:size=64)
INFO:__main__:send_force_read: attempt 0/5 send command, read until we get something within some timeout
INFO:__main__:link Stick transmit[None] reader[None] download_i[False] status[<LinkStatus:0x03:status:size=??LinkStatus:error:True:reason:[]:size(0)>] poll_size[0] poll_i[6] command[<LinkStatus:0x03:status:size=64:size(64)>] sending LinkStatus:0x03:status:size=64)
INFO:root:usb.write.len: 3
0000   0x03 0x00 0x00                             ...
DEBUG:__main__:sleeping 0.001
INFO:root:usb.read.len: 64
INFO:root:usb.read.raw:
0000   0x01 0x55 0x00 0x00 0x02 0x00 0x00 0x00    .U......
0008   0x05 0x04 0x00 0x00 0x00 0x00 0x00 0x00    ........
0010   0x00 0x00 0x00 0x00 0x00 0x00 0x00 0x00    ........
0018   0x00 0x00 0x00 0x00 0x00 0x00 0x00 0x00    ........
0020   0x00 0x01 0x00 0x00 0x00 0x00 0x00 0x00    ........
0028   0x00 0x00 0x00 0x00 0x00 0x00 0x00 0x00    ........
0030   0x00 0x00 0x00 0x00 0x00 0x00 0x00 0x00    ........
0038   0x00 0x00 0x00 0x00 0x00 0x00 0x00 0x00    ........
INFO:__main__:quit send_force_read, found len: 64 expected 64 after 0 attempts
INFO:__main__:LinkStatus:0x03:status:size=??LinkStatus:error:True:reason:['OK']

INFO:__main__:finished processing LinkStatus:0x03:status:size=??LinkStatus:error:True:reason:[], 0
INFO:__main__:PROCESS:END:646.844:LinkStatus:0x03:status:size=??LinkStatus:error:True:reason:[]
DEBUG:__main__:poll zero, sleeping in POLL, .100
DEBUG:__main__:<Stick transmit[None] reader[None] download_i[False] status[<LinkStatus:0x03:status:size=??LinkStatus:error:True:reason:[]:size(0)>] poll_size[0] poll_i[7] command[<LinkStatus:0x03:status:size=??LinkStatus:error:True:reason:[]:size(0)>]>:poll:attempt:7
INFO:__main__:PROCESS:START:747.262:LinkStatus:0x03:status:size=64
INFO:__main__:link Stick transmit[None] reader[None] download_i[False] status[<LinkStatus:0x03:status:size=??LinkStatus:error:True:reason:[]:size(0)>] poll_size[0] poll_i[7] command[<LinkStatus:0x03:status:size=64:size(64)>] processing LinkStatus:0x03:status:size=64)
INFO:__main__:send_force_read: attempt 0/5 send command, read until we get something within some timeout
INFO:__main__:link Stick transmit[None] reader[None] download_i[False] status[<LinkStatus:0x03:status:size=??LinkStatus:error:True:reason:[]:size(0)>] poll_size[0] poll_i[7] command[<LinkStatus:0x03:status:size=64:size(64)>] sending LinkStatus:0x03:status:size=64)
INFO:root:usb.write.len: 3
0000   0x03 0x00 0x00                             ...
DEBUG:__main__:sleeping 0.001
INFO:root:usb.read.len: 64
INFO:root:usb.read.raw:
0000   0x01 0x55 0x00 0x00 0x02 0x00 0x00 0x00    .U......
0008   0x05 0x04 0x00 0x00 0x00 0x00 0x00 0x00    ........
0010   0x00 0x00 0x00 0x00 0x00 0x00 0x00 0x00    ........
0018   0x00 0x00 0x00 0x00 0x00 0x00 0x00 0x00    ........
0020   0x00 0x01 0x00 0x00 0x00 0x00 0x00 0x00    ........
0028   0x00 0x00 0x00 0x00 0x00 0x00 0x00 0x00    ........
0030   0x00 0x00 0x00 0x00 0x00 0x00 0x00 0x00    ........
0038   0x00 0x00 0x00 0x00 0x00 0x00 0x00 0x00    ........
INFO:__main__:quit send_force_read, found len: 64 expected 64 after 0 attempts
INFO:__main__:LinkStatus:0x03:status:size=??LinkStatus:error:True:reason:['OK']

INFO:__main__:finished processing LinkStatus:0x03:status:size=??LinkStatus:error:True:reason:[], 0
INFO:__main__:PROCESS:END:749.885:LinkStatus:0x03:status:size=??LinkStatus:error:True:reason:[]
DEBUG:__main__:poll zero, sleeping in POLL, .100
DEBUG:__main__:<Stick transmit[None] reader[None] download_i[False] status[<LinkStatus:0x03:status:size=??LinkStatus:error:True:reason:[]:size(0)>] poll_size[0] poll_i[8] command[<LinkStatus:0x03:status:size=??LinkStatus:error:True:reason:[]:size(0)>]>:poll:attempt:8
INFO:__main__:PROCESS:START:850.241:LinkStatus:0x03:status:size=64
INFO:__main__:link Stick transmit[None] reader[None] download_i[False] status[<LinkStatus:0x03:status:size=??LinkStatus:error:True:reason:[]:size(0)>] poll_size[0] poll_i[8] command[<LinkStatus:0x03:status:size=64:size(64)>] processing LinkStatus:0x03:status:size=64)
INFO:__main__:send_force_read: attempt 0/5 send command, read until we get something within some timeout
INFO:__main__:link Stick transmit[None] reader[None] download_i[False] status[<LinkStatus:0x03:status:size=??LinkStatus:error:True:reason:[]:size(0)>] poll_size[0] poll_i[8] command[<LinkStatus:0x03:status:size=64:size(64)>] sending LinkStatus:0x03:status:size=64)
INFO:root:usb.write.len: 3
0000   0x03 0x00 0x00                             ...
DEBUG:__main__:sleeping 0.001
INFO:root:usb.read.len: 64
INFO:root:usb.read.raw:
0000   0x01 0x55 0x00 0x00 0x02 0x00 0x00 0x00    .U......
0008   0x05 0x04 0x00 0x00 0x00 0x00 0x00 0x00    ........
0010   0x00 0x00 0x00 0x00 0x00 0x00 0x00 0x00    ........
0018   0x00 0x00 0x00 0x00 0x00 0x00 0x00 0x00    ........
0020   0x00 0x01 0x00 0x00 0x00 0x00 0x00 0x00    ........
0028   0x00 0x00 0x00 0x00 0x00 0x00 0x00 0x00    ........
0030   0x00 0x00 0x00 0x00 0x00 0x00 0x00 0x00    ........
0038   0x00 0x00 0x00 0x00 0x00 0x00 0x00 0x00    ........
INFO:__main__:quit send_force_read, found len: 64 expected 64 after 0 attempts
INFO:__main__:LinkStatus:0x03:status:size=??LinkStatus:error:True:reason:['OK']

INFO:__main__:finished processing LinkStatus:0x03:status:size=??LinkStatus:error:True:reason:[], 0
INFO:__main__:PROCESS:END:852.836:LinkStatus:0x03:status:size=??LinkStatus:error:True:reason:[]
DEBUG:__main__:poll zero, sleeping in POLL, .100
DEBUG:__main__:<Stick transmit[None] reader[None] download_i[False] status[<LinkStatus:0x03:status:size=??LinkStatus:error:True:reason:[]:size(0)>] poll_size[0] poll_i[9] command[<LinkStatus:0x03:status:size=??LinkStatus:error:True:reason:[]:size(0)>]>:poll:attempt:9
INFO:__main__:PROCESS:START:953.298:LinkStatus:0x03:status:size=64
INFO:__main__:link Stick transmit[None] reader[None] download_i[False] status[<LinkStatus:0x03:status:size=??LinkStatus:error:True:reason:[]:size(0)>] poll_size[0] poll_i[9] command[<LinkStatus:0x03:status:size=64:size(64)>] processing LinkStatus:0x03:status:size=64)
INFO:__main__:send_force_read: attempt 0/5 send command, read until we get something within some timeout
INFO:__main__:link Stick transmit[None] reader[None] download_i[False] status[<LinkStatus:0x03:status:size=??LinkStatus:error:True:reason:[]:size(0)>] poll_size[0] poll_i[9] command[<LinkStatus:0x03:status:size=64:size(64)>] sending LinkStatus:0x03:status:size=64)
INFO:root:usb.write.len: 3
0000   0x03 0x00 0x00                             ...
DEBUG:__main__:sleeping 0.001
INFO:root:usb.read.len: 64
INFO:root:usb.read.raw:
0000   0x01 0x55 0x00 0x00 0x02 0x00 0x00 0x00    .U......
0008   0x05 0x04 0x00 0x00 0x00 0x00 0x00 0x00    ........
0010   0x00 0x00 0x00 0x00 0x00 0x00 0x00 0x00    ........
0018   0x00 0x00 0x00 0x00 0x00 0x00 0x00 0x00    ........
0020   0x00 0x01 0x00 0x00 0x00 0x00 0x00 0x00    ........
0028   0x00 0x00 0x00 0x00 0x00 0x00 0x00 0x00    ........
0030   0x00 0x00 0x00 0x00 0x00 0x00 0x00 0x00    ........
0038   0x00 0x00 0x00 0x00 0x00 0x00 0x00 0x00    ........
INFO:__main__:quit send_force_read, found len: 64 expected 64 after 0 attempts
INFO:__main__:LinkStatus:0x03:status:size=??LinkStatus:error:True:reason:['OK']

INFO:__main__:finished processing LinkStatus:0x03:status:size=??LinkStatus:error:True:reason:[], 0
INFO:__main__:PROCESS:END:955.847:LinkStatus:0x03:status:size=??LinkStatus:error:True:reason:[]
DEBUG:__main__:poll zero, sleeping in POLL, .100
INFO:__main__:Stick transmit[None] reader[None] download_i[False] status[<LinkStatus:0x03:status:size=??LinkStatus:error:True:reason:[]:size(0)>] poll_size[0] poll_i[9] command[<LinkStatus:0x03:status:size=??LinkStatus:error:True:reason:[]:size(0)>]:STOP POLL after 10 attempts:size:0
INFO:__main__:XXX:clear_buffer[attempt][0]:segments[0],total_segments[0]:raw[0]:END first poll 0:SHOULD DOWNLOAD :False
INFO:__main__:PROCESS:START:1056.328:UsbStats:0x05 0x01
INFO:__main__:link Stick transmit[None] reader[None] download_i[False] status[<LinkStatus:0x03:status:size=??LinkStatus:error:True:reason:[]:size(0)>] poll_size[0] poll_i[False] command[<UsbStats:0x05 0x01:size(64)>] processing UsbStats:0x05 0x01)
INFO:__main__:send_force_read: attempt 0/5 send command, read until we get something within some timeout
INFO:__main__:link Stick transmit[None] reader[None] download_i[False] status[<LinkStatus:0x03:status:size=??LinkStatus:error:True:reason:[]:size(0)>] poll_size[0] poll_i[False] command[<UsbStats:0x05 0x01:size(64)>] sending UsbStats:0x05 0x01)
INFO:root:usb.write.len: 3
0000   0x05 0x01 0x00                             ...
DEBUG:__main__:sleeping 0.001
INFO:root:usb.read.len: 64
INFO:root:usb.read.raw:
0000   0x01 0x55 0x00 0x00 0x00 0x00 0x00 0x00    .U......
0008   0x00 0x00 0x2a 0x00 0x00 0x00 0x2a 0x00    ..*...*.
0010   0x2b 0x00 0x2b 0x00 0x2a 0x04 0x00 0x00    +.+.*...
0018   0x05 0x00 0x00 0x00 0x00 0x00 0x00 0x00    ........
0020   0x00 0x01 0x00 0x00 0x00 0x00 0x00 0x00    ........
0028   0x00 0x00 0x00 0x00 0x00 0x00 0x00 0x00    ........
0030   0x00 0x00 0x00 0x00 0x00 0x00 0x00 0x00    ........
0038   0x00 0x00 0x00 0x00 0x00 0x00 0x00 0x00    ........
INFO:__main__:quit send_force_read, found len: 64 expected 64 after 0 attempts
INFO:__main__:finished processing UsbStats:0x05 0x01, {'errors.timeouts': 0, 'packets.transmit': 42L, 'errors.naks': 0, 'errors.sequence': 0, 'packets.received': 42L, 'errors.crc': 0}
INFO:__main__:PROCESS:END:1058.771:UsbStats:0x05 0x01
INFO:__main__:PROCESS:START:1058.838:RadioStats:0x05 0x00
INFO:__main__:link Stick transmit[None] reader[None] download_i[False] status[<LinkStatus:0x03:status:size=??LinkStatus:error:True:reason:[]:size(0)>] poll_size[0] poll_i[False] command[<RadioStats:0x05 0x00:size(64)>] processing RadioStats:0x05 0x00)
INFO:__main__:send_force_read: attempt 0/5 send command, read until we get something within some timeout
INFO:__main__:link Stick transmit[None] reader[None] download_i[False] status[<LinkStatus:0x03:status:size=??LinkStatus:error:True:reason:[]:size(0)>] poll_size[0] poll_i[False] command[<RadioStats:0x05 0x00:size(64)>] sending RadioStats:0x05 0x00)
INFO:root:usb.write.len: 3
0000   0x05 0x00 0x00                             ...
DEBUG:__main__:sleeping 0.001
INFO:root:usb.read.len: 64
INFO:root:usb.read.raw:
0000   0x01 0x55 0x00 0x00 0x00 0x00 0x00 0x00    .U......
0008   0x00 0x00 0x00 0x00 0x00 0x00 0x00 0x00    ........
0010   0x00 0x00 0x00 0x00 0x00 0x00 0x00 0x00    ........
0018   0x00 0x00 0x00 0x00 0x00 0x00 0x00 0x00    ........
0020   0x00 0x01 0x00 0x00 0x00 0x00 0x00 0x00    ........
0028   0x00 0x00 0x00 0x00 0x00 0x00 0x00 0x00    ........
0030   0x00 0x00 0x00 0x00 0x00 0x00 0x00 0x00    ........
0038   0x00 0x00 0x00 0x00 0x00 0x00 0x00 0x00    ........
INFO:__main__:quit send_force_read, found len: 64 expected 64 after 0 attempts
INFO:__main__:finished processing RadioStats:0x05 0x00, {'errors.timeouts': 0, 'packets.transmit': 0L, 'errors.naks': 0, 'errors.sequence': 0, 'packets.received': 0L, 'errors.crc': 0}
INFO:__main__:PROCESS:END:1060.75:RadioStats:0x05 0x00
INFO:__main__:XXX:clear_buffer[attempt][0]:END:no data:INTERFACE STATS
{'radio': {'errors.crc': 0,
           'errors.naks': 0,
           'errors.sequence': 0,
           'errors.timeouts': 0,
           'packets.received': 0L,
           'packets.transmit': 0L},
 'usb': {'errors.crc': 0,
         'errors.naks': 0,
         'errors.sequence': 0,
         'errors.timeouts': 0,
         'packets.received': 42L,
         'packets.transmit': 42L}}
INFO:__main__:NO PENDING BUFFER
INFO:__main__:DONE CLEARING BUFFERS
INFO:__main__:PROCESS:START:1061.479:UsbStats:0x05 0x01
INFO:__main__:link Stick transmit[None] reader[None] download_i[False] status[<LinkStatus:0x03:status:size=??LinkStatus:error:True:reason:[]:size(0)>] poll_size[0] poll_i[False] command[<UsbStats:0x05 0x01:size(64)>] processing UsbStats:0x05 0x01)
INFO:__main__:send_force_read: attempt 0/5 send command, read until we get something within some timeout
INFO:__main__:link Stick transmit[None] reader[None] download_i[False] status[<LinkStatus:0x03:status:size=??LinkStatus:error:True:reason:[]:size(0)>] poll_size[0] poll_i[False] command[<UsbStats:0x05 0x01:size(64)>] sending UsbStats:0x05 0x01)
INFO:root:usb.write.len: 3
0000   0x05 0x01 0x00                             ...
DEBUG:__main__:sleeping 0.001
INFO:root:usb.read.len: 64
INFO:root:usb.read.raw:
0000   0x01 0x55 0x00 0x00 0x00 0x00 0x00 0x00    .U......
0008   0x00 0x00 0x2c 0x00 0x00 0x00 0x2c 0x00    ..,...,.
0010   0x2d 0x00 0x2d 0x00 0x2c 0x04 0x00 0x00    -.-.,...
0018   0x05 0x00 0x00 0x00 0x00 0x00 0x00 0x00    ........
0020   0x00 0x01 0x00 0x00 0x00 0x00 0x00 0x00    ........
0028   0x00 0x00 0x00 0x00 0x00 0x00 0x00 0x00    ........
0030   0x00 0x00 0x00 0x00 0x00 0x00 0x00 0x00    ........
0038   0x00 0x00 0x00 0x00 0x00 0x00 0x00 0x00    ........
INFO:__main__:quit send_force_read, found len: 64 expected 64 after 0 attempts
INFO:__main__:finished processing UsbStats:0x05 0x01, {'errors.timeouts': 0, 'packets.transmit': 44L, 'errors.naks': 0, 'errors.sequence': 0, 'packets.received': 44L, 'errors.crc': 0}
INFO:__main__:PROCESS:END:1063.737:UsbStats:0x05 0x01
INFO:__main__:PROCESS:START:1063.8:RadioStats:0x05 0x00
INFO:__main__:link Stick transmit[None] reader[None] download_i[False] status[<LinkStatus:0x03:status:size=??LinkStatus:error:True:reason:[]:size(0)>] poll_size[0] poll_i[False] command[<RadioStats:0x05 0x00:size(64)>] processing RadioStats:0x05 0x00)
INFO:__main__:send_force_read: attempt 0/5 send command, read until we get something within some timeout
INFO:__main__:link Stick transmit[None] reader[None] download_i[False] status[<LinkStatus:0x03:status:size=??LinkStatus:error:True:reason:[]:size(0)>] poll_size[0] poll_i[False] command[<RadioStats:0x05 0x00:size(64)>] sending RadioStats:0x05 0x00)
INFO:root:usb.write.len: 3
0000   0x05 0x00 0x00                             ...
DEBUG:__main__:sleeping 0.001
INFO:root:usb.read.len: 64
INFO:root:usb.read.raw:
0000   0x01 0x55 0x00 0x00 0x00 0x00 0x00 0x00    .U......
0008   0x00 0x00 0x00 0x00 0x00 0x00 0x00 0x00    ........
0010   0x00 0x00 0x00 0x00 0x00 0x00 0x00 0x00    ........
0018   0x00 0x00 0x00 0x00 0x00 0x00 0x00 0x00    ........
0020   0x00 0x01 0x00 0x00 0x00 0x00 0x00 0x00    ........
0028   0x00 0x00 0x00 0x00 0x00 0x00 0x00 0x00    ........
0030   0x00 0x00 0x00 0x00 0x00 0x00 0x00 0x00    ........
0038   0x00 0x00 0x00 0x00 0x00 0x00 0x00 0x00    ........
INFO:__main__:quit send_force_read, found len: 64 expected 64 after 0 attempts
INFO:__main__:finished processing RadioStats:0x05 0x00, {'errors.timeouts': 0, 'packets.transmit': 0L, 'errors.naks': 0, 'errors.sequence': 0, 'packets.received': 0L, 'errors.crc': 0}
INFO:__main__:PROCESS:END:1065.737:RadioStats:0x05 0x00
INFO:__main__:INTERFACE STATS:
{'radio': {'errors.crc': 0,
           'errors.naks': 0,
           'errors.sequence': 0,
           'errors.timeouts': 0,
           'packets.received': 0L,
           'packets.transmit': 0L},
 'usb': {'errors.crc': 0,
         'errors.naks': 0,
         'errors.sequence': 0,
         'errors.timeouts': 0,
         'packets.received': 44L,
         'packets.transmit': 44L}}
INFO:__main__:howdy! all done looking at the stick
python decocare/stick.py /dev/ttyUSB0
	elapsed 0:01.14
	user 0.10
	system 0.00
	CPU 9% (0text+0data 42544max)k
