INFO:auditor:comm:READ HISTORY DATA page number: 5
0000   0x6c 0x03 0x80 0x05 0x0c 0x00 0xe8 0x00    l.......
0008   0x00 0x00 0x00 0x03 0x36 0x03 0x36 0x64    ....6.6d
0010   0x00 0x00 0x00 0x00 0x00 0x00 0x00 0x00    ........
0018   0x00 0x00 0x00 0x00 0x00 0x00 0x00 0x00    ........
0020   0x00 0x00 0x00 0x00 0x00 0x00 0x07 0x00    ........
0028   0x00 0x03 0x36 0x04 0x80 0x6c 0x04 0x80    ..6..l..
0030   0x05 0x0c 0x00 0xe8 0x00 0x00 0x00 0x00    ........
0038   0x03 0x36 0x03 0x36 0x64 0x00 0x00 0x00    .6.6d...
0040   0x00 0x00 0x00 0x00 0x00 0x00 0x00 0x00    ........
0048   0x00 0x00 0x00 0x00 0x00 0x00 0x00 0x00    ........
0050   0x00 0x00 0x00 0x07 0x00 0x00 0x03 0x36    .......6
0058   0x05 0x80 0x6c 0x05 0x80 0x05 0x0c 0x00    ..l.....
0060   0xe8 0x00 0x00 0x00 0x00 0x03 0x36 0x03    ......6.
0068   0x36 0x64 0x00 0x00 0x00 0x00 0x00 0x00    6d......
0070   0x00 0x00 0x00 0x00 0x00 0x00 0x00 0x00    ........
0078   0x00 0x00 0x00 0x00 0x00 0x00 0x00 0x00    ........
0080   0x07 0x00 0x00 0x03 0x36 0x06 0x80 0x6c    ....6..l
0088   0x06 0x80 0x05 0x0c 0x00 0xe8 0x00 0x00    ........
0090   0x00 0x00 0x03 0x36 0x03 0x36 0x64 0x00    ...6.6d.
0098   0x00 0x00 0x00 0x00 0x00 0x00 0x00 0x00    ........
00A0   0x00 0x00 0x00 0x00 0x00 0x00 0x00 0x00    ........
00A8   0x00 0x00 0x00 0x00 0x00 0x21 0x00 0x38    .....!.8
00B0   0x67 0x08 0x07 0x00 0x03 0x00 0x00 0x00    g.......
00B8   0x12 0x16 0x70 0x28 0x07 0x00 0x34 0x9a    ..p(..4.
00C0   0x21 0x70 0x08 0x07 0x00 0x03 0x00 0x03    !p......
00C8   0x00 0x03 0x21 0x70 0x08 0x07 0x00 0x21    ..!p...!
00D0   0x00 0x2f 0x40 0x09 0x07 0x00 0x07 0x00    ./@.....
00D8   0x00 0x00 0x8c 0x07 0x80 0x6c 0x07 0x80    .....l..
00E0   0x05 0x0c 0x00 0xe8 0x00 0x00 0x00 0x00    ........
00E8   0x00 0x8c 0x00 0x8c 0x64 0x00 0x00 0x00    ....d...
00F0   0x00 0x00 0x00 0x00 0x00 0x00 0x00 0x00    ........
00F8   0x00 0x00 0x00 0x00 0x00 0x00 0x00 0x00    ........
0100   0x00 0x00 0x00 0x21 0x00 0x34 0x6f 0x02    ...!.4o.
0108   0x08 0x00 0x03 0x00 0x00 0x00 0x0b 0x11    ........
0110   0x76 0x23 0x08 0x00 0x03 0x00 0x03 0x00    v#......
0118   0x03 0x1d 0x76 0x03 0x08 0x00 0x07 0x00    ..v.....
0120   0x00 0x03 0x1e 0x08 0x80 0x6c 0x08 0x80    .....l..
0128   0x05 0x0c 0x00 0xe8 0x00 0x00 0x00 0x00    ........
0130   0x03 0x1e 0x03 0x1e 0x64 0x00 0x00 0x00    ....d...
0138   0x00 0x00 0x00 0x00 0x00 0x00 0x00 0x00    ........
0140   0x00 0x00 0x00 0x00 0x00 0x00 0x00 0x00    ........
0148   0x00 0x00 0x00 0x07 0x00 0x00 0x03 0x36    .......6
0150   0x09 0x80 0x6c 0x09 0x80 0x05 0x0c 0x00    ..l.....
0158   0xe8 0x00 0x00 0x00 0x00 0x03 0x36 0x03    ......6.
0160   0x36 0x64 0x00 0x00 0x00 0x00 0x00 0x00    6d......
0168   0x00 0x00 0x00 0x00 0x00 0x00 0x00 0x00    ........
0170   0x00 0x00 0x00 0x00 0x00 0x00 0x00 0x00    ........
0178   0x07 0x00 0x00 0x03 0x36 0x0a 0x80 0x6c    ....6..l
0180   0x0a 0x80 0x05 0x0c 0x00 0xe8 0x00 0x00    ........
0188   0x00 0x00 0x03 0x36 0x03 0x36 0x64 0x00    ...6.6d.
0190   0x00 0x00 0x00 0x00 0x00 0x00 0x00 0x00    ........
0198   0x00 0x00 0x00 0x00 0x00 0x00 0x00 0x00    ........
01A0   0x00 0x00 0x00 0x00 0x00 0x07 0x00 0x00    ........
01A8   0x03 0x36 0x0b 0x80 0x6c 0x0b 0x80 0x05    .6..l...
01B0   0x0c 0x00 0xe8 0x00 0x00 0x00 0x00 0x03    ........
01B8   0x36 0x03 0x36 0x64 0x00 0x00 0x00 0x00    6.6d....
01C0   0x00 0x00 0x00 0x00 0x00 0x00 0x00 0x00    ........
01C8   0x00 0x00 0x00 0x00 0x00 0x00 0x00 0x00    ........
01D0   0x00 0x00 0x07 0x00 0x00 0x03 0x36 0x0c    ......6.
01D8   0x80 0x6c 0x0c 0x80 0x05 0x0c 0x00 0xe8    .l......
01E0   0x00 0x00 0x00 0x00 0x03 0x36 0x03 0x36    .....6.6
01E8   0x64 0x00 0x00 0x00 0x00 0x00 0x00 0x00    d.......
01F0   0x00 0x00 0x00 0x00 0x00 0x00 0x00 0x00    ........
01F8   0x00 0x00 0x00 0x00 0x00 0x00 0x00 0x07    ........
0200   0x00 0x00 0x03 0x36 0x0d 0x80 0x6c 0x0d    ...6..l.
0208   0x80 0x05 0x0c 0x00 0xe8 0x00 0x00 0x00    ........
0210   0x00 0x03 0x36 0x03 0x36 0x64 0x00 0x00    ..6.6d..
0218   0x00 0x00 0x00 0x00 0x00 0x00 0x00 0x00    ........
0220   0x00 0x00 0x00 0x00 0x00 0x00 0x00 0x00    ........
0228   0x00 0x00 0x00 0x00 0x07 0x00 0x00 0x03    ........
0230   0x36 0x0e 0x80 0x6c 0x0e 0x80 0x05 0x0c    6..l....
0238   0x00 0xe8 0x00 0x00 0x00 0x00 0x03 0x36    .......6
0240   0x03 0x36 0x64 0x00 0x00 0x00 0x00 0x00    .6d.....
0248   0x00 0x00 0x00 0x00 0x00 0x00 0x00 0x00    ........
0250   0x00 0x00 0x00 0x00 0x00 0x00 0x00 0x00    ........
0258   0x00 0x34 0xc8 0x00 0x4f 0x08 0x0f 0x00    .4..O...
0260   0x34 0x64 0x1e 0x65 0x10 0x0f 0x00 0x07    4d.e....
0268   0x00 0x00 0x03 0x36 0x0f 0x80 0x6c 0x0f    ...6..l.
0270   0x80 0x05 0x0c 0x00 0xe8 0x00 0x00 0x00    ........
0278   0x00 0x03 0x36 0x03 0x36 0x64 0x00 0x00    ..6.6d..
0280   0x00 0x00 0x00 0x00 0x00 0x00 0x00 0x00    ........
0288   0x00 0x00 0x00 0x00 0x00 0x00 0x00 0x00    ........
0290   0x00 0x00 0x00 0x00 0x07 0x00 0x00 0x03    ........
0298   0x36 0x10 0x80 0x6c 0x10 0x80 0x05 0x0c    6..l....
02A0   0x00 0xe8 0x00 0x00 0x00 0x00 0x03 0x36    .......6
02A8   0x03 0x36 0x64 0x00 0x00 0x00 0x00 0x00    .6d.....
02B0   0x00 0x00 0x00 0x00 0x00 0x00 0x00 0x00    ........
02B8   0x00 0x00 0x00 0x00 0x00 0x00 0x00 0x00    ........
02C0   0x00 0x06 0x3e 0x03 0x60 0x28 0x6e 0x49    ..>.`(nI
02C8   0x51 0x00 0x21 0x00 0x08 0x44 0x0a 0x11    Q.!..D..
02D0   0x00 0x07 0x00 0x00 0x00 0xaa 0x11 0x80    ........
02D8   0x6c 0x11 0x80 0x05 0x0c 0x00 0xe8 0x00    l.......
02E0   0x00 0x00 0x00 0x00 0xaa 0x00 0xaa 0x64    .......d
02E8   0x00 0x00 0x00 0x00 0x00 0x00 0x00 0x00    ........
02F0   0x00 0x00 0x00 0x00 0x00 0x00 0x00 0x00    ........
02F8   0x00 0x00 0x00 0x00 0x00 0x00 0x07 0x00    ........
0300   0x00 0x00 0x00 0x12 0x80 0x6c 0x12 0x80    .....l..
0308   0x05 0x0c 0x00 0xe8 0x00 0x00 0x00 0x00    ........
0310   0x00 0x00 0x00 0x00 0x00 0x00 0x00 0x00    ........
0318   0x00 0x00 0x00 0x00 0x00 0x00 0x00 0x00    ........
0320   0x00 0x00 0x00 0x00 0x00 0x00 0x00 0x00    ........
0328   0x00 0x00 0x00 0x07 0x00 0x00 0x00 0x00    ........
0330   0x13 0x80 0x6c 0x13 0x80 0x05 0x0c 0x00    ..l.....
0338   0xe8 0x00 0x00 0x00 0x00 0x00 0x00 0x00    ........
0340   0x00 0x00 0x00 0x00 0x00 0x00 0x00 0x00    ........
0348   0x00 0x00 0x00 0x00 0x00 0x00 0x00 0x00    ........
0350   0x00 0x00 0x00 0x00 0x00 0x00 0x00 0x00    ........
0358   0x07 0x00 0x00 0x00 0x00 0x14 0x80 0x6c    .......l
0360   0x14 0x80 0x05 0x0c 0x00 0xe8 0x00 0x00    ........
0368   0x00 0x00 0x00 0x00 0x00 0x00 0x00 0x00    ........
0370   0x00 0x00 0x00 0x00 0x00 0x00 0x00 0x00    ........
0378   0x00 0x00 0x00 0x00 0x00 0x00 0x00 0x00    ........
0380   0x00 0x00 0x00 0x00 0x00 0x07 0x00 0x00    ........
0388   0x00 0x00 0x15 0x80 0x6c 0x15 0x80 0x05    ....l...
0390   0x0c 0x00 0xe8 0x00 0x00 0x00 0x00 0x00    ........
0398   0x00 0x00 0x00 0x00 0x00 0x00 0x00 0x00    ........
03A0   0x00 0x00 0x00 0x00 0x00 0x00 0x00 0x00    ........
03A8   0x00 0x00 0x00 0x00 0x00 0x00 0x00 0x00    ........
03B0   0x00 0x00 0x07 0x00 0x00 0x00 0x00 0x16    ........
03B8   0x80 0x6c 0x16 0x80 0x05 0x0c 0x00 0xe8    .l......
03C0   0x00 0x00 0x00 0x00 0x00 0x00 0x00 0x00    ........
03C8   0x00 0x00 0x00 0x00 0x00 0x00 0x00 0x00    ........
03D0   0x00 0x00 0x00 0x00 0x00 0x00 0x00 0x00    ........
03D8   0x00 0x00 0x00 0x00 0x00 0x00 0x00 0x07    ........
03E0   0x00 0x00 0x00 0x00 0x17 0x80 0x00 0x00    ........
03E8   0x00 0x00 0x00 0x00 0x00 0x00 0x00 0x00    ........
03F0   0x00 0x00 0x00 0x00 0x00 0x00 0x00 0x00    ........
03F8   0x00 0x00 0x00 0x00 0x00 0x00 0x1f 0x0e    ........
