0000   0x6c 0x17 0x80 0x05 0x0c 0x00 0xe8 0x00    l.......
0008   0x00 0x00 0x00 0x00 0x00 0x00 0x00 0x00    ........
0010   0x00 0x00 0x00 0x00 0x00 0x00 0x00 0x00    ........
0018   0x00 0x00 0x00 0x00 0x00 0x00 0x00 0x00    ........
0020   0x00 0x00 0x00 0x00 0x00 0x00 0x07 0x00    ........
0028   0x00 0x00 0x00 0x18 0x80 0x6c 0x18 0x80    .....l..
0030   0x05 0x0c 0x00 0xe8 0x00 0x00 0x00 0x00    ........
0038   0x00 0x00 0x00 0x00 0x00 0x00 0x00 0x00    ........
0040   0x00 0x00 0x00 0x00 0x00 0x00 0x00 0x00    ........
0048   0x00 0x00 0x00 0x00 0x00 0x00 0x00 0x00    ........
0050   0x00 0x00 0x00 0x07 0x00 0x00 0x00 0x00    ........
0058   0x19 0x80 0x6c 0x19 0x80 0x05 0x0c 0x00    ..l.....
0060   0xe8 0x00 0x00 0x00 0x00 0x00 0x00 0x00    ........
0068   0x00 0x00 0x00 0x00 0x00 0x00 0x00 0x00    ........
0070   0x00 0x00 0x00 0x00 0x00 0x00 0x00 0x00    ........
0078   0x00 0x00 0x00 0x00 0x00 0x00 0x00 0x00    ........
0080   0x07 0x00 0x00 0x00 0x00 0x1a 0x80 0x6c    .......l
0088   0x1a 0x80 0x05 0x0c 0x00 0xe8 0x00 0x00    ........
0090   0x00 0x00 0x00 0x00 0x00 0x00 0x00 0x00    ........
0098   0x00 0x00 0x00 0x00 0x00 0x00 0x00 0x00    ........
00A0   0x00 0x00 0x00 0x00 0x00 0x00 0x00 0x00    ........
00A8   0x00 0x00 0x00 0x00 0x00 0x07 0x00 0x00    ........
00B0   0x00 0x00 0x1b 0x80 0x6c 0x1b 0x80 0x05    ....l...
00B8   0x0c 0x00 0xe8 0x00 0x00 0x00 0x00 0x00    ........
00C0   0x00 0x00 0x00 0x00 0x00 0x00 0x00 0x00    ........
00C8   0x00 0x00 0x00 0x00 0x00 0x00 0x00 0x00    ........
00D0   0x00 0x00 0x00 0x00 0x00 0x00 0x00 0x00    ........
00D8   0x00 0x00 0x07 0x00 0x00 0x00 0x00 0x1c    ........
00E0   0x80 0x6c 0x1c 0x80 0x05 0x0c 0x00 0xe8    .l......
00E8   0x00 0x00 0x00 0x00 0x00 0x00 0x00 0x00    ........
00F0   0x00 0x00 0x00 0x00 0x00 0x00 0x00 0x00    ........
00F8   0x00 0x00 0x00 0x00 0x00 0x00 0x00 0x00    ........
0100   0x00 0x00 0x00 0x00 0x00 0x00 0x00 0x07    ........
0108   0x00 0x00 0x00 0x00 0x1d 0x80 0x6c 0x1d    ......l.
0110   0x80 0x05 0x0c 0x00 0xe8 0x00 0x00 0x00    ........
0118   0x00 0x00 0x00 0x00 0x00 0x00 0x00 0x00    ........
0120   0x00 0x00 0x00 0x00 0x00 0x00 0x00 0x00    ........
0128   0x00 0x00 0x00 0x00 0x00 0x00 0x00 0x00    ........
0130   0x00 0x00 0x00 0x00 0x07 0x00 0x00 0x00    ........
0138   0x00 0x1e 0x80 0x6c 0x1e 0x80 0x05 0x0c    ...l....
0140   0x00 0xe8 0x00 0x00 0x00 0x00 0x00 0x00    ........
0148   0x00 0x00 0x00 0x00 0x00 0x00 0x00 0x00    ........
0150   0x00 0x00 0x00 0x00 0x00 0x00 0x00 0x00    ........
0158   0x00 0x00 0x00 0x00 0x00 0x00 0x00 0x00    ........
0160   0x00 0x07 0x00 0x00 0x00 0x00 0x1f 0x80    ........
0168   0x6c 0x1f 0x80 0x05 0x0c 0x00 0xe8 0x00    l.......
0170   0x00 0x00 0x00 0x00 0x00 0x00 0x00 0x00    ........
0178   0x00 0x00 0x00 0x00 0x00 0x00 0x00 0x00    ........
0180   0x00 0x00 0x00 0x00 0x00 0x00 0x00 0x00    ........
0188   0x00 0x00 0x00 0x00 0x00 0x00 0x07 0x00    ........
0190   0x00 0x00 0x00 0x21 0x00 0x6c 0x21 0x00    ...!.l!.
0198   0x05 0x0c 0x00 0xe8 0x00 0x00 0x00 0x00    ........
01A0   0x00 0x00 0x00 0x00 0x00 0x00 0x00 0x00    ........
01A8   0x00 0x00 0x00 0x00 0x00 0x00 0x00 0x00    ........
01B0   0x00 0x00 0x00 0x00 0x00 0x00 0x00 0x00    ........
01B8   0x00 0x00 0x00 0x07 0x00 0x00 0x00 0x00    ........
01C0   0x22 0x00 0x6c 0x22 0x00 0x05 0x0c 0x00    ".l"....
01C8   0xe8 0x00 0x00 0x00 0x00 0x00 0x00 0x00    ........
01D0   0x00 0x00 0x00 0x00 0x00 0x00 0x00 0x00    ........
01D8   0x00 0x00 0x00 0x00 0x00 0x00 0x00 0x00    ........
01E0   0x00 0x00 0x00 0x00 0x00 0x00 0x00 0x00    ........
01E8   0x07 0x00 0x00 0x00 0x00 0x23 0x00 0x6c    .....#.l
01F0   0x23 0x00 0x05 0x0c 0x00 0xe8 0x00 0x00    #.......
01F8   0x00 0x00 0x00 0x00 0x00 0x00 0x00 0x00    ........
0200   0x00 0x00 0x00 0x00 0x00 0x00 0x00 0x00    ........
0208   0x00 0x00 0x00 0x00 0x00 0x00 0x00 0x00    ........
0210   0x00 0x00 0x00 0x00 0x00 0x07 0x00 0x00    ........
0218   0x00 0x00 0x24 0x00 0x6c 0x24 0x00 0x05    ..$.l$..
0220   0x0c 0x00 0xe8 0x00 0x00 0x00 0x00 0x00    ........
0228   0x00 0x00 0x00 0x00 0x00 0x00 0x00 0x00    ........
0230   0x00 0x00 0x00 0x00 0x00 0x00 0x00 0x00    ........
0238   0x00 0x00 0x00 0x00 0x00 0x00 0x00 0x00    ........
0240   0x00 0x00 0x07 0x00 0x00 0x00 0x00 0x25    .......%
0248   0x00 0x6c 0x25 0x00 0x05 0x0c 0x00 0xe8    .l%.....
0250   0x00 0x00 0x00 0x00 0x00 0x00 0x00 0x00    ........
0258   0x00 0x00 0x00 0x00 0x00 0x00 0x00 0x00    ........
0260   0x00 0x00 0x00 0x00 0x00 0x00 0x00 0x00    ........
0268   0x00 0x00 0x00 0x00 0x00 0x00 0x00 0x07    ........
0270   0x00 0x00 0x00 0x00 0x26 0x00 0x6c 0x26    ....&.l&
0278   0x00 0x05 0x0c 0x00 0xe8 0x00 0x00 0x00    ........
0280   0x00 0x00 0x00 0x00 0x00 0x00 0x00 0x00    ........
0288   0x00 0x00 0x00 0x00 0x00 0x00 0x00 0x00    ........
0290   0x00 0x00 0x00 0x00 0x00 0x00 0x00 0x00    ........
0298   0x00 0x00 0x00 0x00 0x07 0x00 0x00 0x00    ........
02A0   0x00 0x27 0x00 0x6c 0x27 0x00 0x05 0x0c    .'.l'...
02A8   0x00 0xe8 0x00 0x00 0x00 0x00 0x00 0x00    ........
02B0   0x00 0x00 0x00 0x00 0x00 0x00 0x00 0x00    ........
02B8   0x00 0x00 0x00 0x00 0x00 0x00 0x00 0x00    ........
02C0   0x00 0x00 0x00 0x00 0x00 0x00 0x00 0x00    ........
02C8   0x00 0x07 0x00 0x00 0x00 0x00 0x28 0x00    ......(.
02D0   0x6c 0x28 0x00 0x05 0x0c 0x00 0xe8 0x00    l(......
02D8   0x00 0x00 0x00 0x00 0x00 0x00 0x00 0x00    ........
02E0   0x00 0x00 0x00 0x00 0x00 0x00 0x00 0x00    ........
02E8   0x00 0x00 0x00 0x00 0x00 0x00 0x00 0x00    ........
02F0   0x00 0x00 0x00 0x00 0x00 0x00 0x07 0x00    ........
02F8   0x00 0x00 0x00 0x29 0x00 0x6c 0x29 0x00    ...).l).
0300   0x05 0x0c 0x00 0xe8 0x00 0x00 0x00 0x00    ........
0308   0x00 0x00 0x00 0x00 0x00 0x00 0x00 0x00    ........
0310   0x00 0x00 0x00 0x00 0x00 0x00 0x00 0x00    ........
0318   0x00 0x00 0x00 0x00 0x00 0x00 0x00 0x00    ........
0320   0x00 0x00 0x00 0x07 0x00 0x00 0x00 0x00    ........
0328   0x2a 0x00 0x6c 0x2a 0x00 0x05 0x0c 0x00    *.l*....
0330   0xe8 0x00 0x00 0x00 0x00 0x00 0x00 0x00    ........
0338   0x00 0x00 0x00 0x00 0x00 0x00 0x00 0x00    ........
0340   0x00 0x00 0x00 0x00 0x00 0x00 0x00 0x00    ........
0348   0x00 0x00 0x00 0x00 0x00 0x00 0x00 0x00    ........
0350   0x07 0x00 0x00 0x00 0x00 0x2b 0x00 0x6c    .....+.l
0358   0x2b 0x00 0x05 0x0c 0x00 0xe8 0x00 0x00    +.......
0360   0x00 0x00 0x00 0x00 0x00 0x00 0x00 0x00    ........
0368   0x00 0x00 0x00 0x00 0x00 0x00 0x00 0x00    ........
0370   0x00 0x00 0x00 0x00 0x00 0x00 0x00 0x00    ........
0378   0x00 0x00 0x00 0x00 0x00 0x07 0x00 0x00    ........
0380   0x00 0x00 0x2c 0x00 0x6c 0x2c 0x00 0x05    ..,.l,..
0388   0x0c 0x00 0xe8 0x00 0x00 0x00 0x00 0x00    ........
0390   0x00 0x00 0x00 0x00 0x00 0x00 0x00 0x00    ........
0398   0x00 0x00 0x00 0x00 0x00 0x00 0x00 0x00    ........
03A0   0x00 0x00 0x00 0x00 0x00 0x00 0x00 0x00    ........
03A8   0x00 0x00 0x07 0x00 0x00 0x00 0x00 0x2d    .......-
03B0   0x00 0x6c 0x2d 0x00 0x05 0x0c 0x00 0xe8    .l-.....
03B8   0x00 0x00 0x00 0x00 0x00 0x00 0x00 0x00    ........
03C0   0x00 0x00 0x00 0x00 0x00 0x00 0x00 0x00    ........
03C8   0x00 0x00 0x00 0x00 0x00 0x00 0x00 0x00    ........
03D0   0x00 0x00 0x00 0x00 0x00 0x00 0x00 0x07    ........
03D8   0x00 0x00 0x00 0x00 0x2e 0x00 0x00 0x00    ........
03E0   0x00 0x00 0x00 0x00 0x00 0x00 0x00 0x00    ........
03E8   0x00 0x00 0x00 0x00 0x00 0x00 0x00 0x00    ........
03F0   0x00 0x00 0x00 0x00 0x00 0x00 0x00 0x00    ........
03F8   0x00 0x00 0x00 0x00 0x00 0x00 0xb3 0xd8    ........
