INFO:__main__:howdy! I'm going to take a look at your carelink usb stick.
INFO:link:Link opened serial port: Serial<id=0x26c17d0, open=True>(port='/dev/ttyUSB0', baudrate=9600, bytesize=8, parity='N', stopbits=1, timeout=0.5, xonxoff=False, rtscts=False, dsrdtr=False)
INFO:__main__:PROCESS:OPEN:0.019
INFO:__main__:PROCESS:START:0.179:ProductInfo:0x04
INFO:__main__:link Stick transmit[None] reader[None] download_i[False] status[None] poll_size[None] poll_i[None] command[<ProductInfo:0x04:size(64)>] processing ProductInfo:0x04)
INFO:__main__:send_force_read: attempt 0/2 send command, read until we get something within some timeout
INFO:__main__:link Stick transmit[None] reader[None] download_i[False] status[None] poll_size[None] poll_i[None] command[<ProductInfo:0x04:size(64)>] sending ProductInfo:0x04)
INFO:root:usb.write.len: 3
0000   0x04 0x00 0x00                             ...
DEBUG:__main__:sleeping 0.001
INFO:root:usb.read.len: 64
INFO:root:usb.read.raw:
0000   0x01 0x55 0x00 0x08 0x0e 0x00 0x00 0x00    .U......
0008   0x00 0x43 0x6f 0x6d 0x4c 0x69 0x6e 0x6b    .ComLink
0010   0x20 0x49 0x49 0x01 0x10 0x02 0x00 0x01     II.....
0018   0x01 0x03 0x00 0x00 0x00 0x00 0x00 0x00    ........
0020   0x00 0x00 0x00 0x00 0x00 0x00 0x00 0x00    ........
0028   0x00 0x00 0x00 0x00 0x00 0x00 0x00 0x00    ........
0030   0x00 0x00 0x00 0x00 0x00 0x00 0x00 0x00    ........
0038   0x00 0x00 0x00 0x00 0x00 0x00 0x00 0x00    ........
INFO:__main__:quit send_force_read, found len: 64 expected 64 after 0 attempts
INFO:__main__:finished processing ProductInfo:0x04, {'description': 'ComLink II', 'software.version': '1.16', 'interfaces': [(0, 'Paradigm RF'), (1, 'USB')], 'product.version': '0.0', 'rf.freq': '916.5Mhz', 'serial': '080e00'}
INFO:__main__:PROCESS:END:7.555:ProductInfo:0x04
INFO:__main__:{'description': 'ComLink II', 'software.version': '1.16', 'interfaces': [(0, 'Paradigm RF'), (1, 'USB')], 'product.version': '0.0', 'rf.freq': '916.5Mhz', 'serial': '080e00'}
INFO:__main__:PROCESS:START:8.014:ProductInfo:0x04
INFO:__main__:link Stick transmit[None] reader[None] download_i[False] status[None] poll_size[None] poll_i[None] command[<ProductInfo:0x04:size(64)>] processing ProductInfo:0x04)
INFO:__main__:send_force_read: attempt 0/2 send command, read until we get something within some timeout
INFO:__main__:link Stick transmit[None] reader[None] download_i[False] status[None] poll_size[None] poll_i[None] command[<ProductInfo:0x04:size(64)>] sending ProductInfo:0x04)
INFO:root:usb.write.len: 3
0000   0x04 0x00 0x00                             ...
DEBUG:__main__:sleeping 0.001
INFO:root:usb.read.len: 64
INFO:root:usb.read.raw:
0000   0x01 0x55 0x00 0x08 0x0e 0x00 0x00 0x00    .U......
0008   0x00 0x43 0x6f 0x6d 0x4c 0x69 0x6e 0x6b    .ComLink
0010   0x20 0x49 0x49 0x01 0x10 0x02 0x00 0x01     II.....
0018   0x01 0x03 0x00 0x00 0x00 0x00 0x00 0x00    ........
0020   0x00 0x00 0x00 0x00 0x00 0x00 0x00 0x00    ........
0028   0x00 0x00 0x00 0x00 0x00 0x00 0x00 0x00    ........
0030   0x00 0x00 0x00 0x00 0x00 0x00 0x00 0x00    ........
0038   0x00 0x00 0x00 0x00 0x00 0x00 0x00 0x00    ........
INFO:__main__:quit send_force_read, found len: 64 expected 64 after 0 attempts
INFO:__main__:finished processing ProductInfo:0x04, {'description': 'ComLink II', 'software.version': '1.16', 'interfaces': [(0, 'Paradigm RF'), (1, 'USB')], 'product.version': '0.0', 'rf.freq': '916.5Mhz', 'serial': '080e00'}
INFO:__main__:PROCESS:END:14.013:ProductInfo:0x04
INFO:__main__:{'description': 'ComLink II', 'software.version': '1.16', 'interfaces': [(0, 'Paradigm RF'), (1, 'USB')], 'product.version': '0.0', 'rf.freq': '916.5Mhz', 'serial': '080e00'}
INFO:__main__:get signal strength of Stick transmit[None] reader[None] download_i[False] status[None] poll_size[None] poll_i[None] command[<ProductInfo:0x04:size(64)>]
INFO:__main__:PROCESS:START:14.858:SignalStrength:0x06 0x00
INFO:__main__:link Stick transmit[None] reader[None] download_i[False] status[None] poll_size[None] poll_i[None] command[<SignalStrength:0x06 0x00:size(64)>] processing SignalStrength:0x06 0x00)
INFO:__main__:send_force_read: attempt 0/2 send command, read until we get something within some timeout
INFO:__main__:link Stick transmit[None] reader[None] download_i[False] status[None] poll_size[None] poll_i[None] command[<SignalStrength:0x06 0x00:size(64)>] sending SignalStrength:0x06 0x00)
INFO:root:usb.write.len: 3
0000   0x06 0x00 0x00                             ...
DEBUG:__main__:sleeping 0.001
INFO:root:usb.read.len: 64
INFO:root:usb.read.raw:
0000   0x01 0x55 0x00 0xc3 0x0e 0x00 0x00 0x00    .U......
0008   0x00 0x43 0x6f 0x6d 0x4c 0x69 0x6e 0x6b    .ComLink
0010   0x20 0x49 0x49 0x01 0x10 0x02 0x00 0x01     II.....
0018   0x01 0x03 0x00 0x00 0x00 0x00 0x00 0x00    ........
0020   0x00 0x00 0x00 0x00 0x00 0x00 0x00 0x00    ........
0028   0x00 0x00 0x00 0x00 0x00 0x00 0x00 0x00    ........
0030   0x00 0x00 0x00 0x00 0x00 0x00 0x00 0x00    ........
0038   0x00 0x00 0x00 0x00 0x00 0x00 0x00 0x00    ........
INFO:__main__:quit send_force_read, found len: 64 expected 64 after 0 attempts
INFO:__main__:<SignalStrength:0x06 0x00:size(64)>:readSignalStrength:195
INFO:__main__:finished processing SignalStrength:0x06 0x00, 195
INFO:__main__:PROCESS:END:21.212:SignalStrength:0x06 0x00
INFO:__main__:we seem to have found a nice signal strength of: 195
INFO:__main__:test fetching product info Stick transmit[None] reader[None] download_i[False] status[None] poll_size[None] poll_i[None] command[<SignalStrength:0x06 0x00:size(64)>]
INFO:__main__:PROCESS:START:22.38:ProductInfo:0x04
INFO:__main__:link Stick transmit[None] reader[None] download_i[False] status[None] poll_size[None] poll_i[None] command[<ProductInfo:0x04:size(64)>] processing ProductInfo:0x04)
INFO:__main__:send_force_read: attempt 0/2 send command, read until we get something within some timeout
INFO:__main__:link Stick transmit[None] reader[None] download_i[False] status[None] poll_size[None] poll_i[None] command[<ProductInfo:0x04:size(64)>] sending ProductInfo:0x04)
INFO:root:usb.write.len: 3
0000   0x04 0x00 0x00                             ...
DEBUG:__main__:sleeping 0.001
INFO:root:usb.read.len: 64
INFO:root:usb.read.raw:
0000   0x01 0x55 0x00 0x08 0x0e 0x00 0x00 0x00    .U......
0008   0x00 0x43 0x6f 0x6d 0x4c 0x69 0x6e 0x6b    .ComLink
0010   0x20 0x49 0x49 0x01 0x10 0x02 0x00 0x01     II.....
0018   0x01 0x03 0x00 0x00 0x00 0x00 0x00 0x00    ........
0020   0x00 0x00 0x00 0x00 0x00 0x00 0x00 0x00    ........
0028   0x00 0x00 0x00 0x00 0x00 0x00 0x00 0x00    ........
0030   0x00 0x00 0x00 0x00 0x00 0x00 0x00 0x00    ........
0038   0x00 0x00 0x00 0x00 0x00 0x00 0x00 0x00    ........
INFO:__main__:quit send_force_read, found len: 64 expected 64 after 0 attempts
INFO:__main__:finished processing ProductInfo:0x04, {'description': 'ComLink II', 'software.version': '1.16', 'interfaces': [(0, 'Paradigm RF'), (1, 'USB')], 'product.version': '0.0', 'rf.freq': '916.5Mhz', 'serial': '080e00'}
INFO:__main__:PROCESS:END:34.072:ProductInfo:0x04
INFO:__main__:{'description': 'ComLink II',
 'interfaces': [(0, 'Paradigm RF'), (1, 'USB')],
 'product.version': '0.0',
 'rf.freq': '916.5Mhz',
 'serial': '080e00',
 'software.version': '1.16'}
INFO:__main__:get signal strength of Stick transmit[None] reader[None] download_i[False] status[None] poll_size[None] poll_i[None] command[<ProductInfo:0x04:size(64)>]
INFO:__main__:PROCESS:START:35.867:SignalStrength:0x06 0x00
INFO:__main__:link Stick transmit[None] reader[None] download_i[False] status[None] poll_size[None] poll_i[None] command[<SignalStrength:0x06 0x00:size(64)>] processing SignalStrength:0x06 0x00)
INFO:__main__:send_force_read: attempt 0/2 send command, read until we get something within some timeout
INFO:__main__:link Stick transmit[None] reader[None] download_i[False] status[None] poll_size[None] poll_i[None] command[<SignalStrength:0x06 0x00:size(64)>] sending SignalStrength:0x06 0x00)
INFO:root:usb.write.len: 3
0000   0x06 0x00 0x00                             ...
DEBUG:__main__:sleeping 0.001
INFO:root:usb.read.len: 64
INFO:root:usb.read.raw:
0000   0x01 0x55 0x00 0xbd 0x0e 0x00 0x00 0x00    .U......
0008   0x00 0x43 0x6f 0x6d 0x4c 0x69 0x6e 0x6b    .ComLink
0010   0x20 0x49 0x49 0x01 0x10 0x02 0x00 0x01     II.....
0018   0x01 0x03 0x00 0x00 0x00 0x00 0x00 0x00    ........
0020   0x00 0x00 0x00 0x00 0x00 0x00 0x00 0x00    ........
0028   0x00 0x00 0x00 0x00 0x00 0x00 0x00 0x00    ........
0030   0x00 0x00 0x00 0x00 0x00 0x00 0x00 0x00    ........
0038   0x00 0x00 0x00 0x00 0x00 0x00 0x00 0x00    ........
INFO:__main__:quit send_force_read, found len: 64 expected 64 after 0 attempts
INFO:__main__:<SignalStrength:0x06 0x00:size(64)>:readSignalStrength:189
INFO:__main__:finished processing SignalStrength:0x06 0x00, 189
INFO:__main__:PROCESS:END:41.312:SignalStrength:0x06 0x00
INFO:__main__:we seem to have found a nice signal strength of: 189
INFO:__main__:at this point, we could issue remote commands to a medical
    device, let's inspect the interfaces
INFO:__main__:PROCESS:START:42.1:UsbStats:0x05 0x01
INFO:__main__:link Stick transmit[None] reader[None] download_i[False] status[None] poll_size[None] poll_i[None] command[<UsbStats:0x05 0x01:size(64)>] processing UsbStats:0x05 0x01)
INFO:__main__:send_force_read: attempt 0/2 send command, read until we get something within some timeout
INFO:__main__:link Stick transmit[None] reader[None] download_i[False] status[None] poll_size[None] poll_i[None] command[<UsbStats:0x05 0x01:size(64)>] sending UsbStats:0x05 0x01)
INFO:root:usb.write.len: 3
0000   0x05 0x01 0x00                             ...
DEBUG:__main__:sleeping 0.001
INFO:root:usb.read.len: 64
INFO:root:usb.read.raw:
0000   0x01 0x55 0x00 0x00 0x00 0x00 0x00 0x00    .U......
0008   0x00 0x05 0x77 0x00 0x00 0x05 0x77 0x05    ..w...w.
0010   0x78 0x06 0x67 0x05 0x77 0x04 0x00 0x00    x.g.w...
0018   0x05 0x03 0x00 0x00 0x00 0x00 0x00 0x00    ........
0020   0x00 0x00 0x00 0x00 0x00 0x00 0x00 0x00    ........
0028   0x00 0x00 0x00 0x00 0x00 0x00 0x00 0x00    ........
0030   0x00 0x00 0x00 0x00 0x00 0x00 0x00 0x00    ........
0038   0x00 0x00 0x00 0x00 0x00 0x00 0x00 0x00    ........
INFO:__main__:quit send_force_read, found len: 64 expected 64 after 0 attempts
INFO:__main__:finished processing UsbStats:0x05 0x01, {'errors.timeouts': 0, 'packets.transmit': 1399L, 'errors.naks': 0, 'errors.sequence': 0, 'packets.received': 1399L, 'errors.crc': 0}
INFO:__main__:PROCESS:END:47.923:UsbStats:0x05 0x01
INFO:__main__:PROCESS:START:48.077:RadioStats:0x05 0x00
INFO:__main__:link Stick transmit[None] reader[None] download_i[False] status[None] poll_size[None] poll_i[None] command[<RadioStats:0x05 0x00:size(64)>] processing RadioStats:0x05 0x00)
INFO:__main__:send_force_read: attempt 0/2 send command, read until we get something within some timeout
INFO:__main__:link Stick transmit[None] reader[None] download_i[False] status[None] poll_size[None] poll_i[None] command[<RadioStats:0x05 0x00:size(64)>] sending RadioStats:0x05 0x00)
INFO:root:usb.write.len: 3
0000   0x05 0x00 0x00                             ...
DEBUG:__main__:sleeping 0.001
INFO:root:usb.read.len: 64
INFO:root:usb.read.raw:
0000   0x01 0x55 0x00 0x00 0x00 0x00 0x1e 0x00    .U......
0008   0x00 0x01 0x0e 0x00 0x00 0x01 0x3b 0x00    ......;.
0010   0x00 0x00 0x47 0x00 0x1a 0x00 0xe0 0x00    ..G.....
0018   0xf4 0x00 0x14 0x00 0x00 0x00 0x00 0x00    ........
0020   0x00 0x01 0x00 0xbe 0x00 0x00 0x00 0x00    ........
0028   0x00 0x00 0x00 0x00 0x00 0x00 0x00 0x00    ........
0030   0x00 0x00 0x00 0x00 0x00 0x00 0x00 0x00    ........
0038   0x00 0x00 0x00 0x00 0x00 0x00 0x00 0x00    ........
INFO:__main__:quit send_force_read, found len: 64 expected 64 after 0 attempts
INFO:__main__:finished processing RadioStats:0x05 0x00, {'errors.timeouts': 30, 'packets.transmit': 315L, 'errors.naks': 0, 'errors.sequence': 0, 'packets.received': 270L, 'errors.crc': 0}
INFO:__main__:PROCESS:END:54.032:RadioStats:0x05 0x00
INFO:__main__:{'radio': {'errors.crc': 0,
           'errors.naks': 0,
           'errors.sequence': 0,
           'errors.timeouts': 30,
           'packets.received': 270L,
           'packets.transmit': 315L},
 'usb': {'errors.crc': 0,
         'errors.naks': 0,
         'errors.sequence': 0,
         'errors.timeouts': 0,
         'packets.received': 1399L,
         'packets.transmit': 1399L}}
INFO:__main__:CLEAR BUFFERS
INFO:__main__:PROCESS:START:55.309:UsbStats:0x05 0x01
INFO:__main__:link Stick transmit[None] reader[None] download_i[False] status[None] poll_size[None] poll_i[None] command[<UsbStats:0x05 0x01:size(64)>] processing UsbStats:0x05 0x01)
INFO:__main__:send_force_read: attempt 0/2 send command, read until we get something within some timeout
INFO:__main__:link Stick transmit[None] reader[None] download_i[False] status[None] poll_size[None] poll_i[None] command[<UsbStats:0x05 0x01:size(64)>] sending UsbStats:0x05 0x01)
INFO:root:usb.write.len: 3
0000   0x05 0x01 0x00                             ...
DEBUG:__main__:sleeping 0.001
INFO:root:usb.read.len: 64
INFO:root:usb.read.raw:
0000   0x01 0x55 0x00 0x00 0x00 0x00 0x00 0x00    .U......
0008   0x00 0x05 0x79 0x00 0x00 0x05 0x79 0x05    ..y...y.
0010   0x7a 0x06 0x6a 0x05 0x79 0x04 0x00 0x00    z.j.y...
0018   0x05 0x00 0x14 0x00 0x00 0x00 0x00 0x00    ........
0020   0x00 0x01 0x00 0xbe 0x00 0x00 0x00 0x00    ........
0028   0x00 0x00 0x00 0x00 0x00 0x00 0x00 0x00    ........
0030   0x00 0x00 0x00 0x00 0x00 0x00 0x00 0x00    ........
0038   0x00 0x00 0x00 0x00 0x00 0x00 0x00 0x00    ........
INFO:__main__:quit send_force_read, found len: 64 expected 64 after 0 attempts
INFO:__main__:finished processing UsbStats:0x05 0x01, {'errors.timeouts': 0, 'packets.transmit': 1401L, 'errors.naks': 0, 'errors.sequence': 0, 'packets.received': 1401L, 'errors.crc': 0}
INFO:__main__:PROCESS:END:60.718:UsbStats:0x05 0x01
INFO:__main__:PROCESS:START:60.867:RadioStats:0x05 0x00
INFO:__main__:link Stick transmit[None] reader[None] download_i[False] status[None] poll_size[None] poll_i[None] command[<RadioStats:0x05 0x00:size(64)>] processing RadioStats:0x05 0x00)
INFO:__main__:send_force_read: attempt 0/2 send command, read until we get something within some timeout
INFO:__main__:link Stick transmit[None] reader[None] download_i[False] status[None] poll_size[None] poll_i[None] command[<RadioStats:0x05 0x00:size(64)>] sending RadioStats:0x05 0x00)
INFO:root:usb.write.len: 3
0000   0x05 0x00 0x00                             ...
DEBUG:__main__:sleeping 0.001
INFO:root:usb.read.len: 64
INFO:root:usb.read.raw:
0000   0x01 0x55 0x00 0x00 0x00 0x00 0x1e 0x00    .U......
0008   0x00 0x01 0x0e 0x00 0x00 0x01 0x3b 0x00    ......;.
0010   0x00 0x00 0x47 0x00 0x1a 0x00 0xe0 0x00    ..G.....
0018   0xf4 0x00 0x14 0x00 0x00 0x00 0x00 0x00    ........
0020   0x00 0x01 0x00 0xbe 0x00 0x00 0x00 0x00    ........
0028   0x00 0x00 0x00 0x00 0x00 0x00 0x00 0x00    ........
0030   0x00 0x00 0x00 0x00 0x00 0x00 0x00 0x00    ........
0038   0x00 0x00 0x00 0x00 0x00 0x00 0x00 0x00    ........
INFO:__main__:quit send_force_read, found len: 64 expected 64 after 0 attempts
INFO:__main__:finished processing RadioStats:0x05 0x00, {'errors.timeouts': 30, 'packets.transmit': 315L, 'errors.naks': 0, 'errors.sequence': 0, 'packets.received': 270L, 'errors.crc': 0}
INFO:__main__:PROCESS:END:71.559:RadioStats:0x05 0x00
DEBUG:__main__:INTERFACE STATS:
{'radio': {'errors.crc': 0,
           'errors.naks': 0,
           'errors.sequence': 0,
           'errors.timeouts': 30,
           'packets.received': 270L,
           'packets.transmit': 315L},
 'usb': {'errors.crc': 0,
         'errors.naks': 0,
         'errors.sequence': 0,
         'errors.timeouts': 0,
         'packets.received': 1401L,
         'packets.transmit': 1401L}}
INFO:__main__:XXX:clear_buffer[attempt][0]:segments[0],total_segments[0]:raw[0]:BEGIN :first poll
DEBUG:__main__:<Stick transmit[None] reader[None] download_i[False] status[None] poll_size[None] poll_i[None] command[<RadioStats:0x05 0x00:size(64)>]>:STARTING POLL PHASE:attempt:0
DEBUG:__main__:<Stick transmit[None] reader[None] download_i[False] status[None] poll_size[0] poll_i[0] command[<RadioStats:0x05 0x00:size(64)>]>:poll:attempt:0
INFO:__main__:PROCESS:START:73.862:LinkStatus:0x03:status:size=64
INFO:__main__:link Stick transmit[None] reader[None] download_i[False] status[None] poll_size[0] poll_i[0] command[<LinkStatus:0x03:status:size=64:size(64)>] processing LinkStatus:0x03:status:size=64)
INFO:__main__:send_force_read: attempt 0/2 send command, read until we get something within some timeout
INFO:__main__:link Stick transmit[None] reader[None] download_i[False] status[None] poll_size[0] poll_i[0] command[<LinkStatus:0x03:status:size=64:size(64)>] sending LinkStatus:0x03:status:size=64)
INFO:root:usb.write.len: 3
0000   0x03 0x00 0x00                             ...
DEBUG:__main__:sleeping 0.001
INFO:root:usb.read.len: 64
INFO:root:usb.read.raw:
0000   0x01 0x55 0x00 0x00 0x02 0x00 0x00 0x00    .U......
0008   0x05 0x04 0x00 0x00 0x00 0x01 0x3b 0x00    ......;.
0010   0x00 0x00 0x47 0x00 0x1a 0x00 0xe0 0x00    ..G.....
0018   0xf4 0x00 0x14 0x00 0x00 0x00 0x00 0x00    ........
0020   0x00 0x01 0x00 0xbe 0x00 0x00 0x00 0x00    ........
0028   0x00 0x00 0x00 0x00 0x00 0x00 0x00 0x00    ........
0030   0x00 0x00 0x00 0x00 0x00 0x00 0x00 0x00    ........
0038   0x00 0x00 0x00 0x00 0x00 0x00 0x00 0x00    ........
INFO:__main__:quit send_force_read, found len: 64 expected 64 after 0 attempts
INFO:__main__:LinkStatus:0x03:status:size=??LinkStatus:error:True:reason:['OK']

INFO:__main__:finished processing LinkStatus:0x03:status:size=??LinkStatus:error:True:reason:[], 0
INFO:__main__:PROCESS:END:79.366:LinkStatus:0x03:status:size=??LinkStatus:error:True:reason:[]
DEBUG:__main__:poll zero, sleeping in POLL, .100
DEBUG:__main__:<Stick transmit[None] reader[None] download_i[False] status[<LinkStatus:0x03:status:size=??LinkStatus:error:True:reason:[]:size(0)>] poll_size[0] poll_i[1] command[<LinkStatus:0x03:status:size=??LinkStatus:error:True:reason:[]:size(0)>]>:poll:attempt:1
INFO:__main__:PROCESS:START:181.13:LinkStatus:0x03:status:size=64
INFO:__main__:link Stick transmit[None] reader[None] download_i[False] status[<LinkStatus:0x03:status:size=??LinkStatus:error:True:reason:[]:size(0)>] poll_size[0] poll_i[1] command[<LinkStatus:0x03:status:size=64:size(64)>] processing LinkStatus:0x03:status:size=64)
INFO:__main__:send_force_read: attempt 0/2 send command, read until we get something within some timeout
INFO:__main__:link Stick transmit[None] reader[None] download_i[False] status[<LinkStatus:0x03:status:size=??LinkStatus:error:True:reason:[]:size(0)>] poll_size[0] poll_i[1] command[<LinkStatus:0x03:status:size=64:size(64)>] sending LinkStatus:0x03:status:size=64)
INFO:root:usb.write.len: 3
0000   0x03 0x00 0x00                             ...
DEBUG:__main__:sleeping 0.001
INFO:root:usb.read.len: 64
INFO:root:usb.read.raw:
0000   0x01 0x55 0x00 0x00 0x02 0x00 0x00 0x00    .U......
0008   0x05 0x04 0x00 0x00 0x00 0x01 0x3b 0x00    ......;.
0010   0x00 0x00 0x47 0x00 0x1a 0x00 0xe0 0x00    ..G.....
0018   0xf4 0x00 0x14 0x00 0x00 0x00 0x00 0x00    ........
0020   0x00 0x01 0x00 0xbe 0x00 0x00 0x00 0x00    ........
0028   0x00 0x00 0x00 0x00 0x00 0x00 0x00 0x00    ........
0030   0x00 0x00 0x00 0x00 0x00 0x00 0x00 0x00    ........
0038   0x00 0x00 0x00 0x00 0x00 0x00 0x00 0x00    ........
INFO:__main__:quit send_force_read, found len: 64 expected 64 after 0 attempts
INFO:__main__:LinkStatus:0x03:status:size=??LinkStatus:error:True:reason:['OK']

INFO:__main__:finished processing LinkStatus:0x03:status:size=??LinkStatus:error:True:reason:[], 0
INFO:__main__:PROCESS:END:187.058:LinkStatus:0x03:status:size=??LinkStatus:error:True:reason:[]
DEBUG:__main__:poll zero, sleeping in POLL, .100
DEBUG:__main__:<Stick transmit[None] reader[None] download_i[False] status[<LinkStatus:0x03:status:size=??LinkStatus:error:True:reason:[]:size(0)>] poll_size[0] poll_i[2] command[<LinkStatus:0x03:status:size=??LinkStatus:error:True:reason:[]:size(0)>]>:poll:attempt:2
INFO:__main__:PROCESS:START:289.907:LinkStatus:0x03:status:size=64
INFO:__main__:link Stick transmit[None] reader[None] download_i[False] status[<LinkStatus:0x03:status:size=??LinkStatus:error:True:reason:[]:size(0)>] poll_size[0] poll_i[2] command[<LinkStatus:0x03:status:size=64:size(64)>] processing LinkStatus:0x03:status:size=64)
INFO:__main__:send_force_read: attempt 0/2 send command, read until we get something within some timeout
INFO:__main__:link Stick transmit[None] reader[None] download_i[False] status[<LinkStatus:0x03:status:size=??LinkStatus:error:True:reason:[]:size(0)>] poll_size[0] poll_i[2] command[<LinkStatus:0x03:status:size=64:size(64)>] sending LinkStatus:0x03:status:size=64)
INFO:root:usb.write.len: 3
0000   0x03 0x00 0x00                             ...
DEBUG:__main__:sleeping 0.001
INFO:root:usb.read.len: 64
INFO:root:usb.read.raw:
0000   0x01 0x55 0x00 0x00 0x02 0x00 0x00 0x00    .U......
0008   0x05 0x04 0x00 0x00 0x00 0x01 0x3b 0x00    ......;.
0010   0x00 0x00 0x47 0x00 0x1a 0x00 0xe0 0x00    ..G.....
0018   0xf4 0x00 0x14 0x00 0x00 0x00 0x00 0x00    ........
0020   0x00 0x01 0x00 0xbe 0x00 0x00 0x00 0x00    ........
0028   0x00 0x00 0x00 0x00 0x00 0x00 0x00 0x00    ........
0030   0x00 0x00 0x00 0x00 0x00 0x00 0x00 0x00    ........
0038   0x00 0x00 0x00 0x00 0x00 0x00 0x00 0x00    ........
INFO:__main__:quit send_force_read, found len: 64 expected 64 after 0 attempts
INFO:__main__:LinkStatus:0x03:status:size=??LinkStatus:error:True:reason:['OK']

INFO:__main__:finished processing LinkStatus:0x03:status:size=??LinkStatus:error:True:reason:[], 0
INFO:__main__:PROCESS:END:294.932:LinkStatus:0x03:status:size=??LinkStatus:error:True:reason:[]
DEBUG:__main__:poll zero, sleeping in POLL, .100
DEBUG:__main__:<Stick transmit[None] reader[None] download_i[False] status[<LinkStatus:0x03:status:size=??LinkStatus:error:True:reason:[]:size(0)>] poll_size[0] poll_i[3] command[<LinkStatus:0x03:status:size=??LinkStatus:error:True:reason:[]:size(0)>]>:poll:attempt:3
INFO:__main__:PROCESS:START:396.178:LinkStatus:0x03:status:size=64
INFO:__main__:link Stick transmit[None] reader[None] download_i[False] status[<LinkStatus:0x03:status:size=??LinkStatus:error:True:reason:[]:size(0)>] poll_size[0] poll_i[3] command[<LinkStatus:0x03:status:size=64:size(64)>] processing LinkStatus:0x03:status:size=64)
INFO:__main__:send_force_read: attempt 0/2 send command, read until we get something within some timeout
INFO:__main__:link Stick transmit[None] reader[None] download_i[False] status[<LinkStatus:0x03:status:size=??LinkStatus:error:True:reason:[]:size(0)>] poll_size[0] poll_i[3] command[<LinkStatus:0x03:status:size=64:size(64)>] sending LinkStatus:0x03:status:size=64)
INFO:root:usb.write.len: 3
0000   0x03 0x00 0x00                             ...
DEBUG:__main__:sleeping 0.001
INFO:root:usb.read.len: 64
INFO:root:usb.read.raw:
0000   0x01 0x55 0x00 0x00 0x02 0x00 0x00 0x00    .U......
0008   0x05 0x04 0x00 0x00 0x00 0x01 0x3b 0x00    ......;.
0010   0x00 0x00 0x47 0x00 0x1a 0x00 0xe0 0x00    ..G.....
0018   0xf4 0x00 0x14 0x00 0x00 0x00 0x00 0x00    ........
0020   0x00 0x01 0x00 0xbe 0x00 0x00 0x00 0x00    ........
0028   0x00 0x00 0x00 0x00 0x00 0x00 0x00 0x00    ........
0030   0x00 0x00 0x00 0x00 0x00 0x00 0x00 0x00    ........
0038   0x00 0x00 0x00 0x00 0x00 0x00 0x00 0x00    ........
INFO:__main__:quit send_force_read, found len: 64 expected 64 after 0 attempts
INFO:__main__:LinkStatus:0x03:status:size=??LinkStatus:error:True:reason:['OK']

INFO:__main__:finished processing LinkStatus:0x03:status:size=??LinkStatus:error:True:reason:[], 0
INFO:__main__:PROCESS:END:402.249:LinkStatus:0x03:status:size=??LinkStatus:error:True:reason:[]
DEBUG:__main__:poll zero, sleeping in POLL, .100
DEBUG:__main__:<Stick transmit[None] reader[None] download_i[False] status[<LinkStatus:0x03:status:size=??LinkStatus:error:True:reason:[]:size(0)>] poll_size[0] poll_i[4] command[<LinkStatus:0x03:status:size=??LinkStatus:error:True:reason:[]:size(0)>]>:poll:attempt:4
INFO:__main__:PROCESS:START:503.497:LinkStatus:0x03:status:size=64
INFO:__main__:link Stick transmit[None] reader[None] download_i[False] status[<LinkStatus:0x03:status:size=??LinkStatus:error:True:reason:[]:size(0)>] poll_size[0] poll_i[4] command[<LinkStatus:0x03:status:size=64:size(64)>] processing LinkStatus:0x03:status:size=64)
INFO:__main__:send_force_read: attempt 0/2 send command, read until we get something within some timeout
INFO:__main__:link Stick transmit[None] reader[None] download_i[False] status[<LinkStatus:0x03:status:size=??LinkStatus:error:True:reason:[]:size(0)>] poll_size[0] poll_i[4] command[<LinkStatus:0x03:status:size=64:size(64)>] sending LinkStatus:0x03:status:size=64)
INFO:root:usb.write.len: 3
0000   0x03 0x00 0x00                             ...
DEBUG:__main__:sleeping 0.001
INFO:root:usb.read.len: 64
INFO:root:usb.read.raw:
0000   0x01 0x55 0x00 0x00 0x02 0x00 0x00 0x00    .U......
0008   0x05 0x04 0x00 0x00 0x00 0x01 0x3b 0x00    ......;.
0010   0x00 0x00 0x47 0x00 0x1a 0x00 0xe0 0x00    ..G.....
0018   0xf4 0x00 0x14 0x00 0x00 0x00 0x00 0x00    ........
0020   0x00 0x01 0x00 0xbe 0x00 0x00 0x00 0x00    ........
0028   0x00 0x00 0x00 0x00 0x00 0x00 0x00 0x00    ........
0030   0x00 0x00 0x00 0x00 0x00 0x00 0x00 0x00    ........
0038   0x00 0x00 0x00 0x00 0x00 0x00 0x00 0x00    ........
INFO:__main__:quit send_force_read, found len: 64 expected 64 after 0 attempts
INFO:__main__:LinkStatus:0x03:status:size=??LinkStatus:error:True:reason:['OK']

INFO:__main__:finished processing LinkStatus:0x03:status:size=??LinkStatus:error:True:reason:[], 0
INFO:__main__:PROCESS:END:509.816:LinkStatus:0x03:status:size=??LinkStatus:error:True:reason:[]
DEBUG:__main__:poll zero, sleeping in POLL, .100
DEBUG:__main__:<Stick transmit[None] reader[None] download_i[False] status[<LinkStatus:0x03:status:size=??LinkStatus:error:True:reason:[]:size(0)>] poll_size[0] poll_i[5] command[<LinkStatus:0x03:status:size=??LinkStatus:error:True:reason:[]:size(0)>]>:poll:attempt:5
INFO:__main__:PROCESS:START:610.778:LinkStatus:0x03:status:size=64
INFO:__main__:link Stick transmit[None] reader[None] download_i[False] status[<LinkStatus:0x03:status:size=??LinkStatus:error:True:reason:[]:size(0)>] poll_size[0] poll_i[5] command[<LinkStatus:0x03:status:size=64:size(64)>] processing LinkStatus:0x03:status:size=64)
INFO:__main__:send_force_read: attempt 0/2 send command, read until we get something within some timeout
INFO:__main__:link Stick transmit[None] reader[None] download_i[False] status[<LinkStatus:0x03:status:size=??LinkStatus:error:True:reason:[]:size(0)>] poll_size[0] poll_i[5] command[<LinkStatus:0x03:status:size=64:size(64)>] sending LinkStatus:0x03:status:size=64)
INFO:root:usb.write.len: 3
0000   0x03 0x00 0x00                             ...
DEBUG:__main__:sleeping 0.001
INFO:root:usb.read.len: 64
INFO:root:usb.read.raw:
0000   0x01 0x55 0x00 0x00 0x02 0x00 0x00 0x00    .U......
0008   0x05 0x04 0x00 0x00 0x00 0x01 0x3b 0x00    ......;.
0010   0x00 0x00 0x47 0x00 0x1a 0x00 0xe0 0x00    ..G.....
0018   0xf4 0x00 0x14 0x00 0x00 0x00 0x00 0x00    ........
0020   0x00 0x01 0x00 0xbe 0x00 0x00 0x00 0x00    ........
0028   0x00 0x00 0x00 0x00 0x00 0x00 0x00 0x00    ........
0030   0x00 0x00 0x00 0x00 0x00 0x00 0x00 0x00    ........
0038   0x00 0x00 0x00 0x00 0x00 0x00 0x00 0x00    ........
INFO:__main__:quit send_force_read, found len: 64 expected 64 after 0 attempts
INFO:__main__:LinkStatus:0x03:status:size=??LinkStatus:error:True:reason:['OK']

INFO:__main__:finished processing LinkStatus:0x03:status:size=??LinkStatus:error:True:reason:[], 0
INFO:__main__:PROCESS:END:616.695:LinkStatus:0x03:status:size=??LinkStatus:error:True:reason:[]
DEBUG:__main__:poll zero, sleeping in POLL, .100
DEBUG:__main__:<Stick transmit[None] reader[None] download_i[False] status[<LinkStatus:0x03:status:size=??LinkStatus:error:True:reason:[]:size(0)>] poll_size[0] poll_i[6] command[<LinkStatus:0x03:status:size=??LinkStatus:error:True:reason:[]:size(0)>]>:poll:attempt:6
INFO:__main__:PROCESS:START:717.969:LinkStatus:0x03:status:size=64
INFO:__main__:link Stick transmit[None] reader[None] download_i[False] status[<LinkStatus:0x03:status:size=??LinkStatus:error:True:reason:[]:size(0)>] poll_size[0] poll_i[6] command[<LinkStatus:0x03:status:size=64:size(64)>] processing LinkStatus:0x03:status:size=64)
INFO:__main__:send_force_read: attempt 0/2 send command, read until we get something within some timeout
INFO:__main__:link Stick transmit[None] reader[None] download_i[False] status[<LinkStatus:0x03:status:size=??LinkStatus:error:True:reason:[]:size(0)>] poll_size[0] poll_i[6] command[<LinkStatus:0x03:status:size=64:size(64)>] sending LinkStatus:0x03:status:size=64)
INFO:root:usb.write.len: 3
0000   0x03 0x00 0x00                             ...
DEBUG:__main__:sleeping 0.001
INFO:root:usb.read.len: 64
INFO:root:usb.read.raw:
0000   0x01 0x55 0x00 0x00 0x02 0x00 0x00 0x00    .U......
0008   0x05 0x04 0x00 0x00 0x00 0x01 0x3b 0x00    ......;.
0010   0x00 0x00 0x47 0x00 0x1a 0x00 0xe0 0x00    ..G.....
0018   0xf4 0x00 0x14 0x00 0x00 0x00 0x00 0x00    ........
0020   0x00 0x01 0x00 0xbe 0x00 0x00 0x00 0x00    ........
0028   0x00 0x00 0x00 0x00 0x00 0x00 0x00 0x00    ........
0030   0x00 0x00 0x00 0x00 0x00 0x00 0x00 0x00    ........
0038   0x00 0x00 0x00 0x00 0x00 0x00 0x00 0x00    ........
INFO:__main__:quit send_force_read, found len: 64 expected 64 after 0 attempts
INFO:__main__:LinkStatus:0x03:status:size=??LinkStatus:error:True:reason:['OK']

INFO:__main__:finished processing LinkStatus:0x03:status:size=??LinkStatus:error:True:reason:[], 0
INFO:__main__:PROCESS:END:727.012:LinkStatus:0x03:status:size=??LinkStatus:error:True:reason:[]
DEBUG:__main__:poll zero, sleeping in POLL, .100
DEBUG:__main__:<Stick transmit[None] reader[None] download_i[False] status[<LinkStatus:0x03:status:size=??LinkStatus:error:True:reason:[]:size(0)>] poll_size[0] poll_i[7] command[<LinkStatus:0x03:status:size=??LinkStatus:error:True:reason:[]:size(0)>]>:poll:attempt:7
INFO:__main__:PROCESS:START:828.447:LinkStatus:0x03:status:size=64
INFO:__main__:link Stick transmit[None] reader[None] download_i[False] status[<LinkStatus:0x03:status:size=??LinkStatus:error:True:reason:[]:size(0)>] poll_size[0] poll_i[7] command[<LinkStatus:0x03:status:size=64:size(64)>] processing LinkStatus:0x03:status:size=64)
INFO:__main__:send_force_read: attempt 0/2 send command, read until we get something within some timeout
INFO:__main__:link Stick transmit[None] reader[None] download_i[False] status[<LinkStatus:0x03:status:size=??LinkStatus:error:True:reason:[]:size(0)>] poll_size[0] poll_i[7] command[<LinkStatus:0x03:status:size=64:size(64)>] sending LinkStatus:0x03:status:size=64)
INFO:root:usb.write.len: 3
0000   0x03 0x00 0x00                             ...
DEBUG:__main__:sleeping 0.001
INFO:root:usb.read.len: 64
INFO:root:usb.read.raw:
0000   0x01 0x55 0x00 0x00 0x02 0x00 0x00 0x00    .U......
0008   0x05 0x04 0x00 0x00 0x00 0x01 0x3b 0x00    ......;.
0010   0x00 0x00 0x47 0x00 0x1a 0x00 0xe0 0x00    ..G.....
0018   0xf4 0x00 0x14 0x00 0x00 0x00 0x00 0x00    ........
0020   0x00 0x01 0x00 0xbe 0x00 0x00 0x00 0x00    ........
0028   0x00 0x00 0x00 0x00 0x00 0x00 0x00 0x00    ........
0030   0x00 0x00 0x00 0x00 0x00 0x00 0x00 0x00    ........
0038   0x00 0x00 0x00 0x00 0x00 0x00 0x00 0x00    ........
INFO:__main__:quit send_force_read, found len: 64 expected 64 after 0 attempts
INFO:__main__:LinkStatus:0x03:status:size=??LinkStatus:error:True:reason:['OK']

INFO:__main__:finished processing LinkStatus:0x03:status:size=??LinkStatus:error:True:reason:[], 0
INFO:__main__:PROCESS:END:834.794:LinkStatus:0x03:status:size=??LinkStatus:error:True:reason:[]
DEBUG:__main__:poll zero, sleeping in POLL, .100
DEBUG:__main__:<Stick transmit[None] reader[None] download_i[False] status[<LinkStatus:0x03:status:size=??LinkStatus:error:True:reason:[]:size(0)>] poll_size[0] poll_i[8] command[<LinkStatus:0x03:status:size=??LinkStatus:error:True:reason:[]:size(0)>]>:poll:attempt:8
INFO:__main__:PROCESS:START:936.719:LinkStatus:0x03:status:size=64
INFO:__main__:link Stick transmit[None] reader[None] download_i[False] status[<LinkStatus:0x03:status:size=??LinkStatus:error:True:reason:[]:size(0)>] poll_size[0] poll_i[8] command[<LinkStatus:0x03:status:size=64:size(64)>] processing LinkStatus:0x03:status:size=64)
INFO:__main__:send_force_read: attempt 0/2 send command, read until we get something within some timeout
INFO:__main__:link Stick transmit[None] reader[None] download_i[False] status[<LinkStatus:0x03:status:size=??LinkStatus:error:True:reason:[]:size(0)>] poll_size[0] poll_i[8] command[<LinkStatus:0x03:status:size=64:size(64)>] sending LinkStatus:0x03:status:size=64)
INFO:root:usb.write.len: 3
0000   0x03 0x00 0x00                             ...
DEBUG:__main__:sleeping 0.001
INFO:root:usb.read.len: 64
INFO:root:usb.read.raw:
0000   0x01 0x55 0x00 0x00 0x02 0x00 0x00 0x00    .U......
0008   0x05 0x04 0x00 0x00 0x00 0x01 0x3b 0x00    ......;.
0010   0x00 0x00 0x47 0x00 0x1a 0x00 0xe0 0x00    ..G.....
0018   0xf4 0x00 0x14 0x00 0x00 0x00 0x00 0x00    ........
0020   0x00 0x01 0x00 0xbe 0x00 0x00 0x00 0x00    ........
0028   0x00 0x00 0x00 0x00 0x00 0x00 0x00 0x00    ........
0030   0x00 0x00 0x00 0x00 0x00 0x00 0x00 0x00    ........
0038   0x00 0x00 0x00 0x00 0x00 0x00 0x00 0x00    ........
INFO:__main__:quit send_force_read, found len: 64 expected 64 after 0 attempts
INFO:__main__:LinkStatus:0x03:status:size=??LinkStatus:error:True:reason:['OK']

INFO:__main__:finished processing LinkStatus:0x03:status:size=??LinkStatus:error:True:reason:[], 0
INFO:__main__:PROCESS:END:942.129:LinkStatus:0x03:status:size=??LinkStatus:error:True:reason:[]
DEBUG:__main__:poll zero, sleeping in POLL, .100
DEBUG:__main__:<Stick transmit[None] reader[None] download_i[False] status[<LinkStatus:0x03:status:size=??LinkStatus:error:True:reason:[]:size(0)>] poll_size[0] poll_i[9] command[<LinkStatus:0x03:status:size=??LinkStatus:error:True:reason:[]:size(0)>]>:poll:attempt:9
INFO:__main__:PROCESS:START:1044.374:LinkStatus:0x03:status:size=64
INFO:__main__:link Stick transmit[None] reader[None] download_i[False] status[<LinkStatus:0x03:status:size=??LinkStatus:error:True:reason:[]:size(0)>] poll_size[0] poll_i[9] command[<LinkStatus:0x03:status:size=64:size(64)>] processing LinkStatus:0x03:status:size=64)
INFO:__main__:send_force_read: attempt 0/2 send command, read until we get something within some timeout
INFO:__main__:link Stick transmit[None] reader[None] download_i[False] status[<LinkStatus:0x03:status:size=??LinkStatus:error:True:reason:[]:size(0)>] poll_size[0] poll_i[9] command[<LinkStatus:0x03:status:size=64:size(64)>] sending LinkStatus:0x03:status:size=64)
INFO:root:usb.write.len: 3
0000   0x03 0x00 0x00                             ...
DEBUG:__main__:sleeping 0.001
INFO:root:usb.read.len: 64
INFO:root:usb.read.raw:
0000   0x01 0x55 0x00 0x00 0x02 0x00 0x00 0x00    .U......
0008   0x05 0x04 0x00 0x00 0x00 0x01 0x3b 0x00    ......;.
0010   0x00 0x00 0x47 0x00 0x1a 0x00 0xe0 0x00    ..G.....
0018   0xf4 0x00 0x14 0x00 0x00 0x00 0x00 0x00    ........
0020   0x00 0x01 0x00 0xbe 0x00 0x00 0x00 0x00    ........
0028   0x00 0x00 0x00 0x00 0x00 0x00 0x00 0x00    ........
0030   0x00 0x00 0x00 0x00 0x00 0x00 0x00 0x00    ........
0038   0x00 0x00 0x00 0x00 0x00 0x00 0x00 0x00    ........
INFO:__main__:quit send_force_read, found len: 64 expected 64 after 0 attempts
INFO:__main__:LinkStatus:0x03:status:size=??LinkStatus:error:True:reason:['OK']

INFO:__main__:finished processing LinkStatus:0x03:status:size=??LinkStatus:error:True:reason:[], 0
INFO:__main__:PROCESS:END:1051.221:LinkStatus:0x03:status:size=??LinkStatus:error:True:reason:[]
DEBUG:__main__:poll zero, sleeping in POLL, .100
INFO:__main__:Stick transmit[None] reader[None] download_i[False] status[<LinkStatus:0x03:status:size=??LinkStatus:error:True:reason:[]:size(0)>] poll_size[0] poll_i[9] command[<LinkStatus:0x03:status:size=??LinkStatus:error:True:reason:[]:size(0)>]:STOP POLL after 10 attempts:size:0
INFO:__main__:XXX:clear_buffer[attempt][0]:segments[0],total_segments[0]:raw[0]:END first poll 0:SHOULD DOWNLOAD :False
INFO:__main__:PROCESS:START:1152.484:UsbStats:0x05 0x01
INFO:__main__:link Stick transmit[None] reader[None] download_i[False] status[<LinkStatus:0x03:status:size=??LinkStatus:error:True:reason:[]:size(0)>] poll_size[0] poll_i[False] command[<UsbStats:0x05 0x01:size(64)>] processing UsbStats:0x05 0x01)
INFO:__main__:send_force_read: attempt 0/2 send command, read until we get something within some timeout
INFO:__main__:link Stick transmit[None] reader[None] download_i[False] status[<LinkStatus:0x03:status:size=??LinkStatus:error:True:reason:[]:size(0)>] poll_size[0] poll_i[False] command[<UsbStats:0x05 0x01:size(64)>] sending UsbStats:0x05 0x01)
INFO:root:usb.write.len: 3
0000   0x05 0x01 0x00                             ...
DEBUG:__main__:sleeping 0.001
INFO:root:usb.read.len: 64
INFO:root:usb.read.raw:
0000   0x01 0x55 0x00 0x00 0x00 0x00 0x00 0x00    .U......
0008   0x00 0x05 0x85 0x00 0x00 0x05 0x85 0x05    ........
0010   0x86 0x06 0x76 0x05 0x85 0x04 0x00 0x00    ..v.....
0018   0x05 0x00 0x14 0x00 0x00 0x00 0x00 0x00    ........
0020   0x00 0x01 0x00 0xbe 0x00 0x00 0x00 0x00    ........
0028   0x00 0x00 0x00 0x00 0x00 0x00 0x00 0x00    ........
0030   0x00 0x00 0x00 0x00 0x00 0x00 0x00 0x00    ........
0038   0x00 0x00 0x00 0x00 0x00 0x00 0x00 0x00    ........
INFO:__main__:quit send_force_read, found len: 64 expected 64 after 0 attempts
INFO:__main__:finished processing UsbStats:0x05 0x01, {'errors.timeouts': 0, 'packets.transmit': 1413L, 'errors.naks': 0, 'errors.sequence': 0, 'packets.received': 1413L, 'errors.crc': 0}
INFO:__main__:PROCESS:END:1158.125:UsbStats:0x05 0x01
INFO:__main__:PROCESS:START:1158.305:RadioStats:0x05 0x00
INFO:__main__:link Stick transmit[None] reader[None] download_i[False] status[<LinkStatus:0x03:status:size=??LinkStatus:error:True:reason:[]:size(0)>] poll_size[0] poll_i[False] command[<RadioStats:0x05 0x00:size(64)>] processing RadioStats:0x05 0x00)
INFO:__main__:send_force_read: attempt 0/2 send command, read until we get something within some timeout
INFO:__main__:link Stick transmit[None] reader[None] download_i[False] status[<LinkStatus:0x03:status:size=??LinkStatus:error:True:reason:[]:size(0)>] poll_size[0] poll_i[False] command[<RadioStats:0x05 0x00:size(64)>] sending RadioStats:0x05 0x00)
INFO:root:usb.write.len: 3
0000   0x05 0x00 0x00                             ...
DEBUG:__main__:sleeping 0.001
INFO:root:usb.read.len: 64
INFO:root:usb.read.raw:
0000   0x01 0x55 0x00 0x00 0x00 0x00 0x1e 0x00    .U......
0008   0x00 0x01 0x0e 0x00 0x00 0x01 0x3b 0x00    ......;.
0010   0x00 0x00 0x47 0x00 0x1a 0x00 0xe0 0x00    ..G.....
0018   0xf4 0x00 0x14 0x00 0x00 0x00 0x00 0x00    ........
0020   0x00 0x01 0x00 0xbe 0x00 0x00 0x00 0x00    ........
0028   0x00 0x00 0x00 0x00 0x00 0x00 0x00 0x00    ........
0030   0x00 0x00 0x00 0x00 0x00 0x00 0x00 0x00    ........
0038   0x00 0x00 0x00 0x00 0x00 0x00 0x00 0x00    ........
INFO:__main__:quit send_force_read, found len: 64 expected 64 after 0 attempts
INFO:__main__:finished processing RadioStats:0x05 0x00, {'errors.timeouts': 30, 'packets.transmit': 315L, 'errors.naks': 0, 'errors.sequence': 0, 'packets.received': 270L, 'errors.crc': 0}
INFO:__main__:PROCESS:END:1163.129:RadioStats:0x05 0x00
INFO:__main__:XXX:clear_buffer[attempt][0]:END:no data:INTERFACE STATS
{'radio': {'errors.crc': 0,
           'errors.naks': 0,
           'errors.sequence': 0,
           'errors.timeouts': 30,
           'packets.received': 270L,
           'packets.transmit': 315L},
 'usb': {'errors.crc': 0,
         'errors.naks': 0,
         'errors.sequence': 0,
         'errors.timeouts': 0,
         'packets.received': 1413L,
         'packets.transmit': 1413L}}
INFO:__main__:NO PENDING BUFFER
INFO:__main__:DONE CLEARING BUFFERS
INFO:__main__:PROCESS:START:1166.409:UsbStats:0x05 0x01
INFO:__main__:link Stick transmit[None] reader[None] download_i[False] status[<LinkStatus:0x03:status:size=??LinkStatus:error:True:reason:[]:size(0)>] poll_size[0] poll_i[False] command[<UsbStats:0x05 0x01:size(64)>] processing UsbStats:0x05 0x01)
INFO:__main__:send_force_read: attempt 0/2 send command, read until we get something within some timeout
INFO:__main__:link Stick transmit[None] reader[None] download_i[False] status[<LinkStatus:0x03:status:size=??LinkStatus:error:True:reason:[]:size(0)>] poll_size[0] poll_i[False] command[<UsbStats:0x05 0x01:size(64)>] sending UsbStats:0x05 0x01)
INFO:root:usb.write.len: 3
0000   0x05 0x01 0x00                             ...
DEBUG:__main__:sleeping 0.001
INFO:root:usb.read.len: 64
INFO:root:usb.read.raw:
0000   0x01 0x55 0x00 0x00 0x00 0x00 0x00 0x00    .U......
0008   0x00 0x05 0x87 0x00 0x00 0x05 0x87 0x05    ........
0010   0x88 0x06 0x78 0x05 0x87 0x04 0x00 0x00    ..x.....
0018   0x05 0x00 0x14 0x00 0x00 0x00 0x00 0x00    ........
0020   0x00 0x01 0x00 0xbe 0x00 0x00 0x00 0x00    ........
0028   0x00 0x00 0x00 0x00 0x00 0x00 0x00 0x00    ........
0030   0x00 0x00 0x00 0x00 0x00 0x00 0x00 0x00    ........
0038   0x00 0x00 0x00 0x00 0x00 0x00 0x00 0x00    ........
INFO:__main__:quit send_force_read, found len: 64 expected 64 after 0 attempts
INFO:__main__:finished processing UsbStats:0x05 0x01, {'errors.timeouts': 0, 'packets.transmit': 1415L, 'errors.naks': 0, 'errors.sequence': 0, 'packets.received': 1415L, 'errors.crc': 0}
INFO:__main__:PROCESS:END:1170.785:UsbStats:0x05 0x01
INFO:__main__:PROCESS:START:1170.955:RadioStats:0x05 0x00
INFO:__main__:link Stick transmit[None] reader[None] download_i[False] status[<LinkStatus:0x03:status:size=??LinkStatus:error:True:reason:[]:size(0)>] poll_size[0] poll_i[False] command[<RadioStats:0x05 0x00:size(64)>] processing RadioStats:0x05 0x00)
INFO:__main__:send_force_read: attempt 0/2 send command, read until we get something within some timeout
INFO:__main__:link Stick transmit[None] reader[None] download_i[False] status[<LinkStatus:0x03:status:size=??LinkStatus:error:True:reason:[]:size(0)>] poll_size[0] poll_i[False] command[<RadioStats:0x05 0x00:size(64)>] sending RadioStats:0x05 0x00)
INFO:root:usb.write.len: 3
0000   0x05 0x00 0x00                             ...
DEBUG:__main__:sleeping 0.001
INFO:root:usb.read.len: 64
INFO:root:usb.read.raw:
0000   0x01 0x55 0x00 0x00 0x00 0x00 0x1e 0x00    .U......
0008   0x00 0x01 0x0e 0x00 0x00 0x01 0x3b 0x00    ......;.
0010   0x00 0x00 0x47 0x00 0x1a 0x00 0xe0 0x00    ..G.....
0018   0xf4 0x00 0x14 0x00 0x00 0x00 0x00 0x00    ........
0020   0x00 0x01 0x00 0xbe 0x00 0x00 0x00 0x00    ........
0028   0x00 0x00 0x00 0x00 0x00 0x00 0x00 0x00    ........
0030   0x00 0x00 0x00 0x00 0x00 0x00 0x00 0x00    ........
0038   0x00 0x00 0x00 0x00 0x00 0x00 0x00 0x00    ........
INFO:__main__:quit send_force_read, found len: 64 expected 64 after 0 attempts
INFO:__main__:finished processing RadioStats:0x05 0x00, {'errors.timeouts': 30, 'packets.transmit': 315L, 'errors.naks': 0, 'errors.sequence': 0, 'packets.received': 270L, 'errors.crc': 0}
INFO:__main__:PROCESS:END:1175.767:RadioStats:0x05 0x00
INFO:__main__:INTERFACE STATS:
{'radio': {'errors.crc': 0,
           'errors.naks': 0,
           'errors.sequence': 0,
           'errors.timeouts': 30,
           'packets.received': 270L,
           'packets.transmit': 315L},
 'usb': {'errors.crc': 0,
         'errors.naks': 0,
         'errors.sequence': 0,
         'errors.timeouts': 0,
         'packets.received': 1415L,
         'packets.transmit': 1415L}}
INFO:__main__:howdy! all done looking at the stick
python decocare/stick.py /dev/ttyUSB0
	elapsed 0:01.34
	user 0.08
	system 0.10
	CPU 14% (0text+0data 13088max)k
