0000   0x06 0x15 0x05 0x2e 0x00 0x40 0x60 0x01    .....@`.
0008   0x04 0x06 0x36 0x05 0x36 0x00 0x40 0x60    ..6.6.@`
0010   0x01 0x04 0x06 0x2f 0x18 0x41 0x00 0x40    .../.A.@
0018   0x20 0xc1 0x04 0x06 0x2f 0x0c 0x5f 0x00     .../._.
0020   0x40 0x20 0xc1 0x04 0x06 0x2f 0x0c 0x70    @ .../.p
0028   0x00 0x40 0x20 0xc1 0x04 0x06 0x2f 0x0c    .@ .../.
0030   0x81 0x00 0x40 0x20 0xc1 0x04 0x06 0x2f    ..@ .../
0038   0x0c 0x92 0x00 0x40 0x20 0xc1 0x04 0x06    ...@ ...
0040   0x2f 0x0c 0xa3 0x00 0x40 0x20 0xc1 0x04    /...@ ..
0048   0x06 0x2f 0x0c 0xc7 0x00 0x40 0x20 0xc1    ./...@ .
0050   0x04 0x06 0x2f 0x0c 0xd8 0x00 0x40 0x20    ../...@ 
0058   0xc1 0x04 0x06 0x11 0x0c 0xe7 0x00 0x40    .......@
0060   0x20 0xc1 0x04 0x06 0x15 0x05 0x0c 0x00     .......
0068   0x40 0x40 0xa1 0x04 0x64 0x00 0x0c 0x40    @@..d..@
0070   0x00 0x01 0x04 0x64 0x00 0x15 0x40 0x00    ...d..@.
0078   0x01 0x04 0x17 0x00 0x08 0x41 0x00 0x01    .....A..
0080   0x04 0x18 0x00 0x00 0x40 0x00 0x01 0x00    ....@...
0088   0x07 0x00 0x00 0x00 0x00 0x01 0x84 0x6c    .......l
0090   0x01 0x84 0x00 0x0c 0x00 0xe8 0x00 0x00    ........
0098   0x00 0x00 0x00 0x00 0x00 0x00 0x00 0x00    ........
00A0   0x00 0x00 0x00 0x00 0x00 0x00 0x00 0x00    ........
00A8   0x00 0x00 0x00 0x00 0x00 0x00 0x00 0x00    ........
00B0   0x00 0x00 0x00 0x00 0x00 0x21 0x00 0x08    .....!..
00B8   0x40 0x00 0x01 0x00 0x03 0x00 0x00 0x00    @.......
00C0   0x15 0x10 0x40 0x20 0x01 0x00 0x03 0x00    ..@ ....
00C8   0x07 0x00 0x07 0x22 0x40 0x00 0x01 0x00    ..."@...
00D0   0x64 0x01 0x03 0x42 0x00 0x01 0x00 0x64    d..B...d
00D8   0x00 0x09 0x42 0x00 0x01 0x00 0x64 0x01    ..B...d.
00E0   0x0e 0x42 0x00 0x01 0x00 0x64 0x00 0x10    .B...d..
00E8   0x42 0x00 0x01 0x00 0x64 0x01 0x12 0x42    B...d..B
00F0   0x00 0x01 0x00 0x64 0x00 0x13 0x42 0x00    ...d..B.
00F8   0x01 0x00 0x64 0x01 0x16 0x42 0x00 0x01    ..d..B..
0100   0x00 0x64 0x00 0x17 0x42 0x00 0x01 0x00    .d..B...
0108   0x1e 0x00 0x12 0x65 0x03 0x41 0x00 0x1f    ...e.A..
0110   0x00 0x24 0x65 0x03 0x41 0x00 0x1e 0x00    .$e.A...
0118   0x17 0x68 0x03 0x41 0x00 0x1f 0x00 0x29    .h.A...)
0120   0x68 0x03 0x41 0x00 0x21 0x00 0x0b 0x69    h.A.!..i
0128   0x03 0x01 0x00 0x03 0x00 0x00 0x00 0x16    ........
0130   0x20 0x69 0x23 0x01 0x00 0x03 0x00 0x03     i#.....
0138   0x00 0x03 0x2c 0x69 0x03 0x01 0x00 0x14    ..,i....
0140   0x00 0x11 0x6c 0x23 0x01 0x00 0x08 0x00    ..l#....
0148   0x11 0x6c 0x23 0x01 0x00 0x3f 0x00 0x00    .l#..?..
0150   0x00 0x00 0x00 0x00 0x00 0x00 0x00 0x00    ........
0158   0x00 0x00 0x00 0x00 0x00 0x00 0x00 0x00    ........
0160   0x00 0x00 0x00 0x00 0x00 0x00 0x00 0x00    ........
0168   0x00 0x00 0x00 0x00 0x00 0x00 0x00 0x00    ........
0170   0x00 0x00 0x00 0x00 0x00 0x00 0x00 0x00    ........
0178   0x00 0x00 0x00 0x00 0x00 0x00 0x00 0x00    ........
0180   0x00 0x00 0x00 0x00 0x00 0x00 0x00 0x00    ........
0188   0x00 0x00 0x00 0x00 0x00 0x00 0x00 0x00    ........
0190   0x00 0x00 0x00 0x00 0x00 0x00 0x00 0x00    ........
0198   0x00 0x00 0x00 0x00 0x00 0x00 0x00 0x00    ........
01A0   0x00 0x00 0x00 0x00 0x00 0x00 0x00 0x00    ........
01A8   0x00 0x00 0x00 0x00 0x00 0x00 0x00 0x00    ........
01B0   0x00 0x00 0x00 0x00 0x00 0x00 0x00 0x00    ........
01B8   0x00 0x00 0x00 0x00 0x00 0x00 0x00 0x00    ........
01C0   0x00 0x00 0x00 0x00 0x00 0x00 0x00 0x00    ........
01C8   0x00 0x00 0x00 0x00 0x00 0x00 0x00 0x00    ........
01D0   0x00 0x00 0x00 0x00 0x00 0x00 0x00 0x00    ........
01D8   0x00 0x00 0x00 0x00 0x00 0x00 0x09 0x0c    ........
01E0   0x11 0x6c 0x23 0x01 0x00 0x00 0x02 0x00    .l#.....
01E8   0x0c 0x04 0x00 0x16 0x06 0x00 0x1e 0x08    ........
01F0   0x00 0x22 0x0a 0x00 0x26 0x16 0x00 0x28    ."..&..(
01F8   0x18 0x00 0x29 0x20 0x00 0x2a 0x24 0x00    ..) .*$.
0200   0x2c 0x28 0x00 0x2e 0x2c 0x00 0x2f 0x34    ,(..,./4
0208   0x00 0x00 0x00 0x00 0x00 0x00 0x00 0x00    ........
0210   0x00 0x00 0x00 0x00 0x00 0x00 0x00 0x00    ........
0218   0x00 0x00 0x00 0x00 0x00 0x00 0x00 0x00    ........
0220   0x00 0x00 0x00 0x00 0x00 0x00 0x00 0x00    ........
0228   0x00 0x00 0x00 0x00 0x00 0x00 0x00 0x00    ........
0230   0x00 0x00 0x00 0x00 0x00 0x00 0x00 0x00    ........
0238   0x00 0x00 0x00 0x00 0x00 0x00 0x00 0x00    ........
0240   0x00 0x00 0x00 0x00 0x00 0x00 0x00 0x00    ........
0248   0x00 0x00 0x00 0x00 0x00 0x00 0x00 0x00    ........
0250   0x00 0x00 0x00 0x00 0x00 0x00 0x00 0x00    ........
0258   0x00 0x00 0x00 0x00 0x00 0x00 0x00 0x00    ........
0260   0x00 0x00 0x00 0x00 0x00 0x00 0x00 0x00    ........
0268   0x00 0x00 0x00 0x00 0x00 0x00 0x00 0x00    ........
0270   0x00 0x00 0x00 0x00 0x00 0x00 0x14 0x01    ........
0278   0x23 0x6f 0x43 0x01 0x00 0x08 0x00 0x23    #oC....#
0280   0x6f 0x43 0x01 0x00 0x3f 0x00 0x00 0x00    oC..?...
0288   0x00 0x00 0x00 0x00 0x00 0x00 0x00 0x00    ........
0290   0x00 0x00 0x00 0x00 0x00 0x00 0x00 0x00    ........
0298   0x00 0x00 0x00 0x00 0x00 0x00 0x00 0x00    ........
02A0   0x00 0x00 0x00 0x00 0x00 0x00 0x00 0x00    ........
02A8   0x00 0x00 0x00 0x00 0x00 0x00 0x00 0x00    ........
02B0   0x00 0x00 0x00 0x00 0x00 0x00 0x00 0x00    ........
02B8   0x00 0x00 0x00 0x00 0x00 0x00 0x00 0x00    ........
02C0   0x00 0x00 0x00 0x00 0x00 0x00 0x00 0x00    ........
02C8   0x00 0x00 0x00 0x00 0x00 0x00 0x00 0x00    ........
02D0   0x00 0x00 0x00 0x00 0x00 0x00 0x00 0x00    ........
02D8   0x00 0x00 0x00 0x00 0x00 0x00 0x00 0x00    ........
02E0   0x00 0x00 0x00 0x00 0x00 0x00 0x00 0x00    ........
02E8   0x00 0x00 0x00 0x00 0x00 0x00 0x00 0x00    ........
02F0   0x00 0x00 0x00 0x00 0x00 0x00 0x00 0x00    ........
02F8   0x00 0x00 0x00 0x00 0x00 0x00 0x00 0x00    ........
0300   0x00 0x00 0x00 0x00 0x00 0x00 0x00 0x00    ........
0308   0x00 0x00 0x00 0x00 0x00 0x00 0x00 0x00    ........
0310   0x00 0x00 0x00 0x00 0x00 0x09 0x10 0x23    .......#
0318   0x6f 0x43 0x01 0x00 0x00 0x02 0x00 0x02    oC......
0320   0x04 0x00 0x04 0x08 0x00 0x06 0x0c 0x00    ........
0328   0x08 0x10 0x00 0x0a 0x14 0x00 0x0d 0x1a    ........
0330   0x00 0x0e 0x1c 0x00 0x10 0x20 0x00 0x12    ..... ..
0338   0x24 0x00 0x14 0x28 0x00 0x16 0x2c 0x00    $..(..,.
0340   0x18 0x30 0x00 0x1a 0x34 0x00 0x1c 0x38    .0..4..8
0348   0x00 0x1e 0x40 0x00 0x00 0x00 0x00 0x00    ..@.....
0350   0x00 0x00 0x00 0x00 0x00 0x00 0x00 0x00    ........
0358   0x00 0x00 0x00 0x00 0x00 0x00 0x00 0x00    ........
0360   0x00 0x00 0x00 0x00 0x00 0x00 0x00 0x00    ........
0368   0x00 0x00 0x00 0x00 0x00 0x00 0x00 0x00    ........
0370   0x00 0x00 0x00 0x00 0x00 0x00 0x00 0x00    ........
0378   0x00 0x00 0x00 0x00 0x00 0x00 0x00 0x00    ........
0380   0x00 0x00 0x00 0x00 0x00 0x00 0x00 0x00    ........
0388   0x00 0x00 0x00 0x00 0x00 0x00 0x00 0x00    ........
0390   0x00 0x00 0x00 0x00 0x00 0x00 0x00 0x00    ........
0398   0x00 0x00 0x00 0x00 0x00 0x00 0x00 0x00    ........
03A0   0x00 0x00 0x00 0x00 0x00 0x00 0x00 0x00    ........
03A8   0x00 0x00 0x00 0x00 0x00 0x00 0x00 0x00    ........
03B0   0x00 0x00 0x00 0x00 0x00 0x00 0x00 0x00    ........
03B8   0x00 0x00 0x00 0x00 0x00 0x00 0x00 0x00    ........
03C0   0x00 0x00 0x00 0x00 0x00 0x00 0x00 0x00    ........
03C8   0x00 0x00 0x00 0x00 0x00 0x00 0x00 0x00    ........
03D0   0x00 0x00 0x00 0x00 0x00 0x00 0x00 0x00    ........
03D8   0x00 0x00 0x00 0x00 0x00 0x00 0x00 0x00    ........
03E0   0x00 0x00 0x00 0x00 0x00 0x00 0x00 0x00    ........
03E8   0x00 0x00 0x00 0x00 0x00 0x00 0x00 0x00    ........
03F0   0x00 0x00 0x00 0x00 0x00 0x00 0x00 0x00    ........
03F8   0x00 0x00 0x00 0x00 0x00 0x00 0x5f 0x07    ......_.
