INFO:auditor:hello world
INFO:auditor.io:hello world
INFO:auditor.io:[1, 0, 167, 1, 102, 84, 85, 128, 2, 85, 0, 0, 0, 93, 230, 1, 10, 162]
INFO:auditor.io:[1, 0, 167, 1, 102, 84, 85, 128, 0, 0, 2, 1, 0, 117, 215, 0]
INFO:auditor.io:[1, 0, 167, 1, 32, 136, 80, 128, 1, 0, 2, 2, 0, 128, 155, 0, 0]
**********************************************************************
File "cl2.py", line 473, in __main__.ReadHistoryData
Failed example:
    ReadHistoryData(serial='208850').format() == ReadHistoryData._test_ok
Expected:
    True
Got:
    False
INFO:auditor.io:[1, 0, 167, 1, 102, 84, 85, 128, 0, 0, 2, 1, 0, 141, 91, 0]
INFO:auditor.io:[1, 0, 167, 1, 102, 84, 85, 128, 0, 0, 2, 1, 0, 131, 46, 0]
**********************************************************************
1 items had failures:
   1 of   1 in __main__.ReadHistoryData
***Test Failed*** 1 failures.
INFO:auditor.io:sendComLink2Command:write
INFO:auditor.io:checkAck:read
INFO:auditor:ACK OK
INFO:auditor:readProductInfo:result
INFO:auditor:product info: {'description': 'ComLink II',
 'interfaces': [(0, 'Paradigm RF'), (1, 'USB')],
 'product.version': '0.0',
 'rf.freq': '916.5Mhz',
 'serial': '0b2c00',
 'software.version': '1.16'}
INFO:auditor.io:sendComLink2Command:write
INFO:auditor.io:checkAck:read
INFO:auditor:ACK OK
INFO:auditor:<__main__.Link object at 0x1832c90>:readSignalStrength:191
INFO:auditor.io:[1, 0, 167, 1, 32, 136, 80, 128, 0, 0, 2, 1, 0, 117, 75, 0]
INFO:auditor.io:sendDeviceCommand:write:<__main__.ReadErrorStatus object at 0x184a0d0>
INFO:auditor.io:checkAck:read
INFO:auditor:ACK OK
INFO:auditor.io:sendComLink2Command:write
INFO:auditor.io:checkAck:read
INFO:auditor:ACK OK
INFO:auditor:getNumBytesAvailable:78
INFO:auditor.io:writeAndRead:
INFO:auditor:readData ACK
INFO:auditor:XXX resLength: 64
INFO:auditor.io:[1, 0, 167, 1, 32, 136, 80, 128, 0, 0, 2, 1, 0, 131, 178, 0]
INFO:auditor.io:sendDeviceCommand:write:<__main__.ReadPumpState object at 0x184a150>
INFO:auditor.io:checkAck:read
INFO:auditor:ACK OK
INFO:auditor.io:sendComLink2Command:write
INFO:auditor.io:checkAck:read
INFO:auditor:ACK OK
INFO:auditor:getNumBytesAvailable:78
INFO:auditor.io:writeAndRead:
INFO:auditor:readData ACK
INFO:auditor:XXX resLength: 64
INFO:auditor:read cur page number
INFO:auditor.io:[1, 0, 167, 1, 32, 136, 80, 128, 0, 0, 2, 1, 0, 157, 245, 0]
INFO:auditor.io:sendDeviceCommand:write:<__main__.ReadCurPageNumber object at 0x184a0d0>
INFO:auditor.io:checkAck:read
INFO:auditor:ACK OK
INFO:auditor.io:sendComLink2Command:write
INFO:auditor.io:checkAck:read
INFO:auditor:ACK OK
INFO:auditor:getNumBytesAvailable:78
INFO:auditor.io:writeAndRead:
INFO:auditor:readData ACK
INFO:auditor:XXX resLength: 64
INFO:auditor:XXX: READ cur page number:
0000   0x00 0x00 0x00 0x07 0x00 0x00 0x00 0x00    ........
0008   0x00 0x00 0x00 0x00 0x00 0x00 0x00 0x00    ........
0010   0x00 0x00 0x00 0x00 0x00 0x00 0x00 0x00    ........
0018   0x00 0x00 0x00 0x00 0x00 0x00 0x00 0x00    ........
0020   0x00 0x00 0x00 0x00 0x00 0x00 0x00 0x00    ........
0028   0x00 0x00 0x00 0x00 0x00 0x00 0x00 0x00    ........
0030   0x00 0x00 0x00 0x00 0x00 0x00 0x00 0x00    ........
0038   0x00 0x00 0x00 0x00 0x00 0x00 0x00 0x00    ........
INFO:auditor:attempting to read 7 pages of history
INFO:auditor:comm:READ HISTORY DATA page number: 0
INFO:auditor.io:[1, 0, 167, 1, 32, 136, 80, 128, 1, 0, 2, 2, 0, 128, 155, 0, 0]
INFO:auditor.io:sendDeviceCommand:write:<__main__.ReadHistoryData object at 0x184a410>
INFO:auditor.io:checkAck:read
INFO:auditor:ACK OK
INFO:auditor.io:sendComLink2Command:write
INFO:auditor.io:checkAck:read
INFO:auditor:ACK OK
DEBUG:auditor:<__main__.Device object at 0x1836750>:getNumBytesAvailable:attempt:0
INFO:auditor.io:sendComLink2Command:write
INFO:auditor.io:checkAck:read
INFO:auditor:ACK OK
DEBUG:auditor:<__main__.Device object at 0x1836750>:getNumBytesAvailable:attempt:1
INFO:auditor.io:sendComLink2Command:write
INFO:auditor.io:checkAck:read
INFO:auditor:ACK OK
INFO:auditor:getNumBytesAvailable:78
INFO:auditor.io:writeAndRead:
INFO:auditor:readData ACK
INFO:auditor:XXX resLength: 64
INFO:auditor.io:sendComLink2Command:write
INFO:auditor.io:checkAck:read
INFO:auditor:ACK OK
INFO:auditor:getNumBytesAvailable:206
INFO:auditor.io:writeAndRead:
INFO:auditor:readData ACK
INFO:auditor:XXX resLength: 192
INFO:auditor.io:sendComLink2Command:write
INFO:auditor.io:checkAck:read
INFO:auditor:ACK OK
INFO:auditor:getNumBytesAvailable:206
INFO:auditor.io:writeAndRead:
INFO:auditor:readData ACK
INFO:auditor:XXX resLength: 192
INFO:auditor.io:sendComLink2Command:write
INFO:auditor.io:checkAck:read
INFO:auditor:ACK OK
INFO:auditor:getNumBytesAvailable:206
INFO:auditor.io:writeAndRead:
INFO:auditor:readData ACK
INFO:auditor:XXX resLength: 192
INFO:auditor.io:sendComLink2Command:write
INFO:auditor.io:checkAck:read
INFO:auditor:ACK OK
INFO:auditor:getNumBytesAvailable:142
INFO:auditor.io:writeAndRead:
INFO:auditor:readData ACK
INFO:auditor:XXX resLength: 128
INFO:auditor.io:sendComLink2Command:write
INFO:auditor.io:checkAck:read
INFO:auditor:ACK OK
INFO:auditor:getNumBytesAvailable:206
INFO:auditor.io:writeAndRead:
INFO:auditor:readData ACK
INFO:auditor:XXX resLength: 192
INFO:auditor.io:sendComLink2Command:write
INFO:auditor.io:checkAck:read
INFO:auditor:ACK OK
INFO:auditor:getNumBytesAvailable:78
INFO:auditor.io:writeAndRead:
INFO:auditor:readData ACK
INFO:auditor:XXX resLength: 64
INFO:auditor:XXX: READ HISTORY DATA!!:
0000   0x5b 0x64 0x6f 0xd7 0x08 0x01 0x06 0x03    [do.....
0008   0x50 0x0a 0x32 0x64 0x00 0x03 0x00 0x00    P.2d....
0010   0x00 0x00 0x03 0x64 0x01 0x03 0x03 0x00    ...d....
0018   0x6f 0xd7 0x28 0x01 0x06 0x5b 0x67 0x6b    o.(..[gk
0020   0xd8 0x08 0x01 0x06 0x07 0x50 0x0a 0x32    .....P.2
0028   0x64 0x00 0x07 0x00 0x00 0x03 0x00 0x07    d.......
0030   0x64 0x5c 0x05 0x0c 0x01 0x44 0x01 0x07    d\...D..
0038   0x07 0x00 0x6b 0xd8 0x28 0x01 0x06 0x5b    ..k.(..[
0040   0x57 0x77 0xda 0x08 0x01 0x06 0x01 0x52    Ww.....R
0048   0x0a 0x32 0x64 0x63 0x01 0x00 0x00 0x0a    .2dc....
0050   0x00 0x5a 0x64 0x5c 0x05 0x28 0x03 0x44    .Zd\.(.D
0058   0x01 0x5a 0x5a 0x00 0x77 0xda 0x28 0x01    .ZZ.w.(.
0060   0x06 0x1e 0x00 0x55 0xe4 0x08 0x41 0x06    ...U..A.
0068   0x1f 0x00 0x6b 0xe4 0x08 0x41 0x06 0x07    ..k..A..
0070   0x00 0x00 0x04 0x52 0x61 0x86 0x6c 0x61    ...Ra.la
0078   0x86 0x05 0x21 0x0b 0x64 0x57 0x03 0x00    ..!.dW..
0080   0x00 0x04 0x52 0x02 0xc2 0x40 0x01 0x90    ..R..@..
0088   0x24 0x00 0x0b 0x01 0x90 0x24 0x00 0x2c    $....$.,
0090   0x0b 0x01 0x64 0x59 0x00 0x00 0x00 0x03    ..dY....
0098   0x02 0x00 0x01 0x00 0x1e 0x00 0x60 0xdd    ......`.
00A0   0x12 0x42 0x06 0x1f 0x00 0x58 0xde 0x12    .B...X..
00A8   0x42 0x06 0x1e 0x00 0x57 0xe5 0x12 0x42    B...W..B
00B0   0x06 0x1f 0x00 0x69 0xe5 0x12 0x42 0x06    ...i..B.
00B8   0x1e 0x00 0x63 0xf9 0x12 0x42 0x06 0x1f    ..c..B..
00C0   0x00 0x7a 0xfa 0x12 0x42 0x06 0x07 0x00    .z..B...
00C8   0x00 0x03 0x32 0x62 0x86 0x6c 0x62 0x86    ..2b.lb.
00D0   0x05 0x0c 0x00 0xe8 0x00 0x00 0x00 0x00    ........
00D8   0x03 0x32 0x03 0x32 0x64 0x00 0x00 0x00    .2.2d...
00E0   0x00 0x00 0x00 0x00 0x00 0x00 0x00 0x00    ........
00E8   0x00 0x00 0x00 0x00 0x00 0x00 0x00 0x00    ........
00F0   0x00 0x00 0x00 0x1e 0x00 0x4e 0xc0 0x0a    .....N..
00F8   0x43 0x06 0x1f 0x00 0x60 0xc0 0x0a 0x43    C...`..C
0100   0x06 0x07 0x00 0x00 0x03 0x36 0x63 0x86    .....6c.
0108   0x6c 0x63 0x86 0x05 0x0c 0x00 0xe8 0x00    lc......
0110   0x00 0x00 0x00 0x03 0x36 0x03 0x36 0x64    ....6.6d
0118   0x00 0x00 0x00 0x00 0x00 0x00 0x00 0x00    ........
0120   0x00 0x00 0x00 0x00 0x00 0x00 0x00 0x00    ........
0128   0x00 0x00 0x00 0x00 0x00 0x00 0x07 0x00    ........
0130   0x00 0x03 0x36 0x64 0x86 0x6c 0x64 0x86    ..6d.ld.
0138   0x05 0x0c 0x00 0xe8 0x00 0x00 0x00 0x00    ........
0140   0x03 0x36 0x03 0x36 0x64 0x00 0x00 0x00    .6.6d...
0148   0x00 0x00 0x00 0x00 0x00 0x00 0x00 0x00    ........
0150   0x00 0x00 0x00 0x00 0x00 0x00 0x00 0x00    ........
0158   0x00 0x00 0x00 0x07 0x00 0x00 0x03 0x36    .......6
0160   0x65 0x86 0x6c 0x65 0x86 0x05 0x0c 0x00    e.le....
0168   0xe8 0x00 0x00 0x00 0x00 0x03 0x36 0x03    ......6.
0170   0x36 0x64 0x00 0x00 0x00 0x00 0x00 0x00    6d......
0178   0x00 0x00 0x00 0x00 0x00 0x00 0x00 0x00    ........
0180   0x00 0x00 0x00 0x00 0x00 0x00 0x00 0x00    ........
0188   0x34 0xc8 0x40 0xcc 0x0f 0x06 0x06 0x07    4.@.....
0190   0x00 0x00 0x03 0x36 0x66 0x86 0x6c 0x66    ...6f.lf
0198   0x86 0x05 0x0c 0x00 0xe8 0x00 0x00 0x00    ........
01A0   0x00 0x03 0x36 0x03 0x36 0x64 0x00 0x00    ..6.6d..
01A8   0x00 0x00 0x00 0x00 0x00 0x00 0x00 0x00    ........
01B0   0x00 0x00 0x00 0x00 0x00 0x00 0x00 0x00    ........
01B8   0x00 0x00 0x00 0x00 0x34 0x64 0x41 0xde    ....4dA.
01C0   0x02 0x07 0x06 0x5b 0x75 0x43 0xc5 0x0f    ...[uC..
01C8   0x07 0x06 0x03 0x50 0x0a 0x32 0x64 0x03    ...P.2d.
01D0   0x03 0x00 0x00 0x00 0x00 0x06 0x64 0x01    ......d.
01D8   0x06 0x06 0x00 0x43 0xc5 0x2f 0x07 0x06    ...C./..
01E0   0x5b 0x75 0x45 0xce 0x10 0x07 0x06 0x06    [uE.....
01E8   0x50 0x0a 0x32 0x64 0x03 0x06 0x00 0x00    P.2d....
01F0   0x05 0x00 0x06 0x64 0x5c 0x05 0x18 0x47    ...d\..G
01F8   0x44 0x01 0x06 0x06 0x00 0x45 0xce 0x30    D....E.0
0200   0x07 0x06 0x21 0x00 0x79 0xef 0x10 0x07    ..!.y...
0208   0x06 0x03 0x00 0x00 0x00 0x13 0x74 0xf0    ......t.
0210   0x30 0x07 0x06 0x03 0x00 0x03 0x00 0x03    0.......
0218   0x4c 0xf1 0x10 0x07 0x06 0x03 0x00 0x03    L.......
0220   0x00 0x03 0x66 0xca 0x11 0x07 0x06 0x03    ..f.....
0228   0x00 0x03 0x00 0x03 0x73 0xdc 0x11 0x07    ....s...
0230   0x06 0x03 0x00 0x03 0x00 0x03 0x4e 0xe9    ......N.
0238   0x11 0x07 0x06 0x03 0x00 0x03 0x00 0x03    ........
0240   0x42 0xf9 0x11 0x07 0x06 0x03 0x00 0x03    B.......
0248   0x00 0x03 0x45 0xc2 0x12 0x07 0x06 0x1e    ..E.....
0250   0x00 0x60 0xd6 0x12 0x47 0x06 0x1f 0x00    .`..G...
0258   0x73 0xd6 0x12 0x47 0x06 0x07 0x00 0x00    s..G....
0260   0x03 0x64 0x67 0x86 0x6c 0x67 0x86 0x05    .dg.lg..
0268   0x00 0x75 0x75 0x75 0x05 0x00 0x00 0x03    .uuu....
0270   0x64 0x03 0x34 0x5e 0x00 0x30 0x06 0x00    d.4^.0..
0278   0x09 0x00 0x30 0x06 0x00 0x24 0x4b 0x00    ..0..$K.
0280   0x0c 0x19 0x00 0x00 0x00 0x02 0x01 0x00    ........
0288   0x01 0x00 0x03 0x00 0x03 0x00 0x03 0x71    .......q
0290   0xd6 0x05 0x08 0x06 0x1e 0x00 0x47 0xf1    ......G.
0298   0x05 0x48 0x06 0x1f 0x00 0x5a 0xf1 0x05    .H...Z..
02A0   0x48 0x06 0x64 0x00 0x65 0xcb 0x07 0x08    H.d.e...
02A8   0x06 0x17 0x00 0x4c 0xcc 0x07 0x08 0x06    ...L....
02B0   0x18 0x00 0x80 0x1e 0x17 0x1f 0x06 0x07    ........
02B8   0x00 0x00 0x00 0x58 0x68 0x86 0x6c 0x68    ...Xh.lh
02C0   0x86 0x05 0x0c 0x00 0xe8 0x00 0x00 0x00    ........
02C8   0x00 0x00 0x58 0x00 0x58 0x64 0x00 0x00    ..X.Xd..
02D0   0x00 0x00 0x00 0x00 0x00 0x00 0x00 0x00    ........
02D8   0x00 0x00 0x00 0x00 0x00 0x00 0x00 0x00    ........
02E0   0x00 0x00 0x00 0x00 0x03 0x00 0x03 0x00    ........
02E8   0x03 0x9c 0x21 0x17 0x1f 0x06 0x03 0x00    ..!.....
02F0   0x05 0x00 0x05 0xb6 0x21 0x17 0x1f 0x06    ....!...
02F8   0x03 0x00 0x03 0x00 0x03 0x9c 0x22 0x17    ......".
0300   0x1f 0x06 0x07 0x00 0x00 0x00 0x06 0x9f    ........
0308   0x06 0x6c 0x9f 0x06 0x05 0x0c 0x00 0xe8    .l......
0310   0x00 0x00 0x00 0x00 0x00 0x06 0x00 0x06    ........
0318   0x64 0x00 0x00 0x00 0x00 0x00 0x00 0x00    d.......
0320   0x00 0x00 0x00 0x00 0x00 0x00 0x00 0x00    ........
0328   0x00 0x00 0x00 0x00 0x00 0x00 0x00 0x03    ........
0330   0x00 0x03 0x00 0x03 0xa9 0x4c 0x00 0x01    .....L..
0338   0x06 0x00 0x00 0x00 0x00 0x00 0x00 0x00    ........
0340   0x00 0x00 0x00 0x00 0x00 0x00 0x00 0x00    ........
0348   0x00 0x00 0x00 0x00 0x00 0x00 0x00 0x00    ........
0350   0x00 0x00 0x00 0x00 0x00 0x00 0x00 0x00    ........
0358   0x00 0x00 0x00 0x00 0x00 0x00 0x00 0x00    ........
0360   0x00 0x00 0x00 0x00 0x00 0x00 0x00 0x00    ........
0368   0x00 0x00 0x00 0x00 0x00 0x00 0x00 0x00    ........
0370   0x00 0x00 0x00 0x00 0x00 0x00 0x00 0x00    ........
0378   0x00 0x00 0x00 0x00 0x00 0x00 0x00 0x00    ........
0380   0x00 0x00 0x00 0x00 0x00 0x00 0x00 0x00    ........
0388   0x00 0x00 0x00 0x00 0x00 0x00 0x00 0x00    ........
0390   0x00 0x00 0x00 0x00 0x00 0x00 0x00 0x00    ........
0398   0x00 0x00 0x00 0x00 0x00 0x00 0x00 0x00    ........
03A0   0x00 0x00 0x00 0x00 0x00 0x00 0x00 0x00    ........
03A8   0x00 0x00 0x00 0x00 0x00 0x00 0x00 0x00    ........
03B0   0x00 0x00 0x00 0x00 0x00 0x00 0x00 0x00    ........
03B8   0x00 0x00 0x00 0x00 0x00 0x00 0x00 0x00    ........
03C0   0x00 0x00 0x00 0x00 0x00 0x00 0x00 0x00    ........
03C8   0x00 0x00 0x00 0x00 0x00 0x00 0x00 0x00    ........
03D0   0x00 0x00 0x00 0x00 0x00 0x00 0x00 0x00    ........
03D8   0x00 0x00 0x00 0x00 0x00 0x00 0x00 0x00    ........
03E0   0x00 0x00 0x00 0x00 0x00 0x00 0x00 0x00    ........
03E8   0x00 0x00 0x00 0x00 0x00 0x00 0x00 0x00    ........
03F0   0x00 0x00 0x00 0x00 0x00 0x00 0x00 0x00    ........
03F8   0x00 0x00 0x00 0x00 0x00 0x00 0xd8 0x8d    ........
INFO:auditor:comm:READ HISTORY DATA page number: 1
INFO:auditor.io:[1, 0, 167, 1, 32, 136, 80, 128, 1, 0, 2, 2, 0, 128, 155, 1, 155]
INFO:auditor.io:sendDeviceCommand:write:<__main__.ReadHistoryData object at 0x184a0d0>
INFO:auditor.io:checkAck:read
INFO:auditor:ACK OK
INFO:auditor.io:sendComLink2Command:write
INFO:auditor.io:checkAck:read
INFO:auditor:ACK OK
DEBUG:auditor:<__main__.Device object at 0x1836750>:getNumBytesAvailable:attempt:0
INFO:auditor.io:sendComLink2Command:write
INFO:auditor.io:checkAck:read
INFO:auditor:ACK OK
DEBUG:auditor:<__main__.Device object at 0x1836750>:getNumBytesAvailable:attempt:1
INFO:auditor.io:sendComLink2Command:write
INFO:auditor.io:checkAck:read
INFO:auditor:ACK OK
INFO:auditor:getNumBytesAvailable:78
INFO:auditor.io:writeAndRead:
INFO:auditor:readData ACK
INFO:auditor:XXX resLength: 64
INFO:auditor.io:sendComLink2Command:write
INFO:auditor.io:checkAck:read
INFO:auditor:ACK OK
INFO:auditor:getNumBytesAvailable:206
INFO:auditor.io:writeAndRead:
INFO:auditor:readData ACK
INFO:auditor:XXX resLength: 192
INFO:auditor.io:sendComLink2Command:write
INFO:auditor.io:checkAck:read
INFO:auditor:ACK OK
INFO:auditor:getNumBytesAvailable:206
INFO:auditor.io:writeAndRead:
INFO:auditor:readData ACK
INFO:auditor:XXX resLength: 192
INFO:auditor.io:sendComLink2Command:write
INFO:auditor.io:checkAck:read
INFO:auditor:ACK OK
INFO:auditor:getNumBytesAvailable:206
INFO:auditor.io:writeAndRead:
INFO:auditor:readData ACK
INFO:auditor:XXX resLength: 192
INFO:auditor.io:sendComLink2Command:write
INFO:auditor.io:checkAck:read
INFO:auditor:ACK OK
INFO:auditor:getNumBytesAvailable:142
INFO:auditor.io:writeAndRead:
INFO:auditor:readData ACK
INFO:auditor:XXX resLength: 128
INFO:auditor.io:sendComLink2Command:write
INFO:auditor.io:checkAck:read
INFO:auditor:ACK OK
INFO:auditor:getNumBytesAvailable:206
INFO:auditor.io:writeAndRead:
INFO:auditor:readData ACK
INFO:auditor:XXX resLength: 192
INFO:auditor.io:sendComLink2Command:write
INFO:auditor.io:checkAck:read
INFO:auditor:ACK OK
INFO:auditor:getNumBytesAvailable:78
INFO:auditor.io:writeAndRead:
INFO:auditor:readData ACK
INFO:auditor:XXX resLength: 64
INFO:auditor:XXX: READ HISTORY DATA!!:
0000   0x03 0x00 0x00 0x00 0x0a 0x9e 0x1c 0x35    .......5
0008   0x01 0x0c 0x03 0x00 0x03 0x00 0x03 0xa7    ........
0010   0x1c 0x15 0x01 0x0c 0x26 0x01 0x8d 0x19    ....&...
0018   0x16 0x01 0x0c 0x27 0x00 0x00 0x00 0x00    ...'....
0020   0x00 0x00 0x28 0x00 0x00 0x00 0x00 0x00    ..(.....
0028   0x00 0x26 0x01 0xa2 0x19 0x16 0x01 0x0c    .&......
0030   0x27 0x01 0xe2 0x40 0x00 0x00 0x00 0x28    '..@...(
0038   0x00 0x00 0x00 0x00 0x00 0x00 0x26 0x01    ......&.
0040   0xaf 0x1f 0x16 0x01 0x0c 0x27 0x01 0xe2    .....'..
0048   0x40 0x03 0x42 0x2a 0x28 0x00 0x00 0x00    @.B*(...
0050   0x00 0x00 0x00 0x26 0x01 0xa0 0x20 0x16    ...&.. .
0058   0x01 0x0c 0x27 0x01 0xe2 0x40 0x03 0x42    ..'..@.B
0060   0x2a 0x28 0x0c 0x89 0x92 0x00 0x00 0x00    *(......
0068   0x33 0x30 0x96 0x26 0x16 0x01 0x0c 0x00    30.&....
0070   0x16 0x03 0x96 0x26 0x16 0x01 0x0c 0x33    ...&...3
0078   0x30 0xa7 0x30 0x16 0x01 0x0c 0x00 0x16    0.0.....
0080   0x02 0xa7 0x30 0x16 0x01 0x0c 0x33 0x00    ..0...3.
0088   0xa0 0x33 0x16 0x01 0x0c 0x00 0x16 0x00    .3......
0090   0xa0 0x33 0x16 0x01 0x0c 0x33 0x4c 0x91    .3...3L.
0098   0x34 0x16 0x01 0x0c 0x00 0x16 0x06 0x91    4.......
00A0   0x34 0x16 0x01 0x0c 0x33 0x4c 0xb6 0x04    4...3L..
00A8   0x17 0x01 0x0c 0x00 0x16 0x06 0xb6 0x04    ........
00B0   0x17 0x01 0x0c 0x63 0x04 0x94 0x23 0x17    ...c..#.
00B8   0x01 0x0c 0x63 0x03 0xb9 0x26 0x17 0x01    ..c..&..
00C0   0x0c 0x07 0x00 0x00 0x00 0x80 0x81 0x0c    ........
00C8   0x6c 0x81 0x0c 0x05 0x0c 0x00 0xe8 0x00    l.......
00D0   0x00 0x00 0x00 0x00 0x80 0x00 0x80 0x64    .......d
00D8   0x00 0x00 0x00 0x00 0x00 0x00 0x00 0x00    ........
00E0   0x00 0x00 0x00 0x00 0x00 0x00 0x00 0x00    ........
00E8   0x00 0x00 0x00 0x00 0x00 0x00 0x5b 0x64    ......[d
00F0   0xa9 0x34 0x06 0x02 0x0c 0x0a 0x50 0x0a    .4....P.
00F8   0x32 0x64 0x00 0x0a 0x00 0x00 0x00 0x00    2d......
0100   0x0a 0x64 0x01 0x0a 0x0a 0x00 0xa9 0x34    .d.....4
0108   0x26 0x02 0x0c 0x5b 0x64 0xa2 0x35 0x06    &..[d.5.
0110   0x02 0x0c 0x0a 0x50 0x0a 0x32 0x64 0x00    ...P.2d.
0118   0x0a 0x00 0x00 0x0a 0x00 0x0a 0x64 0x5c    ......d\
0120   0x08 0x14 0x00 0x44 0x14 0x0a 0x44 0x01    ...D..D.
0128   0x0a 0x0a 0x00 0xa2 0x35 0x26 0x02 0x0c    ....5&..
0130   0x5b 0x64 0x9e 0x36 0x06 0x02 0x0c 0x0a    [d.6....
0138   0x50 0x0a 0x32 0x64 0x00 0x0a 0x00 0x00    P.2d....
0140   0x14 0x00 0x0a 0x64 0x5c 0x08 0x3c 0x01    ...d\.<.
0148   0x44 0x14 0x0b 0x44 0x01 0x0a 0x0a 0x00    D..D....
0150   0x9e 0x36 0x26 0x02 0x0c 0x5b 0x64 0x96    .6&..[d.
0158   0x37 0x06 0x02 0x0c 0x0a 0x50 0x0a 0x32    7....P.2
0160   0x64 0x00 0x0a 0x00 0x00 0x1e 0x00 0x0a    d.......
0168   0x64 0x5c 0x08 0x64 0x02 0x44 0x14 0x0c    d\.d.D..
0170   0x44 0x01 0x0a 0x0a 0x00 0x97 0x37 0x26    D.....7&
0178   0x02 0x0c 0x5b 0x64 0xa5 0x38 0x06 0x02    ..[d.8..
0180   0x0c 0x0a 0x50 0x0a 0x32 0x64 0x00 0x0a    ..P.2d..
0188   0x00 0x00 0x28 0x00 0x0a 0x64 0x5c 0x08    ..(..d\.
0190   0x8c 0x03 0x44 0x14 0x0d 0x44 0x01 0x0a    ..D..D..
0198   0x0a 0x00 0xa5 0x38 0x26 0x02 0x0c 0x5b    ...8&..[
01A0   0x64 0xa1 0x39 0x06 0x02 0x0c 0x0a 0x50    d.9....P
01A8   0x0a 0x32 0x64 0x00 0x0a 0x00 0x00 0x32    .2d....2
01B0   0x00 0x0a 0x64 0x5c 0x08 0xb4 0x04 0x44    ..d\...D
01B8   0x14 0x0e 0x44 0x01 0x0a 0x0a 0x00 0xa1    ..D.....
01C0   0x39 0x26 0x02 0x0c 0x5b 0x64 0x97 0x3a    9&..[d.:
01C8   0x06 0x02 0x0c 0x0a 0x50 0x0a 0x32 0x64    ....P.2d
01D0   0x00 0x0a 0x00 0x00 0x3c 0x00 0x0a 0x64    ....<..d
01D8   0x5c 0x08 0xdc 0x05 0x44 0x14 0x0f 0x44    \...D..D
01E0   0x01 0x0a 0x0a 0x00 0x97 0x3a 0x26 0x02    .....:&.
01E8   0x0c 0x5b 0x65 0xb3 0x06 0x07 0x02 0x0c    .[e.....
01F0   0x01 0x50 0x0a 0x32 0x64 0x00 0x01 0x00    .P.2d...
01F8   0x00 0x46 0x00 0x01 0x64 0x5c 0x08 0x04    .F..d\..
0200   0x0d 0x45 0x14 0x17 0x44 0x01 0x01 0x01    .E..D...
0208   0x00 0xb3 0x06 0x27 0x02 0x0c 0x5b 0x65    ...'..[e
0210   0x85 0x07 0x07 0x02 0x0c 0x01 0x50 0x0a    ......P.
0218   0x32 0x64 0x00 0x01 0x00 0x00 0x47 0x00    2d....G.
0220   0x01 0x64 0x5c 0x0b 0x04 0x04 0x44 0x04    .d\...D.
0228   0x0e 0x45 0x14 0x18 0x44 0x01 0x01 0x01    .E..D...
0230   0x00 0x85 0x07 0x27 0x02 0x0c 0x5b 0x65    ...'..[e
0238   0x94 0x07 0x07 0x02 0x0c 0x01 0x50 0x0a    ......P.
0240   0x32 0x64 0x00 0x01 0x00 0x00 0x48 0x00    2d....H.
0248   0x01 0x64 0x5c 0x0b 0x08 0x04 0x44 0x04    .d\...D.
0250   0x0e 0x45 0x14 0x18 0x44 0x01 0x01 0x01    .E..D...
0258   0x00 0x95 0x07 0x27 0x02 0x0c 0x5b 0x65    ...'..[e
0260   0x90 0x08 0x07 0x02 0x0c 0x01 0x50 0x0a    ......P.
0268   0x32 0x64 0x00 0x01 0x00 0x00 0x49 0x00    2d....I.
0270   0x01 0x64 0x5c 0x0b 0x0c 0x05 0x44 0x04    .d\...D.
0278   0x0f 0x45 0x14 0x19 0x44 0x01 0x01 0x01    .E..D...
0280   0x00 0x90 0x08 0x27 0x02 0x0c 0x5b 0x66    ...'..[f
0288   0xb3 0x11 0x07 0x02 0x0c 0x01 0x50 0x0a    ......P.
0290   0x32 0x64 0x00 0x01 0x00 0x00 0x49 0x00    2d....I.
0298   0x01 0x64 0x5c 0x0b 0x10 0x0e 0x44 0x04    .d\...D.
02A0   0x18 0x45 0x14 0x22 0x44 0x01 0x01 0x01    .E."D...
02A8   0x00 0xb3 0x11 0x27 0x02 0x0c 0x5b 0x65    ...'..[e
02B0   0x80 0x12 0x07 0x02 0x0c 0x01 0x50 0x0a    ......P.
02B8   0x32 0x64 0x00 0x01 0x00 0x00 0x4a 0x00    2d....J.
02C0   0x01 0x64 0x5c 0x0e 0x04 0x05 0x44 0x10    .d\...D.
02C8   0x0f 0x44 0x04 0x19 0x45 0x14 0x23 0x44    .D..E.#D
02D0   0x01 0x01 0x01 0x00 0x81 0x12 0x27 0x02    ......'.
02D8   0x0c 0x5b 0x65 0x8f 0x12 0x07 0x02 0x0c    .[e.....
02E0   0x01 0x50 0x0a 0x32 0x64 0x00 0x01 0x00    .P.2d...
02E8   0x00 0x4b 0x00 0x01 0x64 0x5c 0x0e 0x08    .K..d\..
02F0   0x05 0x44 0x10 0x0f 0x44 0x04 0x19 0x45    .D..D..E
02F8   0x14 0x23 0x44 0x01 0x01 0x01 0x00 0x8f    .#D.....
0300   0x12 0x27 0x02 0x0c 0x5b 0x65 0x99 0x12    .'..[e..
0308   0x07 0x02 0x0c 0x01 0x50 0x0a 0x32 0x64    ....P.2d
0310   0x00 0x01 0x00 0x00 0x4c 0x00 0x01 0x64    ....L..d
0318   0x5c 0x0e 0x0c 0x05 0x44 0x10 0x0f 0x44    \...D..D
0320   0x04 0x19 0x45 0x14 0x23 0x44 0x01 0x01    ..E.#D..
0328   0x01 0x00 0x99 0x12 0x27 0x02 0x0c 0x5b    ....'..[
0330   0x65 0xa8 0x12 0x07 0x02 0x0c 0x01 0x50    e......P
0338   0x0a 0x32 0x64 0x00 0x01 0x00 0x00 0x4d    .2d....M
0340   0x00 0x01 0x64 0x5c 0x0e 0x10 0x05 0x44    ..d\...D
0348   0x10 0x0f 0x44 0x04 0x19 0x45 0x14 0x23    ..D..E.#
0350   0x44 0x01 0x01 0x01 0x00 0xa8 0x12 0x27    D......'
0358   0x02 0x0c 0x1e 0x00 0x90 0x3b 0x12 0x42    .....;.B
0360   0x0c 0x1f 0x00 0xa8 0x3b 0x12 0x42 0x0c    ....;.B.
0368   0x64 0x01 0x83 0x0a 0x14 0x02 0x0c 0x17    d.......
0370   0x00 0xa3 0x0a 0x14 0x02 0x0c 0x18 0x00    ........
0378   0x40 0xca 0x06 0x01 0x06 0x07 0x00 0x00    @.......
0380   0x04 0xda 0x82 0x0c 0x6c 0x82 0x0c 0x05    ....l...
0388   0x00 0x65 0x64 0x66 0x12 0x00 0x00 0x04    .edf....
0390   0xda 0x03 0x9e 0x4b 0x01 0x3c 0x19 0x00    ...K.<..
0398   0x4f 0x01 0x3c 0x19 0x01 0x3c 0x64 0x00    O.<..<d.
03A0   0x00 0x00 0x00 0x00 0x00 0x10 0x10 0x00    ........
03A8   0x00 0x00 0x64 0x01 0x56 0xca 0x06 0x01    ..d.V...
03B0   0x06 0x17 0x00 0x60 0xca 0x06 0x01 0x06    ...`....
03B8   0x18 0x00 0x40 0xca 0x08 0x01 0x06 0x1e    ..@.....
03C0   0x00 0x66 0xcc 0x08 0x01 0x06 0x1f 0x00    .f......
03C8   0x48 0xcd 0x08 0x01 0x06 0x14 0x02 0x6d    H......m
03D0   0xd1 0x28 0x01 0x06 0x14 0x01 0x45 0xd2    .(....E.
03D8   0x48 0x01 0x06 0x14 0x02 0x46 0xd3 0x28    H....F.(
03E0   0x01 0x06 0x14 0x01 0x48 0xd4 0x48 0x01    ....H.H.
03E8   0x06 0x64 0x00 0x6f 0xd4 0x08 0x01 0x06    .d.o....
03F0   0x64 0x01 0x4d 0xd5 0x08 0x01 0x06 0x64    d.M....d
03F8   0x00 0x4a 0xd6 0x08 0x01 0x06 0xde 0x58    .J.....X
INFO:auditor:comm:READ HISTORY DATA page number: 2
INFO:auditor.io:[1, 0, 167, 1, 32, 136, 80, 128, 1, 0, 2, 2, 0, 128, 155, 2, 173]
INFO:auditor.io:sendDeviceCommand:write:<__main__.ReadHistoryData object at 0x184a410>
INFO:auditor.io:checkAck:read
INFO:auditor:ACK OK
INFO:auditor.io:sendComLink2Command:write
INFO:auditor.io:checkAck:read
INFO:auditor:ACK OK
DEBUG:auditor:<__main__.Device object at 0x1836750>:getNumBytesAvailable:attempt:0
INFO:auditor.io:sendComLink2Command:write
INFO:auditor.io:checkAck:read
INFO:auditor:ACK OK
DEBUG:auditor:<__main__.Device object at 0x1836750>:getNumBytesAvailable:attempt:1
INFO:auditor.io:sendComLink2Command:write
INFO:auditor.io:checkAck:read
INFO:auditor:ACK OK
INFO:auditor:getNumBytesAvailable:78
INFO:auditor.io:writeAndRead:
INFO:auditor:readData ACK
INFO:auditor:XXX resLength: 64
INFO:auditor.io:sendComLink2Command:write
INFO:auditor.io:checkAck:read
INFO:auditor:ACK OK
INFO:auditor:getNumBytesAvailable:206
INFO:auditor.io:writeAndRead:
INFO:auditor:readData ACK
INFO:auditor:XXX resLength: 192
INFO:auditor.io:sendComLink2Command:write
INFO:auditor.io:checkAck:read
INFO:auditor:ACK OK
INFO:auditor:getNumBytesAvailable:206
INFO:auditor.io:writeAndRead:
INFO:auditor:readData ACK
INFO:auditor:XXX resLength: 192
INFO:auditor.io:sendComLink2Command:write
INFO:auditor.io:checkAck:read
INFO:auditor:ACK OK
INFO:auditor:getNumBytesAvailable:206
INFO:auditor.io:writeAndRead:
INFO:auditor:readData ACK
INFO:auditor:XXX resLength: 192
INFO:auditor.io:sendComLink2Command:write
INFO:auditor.io:checkAck:read
INFO:auditor:ACK OK
INFO:auditor:getNumBytesAvailable:78
INFO:auditor.io:writeAndRead:
INFO:auditor:readData ACK
INFO:auditor:XXX resLength: 64
INFO:auditor.io:sendComLink2Command:write
INFO:auditor.io:checkAck:read
INFO:auditor:ACK OK
INFO:auditor:getNumBytesAvailable:142
INFO:auditor.io:writeAndRead:
INFO:auditor:readData ACK
INFO:auditor:XXX resLength: 128
INFO:auditor.io:sendComLink2Command:write
INFO:auditor.io:checkAck:read
INFO:auditor:ACK OK
INFO:auditor:getNumBytesAvailable:206
INFO:auditor.io:writeAndRead:
INFO:auditor:readData ACK
INFO:auditor:XXX resLength: 192
INFO:auditor:XXX: READ HISTORY DATA!!:
0000   0x18 0x00 0x00 0xe3 0x07 0x04 0x02 0x07    ........
0008   0x00 0x00 0x00 0x02 0x21 0x01 0x6c 0x21    ....!.l!
0010   0x01 0x05 0x0c 0x00 0xe8 0x00 0x00 0x00    ........
0018   0x00 0x00 0x02 0x00 0x02 0x64 0x00 0x00    .....d..
0020   0x00 0x00 0x00 0x00 0x00 0x00 0x00 0x00    ........
0028   0x00 0x00 0x00 0x00 0x00 0x00 0x00 0x00    ........
0030   0x00 0x00 0x00 0x00 0x64 0x00 0x10 0xe8    ....d...
0038   0x07 0x04 0x02 0x17 0x00 0x22 0xe8 0x07    ....."..
0040   0x04 0x02 0x18 0x00 0x00 0xc0 0x08 0x04    ........
0048   0x02 0x64 0x00 0x25 0xc2 0x08 0x04 0x02    .d.%....
0050   0x64 0x00 0x27 0xc2 0x08 0x04 0x02 0x64    d.'....d
0058   0x00 0x29 0xc2 0x08 0x04 0x02 0x17 0x00    .)......
0060   0x34 0xc2 0x08 0x04 0x02 0x18 0x00 0x00    4.......
0068   0xd3 0x09 0x04 0x02 0x64 0x00 0x0e 0xd9    ....d...
0070   0x09 0x04 0x02 0x64 0x00 0x19 0xd9 0x09    ...d....
0078   0x04 0x02 0x17 0x00 0x28 0xd9 0x09 0x04    ....(...
0080   0x02 0x18 0x00 0x00 0xd9 0x0f 0x01 0x03    ........
0088   0x07 0x00 0x00 0x00 0x08 0x24 0x82 0x6c    .....$.l
0090   0x24 0x82 0x05 0x0c 0x00 0xe8 0x00 0x00    $.......
0098   0x00 0x00 0x00 0x08 0x00 0x08 0x64 0x00    ......d.
00A0   0x00 0x00 0x00 0x00 0x00 0x00 0x00 0x00    ........
00A8   0x00 0x00 0x00 0x00 0x00 0x00 0x00 0x00    ........
00B0   0x00 0x00 0x00 0x00 0x00 0x64 0x00 0x17    .....d..
00B8   0xdb 0x0f 0x01 0x03 0x17 0x00 0x22 0xdb    ......".
00C0   0x0f 0x01 0x03 0x18 0x00 0x00 0xdb 0x0f    ........
00C8   0x01 0x04 0x07 0x00 0x00 0x00 0x02 0x21    .......!
00D0   0x83 0x6c 0x21 0x83 0x05 0x0c 0x00 0xe8    .l!.....
00D8   0x00 0x00 0x00 0x00 0x00 0x02 0x00 0x02    ........
00E0   0x64 0x00 0x00 0x00 0x00 0x00 0x00 0x00    d.......
00E8   0x00 0x00 0x00 0x00 0x00 0x00 0x00 0x00    ........
00F0   0x00 0x00 0x00 0x00 0x00 0x00 0x00 0x64    .......d
00F8   0x00 0x21 0xdb 0x0f 0x01 0x04 0x17 0x00    .!......
0100   0x31 0xdb 0x0f 0x01 0x04 0x18 0x00 0x40    1......@
0108   0x1b 0x0f 0x01 0x0c 0x07 0x00 0x00 0x00    ........
0110   0x00 0x21 0x84 0x6c 0x21 0x84 0x05 0x0c    .!.l!...
0118   0x00 0xe8 0x00 0x00 0x00 0x00 0x00 0x00    ........
0120   0x00 0x00 0x00 0x00 0x00 0x00 0x00 0x00    ........
0128   0x00 0x00 0x00 0x00 0x00 0x00 0x00 0x00    ........
0130   0x00 0x00 0x00 0x00 0x00 0x00 0x00 0x00    ........
0138   0x00 0x64 0x01 0x71 0x1c 0x0f 0x01 0x0c    .d.q....
0140   0x17 0x00 0x50 0x1d 0x0f 0x01 0x0c 0x18    ..P.....
0148   0x00 0x40 0xc7 0x06 0x08 0x05 0x07 0x00    .@......
0150   0x00 0x00 0x02 0x41 0x0c 0x6c 0x41 0x0c    ...A.lA.
0158   0x05 0x0c 0x00 0xe8 0x00 0x00 0x00 0x00    ........
0160   0x00 0x02 0x00 0x02 0x64 0x00 0x00 0x00    ....d...
0168   0x00 0x00 0x00 0x00 0x00 0x00 0x00 0x00    ........
0170   0x00 0x00 0x00 0x00 0x00 0x00 0x00 0x00    ........
0178   0x00 0x00 0x00 0x01 0x28 0x28 0x00 0x65    ....((.e
0180   0xd7 0x26 0x08 0x05 0x07 0x00 0x00 0x03    .&......
0188   0x96 0x68 0x85 0x6c 0x68 0x85 0x05 0x00    .h.lh...
0190   0x60 0x60 0x60 0x01 0x00 0x00 0x03 0x96    ```.....
0198   0x02 0xf6 0x53 0x00 0xa0 0x11 0x00 0x00    ..S.....
01A0   0x00 0xa0 0x11 0x00 0x00 0x00 0x00 0x00    ........
01A8   0x00 0x00 0xa0 0x64 0x01 0x00 0x00 0x00    ...d....
01B0   0x01 0x5b 0x64 0x75 0xed 0x05 0x09 0x05    .[du....
01B8   0x01 0x50 0x0a 0x32 0x64 0x00 0x01 0x00    .P.2d...
01C0   0x00 0x00 0x00 0x01 0x64 0x01 0x01 0x01    ....d...
01C8   0x00 0x75 0xed 0x25 0x09 0x05 0x5b 0x64    .u.%..[d
01D0   0x47 0xee 0x05 0x09 0x05 0x02 0x50 0x0a    G.....P.
01D8   0x32 0x64 0x00 0x02 0x00 0x00 0x01 0x00    2d......
01E0   0x02 0x64 0x5c 0x05 0x04 0x03 0x44 0x01    .d\...D.
01E8   0x02 0x02 0x00 0x48 0xee 0x25 0x09 0x05    ...H.%..
01F0   0x5b 0x64 0x58 0xee 0x05 0x09 0x05 0x03    [dX.....
01F8   0x50 0x0a 0x32 0x64 0x00 0x03 0x00 0x00    P.2d....
0200   0x03 0x00 0x03 0x64 0x5c 0x05 0x0c 0x03    ...d\...
0208   0x44 0x01 0x03 0x03 0x00 0x58 0xee 0x25    D....X.%
0210   0x09 0x05 0x07 0x00 0x00 0x03 0x4e 0x69    ......Ni
0218   0x85 0x6c 0x69 0x85 0x05 0x00 0x64 0x64    .li...dd
0220   0x65 0x04 0x00 0x00 0x03 0x4e 0x03 0x36    e....N.6
0228   0x61 0x00 0x18 0x03 0x00 0x06 0x00 0x18    a.......
0230   0x03 0x00 0x18 0x64 0x00 0x00 0x00 0x00    ...d....
0238   0x00 0x00 0x03 0x03 0x00 0x00 0x00 0x07    ........
0240   0x00 0x00 0x03 0x36 0x6a 0x85 0x6c 0x6a    ...6j.lj
0248   0x85 0x05 0x0c 0x00 0xe8 0x00 0x00 0x00    ........
0250   0x00 0x03 0x36 0x03 0x36 0x64 0x00 0x00    ..6.6d..
0258   0x00 0x00 0x00 0x00 0x00 0x00 0x00 0x00    ........
0260   0x00 0x00 0x00 0x00 0x00 0x00 0x00 0x00    ........
0268   0x00 0x00 0x00 0x00 0x64 0x01 0x48 0xf7    ....d.H.
0270   0x14 0x0b 0x05 0x17 0x00 0x62 0xf7 0x14    .....b..
0278   0x0b 0x05 0x18 0x00 0x80 0x37 0x13 0x09    .....7..
0280   0x0c 0x07 0x00 0x00 0x03 0x1e 0x6b 0x85    ......k.
0288   0x6c 0x6b 0x85 0x05 0x00 0x64 0x64 0x64    lk...ddd
0290   0x01 0x00 0x00 0x03 0x1e 0x03 0x1e 0x64    .......d
0298   0x00 0x00 0x00 0x00 0x00 0x00 0x00 0x00    ........
02A0   0x00 0x00 0x00 0x00 0x00 0x00 0x00 0x00    ........
02A8   0x00 0x00 0x00 0x00 0x00 0x00 0x64 0x01    ......d.
02B0   0xa6 0x02 0x14 0x09 0x0c 0x17 0x00 0xb2    ........
02B8   0x02 0x14 0x09 0x0c 0x18 0x00 0x80 0x02    ........
02C0   0x14 0x01 0x0d 0x07 0x00 0x00 0x00 0x0a    ........
02C8   0x89 0x0c 0x6c 0x89 0x0c 0x05 0x0c 0x00    ..l.....
02D0   0xe8 0x00 0x00 0x00 0x00 0x00 0x0a 0x00    ........
02D8   0x0a 0x64 0x00 0x00 0x00 0x00 0x00 0x00    .d......
02E0   0x00 0x00 0x00 0x00 0x00 0x00 0x00 0x00    ........
02E8   0x00 0x00 0x00 0x00 0x00 0x00 0x00 0x00    ........
02F0   0x64 0x01 0x85 0x03 0x14 0x01 0x0d 0x17    d.......
02F8   0x00 0x8d 0x03 0x14 0x01 0x0d 0x18 0x00    ........
0300   0x80 0x03 0x14 0x01 0x10 0x07 0x00 0x00    ........
0308   0x00 0x02 0x81 0x0d 0x6c 0x81 0x0d 0x05    ....l...
0310   0x0c 0x00 0xe8 0x00 0x00 0x00 0x00 0x00    ........
0318   0x02 0x00 0x02 0x64 0x00 0x00 0x00 0x00    ...d....
0320   0x00 0x00 0x00 0x00 0x00 0x00 0x00 0x00    ........
0328   0x00 0x00 0x00 0x00 0x00 0x00 0x00 0x00    ........
0330   0x00 0x00 0x64 0x01 0xb9 0x03 0x14 0x01    ..d.....
0338   0x10 0x17 0x00 0xa2 0x04 0x14 0x01 0x10    ........
0340   0x18 0x00 0x80 0x04 0x14 0x01 0x12 0x07    ........
0348   0x00 0x00 0x00 0x04 0x81 0x10 0x6c 0x81    ......l.
0350   0x10 0x05 0x0c 0x00 0xe8 0x00 0x00 0x00    ........
0358   0x00 0x00 0x04 0x00 0x04 0x64 0x00 0x00    .....d..
0360   0x00 0x00 0x00 0x00 0x00 0x00 0x00 0x00    ........
0368   0x00 0x00 0x00 0x00 0x00 0x00 0x00 0x00    ........
0370   0x00 0x00 0x00 0x00 0x64 0x01 0xbb 0x04    ....d...
0378   0x14 0x01 0x12 0x64 0x01 0x96 0x08 0x14    ...d....
0380   0x01 0x12 0x17 0x00 0x9f 0x08 0x14 0x01    ........
0388   0x12 0x18 0x00 0x80 0x08 0x14 0x01 0x0c    ........
0390   0x07 0x00 0x00 0x00 0x06 0x81 0x12 0x6c    .......l
0398   0x81 0x12 0x05 0x0c 0x00 0xe8 0x00 0x00    ........
03A0   0x00 0x00 0x00 0x06 0x00 0x06 0x64 0x00    ......d.
03A8   0x00 0x00 0x00 0x00 0x00 0x00 0x00 0x00    ........
03B0   0x00 0x00 0x00 0x00 0x00 0x00 0x00 0x00    ........
03B8   0x00 0x00 0x00 0x00 0x00 0x1a 0x00 0xb7    ........
03C0   0x16 0x14 0x01 0x0c 0x1a 0x01 0x94 0x1b    ........
03C8   0x14 0x01 0x0c 0x1a 0x00 0x95 0x1b 0x14    ........
03D0   0x01 0x0c 0x1a 0x01 0x98 0x1c 0x14 0x01    ........
03D8   0x0c 0x1a 0x00 0xb5 0x1c 0x14 0x01 0x0c    ........
03E0   0x1a 0x01 0x80 0x1e 0x14 0x01 0x0c 0x1a    ........
03E8   0x00 0xbb 0x2b 0x14 0x01 0x0c 0x1a 0x01    ..+.....
03F0   0xb9 0x2c 0x14 0x01 0x0c 0x21 0x00 0x91    .,...!..
03F8   0x19 0x15 0x01 0x0c 0x00 0x00 0x76 0x24    ......v$
INFO:auditor:comm:READ HISTORY DATA page number: 3
INFO:auditor.io:[1, 0, 167, 1, 32, 136, 80, 128, 1, 0, 2, 2, 0, 128, 155, 3, 54]
INFO:auditor.io:sendDeviceCommand:write:<__main__.ReadHistoryData object at 0x184a0d0>
INFO:auditor.io:checkAck:read
INFO:auditor:ACK OK
INFO:auditor.io:sendComLink2Command:write
INFO:auditor.io:checkAck:read
INFO:auditor:ACK OK
DEBUG:auditor:<__main__.Device object at 0x1836750>:getNumBytesAvailable:attempt:0
INFO:auditor.io:sendComLink2Command:write
INFO:auditor.io:checkAck:read
INFO:auditor:ACK OK
DEBUG:auditor:<__main__.Device object at 0x1836750>:getNumBytesAvailable:attempt:1
INFO:auditor.io:sendComLink2Command:write
INFO:auditor.io:checkAck:read
INFO:auditor:ACK OK
INFO:auditor:getNumBytesAvailable:78
INFO:auditor.io:writeAndRead:
INFO:auditor:readData ACK
INFO:auditor:XXX resLength: 64
INFO:auditor.io:sendComLink2Command:write
INFO:auditor.io:checkAck:read
INFO:auditor:ACK OK
INFO:auditor:getNumBytesAvailable:206
INFO:auditor.io:writeAndRead:
INFO:auditor:readData ACK
INFO:auditor:XXX resLength: 192
INFO:auditor.io:sendComLink2Command:write
INFO:auditor.io:checkAck:read
INFO:auditor:ACK OK
INFO:auditor:getNumBytesAvailable:206
INFO:auditor.io:writeAndRead:
INFO:auditor:readData ACK
INFO:auditor:XXX resLength: 192
INFO:auditor.io:sendComLink2Command:write
INFO:auditor.io:checkAck:read
INFO:auditor:ACK OK
INFO:auditor:getNumBytesAvailable:206
INFO:auditor.io:writeAndRead:
INFO:auditor:readData ACK
INFO:auditor:XXX resLength: 192
INFO:auditor.io:sendComLink2Command:write
INFO:auditor.io:checkAck:read
INFO:auditor:ACK OK
INFO:auditor:getNumBytesAvailable:142
INFO:auditor.io:writeAndRead:
INFO:auditor:readData ACK
INFO:auditor:XXX resLength: 128
INFO:auditor.io:sendComLink2Command:write
INFO:auditor.io:checkAck:read
INFO:auditor:ACK OK
INFO:auditor:getNumBytesAvailable:206
INFO:auditor.io:writeAndRead:
INFO:auditor:readData ACK
INFO:auditor:XXX resLength: 192
INFO:auditor.io:sendComLink2Command:write
INFO:auditor.io:checkAck:read
INFO:auditor:ACK OK
INFO:auditor:getNumBytesAvailable:78
INFO:auditor.io:writeAndRead:
INFO:auditor:readData ACK
INFO:auditor:XXX resLength: 64
INFO:auditor:XXX: READ HISTORY DATA!!:
0000   0x6c 0x2e 0x00 0x05 0x0c 0x00 0xe8 0x00    l.......
0008   0x00 0x00 0x00 0x00 0x00 0x00 0x00 0x00    ........
0010   0x00 0x00 0x00 0x00 0x00 0x00 0x00 0x00    ........
0018   0x00 0x00 0x00 0x00 0x00 0x00 0x00 0x00    ........
0020   0x00 0x00 0x00 0x00 0x00 0x00 0x07 0x00    ........
0028   0x00 0x00 0x00 0x2f 0x00 0x6c 0x2f 0x00    .../.l/.
0030   0x05 0x0c 0x00 0xe8 0x00 0x00 0x00 0x00    ........
0038   0x00 0x00 0x00 0x00 0x00 0x00 0x00 0x00    ........
0040   0x00 0x00 0x00 0x00 0x00 0x00 0x00 0x00    ........
0048   0x00 0x00 0x00 0x00 0x00 0x00 0x00 0x00    ........
0050   0x00 0x00 0x00 0x07 0x00 0x00 0x00 0x00    ........
0058   0x30 0x00 0x6c 0x30 0x00 0x05 0x0c 0x00    0.l0....
0060   0xe8 0x00 0x00 0x00 0x00 0x00 0x00 0x00    ........
0068   0x00 0x00 0x00 0x00 0x00 0x00 0x00 0x00    ........
0070   0x00 0x00 0x00 0x00 0x00 0x00 0x00 0x00    ........
0078   0x00 0x00 0x00 0x00 0x00 0x00 0x00 0x00    ........
0080   0x07 0x00 0x00 0x00 0x00 0x31 0x00 0x6c    .....1.l
0088   0x31 0x00 0x05 0x0c 0x00 0xe8 0x00 0x00    1.......
0090   0x00 0x00 0x00 0x00 0x00 0x00 0x00 0x00    ........
0098   0x00 0x00 0x00 0x00 0x00 0x00 0x00 0x00    ........
00A0   0x00 0x00 0x00 0x00 0x00 0x00 0x00 0x00    ........
00A8   0x00 0x00 0x00 0x00 0x00 0x07 0x00 0x00    ........
00B0   0x00 0x00 0x32 0x00 0x6c 0x32 0x00 0x05    ..2.l2..
00B8   0x0c 0x00 0xe8 0x00 0x00 0x00 0x00 0x00    ........
00C0   0x00 0x00 0x00 0x00 0x00 0x00 0x00 0x00    ........
00C8   0x00 0x00 0x00 0x00 0x00 0x00 0x00 0x00    ........
00D0   0x00 0x00 0x00 0x00 0x00 0x00 0x00 0x00    ........
00D8   0x00 0x00 0x07 0x00 0x00 0x00 0x00 0x33    .......3
00E0   0x00 0x6c 0x33 0x00 0x05 0x0c 0x00 0xe8    .l3.....
00E8   0x00 0x00 0x00 0x00 0x00 0x00 0x00 0x00    ........
00F0   0x00 0x00 0x00 0x00 0x00 0x00 0x00 0x00    ........
00F8   0x00 0x00 0x00 0x00 0x00 0x00 0x00 0x00    ........
0100   0x00 0x00 0x00 0x00 0x00 0x00 0x00 0x07    ........
0108   0x00 0x00 0x00 0x00 0x34 0x00 0x6c 0x34    ....4.l4
0110   0x00 0x05 0x0c 0x00 0xe8 0x00 0x00 0x00    ........
0118   0x00 0x00 0x00 0x00 0x00 0x00 0x00 0x00    ........
0120   0x00 0x00 0x00 0x00 0x00 0x00 0x00 0x00    ........
0128   0x00 0x00 0x00 0x00 0x00 0x00 0x00 0x00    ........
0130   0x00 0x00 0x00 0x00 0x07 0x00 0x00 0x00    ........
0138   0x00 0x35 0x00 0x6c 0x35 0x00 0x05 0x0c    .5.l5...
0140   0x00 0xe8 0x00 0x00 0x00 0x00 0x00 0x00    ........
0148   0x00 0x00 0x00 0x00 0x00 0x00 0x00 0x00    ........
0150   0x00 0x00 0x00 0x00 0x00 0x00 0x00 0x00    ........
0158   0x00 0x00 0x00 0x00 0x00 0x00 0x00 0x00    ........
0160   0x00 0x07 0x00 0x00 0x00 0x00 0x36 0x00    ......6.
0168   0x6c 0x36 0x00 0x05 0x0c 0x00 0xe8 0x00    l6......
0170   0x00 0x00 0x00 0x00 0x00 0x00 0x00 0x00    ........
0178   0x00 0x00 0x00 0x00 0x00 0x00 0x00 0x00    ........
0180   0x00 0x00 0x00 0x00 0x00 0x00 0x00 0x00    ........
0188   0x00 0x00 0x00 0x00 0x00 0x00 0x07 0x00    ........
0190   0x00 0x00 0x00 0x37 0x00 0x6c 0x37 0x00    ...7.l7.
0198   0x05 0x0c 0x00 0xe8 0x00 0x00 0x00 0x00    ........
01A0   0x00 0x00 0x00 0x00 0x00 0x00 0x00 0x00    ........
01A8   0x00 0x00 0x00 0x00 0x00 0x00 0x00 0x00    ........
01B0   0x00 0x00 0x00 0x00 0x00 0x00 0x00 0x00    ........
01B8   0x00 0x00 0x00 0x07 0x00 0x00 0x00 0x00    ........
01C0   0x38 0x00 0x6c 0x38 0x00 0x05 0x0c 0x00    8.l8....
01C8   0xe8 0x00 0x00 0x00 0x00 0x00 0x00 0x00    ........
01D0   0x00 0x00 0x00 0x00 0x00 0x00 0x00 0x00    ........
01D8   0x00 0x00 0x00 0x00 0x00 0x00 0x00 0x00    ........
01E0   0x00 0x00 0x00 0x00 0x00 0x00 0x00 0x00    ........
01E8   0x07 0x00 0x00 0x00 0x00 0x39 0x00 0x6c    .....9.l
01F0   0x39 0x00 0x05 0x0c 0x00 0xe8 0x00 0x00    9.......
01F8   0x00 0x00 0x00 0x00 0x00 0x00 0x00 0x00    ........
0200   0x00 0x00 0x00 0x00 0x00 0x00 0x00 0x00    ........
0208   0x00 0x00 0x00 0x00 0x00 0x00 0x00 0x00    ........
0210   0x00 0x00 0x00 0x00 0x00 0x19 0x00 0x00    ........
0218   0x82 0x0d 0x1a 0x00 0x07 0x00 0x00 0x00    ........
0220   0x00 0x3a 0x00 0x6c 0x3a 0x00 0x05 0x0c    .:.l:...
0228   0x00 0xe8 0x00 0x00 0x00 0x00 0x00 0x00    ........
0230   0x00 0x00 0x00 0x00 0x00 0x00 0x00 0x00    ........
0238   0x00 0x00 0x00 0x00 0x00 0x00 0x00 0x00    ........
0240   0x00 0x00 0x00 0x00 0x00 0x00 0x00 0x00    ........
0248   0x00 0x07 0x00 0x00 0x00 0x00 0x3b 0x00    ......;.
0250   0x6c 0x3b 0x00 0x05 0x0c 0x00 0xe8 0x00    l;......
0258   0x00 0x00 0x00 0x00 0x00 0x00 0x00 0x00    ........
0260   0x00 0x00 0x00 0x00 0x00 0x00 0x00 0x00    ........
0268   0x00 0x00 0x00 0x00 0x00 0x00 0x00 0x00    ........
0270   0x00 0x00 0x00 0x00 0x00 0x00 0x07 0x00    ........
0278   0x00 0x00 0x00 0x3c 0x00 0x6c 0x3c 0x00    ...<.l<.
0280   0x05 0x0c 0x00 0xe8 0x00 0x00 0x00 0x00    ........
0288   0x00 0x00 0x00 0x00 0x00 0x00 0x00 0x00    ........
0290   0x00 0x00 0x00 0x00 0x00 0x00 0x00 0x00    ........
0298   0x00 0x00 0x00 0x00 0x00 0x00 0x00 0x00    ........
02A0   0x00 0x00 0x00 0x1a 0x00 0x2a 0x8c 0x17    .....*..
02A8   0x1d 0x00 0x1a 0x01 0x06 0x8d 0x17 0x1d    ........
02B0   0x00 0x21 0x00 0x07 0x8e 0x17 0x1d 0x00    .!......
02B8   0x03 0x00 0x00 0x00 0x0f 0x23 0x8e 0x37    .....#.7
02C0   0x1d 0x00 0x03 0x00 0x03 0x00 0x03 0x32    .......2
02C8   0x8e 0x17 0x1d 0x00 0x64 0x01 0x00 0x90    ....d...
02D0   0x17 0x1d 0x00 0x17 0x00 0x05 0x90 0x17    ........
02D8   0x1d 0x00 0x18 0x00 0x00 0x90 0x17 0x1d    ........
02E0   0x00 0x64 0x00 0x03 0x90 0x17 0x1d 0x00    .d......
02E8   0x17 0x00 0x06 0x90 0x17 0x1d 0x00 0x18    ........
02F0   0x00 0x00 0x90 0x17 0x1d 0x00 0x64 0x01    ......d.
02F8   0x03 0x90 0x17 0x1d 0x00 0x64 0x00 0x07    .....d..
0300   0x90 0x17 0x1d 0x00 0x17 0x00 0x10 0x91    ........
0308   0x17 0x1d 0x00 0x18 0x00 0x00 0xa8 0x0a    ........
0310   0x01 0x00 0x07 0x00 0x00 0x00 0x00 0x3d    .......=
0318   0x00 0x6c 0x3d 0x00 0x05 0x0c 0x00 0xe8    .l=.....
0320   0x00 0x00 0x00 0x00 0x00 0x00 0x00 0x00    ........
0328   0x00 0x00 0x00 0x00 0x00 0x00 0x00 0x00    ........
0330   0x00 0x00 0x00 0x00 0x00 0x00 0x00 0x00    ........
0338   0x00 0x00 0x00 0x00 0x00 0x00 0x00 0x64    .......d
0340   0x01 0x09 0xa8 0x0a 0x01 0x00 0x64 0x00    ......d.
0348   0x0c 0xa8 0x0a 0x01 0x00 0x64 0x01 0x0e    .....d..
0350   0xa8 0x0a 0x01 0x00 0x64 0x00 0x10 0xa8    ....d...
0358   0x0a 0x01 0x00 0x1e 0x00 0x36 0x8b 0x0b    .....6..
0360   0x41 0x00 0x1f 0x00 0x15 0x8c 0x0b 0x41    A......A
0368   0x00 0x64 0x00 0x27 0x9b 0x13 0x01 0x00    .d.'....
0370   0x17 0x00 0x32 0x9b 0x13 0x01 0x00 0x18    ..2.....
0378   0x00 0x00 0x9b 0x13 0x02 0x00 0x07 0x00    ........
0380   0x00 0x02 0x00 0x21 0x00 0x6c 0x21 0x00    ...!.l!.
0388   0x05 0x0c 0x00 0xe8 0x00 0x00 0x00 0x00    ........
0390   0x02 0x00 0x02 0x00 0x64 0x00 0x00 0x00    ....d...
0398   0x00 0x00 0x00 0x00 0x00 0x00 0x00 0x00    ........
03A0   0x00 0x00 0x00 0x00 0x00 0x00 0x00 0x00    ........
03A8   0x00 0x00 0x00 0x64 0x00 0x0c 0x9c 0x13    ...d....
03B0   0x02 0x00 0x17 0x00 0x13 0x9c 0x13 0x02    ........
03B8   0x00 0x18 0x00 0x00 0x9c 0x13 0x01 0x01    ........
03C0   0x07 0x00 0x00 0x00 0x00 0x22 0x00 0x6c    .....".l
03C8   0x22 0x00 0x05 0x0c 0x00 0xe8 0x00 0x00    ".......
03D0   0x00 0x00 0x00 0x00 0x00 0x00 0x00 0x00    ........
03D8   0x00 0x00 0x00 0x00 0x00 0x00 0x00 0x00    ........
03E0   0x00 0x00 0x00 0x00 0x00 0x00 0x00 0x00    ........
03E8   0x00 0x00 0x00 0x00 0x00 0x64 0x00 0x15    .....d..
03F0   0x9c 0x13 0x01 0x01 0x17 0x00 0x1d 0x9d    ........
03F8   0x13 0x01 0x01 0x00 0x00 0x00 0x32 0x5e    ......2^
INFO:auditor:comm:READ HISTORY DATA page number: 4
INFO:auditor.io:[1, 0, 167, 1, 32, 136, 80, 128, 1, 0, 2, 2, 0, 128, 155, 4, 193]
INFO:auditor.io:sendDeviceCommand:write:<__main__.ReadHistoryData object at 0x184a410>
INFO:auditor.io:checkAck:read
INFO:auditor:ACK OK
INFO:auditor.io:sendComLink2Command:write
INFO:auditor.io:checkAck:read
INFO:auditor:ACK OK
DEBUG:auditor:<__main__.Device object at 0x1836750>:getNumBytesAvailable:attempt:0
INFO:auditor.io:sendComLink2Command:write
INFO:auditor.io:checkAck:read
INFO:auditor:ACK OK
DEBUG:auditor:<__main__.Device object at 0x1836750>:getNumBytesAvailable:attempt:1
INFO:auditor.io:sendComLink2Command:write
INFO:auditor.io:checkAck:read
INFO:auditor:ACK OK
INFO:auditor:getNumBytesAvailable:78
INFO:auditor.io:writeAndRead:
INFO:auditor:readData ACK
INFO:auditor:XXX resLength: 64
INFO:auditor.io:sendComLink2Command:write
INFO:auditor.io:checkAck:read
INFO:auditor:ACK OK
INFO:auditor:getNumBytesAvailable:206
INFO:auditor.io:writeAndRead:
INFO:auditor:readData ACK
INFO:auditor:XXX resLength: 192
INFO:auditor.io:sendComLink2Command:write
INFO:auditor.io:checkAck:read
INFO:auditor:ACK OK
INFO:auditor:getNumBytesAvailable:206
INFO:auditor.io:writeAndRead:
INFO:auditor:readData ACK
INFO:auditor:XXX resLength: 192
INFO:auditor.io:sendComLink2Command:write
INFO:auditor.io:checkAck:read
INFO:auditor:ACK OK
INFO:auditor:getNumBytesAvailable:206
INFO:auditor.io:writeAndRead:
INFO:auditor:readData ACK
INFO:auditor:XXX resLength: 192
INFO:auditor.io:sendComLink2Command:write
INFO:auditor.io:checkAck:read
INFO:auditor:ACK OK
INFO:auditor:getNumBytesAvailable:142
INFO:auditor.io:writeAndRead:
INFO:auditor:readData ACK
INFO:auditor:XXX resLength: 128
INFO:auditor.io:sendComLink2Command:write
INFO:auditor.io:checkAck:read
INFO:auditor:ACK OK
INFO:auditor:getNumBytesAvailable:206
INFO:auditor.io:writeAndRead:
INFO:auditor:readData ACK
INFO:auditor:XXX resLength: 192
INFO:auditor.io:sendComLink2Command:write
INFO:auditor.io:checkAck:read
INFO:auditor:ACK OK
INFO:auditor:getNumBytesAvailable:78
INFO:auditor.io:writeAndRead:
INFO:auditor:readData ACK
INFO:auditor:XXX resLength: 64
INFO:auditor:XXX: READ HISTORY DATA!!:
0000   0x6c 0x17 0x80 0x05 0x0c 0x00 0xe8 0x00    l.......
0008   0x00 0x00 0x00 0x00 0x00 0x00 0x00 0x00    ........
0010   0x00 0x00 0x00 0x00 0x00 0x00 0x00 0x00    ........
0018   0x00 0x00 0x00 0x00 0x00 0x00 0x00 0x00    ........
0020   0x00 0x00 0x00 0x00 0x00 0x00 0x07 0x00    ........
0028   0x00 0x00 0x00 0x18 0x80 0x6c 0x18 0x80    .....l..
0030   0x05 0x0c 0x00 0xe8 0x00 0x00 0x00 0x00    ........
0038   0x00 0x00 0x00 0x00 0x00 0x00 0x00 0x00    ........
0040   0x00 0x00 0x00 0x00 0x00 0x00 0x00 0x00    ........
0048   0x00 0x00 0x00 0x00 0x00 0x00 0x00 0x00    ........
0050   0x00 0x00 0x00 0x07 0x00 0x00 0x00 0x00    ........
0058   0x19 0x80 0x6c 0x19 0x80 0x05 0x0c 0x00    ..l.....
0060   0xe8 0x00 0x00 0x00 0x00 0x00 0x00 0x00    ........
0068   0x00 0x00 0x00 0x00 0x00 0x00 0x00 0x00    ........
0070   0x00 0x00 0x00 0x00 0x00 0x00 0x00 0x00    ........
0078   0x00 0x00 0x00 0x00 0x00 0x00 0x00 0x00    ........
0080   0x07 0x00 0x00 0x00 0x00 0x1a 0x80 0x6c    .......l
0088   0x1a 0x80 0x05 0x0c 0x00 0xe8 0x00 0x00    ........
0090   0x00 0x00 0x00 0x00 0x00 0x00 0x00 0x00    ........
0098   0x00 0x00 0x00 0x00 0x00 0x00 0x00 0x00    ........
00A0   0x00 0x00 0x00 0x00 0x00 0x00 0x00 0x00    ........
00A8   0x00 0x00 0x00 0x00 0x00 0x07 0x00 0x00    ........
00B0   0x00 0x00 0x1b 0x80 0x6c 0x1b 0x80 0x05    ....l...
00B8   0x0c 0x00 0xe8 0x00 0x00 0x00 0x00 0x00    ........
00C0   0x00 0x00 0x00 0x00 0x00 0x00 0x00 0x00    ........
00C8   0x00 0x00 0x00 0x00 0x00 0x00 0x00 0x00    ........
00D0   0x00 0x00 0x00 0x00 0x00 0x00 0x00 0x00    ........
00D8   0x00 0x00 0x07 0x00 0x00 0x00 0x00 0x1c    ........
00E0   0x80 0x6c 0x1c 0x80 0x05 0x0c 0x00 0xe8    .l......
00E8   0x00 0x00 0x00 0x00 0x00 0x00 0x00 0x00    ........
00F0   0x00 0x00 0x00 0x00 0x00 0x00 0x00 0x00    ........
00F8   0x00 0x00 0x00 0x00 0x00 0x00 0x00 0x00    ........
0100   0x00 0x00 0x00 0x00 0x00 0x00 0x00 0x07    ........
0108   0x00 0x00 0x00 0x00 0x1d 0x80 0x6c 0x1d    ......l.
0110   0x80 0x05 0x0c 0x00 0xe8 0x00 0x00 0x00    ........
0118   0x00 0x00 0x00 0x00 0x00 0x00 0x00 0x00    ........
0120   0x00 0x00 0x00 0x00 0x00 0x00 0x00 0x00    ........
0128   0x00 0x00 0x00 0x00 0x00 0x00 0x00 0x00    ........
0130   0x00 0x00 0x00 0x00 0x07 0x00 0x00 0x00    ........
0138   0x00 0x1e 0x80 0x6c 0x1e 0x80 0x05 0x0c    ...l....
0140   0x00 0xe8 0x00 0x00 0x00 0x00 0x00 0x00    ........
0148   0x00 0x00 0x00 0x00 0x00 0x00 0x00 0x00    ........
0150   0x00 0x00 0x00 0x00 0x00 0x00 0x00 0x00    ........
0158   0x00 0x00 0x00 0x00 0x00 0x00 0x00 0x00    ........
0160   0x00 0x07 0x00 0x00 0x00 0x00 0x1f 0x80    ........
0168   0x6c 0x1f 0x80 0x05 0x0c 0x00 0xe8 0x00    l.......
0170   0x00 0x00 0x00 0x00 0x00 0x00 0x00 0x00    ........
0178   0x00 0x00 0x00 0x00 0x00 0x00 0x00 0x00    ........
0180   0x00 0x00 0x00 0x00 0x00 0x00 0x00 0x00    ........
0188   0x00 0x00 0x00 0x00 0x00 0x00 0x07 0x00    ........
0190   0x00 0x00 0x00 0x21 0x00 0x6c 0x21 0x00    ...!.l!.
0198   0x05 0x0c 0x00 0xe8 0x00 0x00 0x00 0x00    ........
01A0   0x00 0x00 0x00 0x00 0x00 0x00 0x00 0x00    ........
01A8   0x00 0x00 0x00 0x00 0x00 0x00 0x00 0x00    ........
01B0   0x00 0x00 0x00 0x00 0x00 0x00 0x00 0x00    ........
01B8   0x00 0x00 0x00 0x07 0x00 0x00 0x00 0x00    ........
01C0   0x22 0x00 0x6c 0x22 0x00 0x05 0x0c 0x00    ".l"....
01C8   0xe8 0x00 0x00 0x00 0x00 0x00 0x00 0x00    ........
01D0   0x00 0x00 0x00 0x00 0x00 0x00 0x00 0x00    ........
01D8   0x00 0x00 0x00 0x00 0x00 0x00 0x00 0x00    ........
01E0   0x00 0x00 0x00 0x00 0x00 0x00 0x00 0x00    ........
01E8   0x07 0x00 0x00 0x00 0x00 0x23 0x00 0x6c    .....#.l
01F0   0x23 0x00 0x05 0x0c 0x00 0xe8 0x00 0x00    #.......
01F8   0x00 0x00 0x00 0x00 0x00 0x00 0x00 0x00    ........
0200   0x00 0x00 0x00 0x00 0x00 0x00 0x00 0x00    ........
0208   0x00 0x00 0x00 0x00 0x00 0x00 0x00 0x00    ........
0210   0x00 0x00 0x00 0x00 0x00 0x07 0x00 0x00    ........
0218   0x00 0x00 0x24 0x00 0x6c 0x24 0x00 0x05    ..$.l$..
0220   0x0c 0x00 0xe8 0x00 0x00 0x00 0x00 0x00    ........
0228   0x00 0x00 0x00 0x00 0x00 0x00 0x00 0x00    ........
0230   0x00 0x00 0x00 0x00 0x00 0x00 0x00 0x00    ........
0238   0x00 0x00 0x00 0x00 0x00 0x00 0x00 0x00    ........
0240   0x00 0x00 0x07 0x00 0x00 0x00 0x00 0x25    .......%
0248   0x00 0x6c 0x25 0x00 0x05 0x0c 0x00 0xe8    .l%.....
0250   0x00 0x00 0x00 0x00 0x00 0x00 0x00 0x00    ........
0258   0x00 0x00 0x00 0x00 0x00 0x00 0x00 0x00    ........
0260   0x00 0x00 0x00 0x00 0x00 0x00 0x00 0x00    ........
0268   0x00 0x00 0x00 0x00 0x00 0x00 0x00 0x07    ........
0270   0x00 0x00 0x00 0x00 0x26 0x00 0x6c 0x26    ....&.l&
0278   0x00 0x05 0x0c 0x00 0xe8 0x00 0x00 0x00    ........
0280   0x00 0x00 0x00 0x00 0x00 0x00 0x00 0x00    ........
0288   0x00 0x00 0x00 0x00 0x00 0x00 0x00 0x00    ........
0290   0x00 0x00 0x00 0x00 0x00 0x00 0x00 0x00    ........
0298   0x00 0x00 0x00 0x00 0x07 0x00 0x00 0x00    ........
02A0   0x00 0x27 0x00 0x6c 0x27 0x00 0x05 0x0c    .'.l'...
02A8   0x00 0xe8 0x00 0x00 0x00 0x00 0x00 0x00    ........
02B0   0x00 0x00 0x00 0x00 0x00 0x00 0x00 0x00    ........
02B8   0x00 0x00 0x00 0x00 0x00 0x00 0x00 0x00    ........
02C0   0x00 0x00 0x00 0x00 0x00 0x00 0x00 0x00    ........
02C8   0x00 0x07 0x00 0x00 0x00 0x00 0x28 0x00    ......(.
02D0   0x6c 0x28 0x00 0x05 0x0c 0x00 0xe8 0x00    l(......
02D8   0x00 0x00 0x00 0x00 0x00 0x00 0x00 0x00    ........
02E0   0x00 0x00 0x00 0x00 0x00 0x00 0x00 0x00    ........
02E8   0x00 0x00 0x00 0x00 0x00 0x00 0x00 0x00    ........
02F0   0x00 0x00 0x00 0x00 0x00 0x00 0x07 0x00    ........
02F8   0x00 0x00 0x00 0x29 0x00 0x6c 0x29 0x00    ...).l).
0300   0x05 0x0c 0x00 0xe8 0x00 0x00 0x00 0x00    ........
0308   0x00 0x00 0x00 0x00 0x00 0x00 0x00 0x00    ........
0310   0x00 0x00 0x00 0x00 0x00 0x00 0x00 0x00    ........
0318   0x00 0x00 0x00 0x00 0x00 0x00 0x00 0x00    ........
0320   0x00 0x00 0x00 0x07 0x00 0x00 0x00 0x00    ........
0328   0x2a 0x00 0x6c 0x2a 0x00 0x05 0x0c 0x00    *.l*....
0330   0xe8 0x00 0x00 0x00 0x00 0x00 0x00 0x00    ........
0338   0x00 0x00 0x00 0x00 0x00 0x00 0x00 0x00    ........
0340   0x00 0x00 0x00 0x00 0x00 0x00 0x00 0x00    ........
0348   0x00 0x00 0x00 0x00 0x00 0x00 0x00 0x00    ........
0350   0x07 0x00 0x00 0x00 0x00 0x2b 0x00 0x6c    .....+.l
0358   0x2b 0x00 0x05 0x0c 0x00 0xe8 0x00 0x00    +.......
0360   0x00 0x00 0x00 0x00 0x00 0x00 0x00 0x00    ........
0368   0x00 0x00 0x00 0x00 0x00 0x00 0x00 0x00    ........
0370   0x00 0x00 0x00 0x00 0x00 0x00 0x00 0x00    ........
0378   0x00 0x00 0x00 0x00 0x00 0x07 0x00 0x00    ........
0380   0x00 0x00 0x2c 0x00 0x6c 0x2c 0x00 0x05    ..,.l,..
0388   0x0c 0x00 0xe8 0x00 0x00 0x00 0x00 0x00    ........
0390   0x00 0x00 0x00 0x00 0x00 0x00 0x00 0x00    ........
0398   0x00 0x00 0x00 0x00 0x00 0x00 0x00 0x00    ........
03A0   0x00 0x00 0x00 0x00 0x00 0x00 0x00 0x00    ........
03A8   0x00 0x00 0x07 0x00 0x00 0x00 0x00 0x2d    .......-
03B0   0x00 0x6c 0x2d 0x00 0x05 0x0c 0x00 0xe8    .l-.....
03B8   0x00 0x00 0x00 0x00 0x00 0x00 0x00 0x00    ........
03C0   0x00 0x00 0x00 0x00 0x00 0x00 0x00 0x00    ........
03C8   0x00 0x00 0x00 0x00 0x00 0x00 0x00 0x00    ........
03D0   0x00 0x00 0x00 0x00 0x00 0x00 0x00 0x07    ........
03D8   0x00 0x00 0x00 0x00 0x2e 0x00 0x00 0x00    ........
03E0   0x00 0x00 0x00 0x00 0x00 0x00 0x00 0x00    ........
03E8   0x00 0x00 0x00 0x00 0x00 0x00 0x00 0x00    ........
03F0   0x00 0x00 0x00 0x00 0x00 0x00 0x00 0x00    ........
03F8   0x00 0x00 0x00 0x00 0x00 0x00 0xb3 0xd8    ........
INFO:auditor:comm:READ HISTORY DATA page number: 5
INFO:auditor.io:[1, 0, 167, 1, 32, 136, 80, 128, 1, 0, 2, 2, 0, 128, 155, 5, 90]
INFO:auditor.io:sendDeviceCommand:write:<__main__.ReadHistoryData object at 0x184a0d0>
INFO:auditor.io:checkAck:read
INFO:auditor:ACK OK
INFO:auditor.io:sendComLink2Command:write
INFO:auditor.io:checkAck:read
INFO:auditor:ACK OK
DEBUG:auditor:<__main__.Device object at 0x1836750>:getNumBytesAvailable:attempt:0
INFO:auditor.io:sendComLink2Command:write
INFO:auditor.io:checkAck:read
INFO:auditor:ACK OK
DEBUG:auditor:<__main__.Device object at 0x1836750>:getNumBytesAvailable:attempt:1
INFO:auditor.io:sendComLink2Command:write
INFO:auditor.io:checkAck:read
INFO:auditor:ACK OK
INFO:auditor:getNumBytesAvailable:78
INFO:auditor.io:writeAndRead:
INFO:auditor:readData ACK
INFO:auditor:XXX resLength: 64
INFO:auditor.io:sendComLink2Command:write
INFO:auditor.io:checkAck:read
INFO:auditor:ACK OK
INFO:auditor:getNumBytesAvailable:206
INFO:auditor.io:writeAndRead:
INFO:auditor:readData ACK
INFO:auditor:XXX resLength: 192
INFO:auditor.io:sendComLink2Command:write
INFO:auditor.io:checkAck:read
INFO:auditor:ACK OK
INFO:auditor:getNumBytesAvailable:206
INFO:auditor.io:writeAndRead:
INFO:auditor:readData ACK
INFO:auditor:XXX resLength: 192
INFO:auditor.io:sendComLink2Command:write
INFO:auditor.io:checkAck:read
INFO:auditor:ACK OK
INFO:auditor:getNumBytesAvailable:206
INFO:auditor.io:writeAndRead:
INFO:auditor:readData ACK
INFO:auditor:XXX resLength: 192
INFO:auditor.io:sendComLink2Command:write
INFO:auditor.io:checkAck:read
INFO:auditor:ACK OK
INFO:auditor:getNumBytesAvailable:142
INFO:auditor.io:writeAndRead:
INFO:auditor:readData ACK
INFO:auditor:XXX resLength: 128
INFO:auditor.io:sendComLink2Command:write
INFO:auditor.io:checkAck:read
INFO:auditor:ACK OK
INFO:auditor:getNumBytesAvailable:206
INFO:auditor.io:writeAndRead:
INFO:auditor:readData ACK
INFO:auditor:XXX resLength: 192
INFO:auditor.io:sendComLink2Command:write
INFO:auditor.io:checkAck:read
INFO:auditor:ACK OK
INFO:auditor:getNumBytesAvailable:78
INFO:auditor.io:writeAndRead:
INFO:auditor:readData ACK
INFO:auditor:XXX resLength: 64
INFO:auditor:XXX: READ HISTORY DATA!!:
0000   0x6c 0x03 0x80 0x05 0x0c 0x00 0xe8 0x00    l.......
0008   0x00 0x00 0x00 0x03 0x36 0x03 0x36 0x64    ....6.6d
0010   0x00 0x00 0x00 0x00 0x00 0x00 0x00 0x00    ........
0018   0x00 0x00 0x00 0x00 0x00 0x00 0x00 0x00    ........
0020   0x00 0x00 0x00 0x00 0x00 0x00 0x07 0x00    ........
0028   0x00 0x03 0x36 0x04 0x80 0x6c 0x04 0x80    ..6..l..
0030   0x05 0x0c 0x00 0xe8 0x00 0x00 0x00 0x00    ........
0038   0x03 0x36 0x03 0x36 0x64 0x00 0x00 0x00    .6.6d...
0040   0x00 0x00 0x00 0x00 0x00 0x00 0x00 0x00    ........
0048   0x00 0x00 0x00 0x00 0x00 0x00 0x00 0x00    ........
0050   0x00 0x00 0x00 0x07 0x00 0x00 0x03 0x36    .......6
0058   0x05 0x80 0x6c 0x05 0x80 0x05 0x0c 0x00    ..l.....
0060   0xe8 0x00 0x00 0x00 0x00 0x03 0x36 0x03    ......6.
0068   0x36 0x64 0x00 0x00 0x00 0x00 0x00 0x00    6d......
0070   0x00 0x00 0x00 0x00 0x00 0x00 0x00 0x00    ........
0078   0x00 0x00 0x00 0x00 0x00 0x00 0x00 0x00    ........
0080   0x07 0x00 0x00 0x03 0x36 0x06 0x80 0x6c    ....6..l
0088   0x06 0x80 0x05 0x0c 0x00 0xe8 0x00 0x00    ........
0090   0x00 0x00 0x03 0x36 0x03 0x36 0x64 0x00    ...6.6d.
0098   0x00 0x00 0x00 0x00 0x00 0x00 0x00 0x00    ........
00A0   0x00 0x00 0x00 0x00 0x00 0x00 0x00 0x00    ........
00A8   0x00 0x00 0x00 0x00 0x00 0x21 0x00 0x38    .....!.8
00B0   0x67 0x08 0x07 0x00 0x03 0x00 0x00 0x00    g.......
00B8   0x12 0x16 0x70 0x28 0x07 0x00 0x34 0x9a    ..p(..4.
00C0   0x21 0x70 0x08 0x07 0x00 0x03 0x00 0x03    !p......
00C8   0x00 0x03 0x21 0x70 0x08 0x07 0x00 0x21    ..!p...!
00D0   0x00 0x2f 0x40 0x09 0x07 0x00 0x07 0x00    ./@.....
00D8   0x00 0x00 0x8c 0x07 0x80 0x6c 0x07 0x80    .....l..
00E0   0x05 0x0c 0x00 0xe8 0x00 0x00 0x00 0x00    ........
00E8   0x00 0x8c 0x00 0x8c 0x64 0x00 0x00 0x00    ....d...
00F0   0x00 0x00 0x00 0x00 0x00 0x00 0x00 0x00    ........
00F8   0x00 0x00 0x00 0x00 0x00 0x00 0x00 0x00    ........
0100   0x00 0x00 0x00 0x21 0x00 0x34 0x6f 0x02    ...!.4o.
0108   0x08 0x00 0x03 0x00 0x00 0x00 0x0b 0x11    ........
0110   0x76 0x23 0x08 0x00 0x03 0x00 0x03 0x00    v#......
0118   0x03 0x1d 0x76 0x03 0x08 0x00 0x07 0x00    ..v.....
0120   0x00 0x03 0x1e 0x08 0x80 0x6c 0x08 0x80    .....l..
0128   0x05 0x0c 0x00 0xe8 0x00 0x00 0x00 0x00    ........
0130   0x03 0x1e 0x03 0x1e 0x64 0x00 0x00 0x00    ....d...
0138   0x00 0x00 0x00 0x00 0x00 0x00 0x00 0x00    ........
0140   0x00 0x00 0x00 0x00 0x00 0x00 0x00 0x00    ........
0148   0x00 0x00 0x00 0x07 0x00 0x00 0x03 0x36    .......6
0150   0x09 0x80 0x6c 0x09 0x80 0x05 0x0c 0x00    ..l.....
0158   0xe8 0x00 0x00 0x00 0x00 0x03 0x36 0x03    ......6.
0160   0x36 0x64 0x00 0x00 0x00 0x00 0x00 0x00    6d......
0168   0x00 0x00 0x00 0x00 0x00 0x00 0x00 0x00    ........
0170   0x00 0x00 0x00 0x00 0x00 0x00 0x00 0x00    ........
0178   0x07 0x00 0x00 0x03 0x36 0x0a 0x80 0x6c    ....6..l
0180   0x0a 0x80 0x05 0x0c 0x00 0xe8 0x00 0x00    ........
0188   0x00 0x00 0x03 0x36 0x03 0x36 0x64 0x00    ...6.6d.
0190   0x00 0x00 0x00 0x00 0x00 0x00 0x00 0x00    ........
0198   0x00 0x00 0x00 0x00 0x00 0x00 0x00 0x00    ........
01A0   0x00 0x00 0x00 0x00 0x00 0x07 0x00 0x00    ........
01A8   0x03 0x36 0x0b 0x80 0x6c 0x0b 0x80 0x05    .6..l...
01B0   0x0c 0x00 0xe8 0x00 0x00 0x00 0x00 0x03    ........
01B8   0x36 0x03 0x36 0x64 0x00 0x00 0x00 0x00    6.6d....
01C0   0x00 0x00 0x00 0x00 0x00 0x00 0x00 0x00    ........
01C8   0x00 0x00 0x00 0x00 0x00 0x00 0x00 0x00    ........
01D0   0x00 0x00 0x07 0x00 0x00 0x03 0x36 0x0c    ......6.
01D8   0x80 0x6c 0x0c 0x80 0x05 0x0c 0x00 0xe8    .l......
01E0   0x00 0x00 0x00 0x00 0x03 0x36 0x03 0x36    .....6.6
01E8   0x64 0x00 0x00 0x00 0x00 0x00 0x00 0x00    d.......
01F0   0x00 0x00 0x00 0x00 0x00 0x00 0x00 0x00    ........
01F8   0x00 0x00 0x00 0x00 0x00 0x00 0x00 0x07    ........
0200   0x00 0x00 0x03 0x36 0x0d 0x80 0x6c 0x0d    ...6..l.
0208   0x80 0x05 0x0c 0x00 0xe8 0x00 0x00 0x00    ........
0210   0x00 0x03 0x36 0x03 0x36 0x64 0x00 0x00    ..6.6d..
0218   0x00 0x00 0x00 0x00 0x00 0x00 0x00 0x00    ........
0220   0x00 0x00 0x00 0x00 0x00 0x00 0x00 0x00    ........
0228   0x00 0x00 0x00 0x00 0x07 0x00 0x00 0x03    ........
0230   0x36 0x0e 0x80 0x6c 0x0e 0x80 0x05 0x0c    6..l....
0238   0x00 0xe8 0x00 0x00 0x00 0x00 0x03 0x36    .......6
0240   0x03 0x36 0x64 0x00 0x00 0x00 0x00 0x00    .6d.....
0248   0x00 0x00 0x00 0x00 0x00 0x00 0x00 0x00    ........
0250   0x00 0x00 0x00 0x00 0x00 0x00 0x00 0x00    ........
0258   0x00 0x34 0xc8 0x00 0x4f 0x08 0x0f 0x00    .4..O...
0260   0x34 0x64 0x1e 0x65 0x10 0x0f 0x00 0x07    4d.e....
0268   0x00 0x00 0x03 0x36 0x0f 0x80 0x6c 0x0f    ...6..l.
0270   0x80 0x05 0x0c 0x00 0xe8 0x00 0x00 0x00    ........
0278   0x00 0x03 0x36 0x03 0x36 0x64 0x00 0x00    ..6.6d..
0280   0x00 0x00 0x00 0x00 0x00 0x00 0x00 0x00    ........
0288   0x00 0x00 0x00 0x00 0x00 0x00 0x00 0x00    ........
0290   0x00 0x00 0x00 0x00 0x07 0x00 0x00 0x03    ........
0298   0x36 0x10 0x80 0x6c 0x10 0x80 0x05 0x0c    6..l....
02A0   0x00 0xe8 0x00 0x00 0x00 0x00 0x03 0x36    .......6
02A8   0x03 0x36 0x64 0x00 0x00 0x00 0x00 0x00    .6d.....
02B0   0x00 0x00 0x00 0x00 0x00 0x00 0x00 0x00    ........
02B8   0x00 0x00 0x00 0x00 0x00 0x00 0x00 0x00    ........
02C0   0x00 0x06 0x3e 0x03 0x60 0x28 0x6e 0x49    ..>.`(nI
02C8   0x51 0x00 0x21 0x00 0x08 0x44 0x0a 0x11    Q.!..D..
02D0   0x00 0x07 0x00 0x00 0x00 0xaa 0x11 0x80    ........
02D8   0x6c 0x11 0x80 0x05 0x0c 0x00 0xe8 0x00    l.......
02E0   0x00 0x00 0x00 0x00 0xaa 0x00 0xaa 0x64    .......d
02E8   0x00 0x00 0x00 0x00 0x00 0x00 0x00 0x00    ........
02F0   0x00 0x00 0x00 0x00 0x00 0x00 0x00 0x00    ........
02F8   0x00 0x00 0x00 0x00 0x00 0x00 0x07 0x00    ........
0300   0x00 0x00 0x00 0x12 0x80 0x6c 0x12 0x80    .....l..
0308   0x05 0x0c 0x00 0xe8 0x00 0x00 0x00 0x00    ........
0310   0x00 0x00 0x00 0x00 0x00 0x00 0x00 0x00    ........
0318   0x00 0x00 0x00 0x00 0x00 0x00 0x00 0x00    ........
0320   0x00 0x00 0x00 0x00 0x00 0x00 0x00 0x00    ........
0328   0x00 0x00 0x00 0x07 0x00 0x00 0x00 0x00    ........
0330   0x13 0x80 0x6c 0x13 0x80 0x05 0x0c 0x00    ..l.....
0338   0xe8 0x00 0x00 0x00 0x00 0x00 0x00 0x00    ........
0340   0x00 0x00 0x00 0x00 0x00 0x00 0x00 0x00    ........
0348   0x00 0x00 0x00 0x00 0x00 0x00 0x00 0x00    ........
0350   0x00 0x00 0x00 0x00 0x00 0x00 0x00 0x00    ........
0358   0x07 0x00 0x00 0x00 0x00 0x14 0x80 0x6c    .......l
0360   0x14 0x80 0x05 0x0c 0x00 0xe8 0x00 0x00    ........
0368   0x00 0x00 0x00 0x00 0x00 0x00 0x00 0x00    ........
0370   0x00 0x00 0x00 0x00 0x00 0x00 0x00 0x00    ........
0378   0x00 0x00 0x00 0x00 0x00 0x00 0x00 0x00    ........
0380   0x00 0x00 0x00 0x00 0x00 0x07 0x00 0x00    ........
0388   0x00 0x00 0x15 0x80 0x6c 0x15 0x80 0x05    ....l...
0390   0x0c 0x00 0xe8 0x00 0x00 0x00 0x00 0x00    ........
0398   0x00 0x00 0x00 0x00 0x00 0x00 0x00 0x00    ........
03A0   0x00 0x00 0x00 0x00 0x00 0x00 0x00 0x00    ........
03A8   0x00 0x00 0x00 0x00 0x00 0x00 0x00 0x00    ........
03B0   0x00 0x00 0x07 0x00 0x00 0x00 0x00 0x16    ........
03B8   0x80 0x6c 0x16 0x80 0x05 0x0c 0x00 0xe8    .l......
03C0   0x00 0x00 0x00 0x00 0x00 0x00 0x00 0x00    ........
03C8   0x00 0x00 0x00 0x00 0x00 0x00 0x00 0x00    ........
03D0   0x00 0x00 0x00 0x00 0x00 0x00 0x00 0x00    ........
03D8   0x00 0x00 0x00 0x00 0x00 0x00 0x00 0x07    ........
03E0   0x00 0x00 0x00 0x00 0x17 0x80 0x00 0x00    ........
03E8   0x00 0x00 0x00 0x00 0x00 0x00 0x00 0x00    ........
03F0   0x00 0x00 0x00 0x00 0x00 0x00 0x00 0x00    ........
03F8   0x00 0x00 0x00 0x00 0x00 0x00 0x1f 0x0e    ........
INFO:auditor:comm:READ HISTORY DATA page number: 6
INFO:auditor.io:[1, 0, 167, 1, 32, 136, 80, 128, 1, 0, 2, 2, 0, 128, 155, 6, 108]
INFO:auditor.io:sendDeviceCommand:write:<__main__.ReadHistoryData object at 0x184a410>
INFO:auditor.io:checkAck:read
INFO:auditor:ACK OK
INFO:auditor.io:sendComLink2Command:write
INFO:auditor.io:checkAck:read
INFO:auditor:ACK OK
DEBUG:auditor:<__main__.Device object at 0x1836750>:getNumBytesAvailable:attempt:0
INFO:auditor.io:sendComLink2Command:write
INFO:auditor.io:checkAck:read
INFO:auditor:ACK OK
DEBUG:auditor:<__main__.Device object at 0x1836750>:getNumBytesAvailable:attempt:1
INFO:auditor.io:sendComLink2Command:write
INFO:auditor.io:checkAck:read
INFO:auditor:ACK OK
INFO:auditor:getNumBytesAvailable:78
INFO:auditor.io:writeAndRead:
INFO:auditor:readData ACK
INFO:auditor:XXX resLength: 64
INFO:auditor.io:sendComLink2Command:write
INFO:auditor.io:checkAck:read
INFO:auditor:ACK OK
INFO:auditor:getNumBytesAvailable:206
INFO:auditor.io:writeAndRead:
INFO:auditor:readData ACK
INFO:auditor:XXX resLength: 192
INFO:auditor.io:sendComLink2Command:write
INFO:auditor.io:checkAck:read
INFO:auditor:ACK OK
INFO:auditor:getNumBytesAvailable:206
INFO:auditor.io:writeAndRead:
INFO:auditor:readData ACK
INFO:auditor:XXX resLength: 192
INFO:auditor.io:sendComLink2Command:write
INFO:auditor.io:checkAck:read
INFO:auditor:ACK OK
INFO:auditor:getNumBytesAvailable:206
INFO:auditor.io:writeAndRead:
INFO:auditor:readData ACK
INFO:auditor:XXX resLength: 192
INFO:auditor.io:sendComLink2Command:write
INFO:auditor.io:checkAck:read
INFO:auditor:ACK OK
INFO:auditor:getNumBytesAvailable:142
INFO:auditor.io:writeAndRead:
INFO:auditor:readData ACK
INFO:auditor:XXX resLength: 128
INFO:auditor.io:sendComLink2Command:write
INFO:auditor.io:checkAck:read
INFO:auditor:ACK OK
INFO:auditor:getNumBytesAvailable:206
INFO:auditor.io:writeAndRead:
INFO:auditor:readData ACK
INFO:auditor:XXX resLength: 192
INFO:auditor.io:sendComLink2Command:write
INFO:auditor.io:checkAck:read
INFO:auditor:ACK OK
INFO:auditor:getNumBytesAvailable:78
INFO:auditor.io:writeAndRead:
INFO:auditor:readData ACK
INFO:auditor:XXX resLength: 64
INFO:auditor:XXX: READ HISTORY DATA!!:
0000   0x08 0x10 0x0a 0x72 0x43 0x01 0x00 0x00    ...rC...
0008   0x02 0x00 0x02 0x04 0x00 0x04 0x08 0x00    ........
0010   0x06 0x0c 0x00 0x08 0x10 0x00 0x0a 0x14    ........
0018   0x00 0x0d 0x1a 0x00 0x0e 0x1c 0x00 0x10    ........
0020   0x20 0x00 0x12 0x24 0x00 0x14 0x28 0x00     ..$..(.
0028   0x16 0x2c 0x00 0x18 0x30 0x00 0x1a 0x34    .,..0..4
0030   0x00 0x1c 0x38 0x00 0x1e 0x40 0x00 0x00    ..8..@..
0038   0x00 0x00 0x00 0x00 0x00 0x00 0x00 0x00    ........
0040   0x00 0x00 0x00 0x00 0x00 0x00 0x00 0x00    ........
0048   0x00 0x00 0x00 0x00 0x00 0x00 0x00 0x00    ........
0050   0x00 0x00 0x00 0x00 0x00 0x00 0x00 0x00    ........
0058   0x00 0x00 0x00 0x00 0x00 0x00 0x00 0x00    ........
0060   0x00 0x00 0x00 0x00 0x00 0x00 0x00 0x00    ........
0068   0x00 0x00 0x00 0x00 0x00 0x00 0x00 0x00    ........
0070   0x00 0x00 0x00 0x00 0x00 0x00 0x00 0x00    ........
0078   0x00 0x00 0x00 0x00 0x00 0x00 0x00 0x00    ........
0080   0x00 0x00 0x00 0x00 0x00 0x00 0x00 0x00    ........
0088   0x00 0x00 0x00 0x00 0x00 0x00 0x00 0x00    ........
0090   0x00 0x00 0x00 0x00 0x00 0x00 0x00 0x00    ........
0098   0x09 0x1c 0x0a 0x72 0x43 0x01 0x00 0x00    ...rC...
00A0   0x00 0x00 0x02 0x04 0x00 0x04 0x08 0x00    ........
00A8   0x06 0x0c 0x00 0x08 0x10 0x00 0x0a 0x14    ........
00B0   0x00 0x0d 0x1a 0x00 0x0e 0x1c 0x00 0x10    ........
00B8   0x20 0x00 0x12 0x24 0x00 0x14 0x28 0x00     ..$..(.
00C0   0x16 0x2c 0x00 0x18 0x30 0x00 0x1a 0x34    .,..0..4
00C8   0x00 0x1c 0x38 0x00 0x1e 0x3c 0x00 0x20    ..8..<. 
00D0   0x40 0x00 0x22 0x44 0x00 0x24 0x48 0x00    @."D.$H.
00D8   0x26 0x4c 0x00 0x28 0x50 0x00 0x29 0x00    &L.(P.).
00E0   0x00 0x2a 0x04 0x00 0x2b 0x06 0x00 0x2c    .*..+..,
00E8   0x08 0x00 0x2d 0x08 0x00 0x2e 0x0a 0x00    ..-.....
00F0   0x2f 0x0c 0x00 0x00 0x00 0x00 0x00 0x00    /.......
00F8   0x00 0x00 0x00 0x00 0x00 0x00 0x00 0x00    ........
0100   0x00 0x00 0x00 0x00 0x00 0x00 0x00 0x00    ........
0108   0x00 0x00 0x00 0x00 0x00 0x00 0x00 0x00    ........
0110   0x00 0x00 0x00 0x00 0x00 0x00 0x00 0x00    ........
0118   0x00 0x00 0x00 0x00 0x00 0x00 0x00 0x00    ........
0120   0x00 0x00 0x00 0x00 0x00 0x00 0x00 0x00    ........
0128   0x00 0x00 0x00 0x00 0x00 0x00 0x00 0x00    ........
0130   0x1e 0x00 0x18 0x73 0x03 0x01 0x00 0x01    ...s....
0138   0x14 0x03 0x00 0x0e 0x73 0x23 0x01 0x00    ....s#..
0140   0x1f 0x00 0x1a 0x73 0x03 0x01 0x00 0x2d    ...s...-
0148   0x01 0x0d 0x74 0x03 0x01 0x00 0x5a 0x0a    ..t...Z.
0150   0x0d 0x74 0x03 0x01 0x00 0x00 0x00 0x00    .t......
0158   0x00 0x00 0x00 0x00 0x00 0x00 0x00 0x00    ........
0160   0x00 0x00 0x00 0x00 0x00 0x00 0x00 0x00    ........
0168   0x00 0x00 0x00 0x00 0x00 0x00 0x00 0x00    ........
0170   0x00 0x00 0x00 0x00 0x00 0x00 0x00 0x00    ........
0178   0x00 0x00 0x00 0x00 0x00 0x00 0x00 0x00    ........
0180   0x00 0x00 0x00 0x00 0x00 0x00 0x00 0x00    ........
0188   0x00 0x00 0x00 0x00 0x00 0x00 0x00 0x15    ........
0190   0x11 0x00 0x0a 0x00 0x00 0x00 0x00 0x00    ........
0198   0x00 0x00 0x00 0x00 0x00 0x00 0x00 0x00    ........
01A0   0x00 0x00 0x32 0x00 0x00 0x00 0x00 0x00    ..2.....
01A8   0x00 0x00 0x00 0x00 0x00 0x00 0x00 0x00    ........
01B0   0x00 0x00 0x64 0x64 0x00 0x00 0x00 0x00    ..dd....
01B8   0x00 0x00 0x00 0x00 0x00 0x00 0x00 0x00    ........
01C0   0x00 0x00 0x00 0x00 0x00 0x00 0x00 0x00    ........
01C8   0x00 0x5f 0x5b 0x64 0x1b 0x74 0x03 0x01    ._[d.t..
01D0   0x00 0x0a 0x50 0x0a 0x32 0x64 0x00 0x0a    ..P.2d..
01D8   0x00 0x00 0x03 0x00 0x0a 0x64 0x5c 0x05    .....d\.
01E0   0x0a 0x03 0x84 0x01 0x0a 0x0a 0x00 0x1b    ........
01E8   0x74 0x23 0x01 0x00 0x21 0x00 0x10 0x75    t#..!..u
01F0   0x03 0x01 0x00 0x21 0x00 0x16 0x75 0x03    ...!..u.
01F8   0x01 0x00 0x03 0x00 0x00 0x00 0x0b 0x1b    ........
0200   0x75 0x23 0x01 0x00 0x03 0x00 0x03 0x00    u#......
0208   0x03 0x25 0x75 0x03 0x01 0x00 0x1e 0x00    .%u.....
0210   0x2e 0x76 0x03 0x41 0x00 0x1f 0x00 0x07    .v.A....
0218   0x77 0x03 0x41 0x00 0x5b 0x64 0x37 0x77    w.A.[d7w
0220   0x03 0x01 0x00 0x01 0x50 0x0a 0x32 0x64    ....P.2d
0228   0x00 0x01 0x00 0x00 0x0d 0x00 0x01 0x64    .......d
0230   0x5c 0x05 0x32 0x06 0x44 0x01 0x01 0x01    \.2.D...
0238   0x00 0x38 0x77 0x23 0x01 0x00 0x5b 0x64    .8w#..[d
0240   0x0c 0x78 0x03 0x01 0x00 0x02 0x50 0x0a    .x....P.
0248   0x32 0x64 0x00 0x02 0x00 0x00 0x0e 0x00    2d......
0250   0x02 0x64 0x5c 0x05 0x36 0x07 0x44 0x01    .d\.6.D.
0258   0x02 0x02 0x00 0x0c 0x78 0x23 0x01 0x00    ....x#..
0260   0x5b 0x64 0x27 0x78 0x03 0x01 0x00 0x03    [d'x....
0268   0x50 0x0a 0x32 0x64 0x00 0x03 0x00 0x00    P.2d....
0270   0x10 0x00 0x03 0x64 0x5c 0x05 0x3e 0x07    ...d\.>.
0278   0x44 0x01 0x03 0x03 0x00 0x27 0x78 0x23    D....'x#
0280   0x01 0x00 0x5b 0x64 0x05 0x79 0x03 0x01    ..[d.y..
0288   0x00 0x04 0x50 0x0a 0x32 0x64 0x00 0x04    ..P.2d..
0290   0x00 0x00 0x13 0x00 0x04 0x64 0x5c 0x05    .....d\.
0298   0x4a 0x08 0x44 0x01 0x04 0x04 0x00 0x05    J.D.....
02A0   0x79 0x23 0x01 0x00 0x5b 0x64 0x20 0x79    y#..[d y
02A8   0x03 0x01 0x00 0x05 0x50 0x0a 0x32 0x64    ....P.2d
02B0   0x00 0x05 0x00 0x00 0x17 0x00 0x05 0x64    .......d
02B8   0x5c 0x05 0x5a 0x08 0x44 0x01 0x05 0x05    \.Z.D...
02C0   0x00 0x20 0x79 0x23 0x01 0x00 0x5b 0x64    . y#..[d
02C8   0x06 0x7a 0x03 0x01 0x00 0x06 0x50 0x0a    .z....P.
02D0   0x32 0x64 0x00 0x06 0x00 0x00 0x1c 0x00    2d......
02D8   0x06 0x64 0x5c 0x05 0x6e 0x09 0x44 0x01    .d\.n.D.
02E0   0x06 0x06 0x00 0x07 0x7a 0x23 0x01 0x00    ....z#..
02E8   0x5b 0x64 0x2b 0x7a 0x03 0x01 0x00 0x07    [d+z....
02F0   0x50 0x0a 0x32 0x64 0x00 0x07 0x00 0x00    P.2d....
02F8   0x22 0x00 0x07 0x64 0x5c 0x05 0x86 0x09    "..d\...
0300   0x44 0x01 0x07 0x07 0x00 0x2b 0x7a 0x23    D....+z#
0308   0x01 0x00 0x5b 0x64 0x1f 0x7b 0x03 0x01    ..[d.{..
0310   0x00 0x08 0x50 0x0a 0x32 0x64 0x00 0x08    ..P.2d..
0318   0x00 0x00 0x29 0x00 0x08 0x64 0x5c 0x08    ..)..d\.
0320   0x0a 0x00 0x44 0x98 0x0a 0x44 0x01 0x08    ..D..D..
0328   0x08 0x00 0x1f 0x7b 0x23 0x01 0x00 0x5b    ...{#..[
0330   0x64 0x10 0x40 0x04 0x01 0x00 0x09 0x50    d.@....P
0338   0x0a 0x32 0x64 0x00 0x09 0x00 0x00 0x31    .2d....1
0340   0x00 0x09 0x64 0x5c 0x08 0x2a 0x01 0x44    ..d\.*.D
0348   0x98 0x0b 0x44 0x01 0x09 0x09 0x00 0x10    ..D.....
0350   0x40 0x24 0x01 0x00 0x5b 0x64 0x06 0x41    @$..[d.A
0358   0x04 0x01 0x00 0x0a 0x50 0x0a 0x32 0x64    ....P.2d
0360   0x00 0x0a 0x00 0x00 0x3a 0x00 0x0a 0x64    ....:..d
0368   0x5c 0x08 0x4e 0x02 0x44 0x98 0x0c 0x44    \.N.D..D
0370   0x01 0x0a 0x0a 0x00 0x06 0x41 0x24 0x01    .....A$.
0378   0x00 0x1e 0x00 0x17 0x43 0x04 0x41 0x00    ....C.A.
0380   0x1f 0x00 0x29 0x43 0x04 0x41 0x00 0x07    ..)C.A..
0388   0x00 0x00 0x04 0xcc 0x01 0x80 0x6c 0x01    ......l.
0390   0x80 0x05 0x00 0x64 0x64 0x64 0x0b 0x00    ...ddd..
0398   0x00 0x04 0xcc 0x03 0xbe 0x4e 0x01 0x0e    .....N..
03A0   0x16 0x00 0x41 0x01 0x0e 0x16 0x01 0x04    ..A.....
03A8   0x60 0x00 0x00 0x00 0x00 0x0a 0x04 0x0c    `.......
03B0   0x0b 0x00 0x00 0x01 0x07 0x00 0x00 0x03    ........
03B8   0x36 0x02 0x80 0x6c 0x02 0x80 0x05 0x0c    6..l....
03C0   0x00 0xe8 0x00 0x00 0x00 0x00 0x03 0x36    .......6
03C8   0x03 0x36 0x64 0x00 0x00 0x00 0x00 0x00    .6d.....
03D0   0x00 0x00 0x00 0x00 0x00 0x00 0x00 0x00    ........
03D8   0x00 0x00 0x00 0x00 0x00 0x00 0x00 0x00    ........
03E0   0x00 0x07 0x00 0x00 0x03 0x36 0x03 0x80    .....6..
03E8   0x00 0x00 0x00 0x00 0x00 0x00 0x00 0x00    ........
03F0   0x00 0x00 0x00 0x00 0x00 0x00 0x00 0x00    ........
03F8   0x00 0x00 0x00 0x00 0x00 0x00 0xcd 0xe8    ........
INFO:auditor:comm:READ HISTORY DATA page number: 7
INFO:auditor.io:[1, 0, 167, 1, 32, 136, 80, 128, 1, 0, 2, 2, 0, 128, 155, 7, 247]
INFO:auditor.io:sendDeviceCommand:write:<__main__.ReadHistoryData object at 0x184a0d0>
INFO:auditor.io:checkAck:read
INFO:auditor:ACK OK
INFO:auditor.io:sendComLink2Command:write
INFO:auditor.io:checkAck:read
INFO:auditor:ACK OK
DEBUG:auditor:<__main__.Device object at 0x1836750>:getNumBytesAvailable:attempt:0
INFO:auditor.io:sendComLink2Command:write
INFO:auditor.io:checkAck:read
INFO:auditor:ACK OK
DEBUG:auditor:<__main__.Device object at 0x1836750>:getNumBytesAvailable:attempt:1
INFO:auditor.io:sendComLink2Command:write
INFO:auditor.io:checkAck:read
INFO:auditor:ACK OK
INFO:auditor:getNumBytesAvailable:78
INFO:auditor.io:writeAndRead:
INFO:auditor:readData ACK
INFO:auditor:XXX resLength: 64
INFO:auditor.io:sendComLink2Command:write
INFO:auditor.io:checkAck:read
INFO:auditor:ACK OK
INFO:auditor:getNumBytesAvailable:206
INFO:auditor.io:writeAndRead:
INFO:auditor:readData ACK
INFO:auditor:XXX resLength: 192
INFO:auditor.io:sendComLink2Command:write
INFO:auditor.io:checkAck:read
INFO:auditor:ACK OK
INFO:auditor:getNumBytesAvailable:206
INFO:auditor.io:writeAndRead:
INFO:auditor:readData ACK
INFO:auditor:XXX resLength: 192
INFO:auditor.io:sendComLink2Command:write
INFO:auditor.io:checkAck:read
INFO:auditor:ACK OK
INFO:auditor:getNumBytesAvailable:206
INFO:auditor.io:writeAndRead:
INFO:auditor:readData ACK
INFO:auditor:XXX resLength: 192
INFO:auditor.io:sendComLink2Command:write
INFO:auditor.io:checkAck:read
INFO:auditor:ACK OK
INFO:auditor:getNumBytesAvailable:142
INFO:auditor.io:writeAndRead:
INFO:auditor:readData ACK
INFO:auditor:XXX resLength: 128
INFO:auditor.io:sendComLink2Command:write
INFO:auditor.io:checkAck:read
INFO:auditor:ACK OK
INFO:auditor:getNumBytesAvailable:206
INFO:auditor.io:writeAndRead:
INFO:auditor:readData ACK
INFO:auditor:XXX resLength: 192
INFO:auditor.io:sendComLink2Command:write
INFO:auditor.io:checkAck:read
INFO:auditor:ACK OK
INFO:auditor:getNumBytesAvailable:78
INFO:auditor.io:writeAndRead:
INFO:auditor:readData ACK
INFO:auditor:XXX resLength: 64
INFO:auditor:XXX: READ HISTORY DATA!!:
0000   0x06 0x15 0x05 0x2e 0x00 0x40 0x60 0x01    .....@`.
0008   0x04 0x06 0x36 0x05 0x36 0x00 0x40 0x60    ..6.6.@`
0010   0x01 0x04 0x06 0x2f 0x18 0x41 0x00 0x40    .../.A.@
0018   0x20 0xc1 0x04 0x06 0x2f 0x0c 0x5f 0x00     .../._.
0020   0x40 0x20 0xc1 0x04 0x06 0x2f 0x0c 0x70    @ .../.p
0028   0x00 0x40 0x20 0xc1 0x04 0x06 0x2f 0x0c    .@ .../.
0030   0x81 0x00 0x40 0x20 0xc1 0x04 0x06 0x2f    ..@ .../
0038   0x0c 0x92 0x00 0x40 0x20 0xc1 0x04 0x06    ...@ ...
0040   0x2f 0x0c 0xa3 0x00 0x40 0x20 0xc1 0x04    /...@ ..
0048   0x06 0x2f 0x0c 0xc7 0x00 0x40 0x20 0xc1    ./...@ .
0050   0x04 0x06 0x2f 0x0c 0xd8 0x00 0x40 0x20    ../...@ 
0058   0xc1 0x04 0x06 0x11 0x0c 0xe7 0x00 0x40    .......@
0060   0x20 0xc1 0x04 0x06 0x15 0x05 0x0c 0x00     .......
0068   0x40 0x40 0xa1 0x04 0x64 0x00 0x0c 0x40    @@..d..@
0070   0x00 0x01 0x04 0x64 0x00 0x15 0x40 0x00    ...d..@.
0078   0x01 0x04 0x17 0x00 0x08 0x41 0x00 0x01    .....A..
0080   0x04 0x18 0x00 0x00 0x40 0x00 0x01 0x00    ....@...
0088   0x07 0x00 0x00 0x00 0x00 0x01 0x84 0x6c    .......l
0090   0x01 0x84 0x00 0x0c 0x00 0xe8 0x00 0x00    ........
0098   0x00 0x00 0x00 0x00 0x00 0x00 0x00 0x00    ........
00A0   0x00 0x00 0x00 0x00 0x00 0x00 0x00 0x00    ........
00A8   0x00 0x00 0x00 0x00 0x00 0x00 0x00 0x00    ........
00B0   0x00 0x00 0x00 0x00 0x00 0x21 0x00 0x08    .....!..
00B8   0x40 0x00 0x01 0x00 0x03 0x00 0x00 0x00    @.......
00C0   0x15 0x10 0x40 0x20 0x01 0x00 0x03 0x00    ..@ ....
00C8   0x07 0x00 0x07 0x22 0x40 0x00 0x01 0x00    ..."@...
00D0   0x64 0x01 0x03 0x42 0x00 0x01 0x00 0x64    d..B...d
00D8   0x00 0x09 0x42 0x00 0x01 0x00 0x64 0x01    ..B...d.
00E0   0x0e 0x42 0x00 0x01 0x00 0x64 0x00 0x10    .B...d..
00E8   0x42 0x00 0x01 0x00 0x64 0x01 0x12 0x42    B...d..B
00F0   0x00 0x01 0x00 0x64 0x00 0x13 0x42 0x00    ...d..B.
00F8   0x01 0x00 0x64 0x01 0x16 0x42 0x00 0x01    ..d..B..
0100   0x00 0x64 0x00 0x17 0x42 0x00 0x01 0x00    .d..B...
0108   0x1e 0x00 0x12 0x65 0x03 0x41 0x00 0x1f    ...e.A..
0110   0x00 0x24 0x65 0x03 0x41 0x00 0x1e 0x00    .$e.A...
0118   0x17 0x68 0x03 0x41 0x00 0x1f 0x00 0x29    .h.A...)
0120   0x68 0x03 0x41 0x00 0x21 0x00 0x0b 0x69    h.A.!..i
0128   0x03 0x01 0x00 0x03 0x00 0x00 0x00 0x16    ........
0130   0x20 0x69 0x23 0x01 0x00 0x03 0x00 0x03     i#.....
0138   0x00 0x03 0x2c 0x69 0x03 0x01 0x00 0x14    ..,i....
0140   0x00 0x11 0x6c 0x23 0x01 0x00 0x08 0x00    ..l#....
0148   0x11 0x6c 0x23 0x01 0x00 0x3f 0x00 0x00    .l#..?..
0150   0x00 0x00 0x00 0x00 0x00 0x00 0x00 0x00    ........
0158   0x00 0x00 0x00 0x00 0x00 0x00 0x00 0x00    ........
0160   0x00 0x00 0x00 0x00 0x00 0x00 0x00 0x00    ........
0168   0x00 0x00 0x00 0x00 0x00 0x00 0x00 0x00    ........
0170   0x00 0x00 0x00 0x00 0x00 0x00 0x00 0x00    ........
0178   0x00 0x00 0x00 0x00 0x00 0x00 0x00 0x00    ........
0180   0x00 0x00 0x00 0x00 0x00 0x00 0x00 0x00    ........
0188   0x00 0x00 0x00 0x00 0x00 0x00 0x00 0x00    ........
0190   0x00 0x00 0x00 0x00 0x00 0x00 0x00 0x00    ........
0198   0x00 0x00 0x00 0x00 0x00 0x00 0x00 0x00    ........
01A0   0x00 0x00 0x00 0x00 0x00 0x00 0x00 0x00    ........
01A8   0x00 0x00 0x00 0x00 0x00 0x00 0x00 0x00    ........
01B0   0x00 0x00 0x00 0x00 0x00 0x00 0x00 0x00    ........
01B8   0x00 0x00 0x00 0x00 0x00 0x00 0x00 0x00    ........
01C0   0x00 0x00 0x00 0x00 0x00 0x00 0x00 0x00    ........
01C8   0x00 0x00 0x00 0x00 0x00 0x00 0x00 0x00    ........
01D0   0x00 0x00 0x00 0x00 0x00 0x00 0x00 0x00    ........
01D8   0x00 0x00 0x00 0x00 0x00 0x00 0x09 0x0c    ........
01E0   0x11 0x6c 0x23 0x01 0x00 0x00 0x02 0x00    .l#.....
01E8   0x0c 0x04 0x00 0x16 0x06 0x00 0x1e 0x08    ........
01F0   0x00 0x22 0x0a 0x00 0x26 0x16 0x00 0x28    ."..&..(
01F8   0x18 0x00 0x29 0x20 0x00 0x2a 0x24 0x00    ..) .*$.
0200   0x2c 0x28 0x00 0x2e 0x2c 0x00 0x2f 0x34    ,(..,./4
0208   0x00 0x00 0x00 0x00 0x00 0x00 0x00 0x00    ........
0210   0x00 0x00 0x00 0x00 0x00 0x00 0x00 0x00    ........
0218   0x00 0x00 0x00 0x00 0x00 0x00 0x00 0x00    ........
0220   0x00 0x00 0x00 0x00 0x00 0x00 0x00 0x00    ........
0228   0x00 0x00 0x00 0x00 0x00 0x00 0x00 0x00    ........
0230   0x00 0x00 0x00 0x00 0x00 0x00 0x00 0x00    ........
0238   0x00 0x00 0x00 0x00 0x00 0x00 0x00 0x00    ........
0240   0x00 0x00 0x00 0x00 0x00 0x00 0x00 0x00    ........
0248   0x00 0x00 0x00 0x00 0x00 0x00 0x00 0x00    ........
0250   0x00 0x00 0x00 0x00 0x00 0x00 0x00 0x00    ........
0258   0x00 0x00 0x00 0x00 0x00 0x00 0x00 0x00    ........
0260   0x00 0x00 0x00 0x00 0x00 0x00 0x00 0x00    ........
0268   0x00 0x00 0x00 0x00 0x00 0x00 0x00 0x00    ........
0270   0x00 0x00 0x00 0x00 0x00 0x00 0x14 0x01    ........
0278   0x23 0x6f 0x43 0x01 0x00 0x08 0x00 0x23    #oC....#
0280   0x6f 0x43 0x01 0x00 0x3f 0x00 0x00 0x00    oC..?...
0288   0x00 0x00 0x00 0x00 0x00 0x00 0x00 0x00    ........
0290   0x00 0x00 0x00 0x00 0x00 0x00 0x00 0x00    ........
0298   0x00 0x00 0x00 0x00 0x00 0x00 0x00 0x00    ........
02A0   0x00 0x00 0x00 0x00 0x00 0x00 0x00 0x00    ........
02A8   0x00 0x00 0x00 0x00 0x00 0x00 0x00 0x00    ........
02B0   0x00 0x00 0x00 0x00 0x00 0x00 0x00 0x00    ........
02B8   0x00 0x00 0x00 0x00 0x00 0x00 0x00 0x00    ........
02C0   0x00 0x00 0x00 0x00 0x00 0x00 0x00 0x00    ........
02C8   0x00 0x00 0x00 0x00 0x00 0x00 0x00 0x00    ........
02D0   0x00 0x00 0x00 0x00 0x00 0x00 0x00 0x00    ........
02D8   0x00 0x00 0x00 0x00 0x00 0x00 0x00 0x00    ........
02E0   0x00 0x00 0x00 0x00 0x00 0x00 0x00 0x00    ........
02E8   0x00 0x00 0x00 0x00 0x00 0x00 0x00 0x00    ........
02F0   0x00 0x00 0x00 0x00 0x00 0x00 0x00 0x00    ........
02F8   0x00 0x00 0x00 0x00 0x00 0x00 0x00 0x00    ........
0300   0x00 0x00 0x00 0x00 0x00 0x00 0x00 0x00    ........
0308   0x00 0x00 0x00 0x00 0x00 0x00 0x00 0x00    ........
0310   0x00 0x00 0x00 0x00 0x00 0x09 0x10 0x23    .......#
0318   0x6f 0x43 0x01 0x00 0x00 0x02 0x00 0x02    oC......
0320   0x04 0x00 0x04 0x08 0x00 0x06 0x0c 0x00    ........
0328   0x08 0x10 0x00 0x0a 0x14 0x00 0x0d 0x1a    ........
0330   0x00 0x0e 0x1c 0x00 0x10 0x20 0x00 0x12    ..... ..
0338   0x24 0x00 0x14 0x28 0x00 0x16 0x2c 0x00    $..(..,.
0340   0x18 0x30 0x00 0x1a 0x34 0x00 0x1c 0x38    .0..4..8
0348   0x00 0x1e 0x40 0x00 0x00 0x00 0x00 0x00    ..@.....
0350   0x00 0x00 0x00 0x00 0x00 0x00 0x00 0x00    ........
0358   0x00 0x00 0x00 0x00 0x00 0x00 0x00 0x00    ........
0360   0x00 0x00 0x00 0x00 0x00 0x00 0x00 0x00    ........
0368   0x00 0x00 0x00 0x00 0x00 0x00 0x00 0x00    ........
0370   0x00 0x00 0x00 0x00 0x00 0x00 0x00 0x00    ........
0378   0x00 0x00 0x00 0x00 0x00 0x00 0x00 0x00    ........
0380   0x00 0x00 0x00 0x00 0x00 0x00 0x00 0x00    ........
0388   0x00 0x00 0x00 0x00 0x00 0x00 0x00 0x00    ........
0390   0x00 0x00 0x00 0x00 0x00 0x00 0x00 0x00    ........
0398   0x00 0x00 0x00 0x00 0x00 0x00 0x00 0x00    ........
03A0   0x00 0x00 0x00 0x00 0x00 0x00 0x00 0x00    ........
03A8   0x00 0x00 0x00 0x00 0x00 0x00 0x00 0x00    ........
03B0   0x00 0x00 0x00 0x00 0x00 0x00 0x00 0x00    ........
03B8   0x00 0x00 0x00 0x00 0x00 0x00 0x00 0x00    ........
03C0   0x00 0x00 0x00 0x00 0x00 0x00 0x00 0x00    ........
03C8   0x00 0x00 0x00 0x00 0x00 0x00 0x00 0x00    ........
03D0   0x00 0x00 0x00 0x00 0x00 0x00 0x00 0x00    ........
03D8   0x00 0x00 0x00 0x00 0x00 0x00 0x00 0x00    ........
03E0   0x00 0x00 0x00 0x00 0x00 0x00 0x00 0x00    ........
03E8   0x00 0x00 0x00 0x00 0x00 0x00 0x00 0x00    ........
03F0   0x00 0x00 0x00 0x00 0x00 0x00 0x00 0x00    ........
03F8   0x00 0x00 0x00 0x00 0x00 0x00 0x5f 0x07    ......_.
INFO:auditor.io:sendComLink2Command:write
INFO:auditor.io:checkAck:read
INFO:auditor:ACK OK
INFO:auditor:<__main__.Link object at 0x1832c90>:readSignalStrength:189
INFO:auditor.io:sendComLink2Command:write
INFO:auditor.io:checkAck:read
INFO:auditor:ACK OK
INFO:auditor:read radio Interface Stats: {'errors.crc': 0,
 'errors.naks': 0,
 'errors.sequence': 0,
 'errors.timeouts': 3,
 'packets.received': 2264L,
 'packets.transmit': 2394L}
INFO:auditor.io:sendComLink2Command:write
INFO:auditor.io:checkAck:read
INFO:auditor:ACK OK
INFO:auditor:read stick Interface Stats: {'errors.crc': 0,
 'errors.naks': 0,
 'errors.sequence': 0,
 'errors.timeouts': 0,
 'packets.received': 2361L,
 'packets.transmit': 2361L}
